2021-09-27T14:10:49.266Z error: bst-test            Error using bst-test on Node: v14.15.0
2021-09-27T14:10:49.269Z error: bst-test            Error: The interaction model for your Alexa Skill could not be found under:
models\en-US.json
Please provide the correct location of the Interaction Model.
    at Function.Object.<anonymous>.InteractionModel.fromFile (C:\Users\USER.DESKTOP-JCQKSPC\AppData\Roaming\npm\node_modules\bespoken-tools\node_modules\virtual-alexa\lib\src\model\InteractionModel.js:51:23)
    at VirtualAlexaBuilder.Object.<anonymous>.VirtualAlexaBuilder.create (C:\Users\USER.DESKTOP-JCQKSPC\AppData\Roaming\npm\node_modules\bespoken-tools\node_modules\virtual-alexa\lib\src\core\VirtualAlexa.js:169:57)
    at VirtualAlexaInvoker.before (C:\Users\USER.DESKTOP-JCQKSPC\AppData\Roaming\npm\node_modules\bespoken-tools\node_modules\skill-testing-ml\dist\lib\runner\VirtualAlexaInvoker.js:62:48)
    at TestRunner.<anonymous> (C:\Users\USER.DESKTOP-JCQKSPC\AppData\Roaming\npm\node_modules\bespoken-tools\node_modules\skill-testing-ml\dist\lib\runner\TestRunner.js:147:25)
    at Generator.next (<anonymous>)
    at asyncGeneratorStep (C:\Users\USER.DESKTOP-JCQKSPC\AppData\Roaming\npm\node_modules\bespoken-tools\node_modules\skill-testing-ml\dist\lib\runner\TestRunner.js:1:192)
    at _next (C:\Users\USER.DESKTOP-JCQKSPC\AppData\Roaming\npm\node_modules\bespoken-tools\node_modules\skill-testing-ml\dist\lib\runner\TestRunner.js:3:194)
2021-09-27T14:11:11.399Z error: bst-test            Error using bst-test on Node: v14.15.0
2021-09-27T14:11:11.403Z error: bst-test            Error: The interaction model for your Alexa Skill could not be found under:
F:\VirtualArchive\test\models\en-US.json
Please provide the correct location of the Interaction Model.
    at Function.Object.<anonymous>.InteractionModel.fromFile (C:\Users\USER.DESKTOP-JCQKSPC\AppData\Roaming\npm\node_modules\bespoken-tools\node_modules\virtual-alexa\lib\src\model\InteractionModel.js:51:23)
    at VirtualAlexaBuilder.Object.<anonymous>.VirtualAlexaBuilder.create (C:\Users\USER.DESKTOP-JCQKSPC\AppData\Roaming\npm\node_modules\bespoken-tools\node_modules\virtual-alexa\lib\src\core\VirtualAlexa.js:169:57)
    at VirtualAlexaInvoker.before (C:\Users\USER.DESKTOP-JCQKSPC\AppData\Roaming\npm\node_modules\bespoken-tools\node_modules\skill-testing-ml\dist\lib\runner\VirtualAlexaInvoker.js:62:48)
    at TestRunner.<anonymous> (C:\Users\USER.DESKTOP-JCQKSPC\AppData\Roaming\npm\node_modules\bespoken-tools\node_modules\skill-testing-ml\dist\lib\runner\TestRunner.js:147:25)
    at Generator.next (<anonymous>)
    at asyncGeneratorStep (C:\Users\USER.DESKTOP-JCQKSPC\AppData\Roaming\npm\node_modules\bespoken-tools\node_modules\skill-testing-ml\dist\lib\runner\TestRunner.js:1:192)
    at _next (C:\Users\USER.DESKTOP-JCQKSPC\AppData\Roaming\npm\node_modules\bespoken-tools\node_modules\skill-testing-ml\dist\lib\runner\TestRunner.js:3:194)
2021-09-27T14:12:21.237Z error: bst-test            Error using bst-test on Node: v14.15.0
2021-09-27T14:12:21.242Z error: bst-test            Error: The interaction model for your Alexa Skill could not be found under:
F:\VirtualArchive\test\models\en-US.json
Please provide the correct location of the Interaction Model.
    at Function.Object.<anonymous>.InteractionModel.fromFile (C:\Users\USER.DESKTOP-JCQKSPC\AppData\Roaming\npm\node_modules\bespoken-tools\node_modules\virtual-alexa\lib\src\model\InteractionModel.js:51:23)
    at VirtualAlexaBuilder.Object.<anonymous>.VirtualAlexaBuilder.create (C:\Users\USER.DESKTOP-JCQKSPC\AppData\Roaming\npm\node_modules\bespoken-tools\node_modules\virtual-alexa\lib\src\core\VirtualAlexa.js:169:57)
    at VirtualAlexaInvoker.before (C:\Users\USER.DESKTOP-JCQKSPC\AppData\Roaming\npm\node_modules\bespoken-tools\node_modules\skill-testing-ml\dist\lib\runner\VirtualAlexaInvoker.js:62:48)
    at TestRunner.<anonymous> (C:\Users\USER.DESKTOP-JCQKSPC\AppData\Roaming\npm\node_modules\bespoken-tools\node_modules\skill-testing-ml\dist\lib\runner\TestRunner.js:147:25)
    at Generator.next (<anonymous>)
    at asyncGeneratorStep (C:\Users\USER.DESKTOP-JCQKSPC\AppData\Roaming\npm\node_modules\bespoken-tools\node_modules\skill-testing-ml\dist\lib\runner\TestRunner.js:1:192)
    at _next (C:\Users\USER.DESKTOP-JCQKSPC\AppData\Roaming\npm\node_modules\bespoken-tools\node_modules\skill-testing-ml\dist\lib\runner\TestRunner.js:3:194)
2021-09-27T14:13:16.231Z error: bst-test            Error using bst-test on Node: v14.15.0
2021-09-27T14:13:16.258Z error: bst-test            Error: Cannot find module 'ask-sdk-core' from 'index.js'
    at Resolver.resolveModule (C:\Users\USER.DESKTOP-JCQKSPC\AppData\Roaming\npm\node_modules\bespoken-tools\node_modules\jest-resolve\build\index.js:259:17)
    at Resolver._getVirtualMockPath (C:\Users\USER.DESKTOP-JCQKSPC\AppData\Roaming\npm\node_modules\bespoken-tools\node_modules\jest-resolve\build\index.js:390:14)
    at Resolver._getAbsolutePath (C:\Users\USER.DESKTOP-JCQKSPC\AppData\Roaming\npm\node_modules\bespoken-tools\node_modules\jest-resolve\build\index.js:376:14)
    at Resolver.getModuleID (C:\Users\USER.DESKTOP-JCQKSPC\AppData\Roaming\npm\node_modules\bespoken-tools\node_modules\jest-resolve\build\index.js:348:31)
    at Runtime._shouldMock (C:\Users\USER.DESKTOP-JCQKSPC\AppData\Roaming\npm\node_modules\bespoken-tools\node_modules\jest-runtime\build\index.js:942:37)
    at Runtime.require [as requireModuleOrMock] (C:\Users\USER.DESKTOP-JCQKSPC\AppData\Roaming\npm\node_modules\bespoken-tools\node_modules\jest-runtime\build\index.js:595:16)
    at Object.<anonymous> (F:\VirtualArchive\lambda\index.js:1:15)
    at Runtime._execModule (C:\Users\USER.DESKTOP-JCQKSPC\AppData\Roaming\npm\node_modules\bespoken-tools\node_modules\jest-runtime\build\index.js:867:68)
    at Runtime._loadModule (C:\Users\USER.DESKTOP-JCQKSPC\AppData\Roaming\npm\node_modules\bespoken-tools\node_modules\jest-runtime\build\index.js:577:12)
    at Runtime.requireModule (C:\Users\USER.DESKTOP-JCQKSPC\AppData\Roaming\npm\node_modules\bespoken-tools\node_modules\jest-runtime\build\index.js:433:10)
2021-09-27T14:28:30.241Z error: bst-test            Error using bst-test on Node: v14.15.0
2021-09-27T14:28:30.245Z error: bst-test            Error: Trying to add undefined slot to intent: catlog
    at SkillRequest.Object.<anonymous>.SkillRequest.slot (C:\Users\USER.DESKTOP-JCQKSPC\AppData\Roaming\npm\node_modules\bespoken-tools\node_modules\virtual-alexa\lib\src\core\SkillRequest.js:188:19)
    at SkillRequest.Object.<anonymous>.SkillRequest.slots (C:\Users\USER.DESKTOP-JCQKSPC\AppData\Roaming\npm\node_modules\bespoken-tools\node_modules\virtual-alexa\lib\src\core\SkillRequest.js:206:22)
    at VirtualAlexa.Object.<anonymous>.VirtualAlexa.intend (C:\Users\USER.DESKTOP-JCQKSPC\AppData\Roaming\npm\node_modules\bespoken-tools\node_modules\virtual-alexa\lib\src\core\VirtualAlexa.js:62:83)
    at VirtualAlexaInvoker.<anonymous> (C:\Users\USER.DESKTOP-JCQKSPC\AppData\Roaming\npm\node_modules\bespoken-tools\node_modules\skill-testing-ml\dist\lib\runner\VirtualAlexaInvoker.js:196:51)
    at Generator.next (<anonymous>)
    at asyncGeneratorStep (C:\Users\USER.DESKTOP-JCQKSPC\AppData\Roaming\npm\node_modules\bespoken-tools\node_modules\skill-testing-ml\dist\lib\runner\VirtualAlexaInvoker.js:1:192)
    at _next (C:\Users\USER.DESKTOP-JCQKSPC\AppData\Roaming\npm\node_modules\bespoken-tools\node_modules\skill-testing-ml\dist\lib\runner\VirtualAlexaInvoker.js:3:194)
    at C:\Users\USER.DESKTOP-JCQKSPC\AppData\Roaming\npm\node_modules\bespoken-tools\node_modules\skill-testing-ml\dist\lib\runner\VirtualAlexaInvoker.js:3:364
    at new Promise (<anonymous>)
    at VirtualAlexaInvoker.<anonymous> (C:\Users\USER.DESKTOP-JCQKSPC\AppData\Roaming\npm\node_modules\bespoken-tools\node_modules\skill-testing-ml\dist\lib\runner\VirtualAlexaInvoker.js:3:97)
2021-09-27T14:30:00.574Z error: bst-test            Error using bst-test on Node: v14.15.0
2021-09-27T14:30:00.578Z error: bst-test            Error: Trying to add undefined slot to intent: catlog
    at SkillRequest.Object.<anonymous>.SkillRequest.slot (C:\Users\USER.DESKTOP-JCQKSPC\AppData\Roaming\npm\node_modules\bespoken-tools\node_modules\virtual-alexa\lib\src\core\SkillRequest.js:188:19)
    at SkillRequest.Object.<anonymous>.SkillRequest.slots (C:\Users\USER.DESKTOP-JCQKSPC\AppData\Roaming\npm\node_modules\bespoken-tools\node_modules\virtual-alexa\lib\src\core\SkillRequest.js:206:22)
    at VirtualAlexa.Object.<anonymous>.VirtualAlexa.intend (C:\Users\USER.DESKTOP-JCQKSPC\AppData\Roaming\npm\node_modules\bespoken-tools\node_modules\virtual-alexa\lib\src\core\VirtualAlexa.js:62:83)
    at VirtualAlexaInvoker.<anonymous> (C:\Users\USER.DESKTOP-JCQKSPC\AppData\Roaming\npm\node_modules\bespoken-tools\node_modules\skill-testing-ml\dist\lib\runner\VirtualAlexaInvoker.js:196:51)
    at Generator.next (<anonymous>)
    at asyncGeneratorStep (C:\Users\USER.DESKTOP-JCQKSPC\AppData\Roaming\npm\node_modules\bespoken-tools\node_modules\skill-testing-ml\dist\lib\runner\VirtualAlexaInvoker.js:1:192)
    at _next (C:\Users\USER.DESKTOP-JCQKSPC\AppData\Roaming\npm\node_modules\bespoken-tools\node_modules\skill-testing-ml\dist\lib\runner\VirtualAlexaInvoker.js:3:194)
    at C:\Users\USER.DESKTOP-JCQKSPC\AppData\Roaming\npm\node_modules\bespoken-tools\node_modules\skill-testing-ml\dist\lib\runner\VirtualAlexaInvoker.js:3:364
    at new Promise (<anonymous>)
    at VirtualAlexaInvoker.<anonymous> (C:\Users\USER.DESKTOP-JCQKSPC\AppData\Roaming\npm\node_modules\bespoken-tools\node_modules\skill-testing-ml\dist\lib\runner\VirtualAlexaInvoker.js:3:97)
2021-09-28T04:24:18.311Z error: bst-test            Error using bst-test on Node: v14.15.0
2021-09-28T04:24:18.341Z error: bst-test            Error: Cannot find module 'jwt-decode' from 'index.js'
    at Resolver.resolveModule (C:\Users\USER.DESKTOP-JCQKSPC\AppData\Roaming\npm\node_modules\bespoken-tools\node_modules\jest-resolve\build\index.js:259:17)
    at Resolver._getVirtualMockPath (C:\Users\USER.DESKTOP-JCQKSPC\AppData\Roaming\npm\node_modules\bespoken-tools\node_modules\jest-resolve\build\index.js:390:14)
    at Resolver._getAbsolutePath (C:\Users\USER.DESKTOP-JCQKSPC\AppData\Roaming\npm\node_modules\bespoken-tools\node_modules\jest-resolve\build\index.js:376:14)
    at Resolver.getModuleID (C:\Users\USER.DESKTOP-JCQKSPC\AppData\Roaming\npm\node_modules\bespoken-tools\node_modules\jest-resolve\build\index.js:348:31)
    at Runtime._shouldMock (C:\Users\USER.DESKTOP-JCQKSPC\AppData\Roaming\npm\node_modules\bespoken-tools\node_modules\jest-runtime\build\index.js:942:37)
    at Runtime.require [as requireModuleOrMock] (C:\Users\USER.DESKTOP-JCQKSPC\AppData\Roaming\npm\node_modules\bespoken-tools\node_modules\jest-runtime\build\index.js:595:16)
    at Object.<anonymous> (F:\VirtualArchive\lambda\index.js:5:13)
    at Runtime._execModule (C:\Users\USER.DESKTOP-JCQKSPC\AppData\Roaming\npm\node_modules\bespoken-tools\node_modules\jest-runtime\build\index.js:867:68)
    at Runtime._loadModule (C:\Users\USER.DESKTOP-JCQKSPC\AppData\Roaming\npm\node_modules\bespoken-tools\node_modules\jest-runtime\build\index.js:577:12)
    at Runtime.requireModule (C:\Users\USER.DESKTOP-JCQKSPC\AppData\Roaming\npm\node_modules\bespoken-tools\node_modules\jest-runtime\build\index.js:433:10)
2021-09-28T04:24:18.356Z error: bst-test            Error using bst-test on Node: v14.15.0
2021-09-28T04:24:18.391Z error: bst-test            TypeError: lambdaFunction is not a function
    at C:\Users\USER.DESKTOP-JCQKSPC\AppData\Roaming\npm\node_modules\bespoken-tools\node_modules\virtual-alexa\lib\src\impl\ModuleInvoker.js:31:27
    at new Promise (<anonymous>)
    at Function.Object.<anonymous>.ModuleInvoker.invokeFunction (C:\Users\USER.DESKTOP-JCQKSPC\AppData\Roaming\npm\node_modules\bespoken-tools\node_modules\virtual-alexa\lib\src\impl\ModuleInvoker.js:21:16)
    at Function.Object.<anonymous>.ModuleInvoker.invokeHandler (C:\Users\USER.DESKTOP-JCQKSPC\AppData\Roaming\npm\node_modules\bespoken-tools\node_modules\virtual-alexa\lib\src\impl\ModuleInvoker.js:18:30)
    at LocalSkillInteractor.Object.<anonymous>.LocalSkillInteractor.invoke (C:\Users\USER.DESKTOP-JCQKSPC\AppData\Roaming\npm\node_modules\bespoken-tools\node_modules\virtual-alexa\lib\src\impl\LocalSkillInteractor.js:24:50)
    at LocalSkillInteractor.<anonymous> (C:\Users\USER.DESKTOP-JCQKSPC\AppData\Roaming\npm\node_modules\bespoken-tools\node_modules\virtual-alexa\lib\src\impl\SkillInteractor.js:65:41)
    at step (C:\Users\USER.DESKTOP-JCQKSPC\AppData\Roaming\npm\node_modules\bespoken-tools\node_modules\virtual-alexa\lib\src\impl\SkillInteractor.js:32:23)
    at Object.next (C:\Users\USER.DESKTOP-JCQKSPC\AppData\Roaming\npm\node_modules\bespoken-tools\node_modules\virtual-alexa\lib\src\impl\SkillInteractor.js:13:53)
    at C:\Users\USER.DESKTOP-JCQKSPC\AppData\Roaming\npm\node_modules\bespoken-tools\node_modules\virtual-alexa\lib\src\impl\SkillInteractor.js:7:71
    at new Promise (<anonymous>)
2021-09-28T04:24:18.393Z error: bst-test            Error using bst-test on Node: v14.15.0
2021-09-28T04:24:18.393Z error: bst-test            TypeError: lambdaFunction is not a function
    at C:\Users\USER.DESKTOP-JCQKSPC\AppData\Roaming\npm\node_modules\bespoken-tools\node_modules\virtual-alexa\lib\src\impl\ModuleInvoker.js:31:27
    at new Promise (<anonymous>)
    at Function.Object.<anonymous>.ModuleInvoker.invokeFunction (C:\Users\USER.DESKTOP-JCQKSPC\AppData\Roaming\npm\node_modules\bespoken-tools\node_modules\virtual-alexa\lib\src\impl\ModuleInvoker.js:21:16)
    at Function.Object.<anonymous>.ModuleInvoker.invokeHandler (C:\Users\USER.DESKTOP-JCQKSPC\AppData\Roaming\npm\node_modules\bespoken-tools\node_modules\virtual-alexa\lib\src\impl\ModuleInvoker.js:18:30)
    at LocalSkillInteractor.Object.<anonymous>.LocalSkillInteractor.invoke (C:\Users\USER.DESKTOP-JCQKSPC\AppData\Roaming\npm\node_modules\bespoken-tools\node_modules\virtual-alexa\lib\src\impl\LocalSkillInteractor.js:24:50)
    at LocalSkillInteractor.<anonymous> (C:\Users\USER.DESKTOP-JCQKSPC\AppData\Roaming\npm\node_modules\bespoken-tools\node_modules\virtual-alexa\lib\src\impl\SkillInteractor.js:65:41)
    at step (C:\Users\USER.DESKTOP-JCQKSPC\AppData\Roaming\npm\node_modules\bespoken-tools\node_modules\virtual-alexa\lib\src\impl\SkillInteractor.js:32:23)
    at Object.next (C:\Users\USER.DESKTOP-JCQKSPC\AppData\Roaming\npm\node_modules\bespoken-tools\node_modules\virtual-alexa\lib\src\impl\SkillInteractor.js:13:53)
    at C:\Users\USER.DESKTOP-JCQKSPC\AppData\Roaming\npm\node_modules\bespoken-tools\node_modules\virtual-alexa\lib\src\impl\SkillInteractor.js:7:71
    at new Promise (<anonymous>)
2021-09-28T04:24:18.394Z error: bst-test            Error using bst-test on Node: v14.15.0
2021-09-28T04:24:18.394Z error: bst-test            TypeError: lambdaFunction is not a function
    at C:\Users\USER.DESKTOP-JCQKSPC\AppData\Roaming\npm\node_modules\bespoken-tools\node_modules\virtual-alexa\lib\src\impl\ModuleInvoker.js:31:27
    at new Promise (<anonymous>)
    at Function.Object.<anonymous>.ModuleInvoker.invokeFunction (C:\Users\USER.DESKTOP-JCQKSPC\AppData\Roaming\npm\node_modules\bespoken-tools\node_modules\virtual-alexa\lib\src\impl\ModuleInvoker.js:21:16)
    at Function.Object.<anonymous>.ModuleInvoker.invokeHandler (C:\Users\USER.DESKTOP-JCQKSPC\AppData\Roaming\npm\node_modules\bespoken-tools\node_modules\virtual-alexa\lib\src\impl\ModuleInvoker.js:18:30)
    at LocalSkillInteractor.Object.<anonymous>.LocalSkillInteractor.invoke (C:\Users\USER.DESKTOP-JCQKSPC\AppData\Roaming\npm\node_modules\bespoken-tools\node_modules\virtual-alexa\lib\src\impl\LocalSkillInteractor.js:24:50)
    at LocalSkillInteractor.<anonymous> (C:\Users\USER.DESKTOP-JCQKSPC\AppData\Roaming\npm\node_modules\bespoken-tools\node_modules\virtual-alexa\lib\src\impl\SkillInteractor.js:65:41)
    at step (C:\Users\USER.DESKTOP-JCQKSPC\AppData\Roaming\npm\node_modules\bespoken-tools\node_modules\virtual-alexa\lib\src\impl\SkillInteractor.js:32:23)
    at Object.next (C:\Users\USER.DESKTOP-JCQKSPC\AppData\Roaming\npm\node_modules\bespoken-tools\node_modules\virtual-alexa\lib\src\impl\SkillInteractor.js:13:53)
    at C:\Users\USER.DESKTOP-JCQKSPC\AppData\Roaming\npm\node_modules\bespoken-tools\node_modules\virtual-alexa\lib\src\impl\SkillInteractor.js:7:71
    at new Promise (<anonymous>)
2021-09-29T08:04:47.304Z error: bst-test            Error using bst-test on Node: v14.15.0
2021-09-29T08:04:47.308Z error: bst-test            Error: Trying to add undefined slot to intent: catalog
    at SkillRequest.Object.<anonymous>.SkillRequest.slot (C:\Users\USER.DESKTOP-JCQKSPC\AppData\Roaming\npm\node_modules\bespoken-tools\node_modules\virtual-alexa\lib\src\core\SkillRequest.js:188:19)
    at SkillRequest.Object.<anonymous>.SkillRequest.slots (C:\Users\USER.DESKTOP-JCQKSPC\AppData\Roaming\npm\node_modules\bespoken-tools\node_modules\virtual-alexa\lib\src\core\SkillRequest.js:206:22)
    at VirtualAlexa.Object.<anonymous>.VirtualAlexa.intend (C:\Users\USER.DESKTOP-JCQKSPC\AppData\Roaming\npm\node_modules\bespoken-tools\node_modules\virtual-alexa\lib\src\core\VirtualAlexa.js:62:83)
    at VirtualAlexaInvoker.<anonymous> (C:\Users\USER.DESKTOP-JCQKSPC\AppData\Roaming\npm\node_modules\bespoken-tools\node_modules\skill-testing-ml\dist\lib\runner\VirtualAlexaInvoker.js:196:51)
    at Generator.next (<anonymous>)
    at asyncGeneratorStep (C:\Users\USER.DESKTOP-JCQKSPC\AppData\Roaming\npm\node_modules\bespoken-tools\node_modules\skill-testing-ml\dist\lib\runner\VirtualAlexaInvoker.js:1:192)
    at _next (C:\Users\USER.DESKTOP-JCQKSPC\AppData\Roaming\npm\node_modules\bespoken-tools\node_modules\skill-testing-ml\dist\lib\runner\VirtualAlexaInvoker.js:3:194)
    at C:\Users\USER.DESKTOP-JCQKSPC\AppData\Roaming\npm\node_modules\bespoken-tools\node_modules\skill-testing-ml\dist\lib\runner\VirtualAlexaInvoker.js:3:364
    at new Promise (<anonymous>)
    at VirtualAlexaInvoker.<anonymous> (C:\Users\USER.DESKTOP-JCQKSPC\AppData\Roaming\npm\node_modules\bespoken-tools\node_modules\skill-testing-ml\dist\lib\runner\VirtualAlexaInvoker.js:3:97)
2021-10-14T14:45:17.087Z error: bst-test            Error using bst-test on Node: v14.15.0
2021-10-14T14:45:17.091Z error: bst-test            YAMLException: bad indentation of a sequence entry at line 9, column 61:
     ... owing items have reminders today: cup,car
                                         ^
    at generateError (C:\Users\USER.DESKTOP-JCQKSPC\AppData\Roaming\npm\node_modules\bespoken-tools\node_modules\js-yaml-bespoken\lib\js-yaml\loader.js:191:10)
    at throwError (C:\Users\USER.DESKTOP-JCQKSPC\AppData\Roaming\npm\node_modules\bespoken-tools\node_modules\js-yaml-bespoken\lib\js-yaml\loader.js:197:9)
    at readBlockSequence (C:\Users\USER.DESKTOP-JCQKSPC\AppData\Roaming\npm\node_modules\bespoken-tools\node_modules\js-yaml-bespoken\lib\js-yaml\loader.js:980:7)
    at composeNode (C:\Users\USER.DESKTOP-JCQKSPC\AppData\Roaming\npm\node_modules\bespoken-tools\node_modules\js-yaml-bespoken\lib\js-yaml\loader.js:1377:12)
    at readDocument (C:\Users\USER.DESKTOP-JCQKSPC\AppData\Roaming\npm\node_modules\bespoken-tools\node_modules\js-yaml-bespoken\lib\js-yaml\loader.js:1538:3)
    at loadDocuments (C:\Users\USER.DESKTOP-JCQKSPC\AppData\Roaming\npm\node_modules\bespoken-tools\node_modules\js-yaml-bespoken\lib\js-yaml\loader.js:1594:5)
    at Object.loadAll (C:\Users\USER.DESKTOP-JCQKSPC\AppData\Roaming\npm\node_modules\bespoken-tools\node_modules\js-yaml-bespoken\lib\js-yaml\loader.js:1602:19)
    at TestParser.parse (C:\Users\USER.DESKTOP-JCQKSPC\AppData\Roaming\npm\node_modules\bespoken-tools\node_modules\skill-testing-ml\dist\lib\test\TestParser.js:162:30)
    at TestRunner.parseContents (C:\Users\USER.DESKTOP-JCQKSPC\AppData\Roaming\npm\node_modules\bespoken-tools\node_modules\skill-testing-ml\dist\lib\runner\TestRunner.js:574:26)
    at C:\Users\USER.DESKTOP-JCQKSPC\AppData\Roaming\npm\node_modules\bespoken-tools\node_modules\skill-testing-ml\dist\lib\runner\TestRunner.js:74:39
2021-10-14T14:45:32.997Z error: bst-test            Error using bst-test on Node: v14.15.0
2021-10-14T14:45:33.000Z error: bst-test            YAMLException: bad indentation of a sequence entry at line 9, column 25:
    - view today reminders: `Following items have reminders  ... 
                            ^
    at generateError (C:\Users\USER.DESKTOP-JCQKSPC\AppData\Roaming\npm\node_modules\bespoken-tools\node_modules\js-yaml-bespoken\lib\js-yaml\loader.js:191:10)
    at throwError (C:\Users\USER.DESKTOP-JCQKSPC\AppData\Roaming\npm\node_modules\bespoken-tools\node_modules\js-yaml-bespoken\lib\js-yaml\loader.js:197:9)
    at readBlockSequence (C:\Users\USER.DESKTOP-JCQKSPC\AppData\Roaming\npm\node_modules\bespoken-tools\node_modules\js-yaml-bespoken\lib\js-yaml\loader.js:980:7)
    at composeNode (C:\Users\USER.DESKTOP-JCQKSPC\AppData\Roaming\npm\node_modules\bespoken-tools\node_modules\js-yaml-bespoken\lib\js-yaml\loader.js:1377:12)
    at readDocument (C:\Users\USER.DESKTOP-JCQKSPC\AppData\Roaming\npm\node_modules\bespoken-tools\node_modules\js-yaml-bespoken\lib\js-yaml\loader.js:1538:3)
    at loadDocuments (C:\Users\USER.DESKTOP-JCQKSPC\AppData\Roaming\npm\node_modules\bespoken-tools\node_modules\js-yaml-bespoken\lib\js-yaml\loader.js:1594:5)
    at Object.loadAll (C:\Users\USER.DESKTOP-JCQKSPC\AppData\Roaming\npm\node_modules\bespoken-tools\node_modules\js-yaml-bespoken\lib\js-yaml\loader.js:1602:19)
    at TestParser.parse (C:\Users\USER.DESKTOP-JCQKSPC\AppData\Roaming\npm\node_modules\bespoken-tools\node_modules\skill-testing-ml\dist\lib\test\TestParser.js:162:30)
    at TestRunner.parseContents (C:\Users\USER.DESKTOP-JCQKSPC\AppData\Roaming\npm\node_modules\bespoken-tools\node_modules\skill-testing-ml\dist\lib\runner\TestRunner.js:574:26)
    at C:\Users\USER.DESKTOP-JCQKSPC\AppData\Roaming\npm\node_modules\bespoken-tools\node_modules\skill-testing-ml\dist\lib\runner\TestRunner.js:74:39
2021-10-14T14:47:37.697Z error: bst-test            Error using bst-test on Node: v14.15.0
2021-10-14T14:47:37.702Z error: bst-test            YAMLException: bad indentation of a sequence entry at line 9, column 61:
     ... owing items have reminders today: cup,car
                                         ^
    at generateError (C:\Users\USER.DESKTOP-JCQKSPC\AppData\Roaming\npm\node_modules\bespoken-tools\node_modules\js-yaml-bespoken\lib\js-yaml\loader.js:191:10)
    at throwError (C:\Users\USER.DESKTOP-JCQKSPC\AppData\Roaming\npm\node_modules\bespoken-tools\node_modules\js-yaml-bespoken\lib\js-yaml\loader.js:197:9)
    at readBlockSequence (C:\Users\USER.DESKTOP-JCQKSPC\AppData\Roaming\npm\node_modules\bespoken-tools\node_modules\js-yaml-bespoken\lib\js-yaml\loader.js:980:7)
    at composeNode (C:\Users\USER.DESKTOP-JCQKSPC\AppData\Roaming\npm\node_modules\bespoken-tools\node_modules\js-yaml-bespoken\lib\js-yaml\loader.js:1377:12)
    at readDocument (C:\Users\USER.DESKTOP-JCQKSPC\AppData\Roaming\npm\node_modules\bespoken-tools\node_modules\js-yaml-bespoken\lib\js-yaml\loader.js:1538:3)
    at loadDocuments (C:\Users\USER.DESKTOP-JCQKSPC\AppData\Roaming\npm\node_modules\bespoken-tools\node_modules\js-yaml-bespoken\lib\js-yaml\loader.js:1594:5)
    at Object.loadAll (C:\Users\USER.DESKTOP-JCQKSPC\AppData\Roaming\npm\node_modules\bespoken-tools\node_modules\js-yaml-bespoken\lib\js-yaml\loader.js:1602:19)
    at TestParser.parse (C:\Users\USER.DESKTOP-JCQKSPC\AppData\Roaming\npm\node_modules\bespoken-tools\node_modules\skill-testing-ml\dist\lib\test\TestParser.js:162:30)
    at TestRunner.parseContents (C:\Users\USER.DESKTOP-JCQKSPC\AppData\Roaming\npm\node_modules\bespoken-tools\node_modules\skill-testing-ml\dist\lib\runner\TestRunner.js:574:26)
    at C:\Users\USER.DESKTOP-JCQKSPC\AppData\Roaming\npm\node_modules\bespoken-tools\node_modules\skill-testing-ml\dist\lib\runner\TestRunner.js:74:39
2021-10-14T16:02:22.313Z error: bst-test            Error using bst-test on Node: v14.15.0
2021-10-14T16:02:22.490Z error: bst-test            SyntaxError: F:\VirtualArchive\lambda\index.js: Unexpected reserved word 'await'. (595:8)

[0m [90m 593 |[39m         userID [33m=[39m [32m'14082a4d-35d1-4450-97c3-393730cffa29'[39m[33m;[39m[0m
[0m [90m 594 |[39m         [36mlet[39m [33mUUID[39m [33m=[39m [32m''[39m[33m;[39m[0m
[0m[31m[1m>[22m[39m[90m 595 |[39m         [36mawait[39m getRemoteData([32m`https://v86cz5q48g.execute-api.us-east-1.amazonaws.com/dev/catalogue-by-name/${catalog}`[39m)[0m
[0m [90m     |[39m         [31m[1m^[22m[39m[0m
[0m [90m 596 |[39m         [33m.[39mthen((response) [33m=>[39m {[0m
[0m [90m 597 |[39m             [36mconst[39m data [33m=[39m [33mJSON[39m[33m.[39mparse(response)[33m;[39m[0m
[0m [90m 598 |[39m[0m
    at Parser._raise (C:\Users\USER.DESKTOP-JCQKSPC\AppData\Roaming\npm\node_modules\bespoken-tools\node_modules\@babel\parser\src\parser\error.js:147:45)
    at Parser.raiseWithData (C:\Users\USER.DESKTOP-JCQKSPC\AppData\Roaming\npm\node_modules\bespoken-tools\node_modules\@babel\parser\src\parser\error.js:142:17)
    at Parser.raise (C:\Users\USER.DESKTOP-JCQKSPC\AppData\Roaming\npm\node_modules\bespoken-tools\node_modules\@babel\parser\src\parser\error.js:91:17)
    at Parser.checkReservedWord (C:\Users\USER.DESKTOP-JCQKSPC\AppData\Roaming\npm\node_modules\bespoken-tools\node_modules\@babel\parser\src\parser\expression.js:2614:12)
    at Parser.parseIdentifierName (C:\Users\USER.DESKTOP-JCQKSPC\AppData\Roaming\npm\node_modules\bespoken-tools\node_modules\@babel\parser\src\parser\expression.js:2553:12)
    at Parser.parseIdentifier (C:\Users\USER.DESKTOP-JCQKSPC\AppData\Roaming\npm\node_modules\bespoken-tools\node_modules\@babel\parser\src\parser\expression.js:2523:23)
    at Parser.parseExprAtom (C:\Users\USER.DESKTOP-JCQKSPC\AppData\Roaming\npm\node_modules\bespoken-tools\node_modules\@babel\parser\src\parser\expression.js:1087:25)
    at Parser.parseExprSubscripts (C:\Users\USER.DESKTOP-JCQKSPC\AppData\Roaming\npm\node_modules\bespoken-tools\node_modules\@babel\parser\src\parser\expression.js:669:23)
    at Parser.parseUpdate (C:\Users\USER.DESKTOP-JCQKSPC\AppData\Roaming\npm\node_modules\bespoken-tools\node_modules\@babel\parser\src\parser\expression.js:649:21)
    at Parser.parseMaybeUnary (C:\Users\USER.DESKTOP-JCQKSPC\AppData\Roaming\npm\node_modules\bespoken-tools\node_modules\@babel\parser\src\parser\expression.js:620:23)
2021-10-14T16:03:00.314Z error: bst-test            Error using bst-test on Node: v14.15.0
2021-10-14T16:03:00.315Z error: bst-test            [1m[31mJest encountered an unexpected token[39m[22m

This usually means that you are trying to import a file which Jest cannot parse, e.g. it's not plain JavaScript.

By default, if Jest sees a Babel config, it will use that to transform your files, ignoring "node_modules".

Here's what you can do:
 â€¢ To have some of your "node_modules" files transformed, you can specify a custom [1m"transformIgnorePatterns"[22m in your config.
 â€¢ If you need a custom transformation specify a [1m"transform"[22m option in your config.
 â€¢ If you simply want to mock your non-JS modules (e.g. binary assets) you can stub them out with the [1m"moduleNameMapper"[22m config option.

You'll find more details and examples of these config options in the docs:
[36mhttps://jestjs.io/docs/en/configuration.html[39m

[1m[31mDetails:[39m[22m

F:\VirtualArchive\lambda\index.js:8034
export const deleteRequest = async (url) => {
^^^^^^

SyntaxError: Unexpected token 'export'
    at new Script (vm.js:100:7)
    at ScriptTransformer._transformAndBuildScript (C:\Users\USER.DESKTOP-JCQKSPC\AppData\Roaming\npm\node_modules\bespoken-tools\node_modules\@jest\transform\build\ScriptTransformer.js:537:17)
    at ScriptTransformer.transform (C:\Users\USER.DESKTOP-JCQKSPC\AppData\Roaming\npm\node_modules\bespoken-tools\node_modules\@jest\transform\build\ScriptTransformer.js:579:25)
    at Runtime._execModule (C:\Users\USER.DESKTOP-JCQKSPC\AppData\Roaming\npm\node_modules\bespoken-tools\node_modules\jest-runtime\build\index.js:842:53)
    at Runtime._loadModule (C:\Users\USER.DESKTOP-JCQKSPC\AppData\Roaming\npm\node_modules\bespoken-tools\node_modules\jest-runtime\build\index.js:577:12)
    at Runtime.requireModule (C:\Users\USER.DESKTOP-JCQKSPC\AppData\Roaming\npm\node_modules\bespoken-tools\node_modules\jest-runtime\build\index.js:433:10)
    at Runtime.requireModuleOrMock (C:\Users\USER.DESKTOP-JCQKSPC\AppData\Roaming\npm\node_modules\bespoken-tools\node_modules\jest-runtime\build\index.js:598:21)
    at Function.Object.<anonymous>.ModuleInvoker.invokeHandler (C:\Users\USER.DESKTOP-JCQKSPC\AppData\Roaming\npm\node_modules\bespoken-tools\node_modules\virtual-alexa\lib\src\impl\ModuleInvoker.js:17:29)
    at LocalSkillInteractor.Object.<anonymous>.LocalSkillInteractor.invoke (C:\Users\USER.DESKTOP-JCQKSPC\AppData\Roaming\npm\node_modules\bespoken-tools\node_modules\virtual-alexa\lib\src\impl\LocalSkillInteractor.js:24:50)
    at LocalSkillInteractor.<anonymous> (C:\Users\USER.DESKTOP-JCQKSPC\AppData\Roaming\npm\node_modules\bespoken-tools\node_modules\virtual-alexa\lib\src\impl\SkillInteractor.js:65:41)
2021-10-23T13:14:56.506Z error: bst-test            Error using bst-test on Node: v14.15.0
2021-10-23T13:14:56.706Z error: bst-test            SyntaxError: F:\VirtualArchive\lambda\index.js: Unsyntactic break. (651:16)

[0m [90m 649 |[39m                 [36mconst[39m data [33m=[39m [33mJSON[39m[33m.[39mparse([33mJSON[39m[33m.[39mstringify(response))[33m;[39m[0m
[0m [90m 650 |[39m                 console[33m.[39mlog(data)[33m;[39m[0m
[0m[31m[1m>[22m[39m[90m 651 |[39m                 [36mbreak[39m[0m
[0m [90m     |[39m                 [31m[1m^[22m[39m[0m
[0m [90m 652 |[39m                 catalogueUUID [33m=[39m data[33m.[39m[33mCatalogues[39m[[35m0[39m][33m.[39m[33mUUID[39m[33m;[39m[0m
[0m [90m 653 |[39m                 [0m
[0m [90m 654 |[39m             })[0m
    at Parser._raise (C:\Users\USER.DESKTOP-JCQKSPC\AppData\Roaming\npm\node_modules\bespoken-tools\node_modules\@babel\parser\src\parser\error.js:147:45)
    at Parser.raiseWithData (C:\Users\USER.DESKTOP-JCQKSPC\AppData\Roaming\npm\node_modules\bespoken-tools\node_modules\@babel\parser\src\parser\error.js:142:17)
    at Parser.raise (C:\Users\USER.DESKTOP-JCQKSPC\AppData\Roaming\npm\node_modules\bespoken-tools\node_modules\@babel\parser\src\parser\error.js:91:17)
    at Parser.verifyBreakContinue (C:\Users\USER.DESKTOP-JCQKSPC\AppData\Roaming\npm\node_modules\bespoken-tools\node_modules\@babel\parser\src\parser\statement.js:520:12)
    at Parser.parseBreakContinueStatement (C:\Users\USER.DESKTOP-JCQKSPC\AppData\Roaming\npm\node_modules\bespoken-tools\node_modules\@babel\parser\src\parser\statement.js:499:10)
    at Parser.parseStatementContent (C:\Users\USER.DESKTOP-JCQKSPC\AppData\Roaming\npm\node_modules\bespoken-tools\node_modules\@babel\parser\src\parser\statement.js:262:21)
    at Parser.parseStatement (C:\Users\USER.DESKTOP-JCQKSPC\AppData\Roaming\npm\node_modules\bespoken-tools\node_modules\@babel\parser\src\parser\statement.js:243:17)
    at Parser.parseBlockOrModuleBlockBody (C:\Users\USER.DESKTOP-JCQKSPC\AppData\Roaming\npm\node_modules\bespoken-tools\node_modules\@babel\parser\src\parser\statement.js:979:25)
    at Parser.parseBlockBody (C:\Users\USER.DESKTOP-JCQKSPC\AppData\Roaming\npm\node_modules\bespoken-tools\node_modules\@babel\parser\src\parser\statement.js:955:10)
    at Parser.parseBlock (C:\Users\USER.DESKTOP-JCQKSPC\AppData\Roaming\npm\node_modules\bespoken-tools\node_modules\@babel\parser\src\parser\statement.js:925:10)
2021-10-23T13:14:56.708Z error: bst-test            Error using bst-test on Node: v14.15.0
2021-10-23T13:14:56.710Z error: bst-test            TypeError: lambdaFunction is not a function
    at C:\Users\USER.DESKTOP-JCQKSPC\AppData\Roaming\npm\node_modules\bespoken-tools\node_modules\virtual-alexa\lib\src\impl\ModuleInvoker.js:31:27
    at new Promise (<anonymous>)
    at Function.Object.<anonymous>.ModuleInvoker.invokeFunction (C:\Users\USER.DESKTOP-JCQKSPC\AppData\Roaming\npm\node_modules\bespoken-tools\node_modules\virtual-alexa\lib\src\impl\ModuleInvoker.js:21:16)
    at Function.Object.<anonymous>.ModuleInvoker.invokeHandler (C:\Users\USER.DESKTOP-JCQKSPC\AppData\Roaming\npm\node_modules\bespoken-tools\node_modules\virtual-alexa\lib\src\impl\ModuleInvoker.js:18:30)
    at LocalSkillInteractor.Object.<anonymous>.LocalSkillInteractor.invoke (C:\Users\USER.DESKTOP-JCQKSPC\AppData\Roaming\npm\node_modules\bespoken-tools\node_modules\virtual-alexa\lib\src\impl\LocalSkillInteractor.js:24:50)
    at LocalSkillInteractor.<anonymous> (C:\Users\USER.DESKTOP-JCQKSPC\AppData\Roaming\npm\node_modules\bespoken-tools\node_modules\virtual-alexa\lib\src\impl\SkillInteractor.js:65:41)
    at step (C:\Users\USER.DESKTOP-JCQKSPC\AppData\Roaming\npm\node_modules\bespoken-tools\node_modules\virtual-alexa\lib\src\impl\SkillInteractor.js:32:23)
    at Object.next (C:\Users\USER.DESKTOP-JCQKSPC\AppData\Roaming\npm\node_modules\bespoken-tools\node_modules\virtual-alexa\lib\src\impl\SkillInteractor.js:13:53)
    at C:\Users\USER.DESKTOP-JCQKSPC\AppData\Roaming\npm\node_modules\bespoken-tools\node_modules\virtual-alexa\lib\src\impl\SkillInteractor.js:7:71
    at new Promise (<anonymous>)
2021-10-23T13:27:49.101Z error: bst-test            Error using bst-test on Node: v14.15.0
2021-10-23T13:27:49.248Z error: bst-test            SyntaxError: F:\VirtualArchive\lambda\index.js: Identifier 'response' has already been declared. (652:19)

[0m [90m 650 |[39m         [90m//get the uuid of the catalogue from catalogue name[39m[0m
[0m [90m 651 |[39m         [36mawait[39m getRemoteData([32m`${base_url}/catalogue-by-name/${catalog}`[39m)[0m
[0m[31m[1m>[22m[39m[90m 652 |[39m             [33m.[39mthen((response) [33m=>[39m {[0m
[0m [90m     |[39m                    [31m[1m^[22m[39m[0m
[0m [90m 653 |[39m                 [36mlet[39m response [33m=[39m [33mJSON[39m[33m.[39mparse([33mJSON[39m[33m.[39mstringify(response))[33m;[39m[0m
[0m [90m 654 |[39m                 console[33m.[39mlog(data)[33m;[39m[0m
[0m [90m 655 |[39m                 catalogueUUID [33m=[39m data[33m.[39m[33mCatalogues[39m[[35m0[39m][33m.[39m[33mUUID[39m[33m;[39m[0m
    at Parser._raise (C:\Users\USER.DESKTOP-JCQKSPC\AppData\Roaming\npm\node_modules\bespoken-tools\node_modules\@babel\parser\src\parser\error.js:147:45)
    at Parser.raiseWithData (C:\Users\USER.DESKTOP-JCQKSPC\AppData\Roaming\npm\node_modules\bespoken-tools\node_modules\@babel\parser\src\parser\error.js:142:17)
    at Parser.raise (C:\Users\USER.DESKTOP-JCQKSPC\AppData\Roaming\npm\node_modules\bespoken-tools\node_modules\@babel\parser\src\parser\error.js:91:17)
    at ScopeHandler.checkRedeclarationInScope (C:\Users\USER.DESKTOP-JCQKSPC\AppData\Roaming\npm\node_modules\bespoken-tools\node_modules\@babel\parser\src\util\scope.js:152:12)
    at ScopeHandler.declareName (C:\Users\USER.DESKTOP-JCQKSPC\AppData\Roaming\npm\node_modules\bespoken-tools\node_modules\@babel\parser\src\util\scope.js:127:14)
    at Parser.checkLVal (C:\Users\USER.DESKTOP-JCQKSPC\AppData\Roaming\npm\node_modules\bespoken-tools\node_modules\@babel\parser\src\parser\lval.js:482:22)
    at Parser.checkParams (C:\Users\USER.DESKTOP-JCQKSPC\AppData\Roaming\npm\node_modules\bespoken-tools\node_modules\@babel\parser\src\parser\expression.js:2442:12)
    at Parser.call (C:\Users\USER.DESKTOP-JCQKSPC\AppData\Roaming\npm\node_modules\bespoken-tools\node_modules\@babel\parser\src\parser\expression.js:2398:16)
    at Parser.parseBlockOrModuleBlockBody (C:\Users\USER.DESKTOP-JCQKSPC\AppData\Roaming\npm\node_modules\bespoken-tools\node_modules\@babel\parser\src\parser\statement.js:1004:23)
    at Parser.parseBlockBody (C:\Users\USER.DESKTOP-JCQKSPC\AppData\Roaming\npm\node_modules\bespoken-tools\node_modules\@babel\parser\src\parser\statement.js:955:10)
2021-10-23T13:27:49.249Z error: bst-test            Error using bst-test on Node: v14.15.0
2021-10-23T13:27:49.251Z error: bst-test            TypeError: lambdaFunction is not a function
    at C:\Users\USER.DESKTOP-JCQKSPC\AppData\Roaming\npm\node_modules\bespoken-tools\node_modules\virtual-alexa\lib\src\impl\ModuleInvoker.js:31:27
    at new Promise (<anonymous>)
    at Function.Object.<anonymous>.ModuleInvoker.invokeFunction (C:\Users\USER.DESKTOP-JCQKSPC\AppData\Roaming\npm\node_modules\bespoken-tools\node_modules\virtual-alexa\lib\src\impl\ModuleInvoker.js:21:16)
    at Function.Object.<anonymous>.ModuleInvoker.invokeHandler (C:\Users\USER.DESKTOP-JCQKSPC\AppData\Roaming\npm\node_modules\bespoken-tools\node_modules\virtual-alexa\lib\src\impl\ModuleInvoker.js:18:30)
    at LocalSkillInteractor.Object.<anonymous>.LocalSkillInteractor.invoke (C:\Users\USER.DESKTOP-JCQKSPC\AppData\Roaming\npm\node_modules\bespoken-tools\node_modules\virtual-alexa\lib\src\impl\LocalSkillInteractor.js:24:50)
    at LocalSkillInteractor.<anonymous> (C:\Users\USER.DESKTOP-JCQKSPC\AppData\Roaming\npm\node_modules\bespoken-tools\node_modules\virtual-alexa\lib\src\impl\SkillInteractor.js:65:41)
    at step (C:\Users\USER.DESKTOP-JCQKSPC\AppData\Roaming\npm\node_modules\bespoken-tools\node_modules\virtual-alexa\lib\src\impl\SkillInteractor.js:32:23)
    at Object.next (C:\Users\USER.DESKTOP-JCQKSPC\AppData\Roaming\npm\node_modules\bespoken-tools\node_modules\virtual-alexa\lib\src\impl\SkillInteractor.js:13:53)
    at C:\Users\USER.DESKTOP-JCQKSPC\AppData\Roaming\npm\node_modules\bespoken-tools\node_modules\virtual-alexa\lib\src\impl\SkillInteractor.js:7:71
    at new Promise (<anonymous>)
2021-10-23T14:44:20.478Z error: bst-test            Error using bst-test on Node: v14.15.0
2021-10-23T14:44:20.623Z error: bst-test            SyntaxError: F:\VirtualArchive\lambda\index.js: Unexpected reserved word 'await'. (569:8)

[0m [90m 567 |[39m         [36mconst[39m reminder [33m=[39m [33mAlexa[39m[33m.[39mgetSlotValue(requestEnvelope[33m,[39m [32m'date'[39m)[33m;[39m[0m
[0m [90m 568 |[39m         [36mlet[39m catalogUUID [33m=[39m [32m''[39m[33m;[39m[0m
[0m[31m[1m>[22m[39m[90m 569 |[39m         [36mawait[39m getRequest([32m`${base_url}/catalogue-by-name/${catalog}`[39m[33m,[39muserID)[0m
[0m [90m     |[39m         [31m[1m^[22m[39m[0m
[0m [90m 570 |[39m         [33m.[39mthen((response) [33m=>[39m {[0m
[0m [90m 571 |[39m             [36mconst[39m data [33m=[39m [33mJSON[39m[33m.[39mparse(response)[33m;[39m[0m
[0m [90m 572 |[39m[0m
    at Parser._raise (C:\Users\USER.DESKTOP-JCQKSPC\AppData\Roaming\npm\node_modules\bespoken-tools\node_modules\@babel\parser\src\parser\error.js:147:45)
    at Parser.raiseWithData (C:\Users\USER.DESKTOP-JCQKSPC\AppData\Roaming\npm\node_modules\bespoken-tools\node_modules\@babel\parser\src\parser\error.js:142:17)
    at Parser.raise (C:\Users\USER.DESKTOP-JCQKSPC\AppData\Roaming\npm\node_modules\bespoken-tools\node_modules\@babel\parser\src\parser\error.js:91:17)
    at Parser.checkReservedWord (C:\Users\USER.DESKTOP-JCQKSPC\AppData\Roaming\npm\node_modules\bespoken-tools\node_modules\@babel\parser\src\parser\expression.js:2625:12)
    at Parser.parseIdentifierName (C:\Users\USER.DESKTOP-JCQKSPC\AppData\Roaming\npm\node_modules\bespoken-tools\node_modules\@babel\parser\src\parser\expression.js:2564:12)
    at Parser.parseIdentifier (C:\Users\USER.DESKTOP-JCQKSPC\AppData\Roaming\npm\node_modules\bespoken-tools\node_modules\@babel\parser\src\parser\expression.js:2536:23)
    at Parser.parseExprAtom (C:\Users\USER.DESKTOP-JCQKSPC\AppData\Roaming\npm\node_modules\bespoken-tools\node_modules\@babel\parser\src\parser\expression.js:1270:27)
    at Parser.parseExprSubscripts (C:\Users\USER.DESKTOP-JCQKSPC\AppData\Roaming\npm\node_modules\bespoken-tools\node_modules\@babel\parser\src\parser\expression.js:668:23)
    at Parser.parseUpdate (C:\Users\USER.DESKTOP-JCQKSPC\AppData\Roaming\npm\node_modules\bespoken-tools\node_modules\@babel\parser\src\parser\expression.js:648:21)
    at Parser.parseMaybeUnary (C:\Users\USER.DESKTOP-JCQKSPC\AppData\Roaming\npm\node_modules\bespoken-tools\node_modules\@babel\parser\src\parser\expression.js:619:23)
2021-10-23T14:51:31.192Z error: bst-test            Error using bst-test on Node: v14.15.0
2021-10-23T14:51:31.354Z error: bst-test            SyntaxError: F:\VirtualArchive\lambda\index.js: Unexpected reserved word 'await'. (569:8)

[0m [90m 567 |[39m         [36mconst[39m reminder [33m=[39m [33mAlexa[39m[33m.[39mgetSlotValue(requestEnvelope[33m,[39m [32m'date'[39m)[33m;[39m[0m
[0m [90m 568 |[39m         [36mlet[39m catalogUUID [33m=[39m [32m''[39m[33m;[39m[0m
[0m[31m[1m>[22m[39m[90m 569 |[39m         [36mawait[39m getRequest([32m`${base_url}/catalogue-by-name/${catalog}`[39m[33m,[39muserID)[0m
[0m [90m     |[39m         [31m[1m^[22m[39m[0m
[0m [90m 570 |[39m         [33m.[39mthen((response) [33m=>[39m {[0m
[0m [90m 571 |[39m             [36mconst[39m data [33m=[39m [33mJSON[39m[33m.[39mparse(response)[33m;[39m[0m
[0m [90m 572 |[39m[0m
    at Parser._raise (C:\Users\USER.DESKTOP-JCQKSPC\AppData\Roaming\npm\node_modules\bespoken-tools\node_modules\@babel\parser\src\parser\error.js:147:45)
    at Parser.raiseWithData (C:\Users\USER.DESKTOP-JCQKSPC\AppData\Roaming\npm\node_modules\bespoken-tools\node_modules\@babel\parser\src\parser\error.js:142:17)
    at Parser.raise (C:\Users\USER.DESKTOP-JCQKSPC\AppData\Roaming\npm\node_modules\bespoken-tools\node_modules\@babel\parser\src\parser\error.js:91:17)
    at Parser.checkReservedWord (C:\Users\USER.DESKTOP-JCQKSPC\AppData\Roaming\npm\node_modules\bespoken-tools\node_modules\@babel\parser\src\parser\expression.js:2625:12)
    at Parser.parseIdentifierName (C:\Users\USER.DESKTOP-JCQKSPC\AppData\Roaming\npm\node_modules\bespoken-tools\node_modules\@babel\parser\src\parser\expression.js:2564:12)
    at Parser.parseIdentifier (C:\Users\USER.DESKTOP-JCQKSPC\AppData\Roaming\npm\node_modules\bespoken-tools\node_modules\@babel\parser\src\parser\expression.js:2536:23)
    at Parser.parseExprAtom (C:\Users\USER.DESKTOP-JCQKSPC\AppData\Roaming\npm\node_modules\bespoken-tools\node_modules\@babel\parser\src\parser\expression.js:1270:27)
    at Parser.parseExprSubscripts (C:\Users\USER.DESKTOP-JCQKSPC\AppData\Roaming\npm\node_modules\bespoken-tools\node_modules\@babel\parser\src\parser\expression.js:668:23)
    at Parser.parseUpdate (C:\Users\USER.DESKTOP-JCQKSPC\AppData\Roaming\npm\node_modules\bespoken-tools\node_modules\@babel\parser\src\parser\expression.js:648:21)
    at Parser.parseMaybeUnary (C:\Users\USER.DESKTOP-JCQKSPC\AppData\Roaming\npm\node_modules\bespoken-tools\node_modules\@babel\parser\src\parser\expression.js:619:23)
2021-10-23T15:41:55.275Z error: bst-test            Error using bst-test on Node: v14.15.0
2021-10-23T15:41:55.444Z error: bst-test            SyntaxError: F:\VirtualArchive\lambda\index.js: Unexpected reserved word 'await'. (642:8)

[0m [90m 640 |[39m[0m
[0m [90m 641 |[39m         [36mlet[39m speechText [33m=[39m [32m""[39m[33m;[39m[0m
[0m[31m[1m>[22m[39m[90m 642 |[39m         [36mawait[39m getRequest([32m`${base_url}/item-by-name/${item}`[39m[33m,[39muserID)[0m
[0m [90m     |[39m         [31m[1m^[22m[39m[0m
[0m [90m 643 |[39m         [33m.[39mthen((response) [33m=>[39m {[0m
[0m [90m 644 |[39m             [36mconst[39m data [33m=[39m [33mJSON[39m[33m.[39mparse([33mJSON[39m[33m.[39mstringify(response[33m.[39mdata))[33m;[39m[0m
[0m [90m 645 |[39m             [90m// console.log(data);[39m[0m
    at Parser._raise (C:\Users\USER.DESKTOP-JCQKSPC\AppData\Roaming\npm\node_modules\bespoken-tools\node_modules\@babel\parser\src\parser\error.js:147:45)
    at Parser.raiseWithData (C:\Users\USER.DESKTOP-JCQKSPC\AppData\Roaming\npm\node_modules\bespoken-tools\node_modules\@babel\parser\src\parser\error.js:142:17)
    at Parser.raise (C:\Users\USER.DESKTOP-JCQKSPC\AppData\Roaming\npm\node_modules\bespoken-tools\node_modules\@babel\parser\src\parser\error.js:91:17)
    at Parser.checkReservedWord (C:\Users\USER.DESKTOP-JCQKSPC\AppData\Roaming\npm\node_modules\bespoken-tools\node_modules\@babel\parser\src\parser\expression.js:2625:12)
    at Parser.parseIdentifierName (C:\Users\USER.DESKTOP-JCQKSPC\AppData\Roaming\npm\node_modules\bespoken-tools\node_modules\@babel\parser\src\parser\expression.js:2564:12)
    at Parser.parseIdentifier (C:\Users\USER.DESKTOP-JCQKSPC\AppData\Roaming\npm\node_modules\bespoken-tools\node_modules\@babel\parser\src\parser\expression.js:2536:23)
    at Parser.parseExprAtom (C:\Users\USER.DESKTOP-JCQKSPC\AppData\Roaming\npm\node_modules\bespoken-tools\node_modules\@babel\parser\src\parser\expression.js:1270:27)
    at Parser.parseExprSubscripts (C:\Users\USER.DESKTOP-JCQKSPC\AppData\Roaming\npm\node_modules\bespoken-tools\node_modules\@babel\parser\src\parser\expression.js:668:23)
    at Parser.parseUpdate (C:\Users\USER.DESKTOP-JCQKSPC\AppData\Roaming\npm\node_modules\bespoken-tools\node_modules\@babel\parser\src\parser\expression.js:648:21)
    at Parser.parseMaybeUnary (C:\Users\USER.DESKTOP-JCQKSPC\AppData\Roaming\npm\node_modules\bespoken-tools\node_modules\@babel\parser\src\parser\expression.js:619:23)
2021-10-23T16:07:34.255Z error: bst-test            Error using bst-test on Node: v14.15.0
2021-10-23T16:07:34.425Z error: bst-test            SyntaxError: F:\VirtualArchive\lambda\index.js: Unexpected reserved word 'await'. (660:12)

[0m [90m 658 |[39m[0m
[0m [90m 659 |[39m         catalogueUUID[33m.[39mforEach(uuid[33m=>[39m {[0m
[0m[31m[1m>[22m[39m[90m 660 |[39m             [36mawait[39m getRequest([32m`${base_url}/catalogue/${uuid}`[39m[33m,[39muserID)[0m
[0m [90m     |[39m             [31m[1m^[22m[39m[0m
[0m [90m 661 |[39m             [33m.[39mthen((response) [33m=>[39m {[0m
[0m [90m 662 |[39m                 [36mconst[39m data [33m=[39m [33mJSON[39m[33m.[39mparse([33mJSON[39m[33m.[39mstringify(response[33m.[39mdata))[33m;[39m[0m
[0m [90m 663 |[39m                 [90m// console.log(data);[39m[0m
    at Parser._raise (C:\Users\USER.DESKTOP-JCQKSPC\AppData\Roaming\npm\node_modules\bespoken-tools\node_modules\@babel\parser\src\parser\error.js:147:45)
    at Parser.raiseWithData (C:\Users\USER.DESKTOP-JCQKSPC\AppData\Roaming\npm\node_modules\bespoken-tools\node_modules\@babel\parser\src\parser\error.js:142:17)
    at Parser.raise (C:\Users\USER.DESKTOP-JCQKSPC\AppData\Roaming\npm\node_modules\bespoken-tools\node_modules\@babel\parser\src\parser\error.js:91:17)
    at Parser.checkReservedWord (C:\Users\USER.DESKTOP-JCQKSPC\AppData\Roaming\npm\node_modules\bespoken-tools\node_modules\@babel\parser\src\parser\expression.js:2625:12)
    at Parser.parseIdentifierName (C:\Users\USER.DESKTOP-JCQKSPC\AppData\Roaming\npm\node_modules\bespoken-tools\node_modules\@babel\parser\src\parser\expression.js:2564:12)
    at Parser.parseIdentifier (C:\Users\USER.DESKTOP-JCQKSPC\AppData\Roaming\npm\node_modules\bespoken-tools\node_modules\@babel\parser\src\parser\expression.js:2536:23)
    at Parser.parseExprAtom (C:\Users\USER.DESKTOP-JCQKSPC\AppData\Roaming\npm\node_modules\bespoken-tools\node_modules\@babel\parser\src\parser\expression.js:1270:27)
    at Parser.parseExprSubscripts (C:\Users\USER.DESKTOP-JCQKSPC\AppData\Roaming\npm\node_modules\bespoken-tools\node_modules\@babel\parser\src\parser\expression.js:668:23)
    at Parser.parseUpdate (C:\Users\USER.DESKTOP-JCQKSPC\AppData\Roaming\npm\node_modules\bespoken-tools\node_modules\@babel\parser\src\parser\expression.js:648:21)
    at Parser.parseMaybeUnary (C:\Users\USER.DESKTOP-JCQKSPC\AppData\Roaming\npm\node_modules\bespoken-tools\node_modules\@babel\parser\src\parser\expression.js:619:23)
2021-10-23T16:10:32.400Z error: bst-test            Error using bst-test on Node: v14.15.0
2021-10-23T16:10:32.542Z error: bst-test            SyntaxError: F:\VirtualArchive\lambda\index.js: Unexpected reserved word 'await'. (660:12)

[0m [90m 658 |[39m[0m
[0m [90m 659 |[39m         catalogueUUID[33m.[39mforEach(uuid[33m=>[39m {[0m
[0m[31m[1m>[22m[39m[90m 660 |[39m             [36mawait[39m getRequest([32m`${base_url}/catalogue/${uuid}`[39m[33m,[39muserID)[0m
[0m [90m     |[39m             [31m[1m^[22m[39m[0m
[0m [90m 661 |[39m             [33m.[39mthen((response) [33m=>[39m {[0m
[0m [90m 662 |[39m                 [36mconst[39m data [33m=[39m [33mJSON[39m[33m.[39mparse([33mJSON[39m[33m.[39mstringify(response[33m.[39mdata))[33m;[39m[0m
[0m [90m 663 |[39m                 [90m// console.log(data);[39m[0m
    at Parser._raise (C:\Users\USER.DESKTOP-JCQKSPC\AppData\Roaming\npm\node_modules\bespoken-tools\node_modules\@babel\parser\src\parser\error.js:147:45)
    at Parser.raiseWithData (C:\Users\USER.DESKTOP-JCQKSPC\AppData\Roaming\npm\node_modules\bespoken-tools\node_modules\@babel\parser\src\parser\error.js:142:17)
    at Parser.raise (C:\Users\USER.DESKTOP-JCQKSPC\AppData\Roaming\npm\node_modules\bespoken-tools\node_modules\@babel\parser\src\parser\error.js:91:17)
    at Parser.checkReservedWord (C:\Users\USER.DESKTOP-JCQKSPC\AppData\Roaming\npm\node_modules\bespoken-tools\node_modules\@babel\parser\src\parser\expression.js:2625:12)
    at Parser.parseIdentifierName (C:\Users\USER.DESKTOP-JCQKSPC\AppData\Roaming\npm\node_modules\bespoken-tools\node_modules\@babel\parser\src\parser\expression.js:2564:12)
    at Parser.parseIdentifier (C:\Users\USER.DESKTOP-JCQKSPC\AppData\Roaming\npm\node_modules\bespoken-tools\node_modules\@babel\parser\src\parser\expression.js:2536:23)
    at Parser.parseExprAtom (C:\Users\USER.DESKTOP-JCQKSPC\AppData\Roaming\npm\node_modules\bespoken-tools\node_modules\@babel\parser\src\parser\expression.js:1270:27)
    at Parser.parseExprSubscripts (C:\Users\USER.DESKTOP-JCQKSPC\AppData\Roaming\npm\node_modules\bespoken-tools\node_modules\@babel\parser\src\parser\expression.js:668:23)
    at Parser.parseUpdate (C:\Users\USER.DESKTOP-JCQKSPC\AppData\Roaming\npm\node_modules\bespoken-tools\node_modules\@babel\parser\src\parser\expression.js:648:21)
    at Parser.parseMaybeUnary (C:\Users\USER.DESKTOP-JCQKSPC\AppData\Roaming\npm\node_modules\bespoken-tools\node_modules\@babel\parser\src\parser\expression.js:619:23)
2021-10-23T16:11:57.740Z error: bst-test            Error using bst-test on Node: v14.15.0
2021-10-23T16:11:57.741Z error: bst-test            [1m[31mJest encountered an unexpected token[39m[22m

This usually means that you are trying to import a file which Jest cannot parse, e.g. it's not plain JavaScript.

By default, if Jest sees a Babel config, it will use that to transform your files, ignoring "node_modules".

Here's what you can do:
 â€¢ To have some of your "node_modules" files transformed, you can specify a custom [1m"transformIgnorePatterns"[22m in your config.
 â€¢ If you need a custom transformation specify a [1m"transform"[22m option in your config.
 â€¢ If you simply want to mock your non-JS modules (e.g. binary assets) you can stub them out with the [1m"moduleNameMapper"[22m config option.

You'll find more details and examples of these config options in the docs:
[36mhttps://jestjs.io/docs/en/configuration.html[39m

[1m[31mDetails:[39m[22m

SyntaxError: F:\VirtualArchive\lambda\index.js: Unexpected token (672:9)

[0m [90m 670 |[39m                 console[33m.[39mlog([32m`ERROR: ${err.message}`[39m)[33m;[39m[0m
[0m [90m 671 |[39m             })[0m
[0m[31m[1m>[22m[39m[90m 672 |[39m         })[33m;[39m[0m
[0m [90m     |[39m          [31m[1m^[22m[39m[0m
[0m [90m 673 |[39m[0m
[0m [90m 674 |[39m         console[33m.[39mlog(speechText)[33m;[39m        [0m
[0m [90m 675 |[39m         [0m
    at Parser._raise (C:\Users\USER.DESKTOP-JCQKSPC\AppData\Roaming\npm\node_modules\bespoken-tools\node_modules\@babel\parser\src\parser\error.js:147:45)
    at Parser.raiseWithData (C:\Users\USER.DESKTOP-JCQKSPC\AppData\Roaming\npm\node_modules\bespoken-tools\node_modules\@babel\parser\src\parser\error.js:142:17)
    at Parser.raise (C:\Users\USER.DESKTOP-JCQKSPC\AppData\Roaming\npm\node_modules\bespoken-tools\node_modules\@babel\parser\src\parser\error.js:91:17)
    at Parser.unexpected (C:\Users\USER.DESKTOP-JCQKSPC\AppData\Roaming\npm\node_modules\bespoken-tools\node_modules\@babel\parser\src\parser\util.js:190:16)
    at Parser.parseExprAtom (C:\Users\USER.DESKTOP-JCQKSPC\AppData\Roaming\npm\node_modules\bespoken-tools\node_modules\@babel\parser\src\parser\expression.js:1323:22)
    at Parser.parseExprSubscripts (C:\Users\USER.DESKTOP-JCQKSPC\AppData\Roaming\npm\node_modules\bespoken-tools\node_modules\@babel\parser\src\parser\expression.js:668:23)
    at Parser.parseUpdate (C:\Users\USER.DESKTOP-JCQKSPC\AppData\Roaming\npm\node_modules\bespoken-tools\node_modules\@babel\parser\src\parser\expression.js:648:21)
    at Parser.parseMaybeUnary (C:\Users\USER.DESKTOP-JCQKSPC\AppData\Roaming\npm\node_modules\bespoken-tools\node_modules\@babel\parser\src\parser\expression.js:619:23)
    at Parser.parseMaybeUnaryOrPrivate (C:\Users\USER.DESKTOP-JCQKSPC\AppData\Roaming\npm\node_modules\bespoken-tools\node_modules\@babel\parser\src\parser\expression.js:372:14)
    at Parser.parseExprOps (C:\Users\USER.DESKTOP-JCQKSPC\AppData\Roaming\npm\node_modules\bespoken-tools\node_modules\@babel\parser\src\parser\expression.js:382:23)
2021-10-23T18:07:54.493Z error: bst-test            Error using bst-test on Node: v14.15.0
2021-10-23T18:07:54.641Z error: bst-test            SyntaxError: F:\VirtualArchive\lambda\index.js: Unexpected reserved word 'await'. (540:8)

[0m [90m 538 |[39m         [0m
[0m [90m 539 |[39m         [36mlet[39m speechText [33m=[39m [32m""[39m[33m;[39m[0m
[0m[31m[1m>[22m[39m[90m 540 |[39m         [36mawait[39m updateRequest(userID[33m,[39mcatalog)[0m
[0m [90m     |[39m         [31m[1m^[22m[39m[0m
[0m [90m 541 |[39m         [33m.[39mthen((response) [33m=>[39m {[0m
[0m [90m 542 |[39m             [90m// console.log(response.success);[39m[0m
[0m [90m 543 |[39m             [36mif[39m(response[33m.[39msuccess [33m==[39m [36mtrue[39m){[0m
    at Parser._raise (C:\Users\USER.DESKTOP-JCQKSPC\AppData\Roaming\npm\node_modules\bespoken-tools\node_modules\@babel\parser\src\parser\error.js:147:45)
    at Parser.raiseWithData (C:\Users\USER.DESKTOP-JCQKSPC\AppData\Roaming\npm\node_modules\bespoken-tools\node_modules\@babel\parser\src\parser\error.js:142:17)
    at Parser.raise (C:\Users\USER.DESKTOP-JCQKSPC\AppData\Roaming\npm\node_modules\bespoken-tools\node_modules\@babel\parser\src\parser\error.js:91:17)
    at Parser.checkReservedWord (C:\Users\USER.DESKTOP-JCQKSPC\AppData\Roaming\npm\node_modules\bespoken-tools\node_modules\@babel\parser\src\parser\expression.js:2625:12)
    at Parser.parseIdentifierName (C:\Users\USER.DESKTOP-JCQKSPC\AppData\Roaming\npm\node_modules\bespoken-tools\node_modules\@babel\parser\src\parser\expression.js:2564:12)
    at Parser.parseIdentifier (C:\Users\USER.DESKTOP-JCQKSPC\AppData\Roaming\npm\node_modules\bespoken-tools\node_modules\@babel\parser\src\parser\expression.js:2536:23)
    at Parser.parseExprAtom (C:\Users\USER.DESKTOP-JCQKSPC\AppData\Roaming\npm\node_modules\bespoken-tools\node_modules\@babel\parser\src\parser\expression.js:1270:27)
    at Parser.parseExprSubscripts (C:\Users\USER.DESKTOP-JCQKSPC\AppData\Roaming\npm\node_modules\bespoken-tools\node_modules\@babel\parser\src\parser\expression.js:668:23)
    at Parser.parseUpdate (C:\Users\USER.DESKTOP-JCQKSPC\AppData\Roaming\npm\node_modules\bespoken-tools\node_modules\@babel\parser\src\parser\expression.js:648:21)
    at Parser.parseMaybeUnary (C:\Users\USER.DESKTOP-JCQKSPC\AppData\Roaming\npm\node_modules\bespoken-tools\node_modules\@babel\parser\src\parser\expression.js:619:23)
2021-10-24T20:00:24.723Z error: bst-test            Error using bst-test on Node: v14.15.0
2021-10-24T20:00:24.892Z error: bst-test            SyntaxError: F:\VirtualArchive\lambda\index.js: Unexpected reserved word 'await'. (720:8)

[0m [90m 718 |[39m         [36mlet[39m speechText [33m=[39m [32m""[39m[33m;[39m[0m
[0m [90m 719 |[39m         [36mlet[39m itemUUID [33m=[39m [32m""[39m[33m;[39m[0m
[0m[31m[1m>[22m[39m[90m 720 |[39m         [36mawait[39m getRequest([32m`${base_url}/item-uuid/${catalog}/${item}`[39m[33m,[39muserID)[0m
[0m [90m     |[39m         [31m[1m^[22m[39m[0m
[0m [90m 721 |[39m         [33m.[39mthen((response) [33m=>[39m {[0m
[0m [90m 722 |[39m             [36mconst[39m data [33m=[39m [33mJSON[39m[33m.[39mparse([33mJSON[39m[33m.[39mstringify(response[33m.[39mdata))[33m;[39m[0m
[0m [90m 723 |[39m[0m
    at Parser._raise (C:\Users\USER.DESKTOP-JCQKSPC\AppData\Roaming\npm\node_modules\bespoken-tools\node_modules\@babel\parser\src\parser\error.js:147:45)
    at Parser.raiseWithData (C:\Users\USER.DESKTOP-JCQKSPC\AppData\Roaming\npm\node_modules\bespoken-tools\node_modules\@babel\parser\src\parser\error.js:142:17)
    at Parser.raise (C:\Users\USER.DESKTOP-JCQKSPC\AppData\Roaming\npm\node_modules\bespoken-tools\node_modules\@babel\parser\src\parser\error.js:91:17)
    at Parser.checkReservedWord (C:\Users\USER.DESKTOP-JCQKSPC\AppData\Roaming\npm\node_modules\bespoken-tools\node_modules\@babel\parser\src\parser\expression.js:2625:12)
    at Parser.parseIdentifierName (C:\Users\USER.DESKTOP-JCQKSPC\AppData\Roaming\npm\node_modules\bespoken-tools\node_modules\@babel\parser\src\parser\expression.js:2564:12)
    at Parser.parseIdentifier (C:\Users\USER.DESKTOP-JCQKSPC\AppData\Roaming\npm\node_modules\bespoken-tools\node_modules\@babel\parser\src\parser\expression.js:2536:23)
    at Parser.parseExprAtom (C:\Users\USER.DESKTOP-JCQKSPC\AppData\Roaming\npm\node_modules\bespoken-tools\node_modules\@babel\parser\src\parser\expression.js:1270:27)
    at Parser.parseExprSubscripts (C:\Users\USER.DESKTOP-JCQKSPC\AppData\Roaming\npm\node_modules\bespoken-tools\node_modules\@babel\parser\src\parser\expression.js:668:23)
    at Parser.parseUpdate (C:\Users\USER.DESKTOP-JCQKSPC\AppData\Roaming\npm\node_modules\bespoken-tools\node_modules\@babel\parser\src\parser\expression.js:648:21)
    at Parser.parseMaybeUnary (C:\Users\USER.DESKTOP-JCQKSPC\AppData\Roaming\npm\node_modules\bespoken-tools\node_modules\@babel\parser\src\parser\expression.js:619:23)
2021-10-24T20:57:33.753Z error: bst-test            Error using bst-test on Node: v14.15.0
2021-10-24T20:57:33.922Z error: bst-test            SyntaxError: F:\VirtualArchive\lambda\index.js: Identifier 'deleteRequest' has already been declared. (148:6)

[0m [90m 146 |[39m     }[0m
[0m [90m 147 |[39m }[0m
[0m[31m[1m>[22m[39m[90m 148 |[39m [36mconst[39m deleteRequest [33m=[39m [36masync[39m (url) [33m=>[39m {[0m
[0m [90m     |[39m       [31m[1m^[22m[39m[0m
[0m [90m 149 |[39m     [36mtry[39m {[0m
[0m [90m 150 |[39m         [90m// console.log(url)[39m[0m
[0m [90m 151 |[39m         [36mlet[39m res [33m=[39m [36mawait[39m axios[33m.[39m[36mdelete[39m(url[33m,[39m[0m
    at Parser._raise (C:\Users\USER.DESKTOP-JCQKSPC\AppData\Roaming\npm\node_modules\bespoken-tools\node_modules\@babel\parser\src\parser\error.js:147:45)
    at Parser.raiseWithData (C:\Users\USER.DESKTOP-JCQKSPC\AppData\Roaming\npm\node_modules\bespoken-tools\node_modules\@babel\parser\src\parser\error.js:142:17)
    at Parser.raise (C:\Users\USER.DESKTOP-JCQKSPC\AppData\Roaming\npm\node_modules\bespoken-tools\node_modules\@babel\parser\src\parser\error.js:91:17)
    at ScopeHandler.checkRedeclarationInScope (C:\Users\USER.DESKTOP-JCQKSPC\AppData\Roaming\npm\node_modules\bespoken-tools\node_modules\@babel\parser\src\util\scope.js:152:12)
    at ScopeHandler.declareName (C:\Users\USER.DESKTOP-JCQKSPC\AppData\Roaming\npm\node_modules\bespoken-tools\node_modules\@babel\parser\src\util\scope.js:113:12)
    at Parser.checkLVal (C:\Users\USER.DESKTOP-JCQKSPC\AppData\Roaming\npm\node_modules\bespoken-tools\node_modules\@babel\parser\src\parser\lval.js:482:22)
    at Parser.parseVarId (C:\Users\USER.DESKTOP-JCQKSPC\AppData\Roaming\npm\node_modules\bespoken-tools\node_modules\@babel\parser\src\parser\statement.js:1152:10)
    at Parser.parseVar (C:\Users\USER.DESKTOP-JCQKSPC\AppData\Roaming\npm\node_modules\bespoken-tools\node_modules\@babel\parser\src\parser\statement.js:1113:12)
    at Parser.parseVarStatement (C:\Users\USER.DESKTOP-JCQKSPC\AppData\Roaming\npm\node_modules\bespoken-tools\node_modules\@babel\parser\src\parser\statement.js:803:10)
    at Parser.parseStatementContent (C:\Users\USER.DESKTOP-JCQKSPC\AppData\Roaming\npm\node_modules\bespoken-tools\node_modules\@babel\parser\src\parser\statement.js:303:21)
2021-10-24T20:58:14.169Z error: bst-test            Error using bst-test on Node: v14.15.0
2021-10-24T20:58:14.319Z error: bst-test            SyntaxError: F:\VirtualArchive\lambda\index.js: Unexpected reserved word 'await'. (640:8)

[0m [90m 638 |[39m         [36mlet[39m speechText [33m=[39m [32m""[39m[33m;[39m[0m
[0m [90m 639 |[39m         [36mlet[39m itemUUID [33m=[39m [32m""[39m[33m;[39m[0m
[0m[31m[1m>[22m[39m[90m 640 |[39m         [36mawait[39m getRequest([32m`${base_url}/item-uuid/${catalog}/${item}`[39m[33m,[39muserID)[0m
[0m [90m     |[39m         [31m[1m^[22m[39m[0m
[0m [90m 641 |[39m         [33m.[39mthen((response) [33m=>[39m {[0m
[0m [90m 642 |[39m             [36mconst[39m data [33m=[39m [33mJSON[39m[33m.[39mparse([33mJSON[39m[33m.[39mstringify(response[33m.[39mdata))[33m;[39m[0m
[0m [90m 643 |[39m[0m
    at Parser._raise (C:\Users\USER.DESKTOP-JCQKSPC\AppData\Roaming\npm\node_modules\bespoken-tools\node_modules\@babel\parser\src\parser\error.js:147:45)
    at Parser.raiseWithData (C:\Users\USER.DESKTOP-JCQKSPC\AppData\Roaming\npm\node_modules\bespoken-tools\node_modules\@babel\parser\src\parser\error.js:142:17)
    at Parser.raise (C:\Users\USER.DESKTOP-JCQKSPC\AppData\Roaming\npm\node_modules\bespoken-tools\node_modules\@babel\parser\src\parser\error.js:91:17)
    at Parser.checkReservedWord (C:\Users\USER.DESKTOP-JCQKSPC\AppData\Roaming\npm\node_modules\bespoken-tools\node_modules\@babel\parser\src\parser\expression.js:2625:12)
    at Parser.parseIdentifierName (C:\Users\USER.DESKTOP-JCQKSPC\AppData\Roaming\npm\node_modules\bespoken-tools\node_modules\@babel\parser\src\parser\expression.js:2564:12)
    at Parser.parseIdentifier (C:\Users\USER.DESKTOP-JCQKSPC\AppData\Roaming\npm\node_modules\bespoken-tools\node_modules\@babel\parser\src\parser\expression.js:2536:23)
    at Parser.parseExprAtom (C:\Users\USER.DESKTOP-JCQKSPC\AppData\Roaming\npm\node_modules\bespoken-tools\node_modules\@babel\parser\src\parser\expression.js:1270:27)
    at Parser.parseExprSubscripts (C:\Users\USER.DESKTOP-JCQKSPC\AppData\Roaming\npm\node_modules\bespoken-tools\node_modules\@babel\parser\src\parser\expression.js:668:23)
    at Parser.parseUpdate (C:\Users\USER.DESKTOP-JCQKSPC\AppData\Roaming\npm\node_modules\bespoken-tools\node_modules\@babel\parser\src\parser\expression.js:648:21)
    at Parser.parseMaybeUnary (C:\Users\USER.DESKTOP-JCQKSPC\AppData\Roaming\npm\node_modules\bespoken-tools\node_modules\@babel\parser\src\parser\expression.js:619:23)
2021-10-25T07:54:55.852Z error: bst-test            Error using bst-test on Node: v14.15.0
2021-10-25T07:54:55.855Z error: bst-test            YAMLException: unknown escape sequence at line 76, column 41:
     ... .FallbackIntent : "Sorry, I don\'t know about that. Please try a ... 
                                         ^
    at generateError (C:\Users\USER.DESKTOP-JCQKSPC\AppData\Roaming\npm\node_modules\bespoken-tools\node_modules\js-yaml-bespoken\lib\js-yaml\loader.js:191:10)
    at throwError (C:\Users\USER.DESKTOP-JCQKSPC\AppData\Roaming\npm\node_modules\bespoken-tools\node_modules\js-yaml-bespoken\lib\js-yaml\loader.js:197:9)
    at readDoubleQuotedScalar (C:\Users\USER.DESKTOP-JCQKSPC\AppData\Roaming\npm\node_modules\bespoken-tools\node_modules\js-yaml-bespoken\lib\js-yaml\loader.js:660:9)
    at composeNode (C:\Users\USER.DESKTOP-JCQKSPC\AppData\Roaming\npm\node_modules\bespoken-tools\node_modules\js-yaml-bespoken\lib\js-yaml\loader.js:1384:13)
    at readBlockMapping (C:\Users\USER.DESKTOP-JCQKSPC\AppData\Roaming\npm\node_modules\bespoken-tools\node_modules\js-yaml-bespoken\lib\js-yaml\loader.js:1107:11)
    at composeNode (C:\Users\USER.DESKTOP-JCQKSPC\AppData\Roaming\npm\node_modules\bespoken-tools\node_modules\js-yaml-bespoken\lib\js-yaml\loader.js:1378:12)
    at readBlockSequence (C:\Users\USER.DESKTOP-JCQKSPC\AppData\Roaming\npm\node_modules\bespoken-tools\node_modules\js-yaml-bespoken\lib\js-yaml\loader.js:973:5)
    at composeNode (C:\Users\USER.DESKTOP-JCQKSPC\AppData\Roaming\npm\node_modules\bespoken-tools\node_modules\js-yaml-bespoken\lib\js-yaml\loader.js:1377:12)
    at readDocument (C:\Users\USER.DESKTOP-JCQKSPC\AppData\Roaming\npm\node_modules\bespoken-tools\node_modules\js-yaml-bespoken\lib\js-yaml\loader.js:1538:3)
    at loadDocuments (C:\Users\USER.DESKTOP-JCQKSPC\AppData\Roaming\npm\node_modules\bespoken-tools\node_modules\js-yaml-bespoken\lib\js-yaml\loader.js:1594:5)
2021-10-25T08:30:49.688Z error: bst-test            Error using bst-test on Node: v14.15.0
2021-10-25T08:30:49.689Z error: bst-test            F:\VirtualArchive\lambda\api\api-get-data.js:184
exports.getRequest = await getRequest(url, userID);
                     ^^^^^

SyntaxError: await is only valid in async function
    at new Script (vm.js:100:7)
    at ScriptTransformer._transformAndBuildScript (C:\Users\USER.DESKTOP-JCQKSPC\AppData\Roaming\npm\node_modules\bespoken-tools\node_modules\@jest\transform\build\ScriptTransformer.js:537:17)
    at ScriptTransformer.transform (C:\Users\USER.DESKTOP-JCQKSPC\AppData\Roaming\npm\node_modules\bespoken-tools\node_modules\@jest\transform\build\ScriptTransformer.js:579:25)
    at Runtime._execModule (C:\Users\USER.DESKTOP-JCQKSPC\AppData\Roaming\npm\node_modules\bespoken-tools\node_modules\jest-runtime\build\index.js:842:53)
    at Runtime._loadModule (C:\Users\USER.DESKTOP-JCQKSPC\AppData\Roaming\npm\node_modules\bespoken-tools\node_modules\jest-runtime\build\index.js:577:12)
    at Runtime.requireModule (C:\Users\USER.DESKTOP-JCQKSPC\AppData\Roaming\npm\node_modules\bespoken-tools\node_modules\jest-runtime\build\index.js:433:10)
    at Runtime.require [as requireModuleOrMock] (C:\Users\USER.DESKTOP-JCQKSPC\AppData\Roaming\npm\node_modules\bespoken-tools\node_modules\jest-runtime\build\index.js:598:21)
    at Object.<anonymous> (F:\VirtualArchive\lambda\index.js:9:22)
    at Runtime._execModule (C:\Users\USER.DESKTOP-JCQKSPC\AppData\Roaming\npm\node_modules\bespoken-tools\node_modules\jest-runtime\build\index.js:867:68)
    at Runtime._loadModule (C:\Users\USER.DESKTOP-JCQKSPC\AppData\Roaming\npm\node_modules\bespoken-tools\node_modules\jest-runtime\build\index.js:577:12)
2021-10-25T08:31:08.988Z error: bst-test            Error using bst-test on Node: v14.15.0
2021-10-25T08:31:09.061Z error: bst-test            ReferenceError: url is not defined
    at Object.<anonymous> (F:\VirtualArchive\lambda\api\api-get-data.js:26:33)
    at Runtime._execModule (C:\Users\USER.DESKTOP-JCQKSPC\AppData\Roaming\npm\node_modules\bespoken-tools\node_modules\jest-runtime\build\index.js:867:68)
    at Runtime._loadModule (C:\Users\USER.DESKTOP-JCQKSPC\AppData\Roaming\npm\node_modules\bespoken-tools\node_modules\jest-runtime\build\index.js:577:12)
    at Runtime.requireModule (C:\Users\USER.DESKTOP-JCQKSPC\AppData\Roaming\npm\node_modules\bespoken-tools\node_modules\jest-runtime\build\index.js:433:10)
    at Runtime.require [as requireModuleOrMock] (C:\Users\USER.DESKTOP-JCQKSPC\AppData\Roaming\npm\node_modules\bespoken-tools\node_modules\jest-runtime\build\index.js:598:21)
    at Object.<anonymous> (F:\VirtualArchive\lambda\index.js:9:22)
    at Runtime._execModule (C:\Users\USER.DESKTOP-JCQKSPC\AppData\Roaming\npm\node_modules\bespoken-tools\node_modules\jest-runtime\build\index.js:867:68)
    at Runtime._loadModule (C:\Users\USER.DESKTOP-JCQKSPC\AppData\Roaming\npm\node_modules\bespoken-tools\node_modules\jest-runtime\build\index.js:577:12)
    at Runtime.requireModule (C:\Users\USER.DESKTOP-JCQKSPC\AppData\Roaming\npm\node_modules\bespoken-tools\node_modules\jest-runtime\build\index.js:433:10)
    at Runtime.requireModuleOrMock (C:\Users\USER.DESKTOP-JCQKSPC\AppData\Roaming\npm\node_modules\bespoken-tools\node_modules\jest-runtime\build\index.js:598:21)
2021-10-25T08:33:52.059Z error: bst-test            Error using bst-test on Node: v14.15.0
2021-10-25T08:33:52.060Z error: bst-test            [1m[31mJest encountered an unexpected token[39m[22m

This usually means that you are trying to import a file which Jest cannot parse, e.g. it's not plain JavaScript.

By default, if Jest sees a Babel config, it will use that to transform your files, ignoring "node_modules".

Here's what you can do:
 â€¢ To have some of your "node_modules" files transformed, you can specify a custom [1m"transformIgnorePatterns"[22m in your config.
 â€¢ If you need a custom transformation specify a [1m"transform"[22m option in your config.
 â€¢ If you simply want to mock your non-JS modules (e.g. binary assets) you can stub them out with the [1m"moduleNameMapper"[22m config option.

You'll find more details and examples of these config options in the docs:
[36mhttps://jestjs.io/docs/en/configuration.html[39m

[1m[31mDetails:[39m[22m

SyntaxError: F:\VirtualArchive\lambda\api\api-get-data.js: Unexpected token (14:21)

[0m [90m 12 |[39m [90m// });[39m[0m
[0m [90m 13 |[39m[0m
[0m[31m[1m>[22m[39m[90m 14 |[39m exports[33m.[39mgetRequest [33m=[39m [36mconst[39m getRequest [33m=[39m [36masync[39m (url[33m,[39m userID) [33m=>[39m {[0m
[0m [90m    |[39m                      [31m[1m^[22m[39m[0m
[0m [90m 15 |[39m     [36mtry[39m {[0m
[0m [90m 16 |[39m         [36mlet[39m response [33m=[39m  [36mawait[39m axios[33m.[39m[36mget[39m(url[33m,[39m {headers[33m:[39m { userid[33m:[39m userID}}) [0m
[0m [90m 17 |[39m         [90m// console.log("success");[39m[0m
    at Parser._raise (C:\Users\USER.DESKTOP-JCQKSPC\AppData\Roaming\npm\node_modules\bespoken-tools\node_modules\@babel\parser\src\parser\error.js:147:45)
    at Parser.raiseWithData (C:\Users\USER.DESKTOP-JCQKSPC\AppData\Roaming\npm\node_modules\bespoken-tools\node_modules\@babel\parser\src\parser\error.js:142:17)
    at Parser.raise (C:\Users\USER.DESKTOP-JCQKSPC\AppData\Roaming\npm\node_modules\bespoken-tools\node_modules\@babel\parser\src\parser\error.js:91:17)
    at Parser.unexpected (C:\Users\USER.DESKTOP-JCQKSPC\AppData\Roaming\npm\node_modules\bespoken-tools\node_modules\@babel\parser\src\parser\util.js:190:16)
    at Parser.parseExprAtom (C:\Users\USER.DESKTOP-JCQKSPC\AppData\Roaming\npm\node_modules\bespoken-tools\node_modules\@babel\parser\src\parser\expression.js:1323:22)
    at Parser.parseExprSubscripts (C:\Users\USER.DESKTOP-JCQKSPC\AppData\Roaming\npm\node_modules\bespoken-tools\node_modules\@babel\parser\src\parser\expression.js:668:23)
    at Parser.parseUpdate (C:\Users\USER.DESKTOP-JCQKSPC\AppData\Roaming\npm\node_modules\bespoken-tools\node_modules\@babel\parser\src\parser\expression.js:648:21)
    at Parser.parseMaybeUnary (C:\Users\USER.DESKTOP-JCQKSPC\AppData\Roaming\npm\node_modules\bespoken-tools\node_modules\@babel\parser\src\parser\expression.js:619:23)
    at Parser.parseMaybeUnaryOrPrivate (C:\Users\USER.DESKTOP-JCQKSPC\AppData\Roaming\npm\node_modules\bespoken-tools\node_modules\@babel\parser\src\parser\expression.js:372:14)
    at Parser.parseExprOps (C:\Users\USER.DESKTOP-JCQKSPC\AppData\Roaming\npm\node_modules\bespoken-tools\node_modules\@babel\parser\src\parser\expression.js:382:23)
2021-10-31T14:13:17.757Z error: bst-test            Error using bst-test on Node: v14.15.0
2021-10-31T14:13:17.944Z error: bst-test            SyntaxError: F:\VirtualArchive\lambda\index.js: Identifier 'item' has already been declared. (770:12)

[0m [90m 768 |[39m         [90m// console.log(reminder)[39m[0m
[0m [90m 769 |[39m         [36mlet[39m description [33m=[39m [32m"Reminder"[39m[33m;[39m[0m
[0m[31m[1m>[22m[39m[90m 770 |[39m         [36mlet[39m item [33m=[39m [32m"08:58 AM"[39m[33m;[39m[0m
[0m [90m     |[39m             [31m[1m^[22m[39m[0m
[0m [90m 771 |[39m         [36mawait[39m updateRequestReminder(userID[33m,[39mreminder[33m,[39mdescription[33m,[39mitemUUID[33m,[39mtime)[0m
[0m [90m 772 |[39m         [33m.[39mthen((response) [33m=>[39m {[0m
[0m [90m 773 |[39m             [90m// console.log(response.success);[39m[0m
    at Parser._raise (C:\Users\USER.DESKTOP-JCQKSPC\AppData\Roaming\npm\node_modules\bespoken-tools\node_modules\@babel\parser\src\parser\error.js:147:45)
    at Parser.raiseWithData (C:\Users\USER.DESKTOP-JCQKSPC\AppData\Roaming\npm\node_modules\bespoken-tools\node_modules\@babel\parser\src\parser\error.js:142:17)
    at Parser.raise (C:\Users\USER.DESKTOP-JCQKSPC\AppData\Roaming\npm\node_modules\bespoken-tools\node_modules\@babel\parser\src\parser\error.js:91:17)
    at ScopeHandler.checkRedeclarationInScope (C:\Users\USER.DESKTOP-JCQKSPC\AppData\Roaming\npm\node_modules\bespoken-tools\node_modules\@babel\parser\src\util\scope.js:152:12)
    at ScopeHandler.declareName (C:\Users\USER.DESKTOP-JCQKSPC\AppData\Roaming\npm\node_modules\bespoken-tools\node_modules\@babel\parser\src\util\scope.js:113:12)
    at Parser.checkLVal (C:\Users\USER.DESKTOP-JCQKSPC\AppData\Roaming\npm\node_modules\bespoken-tools\node_modules\@babel\parser\src\parser\lval.js:482:22)
    at Parser.parseVarId (C:\Users\USER.DESKTOP-JCQKSPC\AppData\Roaming\npm\node_modules\bespoken-tools\node_modules\@babel\parser\src\parser\statement.js:1152:10)
    at Parser.parseVar (C:\Users\USER.DESKTOP-JCQKSPC\AppData\Roaming\npm\node_modules\bespoken-tools\node_modules\@babel\parser\src\parser\statement.js:1113:12)
    at Parser.parseVarStatement (C:\Users\USER.DESKTOP-JCQKSPC\AppData\Roaming\npm\node_modules\bespoken-tools\node_modules\@babel\parser\src\parser\statement.js:803:10)
    at Parser.parseStatementContent (C:\Users\USER.DESKTOP-JCQKSPC\AppData\Roaming\npm\node_modules\bespoken-tools\node_modules\@babel\parser\src\parser\statement.js:303:21)
2021-11-01T07:30:34.312Z error: bst-test            Error using bst-test on Node: v14.15.0
2021-11-01T07:30:34.315Z error: bst-test            YAMLException: bad indentation of a sequence entry at line 67, column 213:
     ...  library_due. And it is due on "25-10-2021 at 10:10AM."
                                         ^
    at generateError (C:\Users\USER.DESKTOP-JCQKSPC\AppData\Roaming\npm\node_modules\bespoken-tools\node_modules\js-yaml-bespoken\lib\js-yaml\loader.js:191:10)
    at throwError (C:\Users\USER.DESKTOP-JCQKSPC\AppData\Roaming\npm\node_modules\bespoken-tools\node_modules\js-yaml-bespoken\lib\js-yaml\loader.js:197:9)
    at readBlockSequence (C:\Users\USER.DESKTOP-JCQKSPC\AppData\Roaming\npm\node_modules\bespoken-tools\node_modules\js-yaml-bespoken\lib\js-yaml\loader.js:980:7)
    at composeNode (C:\Users\USER.DESKTOP-JCQKSPC\AppData\Roaming\npm\node_modules\bespoken-tools\node_modules\js-yaml-bespoken\lib\js-yaml\loader.js:1377:12)
    at readDocument (C:\Users\USER.DESKTOP-JCQKSPC\AppData\Roaming\npm\node_modules\bespoken-tools\node_modules\js-yaml-bespoken\lib\js-yaml\loader.js:1538:3)
    at loadDocuments (C:\Users\USER.DESKTOP-JCQKSPC\AppData\Roaming\npm\node_modules\bespoken-tools\node_modules\js-yaml-bespoken\lib\js-yaml\loader.js:1594:5)
    at Object.loadAll (C:\Users\USER.DESKTOP-JCQKSPC\AppData\Roaming\npm\node_modules\bespoken-tools\node_modules\js-yaml-bespoken\lib\js-yaml\loader.js:1602:19)
    at TestParser.parse (C:\Users\USER.DESKTOP-JCQKSPC\AppData\Roaming\npm\node_modules\bespoken-tools\node_modules\skill-testing-ml\dist\lib\test\TestParser.js:162:30)
    at TestRunner.parseContents (C:\Users\USER.DESKTOP-JCQKSPC\AppData\Roaming\npm\node_modules\bespoken-tools\node_modules\skill-testing-ml\dist\lib\runner\TestRunner.js:575:26)
    at C:\Users\USER.DESKTOP-JCQKSPC\AppData\Roaming\npm\node_modules\bespoken-tools\node_modules\skill-testing-ml\dist\lib\runner\TestRunner.js:74:39
2021-11-01T07:32:24.135Z error: bst-test            Error using bst-test on Node: v14.15.0
2021-11-01T07:32:24.139Z error: bst-test            Error: Trying to add undefined slot to intent: description
    at SkillRequest.Object.<anonymous>.SkillRequest.slot (C:\Users\USER.DESKTOP-JCQKSPC\AppData\Roaming\npm\node_modules\bespoken-tools\node_modules\virtual-alexa\lib\src\core\SkillRequest.js:188:19)
    at SkillRequest.Object.<anonymous>.SkillRequest.slots (C:\Users\USER.DESKTOP-JCQKSPC\AppData\Roaming\npm\node_modules\bespoken-tools\node_modules\virtual-alexa\lib\src\core\SkillRequest.js:206:22)
    at VirtualAlexa.Object.<anonymous>.VirtualAlexa.intend (C:\Users\USER.DESKTOP-JCQKSPC\AppData\Roaming\npm\node_modules\bespoken-tools\node_modules\virtual-alexa\lib\src\core\VirtualAlexa.js:62:83)
    at VirtualAlexaInvoker.<anonymous> (C:\Users\USER.DESKTOP-JCQKSPC\AppData\Roaming\npm\node_modules\bespoken-tools\node_modules\skill-testing-ml\dist\lib\runner\VirtualAlexaInvoker.js:196:51)
    at Generator.next (<anonymous>)
    at asyncGeneratorStep (C:\Users\USER.DESKTOP-JCQKSPC\AppData\Roaming\npm\node_modules\bespoken-tools\node_modules\skill-testing-ml\dist\lib\runner\VirtualAlexaInvoker.js:1:192)
    at _next (C:\Users\USER.DESKTOP-JCQKSPC\AppData\Roaming\npm\node_modules\bespoken-tools\node_modules\skill-testing-ml\dist\lib\runner\VirtualAlexaInvoker.js:3:194)
    at C:\Users\USER.DESKTOP-JCQKSPC\AppData\Roaming\npm\node_modules\bespoken-tools\node_modules\skill-testing-ml\dist\lib\runner\VirtualAlexaInvoker.js:3:364
    at new Promise (<anonymous>)
    at VirtualAlexaInvoker.<anonymous> (C:\Users\USER.DESKTOP-JCQKSPC\AppData\Roaming\npm\node_modules\bespoken-tools\node_modules\skill-testing-ml\dist\lib\runner\VirtualAlexaInvoker.js:3:97)
2021-11-01T07:34:14.555Z error: bst-test            Error using bst-test on Node: v14.15.0
2021-11-01T07:34:14.559Z error: bst-test            Error: Trying to add undefined slot to intent: description
    at SkillRequest.Object.<anonymous>.SkillRequest.slot (C:\Users\USER.DESKTOP-JCQKSPC\AppData\Roaming\npm\node_modules\bespoken-tools\node_modules\virtual-alexa\lib\src\core\SkillRequest.js:188:19)
    at SkillRequest.Object.<anonymous>.SkillRequest.slots (C:\Users\USER.DESKTOP-JCQKSPC\AppData\Roaming\npm\node_modules\bespoken-tools\node_modules\virtual-alexa\lib\src\core\SkillRequest.js:206:22)
    at VirtualAlexa.Object.<anonymous>.VirtualAlexa.intend (C:\Users\USER.DESKTOP-JCQKSPC\AppData\Roaming\npm\node_modules\bespoken-tools\node_modules\virtual-alexa\lib\src\core\VirtualAlexa.js:62:83)
    at VirtualAlexaInvoker.<anonymous> (C:\Users\USER.DESKTOP-JCQKSPC\AppData\Roaming\npm\node_modules\bespoken-tools\node_modules\skill-testing-ml\dist\lib\runner\VirtualAlexaInvoker.js:196:51)
    at Generator.next (<anonymous>)
    at asyncGeneratorStep (C:\Users\USER.DESKTOP-JCQKSPC\AppData\Roaming\npm\node_modules\bespoken-tools\node_modules\skill-testing-ml\dist\lib\runner\VirtualAlexaInvoker.js:1:192)
    at _next (C:\Users\USER.DESKTOP-JCQKSPC\AppData\Roaming\npm\node_modules\bespoken-tools\node_modules\skill-testing-ml\dist\lib\runner\VirtualAlexaInvoker.js:3:194)
    at C:\Users\USER.DESKTOP-JCQKSPC\AppData\Roaming\npm\node_modules\bespoken-tools\node_modules\skill-testing-ml\dist\lib\runner\VirtualAlexaInvoker.js:3:364
    at new Promise (<anonymous>)
    at VirtualAlexaInvoker.<anonymous> (C:\Users\USER.DESKTOP-JCQKSPC\AppData\Roaming\npm\node_modules\bespoken-tools\node_modules\skill-testing-ml\dist\lib\runner\VirtualAlexaInvoker.js:3:97)
2021-11-01T07:35:21.212Z error: bst-test            Error using bst-test on Node: v14.15.0
2021-11-01T07:35:21.216Z error: bst-test            Error: Trying to add undefined slot to intent: description
    at SkillRequest.Object.<anonymous>.SkillRequest.slot (C:\Users\USER.DESKTOP-JCQKSPC\AppData\Roaming\npm\node_modules\bespoken-tools\node_modules\virtual-alexa\lib\src\core\SkillRequest.js:188:19)
    at SkillRequest.Object.<anonymous>.SkillRequest.slots (C:\Users\USER.DESKTOP-JCQKSPC\AppData\Roaming\npm\node_modules\bespoken-tools\node_modules\virtual-alexa\lib\src\core\SkillRequest.js:206:22)
    at VirtualAlexa.Object.<anonymous>.VirtualAlexa.intend (C:\Users\USER.DESKTOP-JCQKSPC\AppData\Roaming\npm\node_modules\bespoken-tools\node_modules\virtual-alexa\lib\src\core\VirtualAlexa.js:62:83)
    at VirtualAlexaInvoker.<anonymous> (C:\Users\USER.DESKTOP-JCQKSPC\AppData\Roaming\npm\node_modules\bespoken-tools\node_modules\skill-testing-ml\dist\lib\runner\VirtualAlexaInvoker.js:196:51)
    at Generator.next (<anonymous>)
    at asyncGeneratorStep (C:\Users\USER.DESKTOP-JCQKSPC\AppData\Roaming\npm\node_modules\bespoken-tools\node_modules\skill-testing-ml\dist\lib\runner\VirtualAlexaInvoker.js:1:192)
    at _next (C:\Users\USER.DESKTOP-JCQKSPC\AppData\Roaming\npm\node_modules\bespoken-tools\node_modules\skill-testing-ml\dist\lib\runner\VirtualAlexaInvoker.js:3:194)
    at C:\Users\USER.DESKTOP-JCQKSPC\AppData\Roaming\npm\node_modules\bespoken-tools\node_modules\skill-testing-ml\dist\lib\runner\VirtualAlexaInvoker.js:3:364
    at new Promise (<anonymous>)
    at VirtualAlexaInvoker.<anonymous> (C:\Users\USER.DESKTOP-JCQKSPC\AppData\Roaming\npm\node_modules\bespoken-tools\node_modules\skill-testing-ml\dist\lib\runner\VirtualAlexaInvoker.js:3:97)
2021-11-01T07:35:45.291Z error: bst-test            Error using bst-test on Node: v14.15.0
2021-11-01T07:35:45.294Z error: bst-test            Error: Trying to add undefined slot to intent: description
    at SkillRequest.Object.<anonymous>.SkillRequest.slot (C:\Users\USER.DESKTOP-JCQKSPC\AppData\Roaming\npm\node_modules\bespoken-tools\node_modules\virtual-alexa\lib\src\core\SkillRequest.js:188:19)
    at SkillRequest.Object.<anonymous>.SkillRequest.slots (C:\Users\USER.DESKTOP-JCQKSPC\AppData\Roaming\npm\node_modules\bespoken-tools\node_modules\virtual-alexa\lib\src\core\SkillRequest.js:206:22)
    at VirtualAlexa.Object.<anonymous>.VirtualAlexa.intend (C:\Users\USER.DESKTOP-JCQKSPC\AppData\Roaming\npm\node_modules\bespoken-tools\node_modules\virtual-alexa\lib\src\core\VirtualAlexa.js:62:83)
    at VirtualAlexaInvoker.<anonymous> (C:\Users\USER.DESKTOP-JCQKSPC\AppData\Roaming\npm\node_modules\bespoken-tools\node_modules\skill-testing-ml\dist\lib\runner\VirtualAlexaInvoker.js:196:51)
    at Generator.next (<anonymous>)
    at asyncGeneratorStep (C:\Users\USER.DESKTOP-JCQKSPC\AppData\Roaming\npm\node_modules\bespoken-tools\node_modules\skill-testing-ml\dist\lib\runner\VirtualAlexaInvoker.js:1:192)
    at _next (C:\Users\USER.DESKTOP-JCQKSPC\AppData\Roaming\npm\node_modules\bespoken-tools\node_modules\skill-testing-ml\dist\lib\runner\VirtualAlexaInvoker.js:3:194)
    at C:\Users\USER.DESKTOP-JCQKSPC\AppData\Roaming\npm\node_modules\bespoken-tools\node_modules\skill-testing-ml\dist\lib\runner\VirtualAlexaInvoker.js:3:364
    at new Promise (<anonymous>)
    at VirtualAlexaInvoker.<anonymous> (C:\Users\USER.DESKTOP-JCQKSPC\AppData\Roaming\npm\node_modules\bespoken-tools\node_modules\skill-testing-ml\dist\lib\runner\VirtualAlexaInvoker.js:3:97)
2021-11-01T07:38:29.585Z error: bst-test            Error using bst-test on Node: v14.15.0
2021-11-01T07:38:29.588Z error: bst-test            Error: Trying to add undefined slot to intent: description
    at SkillRequest.Object.<anonymous>.SkillRequest.slot (C:\Users\USER.DESKTOP-JCQKSPC\AppData\Roaming\npm\node_modules\bespoken-tools\node_modules\virtual-alexa\lib\src\core\SkillRequest.js:188:19)
    at SkillRequest.Object.<anonymous>.SkillRequest.slots (C:\Users\USER.DESKTOP-JCQKSPC\AppData\Roaming\npm\node_modules\bespoken-tools\node_modules\virtual-alexa\lib\src\core\SkillRequest.js:206:22)
    at VirtualAlexa.Object.<anonymous>.VirtualAlexa.intend (C:\Users\USER.DESKTOP-JCQKSPC\AppData\Roaming\npm\node_modules\bespoken-tools\node_modules\virtual-alexa\lib\src\core\VirtualAlexa.js:62:83)
    at VirtualAlexaInvoker.<anonymous> (C:\Users\USER.DESKTOP-JCQKSPC\AppData\Roaming\npm\node_modules\bespoken-tools\node_modules\skill-testing-ml\dist\lib\runner\VirtualAlexaInvoker.js:196:51)
    at Generator.next (<anonymous>)
    at asyncGeneratorStep (C:\Users\USER.DESKTOP-JCQKSPC\AppData\Roaming\npm\node_modules\bespoken-tools\node_modules\skill-testing-ml\dist\lib\runner\VirtualAlexaInvoker.js:1:192)
    at _next (C:\Users\USER.DESKTOP-JCQKSPC\AppData\Roaming\npm\node_modules\bespoken-tools\node_modules\skill-testing-ml\dist\lib\runner\VirtualAlexaInvoker.js:3:194)
    at C:\Users\USER.DESKTOP-JCQKSPC\AppData\Roaming\npm\node_modules\bespoken-tools\node_modules\skill-testing-ml\dist\lib\runner\VirtualAlexaInvoker.js:3:364
    at new Promise (<anonymous>)
    at VirtualAlexaInvoker.<anonymous> (C:\Users\USER.DESKTOP-JCQKSPC\AppData\Roaming\npm\node_modules\bespoken-tools\node_modules\skill-testing-ml\dist\lib\runner\VirtualAlexaInvoker.js:3:97)
2021-11-01T09:18:24.280Z error: bst-test            Error using bst-test on Node: v14.15.0
2021-11-01T09:18:24.303Z error: bst-test            Error: Trying to add undefined slot to intent: catalogue
    at SkillRequest.Object.<anonymous>.SkillRequest.slot (C:\Users\USER.DESKTOP-JCQKSPC\AppData\Roaming\npm\node_modules\bespoken-tools\node_modules\virtual-alexa\lib\src\core\SkillRequest.js:188:19)
    at SkillRequest.Object.<anonymous>.SkillRequest.slots (C:\Users\USER.DESKTOP-JCQKSPC\AppData\Roaming\npm\node_modules\bespoken-tools\node_modules\virtual-alexa\lib\src\core\SkillRequest.js:206:22)
    at VirtualAlexa.Object.<anonymous>.VirtualAlexa.intend (C:\Users\USER.DESKTOP-JCQKSPC\AppData\Roaming\npm\node_modules\bespoken-tools\node_modules\virtual-alexa\lib\src\core\VirtualAlexa.js:62:83)
    at VirtualAlexaInvoker.<anonymous> (C:\Users\USER.DESKTOP-JCQKSPC\AppData\Roaming\npm\node_modules\bespoken-tools\node_modules\skill-testing-ml\dist\lib\runner\VirtualAlexaInvoker.js:196:51)
    at Generator.next (<anonymous>)
    at asyncGeneratorStep (C:\Users\USER.DESKTOP-JCQKSPC\AppData\Roaming\npm\node_modules\bespoken-tools\node_modules\skill-testing-ml\dist\lib\runner\VirtualAlexaInvoker.js:1:192)
    at _next (C:\Users\USER.DESKTOP-JCQKSPC\AppData\Roaming\npm\node_modules\bespoken-tools\node_modules\skill-testing-ml\dist\lib\runner\VirtualAlexaInvoker.js:3:194)
    at C:\Users\USER.DESKTOP-JCQKSPC\AppData\Roaming\npm\node_modules\bespoken-tools\node_modules\skill-testing-ml\dist\lib\runner\VirtualAlexaInvoker.js:3:364
    at new Promise (<anonymous>)
    at VirtualAlexaInvoker.<anonymous> (C:\Users\USER.DESKTOP-JCQKSPC\AppData\Roaming\npm\node_modules\bespoken-tools\node_modules\skill-testing-ml\dist\lib\runner\VirtualAlexaInvoker.js:3:97)
2021-11-01T09:20:20.676Z error: bst-test            Error using bst-test on Node: v14.15.0
2021-11-01T09:20:20.681Z error: bst-test            Error: Trying to add undefined slot to intent: description
    at SkillRequest.Object.<anonymous>.SkillRequest.slot (C:\Users\USER.DESKTOP-JCQKSPC\AppData\Roaming\npm\node_modules\bespoken-tools\node_modules\virtual-alexa\lib\src\core\SkillRequest.js:188:19)
    at SkillRequest.Object.<anonymous>.SkillRequest.slots (C:\Users\USER.DESKTOP-JCQKSPC\AppData\Roaming\npm\node_modules\bespoken-tools\node_modules\virtual-alexa\lib\src\core\SkillRequest.js:206:22)
    at VirtualAlexa.Object.<anonymous>.VirtualAlexa.intend (C:\Users\USER.DESKTOP-JCQKSPC\AppData\Roaming\npm\node_modules\bespoken-tools\node_modules\virtual-alexa\lib\src\core\VirtualAlexa.js:62:83)
    at VirtualAlexaInvoker.<anonymous> (C:\Users\USER.DESKTOP-JCQKSPC\AppData\Roaming\npm\node_modules\bespoken-tools\node_modules\skill-testing-ml\dist\lib\runner\VirtualAlexaInvoker.js:196:51)
    at Generator.next (<anonymous>)
    at asyncGeneratorStep (C:\Users\USER.DESKTOP-JCQKSPC\AppData\Roaming\npm\node_modules\bespoken-tools\node_modules\skill-testing-ml\dist\lib\runner\VirtualAlexaInvoker.js:1:192)
    at _next (C:\Users\USER.DESKTOP-JCQKSPC\AppData\Roaming\npm\node_modules\bespoken-tools\node_modules\skill-testing-ml\dist\lib\runner\VirtualAlexaInvoker.js:3:194)
    at C:\Users\USER.DESKTOP-JCQKSPC\AppData\Roaming\npm\node_modules\bespoken-tools\node_modules\skill-testing-ml\dist\lib\runner\VirtualAlexaInvoker.js:3:364
    at new Promise (<anonymous>)
    at VirtualAlexaInvoker.<anonymous> (C:\Users\USER.DESKTOP-JCQKSPC\AppData\Roaming\npm\node_modules\bespoken-tools\node_modules\skill-testing-ml\dist\lib\runner\VirtualAlexaInvoker.js:3:97)
