<?xml version="1.0" encoding="UTF-8"?>
<coverage generated="1632907066214" clover="3.2.0">
  <project timestamp="1632907066214" name="All files">
    <metrics statements="304" coveredstatements="159" conditionals="111" coveredconditionals="45" methods="80" coveredmethods="41" elements="495" coveredelements="245" complexity="0" loc="304" ncloc="304" packages="1" files="4" classes="4"/>
    <file name="api-data.js" path="F:\VirtualArchive\lambda\api-data.js">
      <metrics statements="9" coveredstatements="0" conditionals="6" coveredconditionals="0" methods="6" coveredmethods="0"/>
      <line num="1" count="0" type="stmt"/>
      <line num="2" count="0" type="cond" truecount="0" falsecount="2"/>
      <line num="3" count="0" type="stmt"/>
      <line num="4" count="0" type="cond" truecount="0" falsecount="4"/>
      <line num="5" count="0" type="stmt"/>
      <line num="7" count="0" type="stmt"/>
      <line num="8" count="0" type="stmt"/>
      <line num="9" count="0" type="stmt"/>
      <line num="11" count="0" type="stmt"/>
    </file>
    <file name="index.js" path="F:\VirtualArchive\lambda\index.js">
      <metrics statements="247" coveredstatements="159" conditionals="89" coveredconditionals="45" methods="65" coveredmethods="41"/>
      <line num="1" count="1" type="stmt"/>
      <line num="2" count="1" type="stmt"/>
      <line num="3" count="1" type="stmt"/>
      <line num="4" count="1" type="stmt"/>
      <line num="5" count="1" type="stmt"/>
      <line num="10" count="6" type="stmt"/>
      <line num="11" count="6" type="cond" truecount="1" falsecount="1"/>
      <line num="12" count="6" type="stmt"/>
      <line num="13" count="0" type="cond" truecount="0" falsecount="4"/>
      <line num="14" count="0" type="stmt"/>
      <line num="16" count="0" type="stmt"/>
      <line num="17" count="0" type="stmt"/>
      <line num="18" count="0" type="stmt"/>
      <line num="20" count="6" type="stmt"/>
      <line num="24" count="1" type="stmt"/>
      <line num="26" count="17" type="stmt"/>
      <line num="33" count="1" type="stmt"/>
      <line num="34" count="1" type="stmt"/>
      <line num="37" count="1" type="cond" truecount="1" falsecount="1"/>
      <line num="43" count="0" type="stmt"/>
      <line num="49" count="1" type="stmt"/>
      <line num="61" count="1" type="stmt"/>
      <line num="64" count="16" type="stmt"/>
      <line num="74" count="0" type="stmt"/>
      <line num="75" count="0" type="stmt"/>
      <line num="78" count="0" type="stmt"/>
      <line num="79" count="0" type="stmt"/>
      <line num="80" count="0" type="stmt"/>
      <line num="85" count="0" type="stmt"/>
      <line num="86" count="0" type="stmt"/>
      <line num="88" count="0" type="cond" truecount="0" falsecount="2"/>
      <line num="94" count="0" type="stmt"/>
      <line num="107" count="0" type="stmt"/>
      <line num="118" count="0" type="cond" truecount="0" falsecount="2"/>
      <line num="119" count="0" type="stmt"/>
      <line num="121" count="0" type="stmt"/>
      <line num="123" count="0" type="stmt"/>
      <line num="126" count="0" type="stmt"/>
      <line num="128" count="0" type="stmt"/>
      <line num="135" count="1" type="stmt"/>
      <line num="138" count="16" type="stmt"/>
      <line num="151" count="0" type="stmt"/>
      <line num="155" count="0" type="stmt"/>
      <line num="156" count="0" type="cond" truecount="0" falsecount="6"/>
      <line num="159" count="0" type="stmt"/>
      <line num="162" count="0" type="stmt"/>
      <line num="163" count="0" type="cond" truecount="0" falsecount="2"/>
      <line num="164" count="0" type="stmt"/>
      <line num="165" count="0" type="cond" truecount="0" falsecount="2"/>
      <line num="166" count="0" type="cond" truecount="0" falsecount="2"/>
      <line num="168" count="0" type="stmt"/>
      <line num="171" count="0" type="stmt"/>
      <line num="172" count="0" type="stmt"/>
      <line num="175" count="0" type="cond" truecount="0" falsecount="2"/>
      <line num="180" count="0" type="stmt"/>
      <line num="205" count="0" type="stmt"/>
      <line num="216" count="0" type="stmt"/>
      <line num="217" count="0" type="stmt"/>
      <line num="224" count="1" type="stmt"/>
      <line num="226" count="13" type="cond" truecount="2" falsecount="0"/>
      <line num="231" count="1" type="stmt"/>
      <line num="232" count="1" type="stmt"/>
      <line num="234" count="1" type="stmt"/>
      <line num="235" count="1" type="stmt"/>
      <line num="236" count="1" type="stmt"/>
      <line num="238" count="1" type="stmt"/>
      <line num="240" count="1" type="cond" truecount="3" falsecount="1"/>
      <line num="241" count="1" type="stmt"/>
      <line num="243" count="0" type="stmt"/>
      <line num="252" count="1" type="stmt"/>
      <line num="259" count="1" type="stmt"/>
      <line num="261" count="12" type="cond" truecount="2" falsecount="0"/>
      <line num="266" count="1" type="stmt"/>
      <line num="267" count="1" type="stmt"/>
      <line num="269" count="1" type="stmt"/>
      <line num="271" count="1" type="stmt"/>
      <line num="274" count="1" type="stmt"/>
      <line num="276" count="1" type="stmt"/>
      <line num="283" count="1" type="stmt"/>
      <line num="285" count="11" type="cond" truecount="2" falsecount="0"/>
      <line num="290" count="1" type="stmt"/>
      <line num="291" count="1" type="stmt"/>
      <line num="293" count="1" type="stmt"/>
      <line num="295" count="1" type="stmt"/>
      <line num="297" count="1" type="stmt"/>
      <line num="299" count="1" type="stmt"/>
      <line num="301" count="0" type="stmt"/>
      <line num="303" count="0" type="stmt"/>
      <line num="307" count="1" type="stmt"/>
      <line num="310" count="1" type="stmt"/>
      <line num="312" count="0" type="stmt"/>
      <line num="314" count="0" type="stmt"/>
      <line num="316" count="0" type="cond" truecount="0" falsecount="2"/>
      <line num="317" count="0" type="stmt"/>
      <line num="320" count="0" type="stmt"/>
      <line num="322" count="0" type="stmt"/>
      <line num="323" count="0" type="stmt"/>
      <line num="326" count="0" type="stmt"/>
      <line num="332" count="1" type="stmt"/>
      <line num="334" count="1" type="cond" truecount="1" falsecount="1"/>
      <line num="335" count="1" type="stmt"/>
      <line num="338" count="1" type="stmt"/>
      <line num="344" count="1" type="stmt"/>
      <line num="346" count="10" type="cond" truecount="2" falsecount="0"/>
      <line num="351" count="1" type="stmt"/>
      <line num="352" count="1" type="stmt"/>
      <line num="354" count="1" type="stmt"/>
      <line num="355" count="1" type="stmt"/>
      <line num="356" count="1" type="stmt"/>
      <line num="358" count="1" type="stmt"/>
      <line num="360" count="1" type="stmt"/>
      <line num="365" count="1" type="stmt"/>
      <line num="371" count="1" type="stmt"/>
      <line num="373" count="9" type="cond" truecount="2" falsecount="0"/>
      <line num="378" count="2" type="stmt"/>
      <line num="379" count="2" type="stmt"/>
      <line num="381" count="2" type="stmt"/>
      <line num="382" count="2" type="stmt"/>
      <line num="384" count="2" type="stmt"/>
      <line num="387" count="2" type="stmt"/>
      <line num="391" count="2" type="stmt"/>
      <line num="398" count="1" type="stmt"/>
      <line num="400" count="7" type="cond" truecount="2" falsecount="0"/>
      <line num="405" count="1" type="stmt"/>
      <line num="406" count="1" type="stmt"/>
      <line num="408" count="1" type="stmt"/>
      <line num="409" count="1" type="stmt"/>
      <line num="410" count="1" type="stmt"/>
      <line num="412" count="1" type="stmt"/>
      <line num="414" count="1" type="stmt"/>
      <line num="417" count="1" type="stmt"/>
      <line num="423" count="1" type="stmt"/>
      <line num="425" count="6" type="cond" truecount="2" falsecount="0"/>
      <line num="430" count="1" type="stmt"/>
      <line num="431" count="1" type="stmt"/>
      <line num="433" count="1" type="stmt"/>
      <line num="434" count="1" type="stmt"/>
      <line num="435" count="1" type="stmt"/>
      <line num="437" count="1" type="stmt"/>
      <line num="439" count="1" type="stmt"/>
      <line num="444" count="1" type="stmt"/>
      <line num="451" count="1" type="stmt"/>
      <line num="453" count="3" type="cond" truecount="2" falsecount="0"/>
      <line num="458" count="1" type="stmt"/>
      <line num="459" count="1" type="stmt"/>
      <line num="461" count="1" type="stmt"/>
      <line num="463" count="1" type="stmt"/>
      <line num="465" count="1" type="stmt"/>
      <line num="468" count="1" type="stmt"/>
      <line num="474" count="1" type="stmt"/>
      <line num="476" count="2" type="cond" truecount="2" falsecount="0"/>
      <line num="481" count="1" type="stmt"/>
      <line num="482" count="1" type="stmt"/>
      <line num="484" count="1" type="stmt"/>
      <line num="486" count="1" type="stmt"/>
      <line num="488" count="1" type="stmt"/>
      <line num="491" count="1" type="stmt"/>
      <line num="498" count="1" type="stmt"/>
      <line num="500" count="1" type="cond" truecount="2" falsecount="0"/>
      <line num="505" count="1" type="stmt"/>
      <line num="506" count="1" type="stmt"/>
      <line num="508" count="1" type="stmt"/>
      <line num="510" count="1" type="stmt"/>
      <line num="513" count="1" type="stmt"/>
      <line num="520" count="1" type="stmt"/>
      <line num="522" count="5" type="cond" truecount="2" falsecount="0"/>
      <line num="527" count="1" type="stmt"/>
      <line num="528" count="1" type="stmt"/>
      <line num="530" count="1" type="stmt"/>
      <line num="531" count="1" type="stmt"/>
      <line num="533" count="1" type="stmt"/>
      <line num="535" count="1" type="stmt"/>
      <line num="537" count="1" type="stmt"/>
      <line num="539" count="0" type="stmt"/>
      <line num="541" count="0" type="stmt"/>
      <line num="545" count="1" type="stmt"/>
      <line num="548" count="1" type="stmt"/>
      <line num="550" count="0" type="stmt"/>
      <line num="552" count="0" type="stmt"/>
      <line num="555" count="0" type="stmt"/>
      <line num="556" count="0" type="cond" truecount="0" falsecount="2"/>
      <line num="557" count="0" type="stmt"/>
      <line num="563" count="0" type="cond" truecount="0" falsecount="2"/>
      <line num="564" count="0" type="stmt"/>
      <line num="569" count="1" type="stmt"/>
      <line num="571" count="1" type="cond" truecount="1" falsecount="1"/>
      <line num="572" count="1" type="stmt"/>
      <line num="575" count="1" type="stmt"/>
      <line num="583" count="1" type="stmt"/>
      <line num="585" count="4" type="cond" truecount="2" falsecount="0"/>
      <line num="590" count="1" type="stmt"/>
      <line num="591" count="1" type="stmt"/>
      <line num="593" count="1" type="stmt"/>
      <line num="594" count="1" type="stmt"/>
      <line num="596" count="1" type="stmt"/>
      <line num="598" count="1" type="stmt"/>
      <line num="599" count="1" type="stmt"/>
      <line num="601" count="1" type="stmt"/>
      <line num="603" count="0" type="stmt"/>
      <line num="605" count="0" type="stmt"/>
      <line num="609" count="1" type="stmt"/>
      <line num="612" count="1" type="stmt"/>
      <line num="614" count="0" type="stmt"/>
      <line num="616" count="0" type="stmt"/>
      <line num="619" count="0" type="stmt"/>
      <line num="620" count="0" type="cond" truecount="0" falsecount="2"/>
      <line num="621" count="0" type="stmt"/>
      <line num="622" count="0" type="stmt"/>
      <line num="628" count="0" type="cond" truecount="0" falsecount="2"/>
      <line num="629" count="0" type="stmt"/>
      <line num="634" count="1" type="stmt"/>
      <line num="636" count="1" type="cond" truecount="1" falsecount="1"/>
      <line num="637" count="0" type="stmt"/>
      <line num="639" count="0" type="stmt"/>
      <line num="641" count="0" type="stmt"/>
      <line num="642" count="0" type="stmt"/>
      <line num="645" count="0" type="stmt"/>
      <line num="650" count="1" type="cond" truecount="1" falsecount="1"/>
      <line num="651" count="1" type="stmt"/>
      <line num="654" count="1" type="stmt"/>
      <line num="661" count="1" type="stmt"/>
      <line num="663" count="16" type="cond" truecount="2" falsecount="0"/>
      <line num="667" count="1" type="stmt"/>
      <line num="669" count="1" type="stmt"/>
      <line num="676" count="1" type="stmt"/>
      <line num="678" count="15" type="cond" truecount="3" falsecount="0"/>
      <line num="683" count="2" type="stmt"/>
      <line num="685" count="2" type="stmt"/>
      <line num="695" count="1" type="stmt"/>
      <line num="697" count="0" type="cond" truecount="0" falsecount="2"/>
      <line num="701" count="0" type="stmt"/>
      <line num="703" count="0" type="stmt"/>
      <line num="714" count="1" type="stmt"/>
      <line num="716" count="0" type="stmt"/>
      <line num="719" count="0" type="stmt"/>
      <line num="721" count="0" type="stmt"/>
      <line num="729" count="1" type="stmt"/>
      <line num="731" count="0" type="stmt"/>
      <line num="734" count="0" type="stmt"/>
      <line num="735" count="0" type="stmt"/>
      <line num="737" count="0" type="stmt"/>
      <line num="748" count="1" type="stmt"/>
      <line num="750" count="0" type="stmt"/>
      <line num="753" count="0" type="stmt"/>
      <line num="754" count="0" type="stmt"/>
      <line num="756" count="0" type="stmt"/>
      <line num="770" count="1" type="stmt"/>
    </file>
    <file name="local-debugger.js" path="F:\VirtualArchive\lambda\local-debugger.js">
      <metrics statements="41" coveredstatements="0" conditionals="16" coveredconditionals="0" methods="8" coveredmethods="0"/>
      <line num="25" count="0" type="stmt"/>
      <line num="26" count="0" type="stmt"/>
      <line num="28" count="0" type="stmt"/>
      <line num="30" count="0" type="stmt"/>
      <line num="31" count="0" type="stmt"/>
      <line num="32" count="0" type="stmt"/>
      <line num="33" count="0" type="stmt"/>
      <line num="34" count="0" type="stmt"/>
      <line num="42" count="0" type="stmt"/>
      <line num="43" count="0" type="stmt"/>
      <line num="44" count="0" type="stmt"/>
      <line num="50" count="0" type="stmt"/>
      <line num="51" count="0" type="stmt"/>
      <line num="63" count="0" type="stmt"/>
      <line num="64" count="0" type="stmt"/>
      <line num="65" count="0" type="stmt"/>
      <line num="66" count="0" type="stmt"/>
      <line num="67" count="0" type="stmt"/>
      <line num="68" count="0" type="stmt"/>
      <line num="69" count="0" type="stmt"/>
      <line num="70" count="0" type="stmt"/>
      <line num="71" count="0" type="stmt"/>
      <line num="82" count="0" type="stmt"/>
      <line num="83" count="0" type="cond" truecount="0" falsecount="2"/>
      <line num="84" count="0" type="stmt"/>
      <line num="86" count="0" type="cond" truecount="0" falsecount="4"/>
      <line num="87" count="0" type="stmt"/>
      <line num="89" count="0" type="cond" truecount="0" falsecount="2"/>
      <line num="90" count="0" type="stmt"/>
      <line num="93" count="0" type="stmt"/>
      <line num="102" count="0" type="stmt"/>
      <line num="112" count="0" type="stmt"/>
      <line num="113" count="0" type="cond" truecount="0" falsecount="2"/>
      <line num="114" count="0" type="stmt"/>
      <line num="116" count="0" type="stmt"/>
      <line num="126" count="0" type="stmt"/>
      <line num="127" count="0" type="cond" truecount="0" falsecount="4"/>
      <line num="128" count="0" type="cond" truecount="0" falsecount="2"/>
      <line num="129" count="0" type="stmt"/>
      <line num="131" count="0" type="stmt"/>
      <line num="134" count="0" type="stmt"/>
    </file>
    <file name="util.js" path="F:\VirtualArchive\lambda\util.js">
      <metrics statements="7" coveredstatements="0" conditionals="0" coveredconditionals="0" methods="1" coveredmethods="0"/>
      <line num="1" count="0" type="stmt"/>
      <line num="3" count="0" type="stmt"/>
      <line num="8" count="0" type="stmt"/>
      <line num="10" count="0" type="stmt"/>
      <line num="11" count="0" type="stmt"/>
      <line num="16" count="0" type="stmt"/>
      <line num="17" count="0" type="stmt"/>
    </file>
  </project>
</coverage>
