{"F:\\VirtualArchive\\lambda\\api-data.js": {"path":"F:\\VirtualArchive\\lambda\\api-data.js","statementMap":{"0":{"start":{"line":1,"column":0},"end":{"line":12,"column":3}},"1":{"start":{"line":1,"column":27},"end":{"line":12,"column":2}},"2":{"start":{"line":2,"column":17},"end":{"line":2,"column":77}},"3":{"start":{"line":3,"column":18},"end":{"line":10,"column":4}},"4":{"start":{"line":4,"column":4},"end":{"line":6,"column":5}},"5":{"start":{"line":5,"column":6},"end":{"line":5,"column":75}},"6":{"start":{"line":7,"column":17},"end":{"line":7,"column":19}},"7":{"start":{"line":8,"column":4},"end":{"line":8,"column":53}},"8":{"start":{"line":8,"column":35},"end":{"line":8,"column":51}},"9":{"start":{"line":9,"column":4},"end":{"line":9,"column":53}},"10":{"start":{"line":9,"column":29},"end":{"line":9,"column":51}},"11":{"start":{"line":11,"column":2},"end":{"line":11,"column":44}},"12":{"start":{"line":11,"column":31},"end":{"line":11,"column":42}}},"fnMap":{"0":{"name":"(anonymous_0)","decl":{"start":{"line":1,"column":18},"end":{"line":1,"column":19}},"loc":{"start":{"line":1,"column":27},"end":{"line":12,"column":2}},"line":1},"1":{"name":"(anonymous_1)","decl":{"start":{"line":1,"column":39},"end":{"line":1,"column":40}},"loc":{"start":{"line":1,"column":60},"end":{"line":12,"column":1}},"line":1},"2":{"name":"(anonymous_2)","decl":{"start":{"line":3,"column":34},"end":{"line":3,"column":35}},"loc":{"start":{"line":3,"column":48},"end":{"line":10,"column":3}},"line":3},"3":{"name":"(anonymous_3)","decl":{"start":{"line":8,"column":24},"end":{"line":8,"column":25}},"loc":{"start":{"line":8,"column":35},"end":{"line":8,"column":51}},"line":8},"4":{"name":"(anonymous_4)","decl":{"start":{"line":9,"column":23},"end":{"line":9,"column":24}},"loc":{"start":{"line":9,"column":29},"end":{"line":9,"column":51}},"line":9},"5":{"name":"(anonymous_5)","decl":{"start":{"line":11,"column":22},"end":{"line":11,"column":23}},"loc":{"start":{"line":11,"column":31},"end":{"line":11,"column":42}},"line":11}},"branchMap":{"0":{"loc":{"start":{"line":2,"column":17},"end":{"line":2,"column":77}},"type":"cond-expr","locations":[{"start":{"line":2,"column":43},"end":{"line":2,"column":59}},{"start":{"line":2,"column":62},"end":{"line":2,"column":77}}],"line":2},"1":{"loc":{"start":{"line":4,"column":4},"end":{"line":6,"column":5}},"type":"if","locations":[{"start":{"line":4,"column":4},"end":{"line":6,"column":5}},{"start":{"line":4,"column":4},"end":{"line":6,"column":5}}],"line":4},"2":{"loc":{"start":{"line":4,"column":8},"end":{"line":4,"column":62}},"type":"binary-expr","locations":[{"start":{"line":4,"column":8},"end":{"line":4,"column":33}},{"start":{"line":4,"column":37},"end":{"line":4,"column":62}}],"line":4}},"s":{"0":0,"1":0,"2":0,"3":0,"4":0,"5":0,"6":0,"7":0,"8":0,"9":0,"10":0,"11":0,"12":0},"f":{"0":0,"1":0,"2":0,"3":0,"4":0,"5":0},"b":{"0":[0,0],"1":[0,0],"2":[0,0]},"hash":"4c5ceb4569d27911614659b25171ea4e4d8b0ed8"}
,"F:\\VirtualArchive\\lambda\\index.js": {"path":"F:\\VirtualArchive\\lambda\\index.js","statementMap":{"0":{"start":{"line":1,"column":14},"end":{"line":1,"column":37}},"1":{"start":{"line":2,"column":12},"end":{"line":2,"column":30}},"2":{"start":{"line":3,"column":12},"end":{"line":3,"column":66}},"3":{"start":{"line":4,"column":26},"end":{"line":4,"column":39}},"4":{"start":{"line":5,"column":18},"end":{"line":5,"column":53}},"5":{"start":{"line":6,"column":12},"end":{"line":6,"column":33}},"6":{"start":{"line":10,"column":22},"end":{"line":21,"column":2}},"7":{"start":{"line":10,"column":31},"end":{"line":21,"column":2}},"8":{"start":{"line":11,"column":17},"end":{"line":11,"column":77}},"9":{"start":{"line":12,"column":18},"end":{"line":19,"column":4}},"10":{"start":{"line":13,"column":4},"end":{"line":15,"column":5}},"11":{"start":{"line":14,"column":6},"end":{"line":14,"column":75}},"12":{"start":{"line":16,"column":17},"end":{"line":16,"column":19}},"13":{"start":{"line":17,"column":4},"end":{"line":17,"column":53}},"14":{"start":{"line":17,"column":35},"end":{"line":17,"column":51}},"15":{"start":{"line":18,"column":4},"end":{"line":18,"column":53}},"16":{"start":{"line":18,"column":29},"end":{"line":18,"column":51}},"17":{"start":{"line":20,"column":2},"end":{"line":20,"column":44}},"18":{"start":{"line":20,"column":31},"end":{"line":20,"column":42}},"19":{"start":{"line":24,"column":29},"end":{"line":60,"column":1}},"20":{"start":{"line":26,"column":8},"end":{"line":26,"column":86}},"21":{"start":{"line":29,"column":32},"end":{"line":29,"column":73}},"22":{"start":{"line":30,"column":22},"end":{"line":30,"column":38}},"23":{"start":{"line":31,"column":21},"end":{"line":31,"column":32}},"24":{"start":{"line":33,"column":28},"end":{"line":33,"column":98}},"25":{"start":{"line":34,"column":24},"end":{"line":34,"column":61}},"26":{"start":{"line":37,"column":4},"end":{"line":47,"column":5}},"27":{"start":{"line":43,"column":6},"end":{"line":46,"column":9}},"28":{"start":{"line":49,"column":8},"end":{"line":58,"column":27}},"29":{"start":{"line":61,"column":30},"end":{"line":133,"column":1}},"30":{"start":{"line":64,"column":4},"end":{"line":71,"column":6}},"31":{"start":{"line":74,"column":20},"end":{"line":74,"column":28}},"32":{"start":{"line":75,"column":22},"end":{"line":75,"column":24}},"33":{"start":{"line":78,"column":19},"end":{"line":78,"column":67}},"34":{"start":{"line":79,"column":20},"end":{"line":79,"column":61}},"35":{"start":{"line":80,"column":21},"end":{"line":80,"column":33}},"36":{"start":{"line":85,"column":15},"end":{"line":85,"column":68}},"37":{"start":{"line":86,"column":4},"end":{"line":86,"column":22}},"38":{"start":{"line":88,"column":4},"end":{"line":105,"column":5}},"39":{"start":{"line":94,"column":6},"end":{"line":104,"column":9}},"40":{"start":{"line":107,"column":6},"end":{"line":116,"column":9}},"41":{"start":{"line":118,"column":4},"end":{"line":124,"column":7}},"42":{"start":{"line":119,"column":8},"end":{"line":120,"column":13}},"43":{"start":{"line":121,"column":10},"end":{"line":121,"column":31}},"44":{"start":{"line":123,"column":10},"end":{"line":123,"column":26}},"45":{"start":{"line":126,"column":4},"end":{"line":126,"column":62}},"46":{"start":{"line":128,"column":4},"end":{"line":131,"column":21}},"47":{"start":{"line":135,"column":30},"end":{"line":222,"column":1}},"48":{"start":{"line":138,"column":4},"end":{"line":148,"column":6}},"49":{"start":{"line":151,"column":22},"end":{"line":151,"column":63}},"50":{"start":{"line":155,"column":16},"end":{"line":155,"column":17}},"51":{"start":{"line":156,"column":4},"end":{"line":160,"column":5}},"52":{"start":{"line":159,"column":8},"end":{"line":159,"column":19}},"53":{"start":{"line":162,"column":15},"end":{"line":162,"column":68}},"54":{"start":{"line":163,"column":4},"end":{"line":169,"column":5}},"55":{"start":{"line":164,"column":6},"end":{"line":164,"column":29}},"56":{"start":{"line":165,"column":6},"end":{"line":165,"column":64}},"57":{"start":{"line":165,"column":46},"end":{"line":165,"column":64}},"58":{"start":{"line":166,"column":6},"end":{"line":166,"column":71}},"59":{"start":{"line":166,"column":32},"end":{"line":166,"column":71}},"60":{"start":{"line":168,"column":6},"end":{"line":168,"column":24}},"61":{"start":{"line":171,"column":19},"end":{"line":171,"column":43}},"62":{"start":{"line":172,"column":4},"end":{"line":172,"column":62}},"63":{"start":{"line":175,"column":4},"end":{"line":204,"column":5}},"64":{"start":{"line":180,"column":6},"end":{"line":203,"column":9}},"65":{"start":{"line":205,"column":4},"end":{"line":214,"column":9}},"66":{"start":{"line":216,"column":24},"end":{"line":216,"column":26}},"67":{"start":{"line":217,"column":4},"end":{"line":220,"column":21}},"68":{"start":{"line":224,"column":32},"end":{"line":257,"column":1}},"69":{"start":{"line":226,"column":8},"end":{"line":227,"column":92}},"70":{"start":{"line":231,"column":51},"end":{"line":231,"column":63}},"71":{"start":{"line":232,"column":25},"end":{"line":232,"column":48}},"72":{"start":{"line":234,"column":21},"end":{"line":234,"column":64}},"73":{"start":{"line":235,"column":24},"end":{"line":235,"column":70}},"74":{"start":{"line":236,"column":28},"end":{"line":236,"column":78}},"75":{"start":{"line":238,"column":25},"end":{"line":238,"column":27}},"76":{"start":{"line":240,"column":8},"end":{"line":244,"column":9}},"77":{"start":{"line":241,"column":12},"end":{"line":241,"column":108}},"78":{"start":{"line":243,"column":12},"end":{"line":243,"column":87}},"79":{"start":{"line":252,"column":8},"end":{"line":255,"column":27}},"80":{"start":{"line":259,"column":31},"end":{"line":281,"column":1}},"81":{"start":{"line":261,"column":8},"end":{"line":262,"column":93}},"82":{"start":{"line":266,"column":51},"end":{"line":266,"column":63}},"83":{"start":{"line":267,"column":25},"end":{"line":267,"column":48}},"84":{"start":{"line":269,"column":24},"end":{"line":269,"column":70}},"85":{"start":{"line":271,"column":25},"end":{"line":271,"column":27}},"86":{"start":{"line":274,"column":8},"end":{"line":274,"column":72}},"87":{"start":{"line":276,"column":8},"end":{"line":279,"column":27}},"88":{"start":{"line":283,"column":29},"end":{"line":343,"column":1}},"89":{"start":{"line":285,"column":8},"end":{"line":286,"column":91}},"90":{"start":{"line":290,"column":51},"end":{"line":290,"column":63}},"91":{"start":{"line":291,"column":25},"end":{"line":291,"column":48}},"92":{"start":{"line":293,"column":24},"end":{"line":293,"column":70}},"93":{"start":{"line":295,"column":25},"end":{"line":295,"column":27}},"94":{"start":{"line":297,"column":26},"end":{"line":297,"column":28}},"95":{"start":{"line":299,"column":8},"end":{"line":308,"column":14}},"96":{"start":{"line":301,"column":29},"end":{"line":301,"column":49}},"97":{"start":{"line":303,"column":16},"end":{"line":303,"column":54}},"98":{"start":{"line":307,"column":16},"end":{"line":307,"column":53}},"99":{"start":{"line":310,"column":8},"end":{"line":333,"column":14}},"100":{"start":{"line":312,"column":29},"end":{"line":312,"column":49}},"101":{"start":{"line":314,"column":31},"end":{"line":314,"column":41}},"102":{"start":{"line":316,"column":16},"end":{"line":327,"column":17}},"103":{"start":{"line":317,"column":20},"end":{"line":317,"column":65}},"104":{"start":{"line":320,"column":20},"end":{"line":320,"column":61}},"105":{"start":{"line":322,"column":20},"end":{"line":324,"column":23}},"106":{"start":{"line":323,"column":24},"end":{"line":323,"column":66}},"107":{"start":{"line":326,"column":20},"end":{"line":326,"column":57}},"108":{"start":{"line":332,"column":16},"end":{"line":332,"column":53}},"109":{"start":{"line":334,"column":12},"end":{"line":336,"column":13}},"110":{"start":{"line":335,"column":16},"end":{"line":335,"column":61}},"111":{"start":{"line":338,"column":8},"end":{"line":341,"column":27}},"112":{"start":{"line":344,"column":26},"end":{"line":370,"column":1}},"113":{"start":{"line":346,"column":8},"end":{"line":347,"column":88}},"114":{"start":{"line":351,"column":51},"end":{"line":351,"column":63}},"115":{"start":{"line":352,"column":25},"end":{"line":352,"column":48}},"116":{"start":{"line":354,"column":21},"end":{"line":354,"column":64}},"117":{"start":{"line":355,"column":24},"end":{"line":355,"column":70}},"118":{"start":{"line":356,"column":28},"end":{"line":356,"column":78}},"119":{"start":{"line":358,"column":25},"end":{"line":358,"column":27}},"120":{"start":{"line":360,"column":8},"end":{"line":360,"column":108}},"121":{"start":{"line":365,"column":8},"end":{"line":368,"column":27}},"122":{"start":{"line":371,"column":26},"end":{"line":396,"column":1}},"123":{"start":{"line":373,"column":8},"end":{"line":374,"column":88}},"124":{"start":{"line":378,"column":51},"end":{"line":378,"column":63}},"125":{"start":{"line":379,"column":25},"end":{"line":379,"column":48}},"126":{"start":{"line":381,"column":24},"end":{"line":381,"column":70}},"127":{"start":{"line":382,"column":21},"end":{"line":382,"column":64}},"128":{"start":{"line":384,"column":25},"end":{"line":384,"column":27}},"129":{"start":{"line":387,"column":8},"end":{"line":387,"column":62}},"130":{"start":{"line":391,"column":8},"end":{"line":394,"column":27}},"131":{"start":{"line":398,"column":33},"end":{"line":422,"column":1}},"132":{"start":{"line":400,"column":8},"end":{"line":401,"column":89}},"133":{"start":{"line":405,"column":51},"end":{"line":405,"column":63}},"134":{"start":{"line":406,"column":25},"end":{"line":406,"column":48}},"135":{"start":{"line":408,"column":21},"end":{"line":408,"column":64}},"136":{"start":{"line":409,"column":24},"end":{"line":409,"column":72}},"137":{"start":{"line":410,"column":25},"end":{"line":410,"column":68}},"138":{"start":{"line":412,"column":25},"end":{"line":412,"column":27}},"139":{"start":{"line":414,"column":8},"end":{"line":414,"column":114}},"140":{"start":{"line":417,"column":8},"end":{"line":420,"column":27}},"141":{"start":{"line":423,"column":30},"end":{"line":449,"column":1}},"142":{"start":{"line":425,"column":8},"end":{"line":426,"column":92}},"143":{"start":{"line":430,"column":51},"end":{"line":430,"column":63}},"144":{"start":{"line":431,"column":25},"end":{"line":431,"column":48}},"145":{"start":{"line":433,"column":21},"end":{"line":433,"column":64}},"146":{"start":{"line":434,"column":24},"end":{"line":434,"column":70}},"147":{"start":{"line":435,"column":25},"end":{"line":435,"column":72}},"148":{"start":{"line":437,"column":25},"end":{"line":437,"column":27}},"149":{"start":{"line":439,"column":8},"end":{"line":439,"column":104}},"150":{"start":{"line":444,"column":8},"end":{"line":447,"column":27}},"151":{"start":{"line":451,"column":41},"end":{"line":473,"column":1}},"152":{"start":{"line":453,"column":8},"end":{"line":454,"column":97}},"153":{"start":{"line":458,"column":51},"end":{"line":458,"column":63}},"154":{"start":{"line":459,"column":25},"end":{"line":459,"column":48}},"155":{"start":{"line":461,"column":21},"end":{"line":461,"column":64}},"156":{"start":{"line":463,"column":25},"end":{"line":463,"column":27}},"157":{"start":{"line":465,"column":8},"end":{"line":465,"column":66}},"158":{"start":{"line":468,"column":8},"end":{"line":471,"column":27}},"159":{"start":{"line":474,"column":37},"end":{"line":496,"column":1}},"160":{"start":{"line":476,"column":8},"end":{"line":477,"column":93}},"161":{"start":{"line":481,"column":51},"end":{"line":481,"column":63}},"162":{"start":{"line":482,"column":25},"end":{"line":482,"column":48}},"163":{"start":{"line":484,"column":24},"end":{"line":484,"column":70}},"164":{"start":{"line":486,"column":25},"end":{"line":486,"column":27}},"165":{"start":{"line":488,"column":8},"end":{"line":488,"column":53}},"166":{"start":{"line":491,"column":8},"end":{"line":494,"column":27}},"167":{"start":{"line":498,"column":36},"end":{"line":537,"column":1}},"168":{"start":{"line":500,"column":8},"end":{"line":501,"column":92}},"169":{"start":{"line":505,"column":51},"end":{"line":505,"column":63}},"170":{"start":{"line":506,"column":25},"end":{"line":506,"column":48}},"171":{"start":{"line":508,"column":25},"end":{"line":508,"column":39}},"172":{"start":{"line":513,"column":8},"end":{"line":513,"column":55}},"173":{"start":{"line":515,"column":8},"end":{"line":528,"column":10}},"174":{"start":{"line":517,"column":29},"end":{"line":517,"column":49}},"175":{"start":{"line":519,"column":31},"end":{"line":519,"column":41}},"176":{"start":{"line":521,"column":16},"end":{"line":523,"column":19}},"177":{"start":{"line":522,"column":20},"end":{"line":522,"column":70}},"178":{"start":{"line":527,"column":16},"end":{"line":527,"column":53}},"179":{"start":{"line":532,"column":8},"end":{"line":535,"column":27}},"180":{"start":{"line":539,"column":31},"end":{"line":599,"column":1}},"181":{"start":{"line":541,"column":8},"end":{"line":542,"column":93}},"182":{"start":{"line":546,"column":55},"end":{"line":546,"column":67}},"183":{"start":{"line":547,"column":29},"end":{"line":547,"column":52}},"184":{"start":{"line":549,"column":25},"end":{"line":549,"column":68}},"185":{"start":{"line":550,"column":28},"end":{"line":550,"column":74}},"186":{"start":{"line":552,"column":29},"end":{"line":552,"column":31}},"187":{"start":{"line":554,"column":30},"end":{"line":554,"column":32}},"188":{"start":{"line":556,"column":12},"end":{"line":565,"column":18}},"189":{"start":{"line":558,"column":33},"end":{"line":558,"column":53}},"190":{"start":{"line":560,"column":20},"end":{"line":560,"column":58}},"191":{"start":{"line":564,"column":20},"end":{"line":564,"column":57}},"192":{"start":{"line":567,"column":12},"end":{"line":589,"column":14}},"193":{"start":{"line":569,"column":29},"end":{"line":569,"column":49}},"194":{"start":{"line":571,"column":31},"end":{"line":571,"column":41}},"195":{"start":{"line":574,"column":16},"end":{"line":578,"column":19}},"196":{"start":{"line":575,"column":20},"end":{"line":577,"column":21}},"197":{"start":{"line":576,"column":24},"end":{"line":576,"column":87}},"198":{"start":{"line":582,"column":16},"end":{"line":584,"column":17}},"199":{"start":{"line":583,"column":20},"end":{"line":583,"column":52}},"200":{"start":{"line":588,"column":16},"end":{"line":588,"column":53}},"201":{"start":{"line":590,"column":12},"end":{"line":592,"column":13}},"202":{"start":{"line":591,"column":16},"end":{"line":591,"column":48}},"203":{"start":{"line":594,"column":8},"end":{"line":597,"column":27}},"204":{"start":{"line":602,"column":28},"end":{"line":678,"column":1}},"205":{"start":{"line":604,"column":8},"end":{"line":605,"column":90}},"206":{"start":{"line":609,"column":55},"end":{"line":609,"column":67}},"207":{"start":{"line":610,"column":29},"end":{"line":610,"column":52}},"208":{"start":{"line":612,"column":25},"end":{"line":612,"column":68}},"209":{"start":{"line":613,"column":28},"end":{"line":613,"column":74}},"210":{"start":{"line":615,"column":29},"end":{"line":615,"column":31}},"211":{"start":{"line":617,"column":30},"end":{"line":617,"column":32}},"212":{"start":{"line":618,"column":28},"end":{"line":618,"column":30}},"213":{"start":{"line":620,"column":12},"end":{"line":629,"column":18}},"214":{"start":{"line":622,"column":33},"end":{"line":622,"column":53}},"215":{"start":{"line":624,"column":20},"end":{"line":624,"column":58}},"216":{"start":{"line":628,"column":20},"end":{"line":628,"column":57}},"217":{"start":{"line":631,"column":12},"end":{"line":654,"column":14}},"218":{"start":{"line":633,"column":29},"end":{"line":633,"column":49}},"219":{"start":{"line":635,"column":31},"end":{"line":635,"column":41}},"220":{"start":{"line":638,"column":16},"end":{"line":643,"column":19}},"221":{"start":{"line":639,"column":20},"end":{"line":642,"column":21}},"222":{"start":{"line":640,"column":24},"end":{"line":640,"column":81}},"223":{"start":{"line":641,"column":24},"end":{"line":641,"column":47}},"224":{"start":{"line":647,"column":16},"end":{"line":649,"column":17}},"225":{"start":{"line":648,"column":20},"end":{"line":648,"column":52}},"226":{"start":{"line":653,"column":16},"end":{"line":653,"column":53}},"227":{"start":{"line":655,"column":12},"end":{"line":667,"column":13}},"228":{"start":{"line":656,"column":16},"end":{"line":665,"column":18}},"229":{"start":{"line":658,"column":37},"end":{"line":658,"column":57}},"230":{"start":{"line":660,"column":44},"end":{"line":660,"column":66}},"231":{"start":{"line":661,"column":24},"end":{"line":661,"column":79}},"232":{"start":{"line":664,"column":20},"end":{"line":664,"column":57}},"233":{"start":{"line":669,"column":12},"end":{"line":671,"column":13}},"234":{"start":{"line":670,"column":16},"end":{"line":670,"column":48}},"235":{"start":{"line":673,"column":8},"end":{"line":676,"column":27}},"236":{"start":{"line":680,"column":26},"end":{"line":693,"column":1}},"237":{"start":{"line":682,"column":8},"end":{"line":683,"column":89}},"238":{"start":{"line":686,"column":28},"end":{"line":686,"column":70}},"239":{"start":{"line":688,"column":8},"end":{"line":691,"column":27}},"240":{"start":{"line":695,"column":35},"end":{"line":708,"column":1}},"241":{"start":{"line":697,"column":8},"end":{"line":699,"column":94}},"242":{"start":{"line":702,"column":28},"end":{"line":702,"column":49}},"243":{"start":{"line":704,"column":8},"end":{"line":706,"column":27}},"244":{"start":{"line":714,"column":30},"end":{"line":727,"column":1}},"245":{"start":{"line":716,"column":8},"end":{"line":717,"column":93}},"246":{"start":{"line":720,"column":28},"end":{"line":720,"column":80}},"247":{"start":{"line":722,"column":8},"end":{"line":725,"column":27}},"248":{"start":{"line":733,"column":35},"end":{"line":742,"column":1}},"249":{"start":{"line":735,"column":8},"end":{"line":735,"column":92}},"250":{"start":{"line":738,"column":8},"end":{"line":738,"column":91}},"251":{"start":{"line":740,"column":8},"end":{"line":740,"column":58}},"252":{"start":{"line":748,"column":31},"end":{"line":761,"column":1}},"253":{"start":{"line":750,"column":8},"end":{"line":750,"column":86}},"254":{"start":{"line":753,"column":27},"end":{"line":753,"column":76}},"255":{"start":{"line":754,"column":28},"end":{"line":754,"column":62}},"256":{"start":{"line":756,"column":8},"end":{"line":759,"column":27}},"257":{"start":{"line":767,"column":21},"end":{"line":780,"column":1}},"258":{"start":{"line":769,"column":8},"end":{"line":769,"column":20}},"259":{"start":{"line":772,"column":28},"end":{"line":772,"column":90}},"260":{"start":{"line":773,"column":8},"end":{"line":773,"column":68}},"261":{"start":{"line":775,"column":8},"end":{"line":778,"column":27}},"262":{"start":{"line":789,"column":0},"end":{"line":813,"column":14}}},"fnMap":{"0":{"name":"(anonymous_0)","decl":{"start":{"line":10,"column":22},"end":{"line":10,"column":23}},"loc":{"start":{"line":10,"column":31},"end":{"line":21,"column":2}},"line":10},"1":{"name":"(anonymous_1)","decl":{"start":{"line":10,"column":43},"end":{"line":10,"column":44}},"loc":{"start":{"line":10,"column":64},"end":{"line":21,"column":1}},"line":10},"2":{"name":"(anonymous_2)","decl":{"start":{"line":12,"column":34},"end":{"line":12,"column":35}},"loc":{"start":{"line":12,"column":48},"end":{"line":19,"column":3}},"line":12},"3":{"name":"(anonymous_3)","decl":{"start":{"line":17,"column":24},"end":{"line":17,"column":25}},"loc":{"start":{"line":17,"column":35},"end":{"line":17,"column":51}},"line":17},"4":{"name":"(anonymous_4)","decl":{"start":{"line":18,"column":23},"end":{"line":18,"column":24}},"loc":{"start":{"line":18,"column":29},"end":{"line":18,"column":51}},"line":18},"5":{"name":"(anonymous_5)","decl":{"start":{"line":20,"column":22},"end":{"line":20,"column":23}},"loc":{"start":{"line":20,"column":31},"end":{"line":20,"column":42}},"line":20},"6":{"name":"(anonymous_6)","decl":{"start":{"line":25,"column":4},"end":{"line":25,"column":5}},"loc":{"start":{"line":25,"column":28},"end":{"line":27,"column":5}},"line":25},"7":{"name":"(anonymous_7)","decl":{"start":{"line":28,"column":4},"end":{"line":28,"column":5}},"loc":{"start":{"line":28,"column":25},"end":{"line":59,"column":5}},"line":28},"8":{"name":"(anonymous_8)","decl":{"start":{"line":62,"column":2},"end":{"line":62,"column":3}},"loc":{"start":{"line":62,"column":26},"end":{"line":72,"column":3}},"line":62},"9":{"name":"(anonymous_9)","decl":{"start":{"line":73,"column":2},"end":{"line":73,"column":3}},"loc":{"start":{"line":73,"column":23},"end":{"line":132,"column":3}},"line":73},"10":{"name":"(anonymous_10)","decl":{"start":{"line":136,"column":2},"end":{"line":136,"column":3}},"loc":{"start":{"line":136,"column":26},"end":{"line":149,"column":3}},"line":136},"11":{"name":"(anonymous_11)","decl":{"start":{"line":150,"column":2},"end":{"line":150,"column":3}},"loc":{"start":{"line":150,"column":23},"end":{"line":221,"column":3}},"line":150},"12":{"name":"(anonymous_12)","decl":{"start":{"line":225,"column":4},"end":{"line":225,"column":5}},"loc":{"start":{"line":225,"column":28},"end":{"line":228,"column":5}},"line":225},"13":{"name":"(anonymous_13)","decl":{"start":{"line":229,"column":4},"end":{"line":229,"column":5}},"loc":{"start":{"line":229,"column":25},"end":{"line":256,"column":5}},"line":229},"14":{"name":"(anonymous_14)","decl":{"start":{"line":260,"column":4},"end":{"line":260,"column":5}},"loc":{"start":{"line":260,"column":28},"end":{"line":263,"column":5}},"line":260},"15":{"name":"(anonymous_15)","decl":{"start":{"line":264,"column":4},"end":{"line":264,"column":5}},"loc":{"start":{"line":264,"column":25},"end":{"line":280,"column":5}},"line":264},"16":{"name":"(anonymous_16)","decl":{"start":{"line":284,"column":4},"end":{"line":284,"column":5}},"loc":{"start":{"line":284,"column":28},"end":{"line":287,"column":5}},"line":284},"17":{"name":"(anonymous_17)","decl":{"start":{"line":288,"column":4},"end":{"line":288,"column":5}},"loc":{"start":{"line":288,"column":31},"end":{"line":342,"column":5}},"line":288},"18":{"name":"(anonymous_18)","decl":{"start":{"line":300,"column":18},"end":{"line":300,"column":19}},"loc":{"start":{"line":300,"column":32},"end":{"line":305,"column":13}},"line":300},"19":{"name":"(anonymous_19)","decl":{"start":{"line":306,"column":19},"end":{"line":306,"column":20}},"loc":{"start":{"line":306,"column":28},"end":{"line":308,"column":13}},"line":306},"20":{"name":"(anonymous_20)","decl":{"start":{"line":311,"column":18},"end":{"line":311,"column":19}},"loc":{"start":{"line":311,"column":32},"end":{"line":330,"column":13}},"line":311},"21":{"name":"(anonymous_21)","decl":{"start":{"line":322,"column":37},"end":{"line":322,"column":38}},"loc":{"start":{"line":322,"column":45},"end":{"line":324,"column":21}},"line":322},"22":{"name":"(anonymous_22)","decl":{"start":{"line":331,"column":19},"end":{"line":331,"column":20}},"loc":{"start":{"line":331,"column":28},"end":{"line":333,"column":13}},"line":331},"23":{"name":"(anonymous_23)","decl":{"start":{"line":345,"column":4},"end":{"line":345,"column":5}},"loc":{"start":{"line":345,"column":28},"end":{"line":348,"column":5}},"line":345},"24":{"name":"(anonymous_24)","decl":{"start":{"line":349,"column":4},"end":{"line":349,"column":5}},"loc":{"start":{"line":349,"column":25},"end":{"line":369,"column":5}},"line":349},"25":{"name":"(anonymous_25)","decl":{"start":{"line":372,"column":4},"end":{"line":372,"column":5}},"loc":{"start":{"line":372,"column":28},"end":{"line":375,"column":5}},"line":372},"26":{"name":"(anonymous_26)","decl":{"start":{"line":376,"column":4},"end":{"line":376,"column":5}},"loc":{"start":{"line":376,"column":25},"end":{"line":395,"column":5}},"line":376},"27":{"name":"(anonymous_27)","decl":{"start":{"line":399,"column":4},"end":{"line":399,"column":5}},"loc":{"start":{"line":399,"column":28},"end":{"line":402,"column":5}},"line":399},"28":{"name":"(anonymous_28)","decl":{"start":{"line":403,"column":4},"end":{"line":403,"column":5}},"loc":{"start":{"line":403,"column":25},"end":{"line":421,"column":5}},"line":403},"29":{"name":"(anonymous_29)","decl":{"start":{"line":424,"column":4},"end":{"line":424,"column":5}},"loc":{"start":{"line":424,"column":28},"end":{"line":427,"column":5}},"line":424},"30":{"name":"(anonymous_30)","decl":{"start":{"line":428,"column":4},"end":{"line":428,"column":5}},"loc":{"start":{"line":428,"column":25},"end":{"line":448,"column":5}},"line":428},"31":{"name":"(anonymous_31)","decl":{"start":{"line":452,"column":4},"end":{"line":452,"column":5}},"loc":{"start":{"line":452,"column":28},"end":{"line":455,"column":5}},"line":452},"32":{"name":"(anonymous_32)","decl":{"start":{"line":456,"column":4},"end":{"line":456,"column":5}},"loc":{"start":{"line":456,"column":25},"end":{"line":472,"column":5}},"line":456},"33":{"name":"(anonymous_33)","decl":{"start":{"line":475,"column":4},"end":{"line":475,"column":5}},"loc":{"start":{"line":475,"column":28},"end":{"line":478,"column":5}},"line":475},"34":{"name":"(anonymous_34)","decl":{"start":{"line":479,"column":4},"end":{"line":479,"column":5}},"loc":{"start":{"line":479,"column":25},"end":{"line":495,"column":5}},"line":479},"35":{"name":"(anonymous_35)","decl":{"start":{"line":499,"column":4},"end":{"line":499,"column":5}},"loc":{"start":{"line":499,"column":28},"end":{"line":502,"column":5}},"line":499},"36":{"name":"(anonymous_36)","decl":{"start":{"line":503,"column":4},"end":{"line":503,"column":5}},"loc":{"start":{"line":503,"column":31},"end":{"line":536,"column":5}},"line":503},"37":{"name":"(anonymous_37)","decl":{"start":{"line":516,"column":18},"end":{"line":516,"column":19}},"loc":{"start":{"line":516,"column":32},"end":{"line":525,"column":13}},"line":516},"38":{"name":"(anonymous_38)","decl":{"start":{"line":521,"column":33},"end":{"line":521,"column":34}},"loc":{"start":{"line":521,"column":43},"end":{"line":523,"column":17}},"line":521},"39":{"name":"(anonymous_39)","decl":{"start":{"line":526,"column":19},"end":{"line":526,"column":20}},"loc":{"start":{"line":526,"column":28},"end":{"line":528,"column":9}},"line":526},"40":{"name":"(anonymous_40)","decl":{"start":{"line":540,"column":4},"end":{"line":540,"column":5}},"loc":{"start":{"line":540,"column":28},"end":{"line":543,"column":5}},"line":540},"41":{"name":"(anonymous_41)","decl":{"start":{"line":544,"column":4},"end":{"line":544,"column":5}},"loc":{"start":{"line":544,"column":31},"end":{"line":598,"column":5}},"line":544},"42":{"name":"(anonymous_42)","decl":{"start":{"line":557,"column":22},"end":{"line":557,"column":23}},"loc":{"start":{"line":557,"column":36},"end":{"line":562,"column":17}},"line":557},"43":{"name":"(anonymous_43)","decl":{"start":{"line":563,"column":23},"end":{"line":563,"column":24}},"loc":{"start":{"line":563,"column":32},"end":{"line":565,"column":17}},"line":563},"44":{"name":"(anonymous_44)","decl":{"start":{"line":568,"column":18},"end":{"line":568,"column":19}},"loc":{"start":{"line":568,"column":32},"end":{"line":586,"column":13}},"line":568},"45":{"name":"(anonymous_45)","decl":{"start":{"line":574,"column":33},"end":{"line":574,"column":34}},"loc":{"start":{"line":574,"column":43},"end":{"line":578,"column":17}},"line":574},"46":{"name":"(anonymous_46)","decl":{"start":{"line":587,"column":19},"end":{"line":587,"column":20}},"loc":{"start":{"line":587,"column":28},"end":{"line":589,"column":13}},"line":587},"47":{"name":"(anonymous_47)","decl":{"start":{"line":603,"column":4},"end":{"line":603,"column":5}},"loc":{"start":{"line":603,"column":28},"end":{"line":606,"column":5}},"line":603},"48":{"name":"(anonymous_48)","decl":{"start":{"line":607,"column":4},"end":{"line":607,"column":5}},"loc":{"start":{"line":607,"column":31},"end":{"line":677,"column":5}},"line":607},"49":{"name":"(anonymous_49)","decl":{"start":{"line":621,"column":22},"end":{"line":621,"column":23}},"loc":{"start":{"line":621,"column":36},"end":{"line":626,"column":17}},"line":621},"50":{"name":"(anonymous_50)","decl":{"start":{"line":627,"column":23},"end":{"line":627,"column":24}},"loc":{"start":{"line":627,"column":32},"end":{"line":629,"column":17}},"line":627},"51":{"name":"(anonymous_51)","decl":{"start":{"line":632,"column":18},"end":{"line":632,"column":19}},"loc":{"start":{"line":632,"column":32},"end":{"line":651,"column":13}},"line":632},"52":{"name":"(anonymous_52)","decl":{"start":{"line":638,"column":33},"end":{"line":638,"column":34}},"loc":{"start":{"line":638,"column":43},"end":{"line":643,"column":17}},"line":638},"53":{"name":"(anonymous_53)","decl":{"start":{"line":652,"column":19},"end":{"line":652,"column":20}},"loc":{"start":{"line":652,"column":28},"end":{"line":654,"column":13}},"line":652},"54":{"name":"(anonymous_54)","decl":{"start":{"line":657,"column":26},"end":{"line":657,"column":27}},"loc":{"start":{"line":657,"column":40},"end":{"line":662,"column":21}},"line":657},"55":{"name":"(anonymous_55)","decl":{"start":{"line":663,"column":23},"end":{"line":663,"column":24}},"loc":{"start":{"line":663,"column":32},"end":{"line":665,"column":17}},"line":663},"56":{"name":"(anonymous_56)","decl":{"start":{"line":681,"column":4},"end":{"line":681,"column":5}},"loc":{"start":{"line":681,"column":28},"end":{"line":684,"column":5}},"line":681},"57":{"name":"(anonymous_57)","decl":{"start":{"line":685,"column":4},"end":{"line":685,"column":5}},"loc":{"start":{"line":685,"column":25},"end":{"line":692,"column":5}},"line":685},"58":{"name":"(anonymous_58)","decl":{"start":{"line":696,"column":4},"end":{"line":696,"column":5}},"loc":{"start":{"line":696,"column":28},"end":{"line":700,"column":5}},"line":696},"59":{"name":"(anonymous_59)","decl":{"start":{"line":701,"column":4},"end":{"line":701,"column":5}},"loc":{"start":{"line":701,"column":25},"end":{"line":707,"column":5}},"line":701},"60":{"name":"(anonymous_60)","decl":{"start":{"line":715,"column":4},"end":{"line":715,"column":5}},"loc":{"start":{"line":715,"column":28},"end":{"line":718,"column":5}},"line":715},"61":{"name":"(anonymous_61)","decl":{"start":{"line":719,"column":4},"end":{"line":719,"column":5}},"loc":{"start":{"line":719,"column":25},"end":{"line":726,"column":5}},"line":719},"62":{"name":"(anonymous_62)","decl":{"start":{"line":734,"column":4},"end":{"line":734,"column":5}},"loc":{"start":{"line":734,"column":28},"end":{"line":736,"column":5}},"line":734},"63":{"name":"(anonymous_63)","decl":{"start":{"line":737,"column":4},"end":{"line":737,"column":5}},"loc":{"start":{"line":737,"column":25},"end":{"line":741,"column":5}},"line":737},"64":{"name":"(anonymous_64)","decl":{"start":{"line":749,"column":4},"end":{"line":749,"column":5}},"loc":{"start":{"line":749,"column":28},"end":{"line":751,"column":5}},"line":749},"65":{"name":"(anonymous_65)","decl":{"start":{"line":752,"column":4},"end":{"line":752,"column":5}},"loc":{"start":{"line":752,"column":25},"end":{"line":760,"column":5}},"line":752},"66":{"name":"(anonymous_66)","decl":{"start":{"line":768,"column":4},"end":{"line":768,"column":5}},"loc":{"start":{"line":768,"column":16},"end":{"line":770,"column":5}},"line":768},"67":{"name":"(anonymous_67)","decl":{"start":{"line":771,"column":4},"end":{"line":771,"column":5}},"loc":{"start":{"line":771,"column":32},"end":{"line":779,"column":5}},"line":771}},"branchMap":{"0":{"loc":{"start":{"line":11,"column":17},"end":{"line":11,"column":77}},"type":"cond-expr","locations":[{"start":{"line":11,"column":43},"end":{"line":11,"column":59}},{"start":{"line":11,"column":62},"end":{"line":11,"column":77}}],"line":11},"1":{"loc":{"start":{"line":13,"column":4},"end":{"line":15,"column":5}},"type":"if","locations":[{"start":{"line":13,"column":4},"end":{"line":15,"column":5}},{"start":{"line":13,"column":4},"end":{"line":15,"column":5}}],"line":13},"2":{"loc":{"start":{"line":13,"column":8},"end":{"line":13,"column":62}},"type":"binary-expr","locations":[{"start":{"line":13,"column":8},"end":{"line":13,"column":33}},{"start":{"line":13,"column":37},"end":{"line":13,"column":62}}],"line":13},"3":{"loc":{"start":{"line":37,"column":4},"end":{"line":47,"column":5}},"type":"if","locations":[{"start":{"line":37,"column":4},"end":{"line":47,"column":5}},{"start":{"line":37,"column":4},"end":{"line":47,"column":5}}],"line":37},"4":{"loc":{"start":{"line":65,"column":6},"end":{"line":70,"column":77}},"type":"binary-expr","locations":[{"start":{"line":65,"column":7},"end":{"line":65,"column":77}},{"start":{"line":66,"column":8},"end":{"line":67,"column":26}},{"start":{"line":68,"column":7},"end":{"line":69,"column":42}},{"start":{"line":70,"column":8},"end":{"line":70,"column":76}}],"line":65},"5":{"loc":{"start":{"line":88,"column":4},"end":{"line":105,"column":5}},"type":"if","locations":[{"start":{"line":88,"column":4},"end":{"line":105,"column":5}},{"start":{"line":88,"column":4},"end":{"line":105,"column":5}}],"line":88},"6":{"loc":{"start":{"line":118,"column":4},"end":{"line":124,"column":7}},"type":"if","locations":[{"start":{"line":118,"column":4},"end":{"line":124,"column":7}},{"start":{"line":118,"column":4},"end":{"line":124,"column":7}}],"line":118},"7":{"loc":{"start":{"line":139,"column":6},"end":{"line":147,"column":75}},"type":"binary-expr","locations":[{"start":{"line":139,"column":7},"end":{"line":139,"column":77}},{"start":{"line":140,"column":8},"end":{"line":141,"column":26}},{"start":{"line":142,"column":7},"end":{"line":143,"column":42}},{"start":{"line":144,"column":8},"end":{"line":144,"column":74}},{"start":{"line":145,"column":7},"end":{"line":146,"column":42}},{"start":{"line":147,"column":8},"end":{"line":147,"column":74}}],"line":139},"8":{"loc":{"start":{"line":156,"column":4},"end":{"line":160,"column":5}},"type":"if","locations":[{"start":{"line":156,"column":4},"end":{"line":160,"column":5}},{"start":{"line":156,"column":4},"end":{"line":160,"column":5}}],"line":156},"9":{"loc":{"start":{"line":156,"column":7},"end":{"line":157,"column":144}},"type":"binary-expr","locations":[{"start":{"line":156,"column":8},"end":{"line":156,"column":69}},{"start":{"line":156,"column":73},"end":{"line":156,"column":149}},{"start":{"line":157,"column":9},"end":{"line":157,"column":73}},{"start":{"line":157,"column":77},"end":{"line":157,"column":143}}],"line":156},"10":{"loc":{"start":{"line":163,"column":4},"end":{"line":169,"column":5}},"type":"if","locations":[{"start":{"line":163,"column":4},"end":{"line":169,"column":5}},{"start":{"line":163,"column":4},"end":{"line":169,"column":5}}],"line":163},"11":{"loc":{"start":{"line":165,"column":6},"end":{"line":165,"column":64}},"type":"if","locations":[{"start":{"line":165,"column":6},"end":{"line":165,"column":64}},{"start":{"line":165,"column":6},"end":{"line":165,"column":64}}],"line":165},"12":{"loc":{"start":{"line":166,"column":6},"end":{"line":166,"column":71}},"type":"if","locations":[{"start":{"line":166,"column":6},"end":{"line":166,"column":71}},{"start":{"line":166,"column":6},"end":{"line":166,"column":71}}],"line":166},"13":{"loc":{"start":{"line":175,"column":4},"end":{"line":204,"column":5}},"type":"if","locations":[{"start":{"line":175,"column":4},"end":{"line":204,"column":5}},{"start":{"line":175,"column":4},"end":{"line":204,"column":5}}],"line":175},"14":{"loc":{"start":{"line":226,"column":15},"end":{"line":227,"column":91}},"type":"binary-expr","locations":[{"start":{"line":226,"column":15},"end":{"line":226,"column":85}},{"start":{"line":227,"column":15},"end":{"line":227,"column":91}}],"line":226},"15":{"loc":{"start":{"line":240,"column":8},"end":{"line":244,"column":9}},"type":"if","locations":[{"start":{"line":240,"column":8},"end":{"line":244,"column":9}},{"start":{"line":240,"column":8},"end":{"line":244,"column":9}}],"line":240},"16":{"loc":{"start":{"line":240,"column":12},"end":{"line":240,"column":61}},"type":"binary-expr","locations":[{"start":{"line":240,"column":12},"end":{"line":240,"column":32}},{"start":{"line":240,"column":36},"end":{"line":240,"column":61}}],"line":240},"17":{"loc":{"start":{"line":261,"column":15},"end":{"line":262,"column":92}},"type":"binary-expr","locations":[{"start":{"line":261,"column":15},"end":{"line":261,"column":85}},{"start":{"line":262,"column":15},"end":{"line":262,"column":92}}],"line":261},"18":{"loc":{"start":{"line":285,"column":15},"end":{"line":286,"column":90}},"type":"binary-expr","locations":[{"start":{"line":285,"column":15},"end":{"line":285,"column":85}},{"start":{"line":286,"column":15},"end":{"line":286,"column":90}}],"line":285},"19":{"loc":{"start":{"line":316,"column":16},"end":{"line":327,"column":17}},"type":"if","locations":[{"start":{"line":316,"column":16},"end":{"line":327,"column":17}},{"start":{"line":316,"column":16},"end":{"line":327,"column":17}}],"line":316},"20":{"loc":{"start":{"line":334,"column":12},"end":{"line":336,"column":13}},"type":"if","locations":[{"start":{"line":334,"column":12},"end":{"line":336,"column":13}},{"start":{"line":334,"column":12},"end":{"line":336,"column":13}}],"line":334},"21":{"loc":{"start":{"line":346,"column":15},"end":{"line":347,"column":87}},"type":"binary-expr","locations":[{"start":{"line":346,"column":15},"end":{"line":346,"column":85}},{"start":{"line":347,"column":15},"end":{"line":347,"column":87}}],"line":346},"22":{"loc":{"start":{"line":373,"column":15},"end":{"line":374,"column":87}},"type":"binary-expr","locations":[{"start":{"line":373,"column":15},"end":{"line":373,"column":85}},{"start":{"line":374,"column":15},"end":{"line":374,"column":87}}],"line":373},"23":{"loc":{"start":{"line":400,"column":15},"end":{"line":401,"column":88}},"type":"binary-expr","locations":[{"start":{"line":400,"column":15},"end":{"line":400,"column":85}},{"start":{"line":401,"column":15},"end":{"line":401,"column":88}}],"line":400},"24":{"loc":{"start":{"line":425,"column":15},"end":{"line":426,"column":91}},"type":"binary-expr","locations":[{"start":{"line":425,"column":15},"end":{"line":425,"column":85}},{"start":{"line":426,"column":15},"end":{"line":426,"column":91}}],"line":425},"25":{"loc":{"start":{"line":453,"column":15},"end":{"line":454,"column":96}},"type":"binary-expr","locations":[{"start":{"line":453,"column":15},"end":{"line":453,"column":85}},{"start":{"line":454,"column":15},"end":{"line":454,"column":96}}],"line":453},"26":{"loc":{"start":{"line":476,"column":15},"end":{"line":477,"column":92}},"type":"binary-expr","locations":[{"start":{"line":476,"column":15},"end":{"line":476,"column":85}},{"start":{"line":477,"column":15},"end":{"line":477,"column":92}}],"line":476},"27":{"loc":{"start":{"line":500,"column":15},"end":{"line":501,"column":91}},"type":"binary-expr","locations":[{"start":{"line":500,"column":15},"end":{"line":500,"column":85}},{"start":{"line":501,"column":15},"end":{"line":501,"column":91}}],"line":500},"28":{"loc":{"start":{"line":541,"column":15},"end":{"line":542,"column":92}},"type":"binary-expr","locations":[{"start":{"line":541,"column":15},"end":{"line":541,"column":85}},{"start":{"line":542,"column":15},"end":{"line":542,"column":92}}],"line":541},"29":{"loc":{"start":{"line":575,"column":20},"end":{"line":577,"column":21}},"type":"if","locations":[{"start":{"line":575,"column":20},"end":{"line":577,"column":21}},{"start":{"line":575,"column":20},"end":{"line":577,"column":21}}],"line":575},"30":{"loc":{"start":{"line":582,"column":16},"end":{"line":584,"column":17}},"type":"if","locations":[{"start":{"line":582,"column":16},"end":{"line":584,"column":17}},{"start":{"line":582,"column":16},"end":{"line":584,"column":17}}],"line":582},"31":{"loc":{"start":{"line":590,"column":12},"end":{"line":592,"column":13}},"type":"if","locations":[{"start":{"line":590,"column":12},"end":{"line":592,"column":13}},{"start":{"line":590,"column":12},"end":{"line":592,"column":13}}],"line":590},"32":{"loc":{"start":{"line":604,"column":15},"end":{"line":605,"column":89}},"type":"binary-expr","locations":[{"start":{"line":604,"column":15},"end":{"line":604,"column":85}},{"start":{"line":605,"column":15},"end":{"line":605,"column":89}}],"line":604},"33":{"loc":{"start":{"line":639,"column":20},"end":{"line":642,"column":21}},"type":"if","locations":[{"start":{"line":639,"column":20},"end":{"line":642,"column":21}},{"start":{"line":639,"column":20},"end":{"line":642,"column":21}}],"line":639},"34":{"loc":{"start":{"line":647,"column":16},"end":{"line":649,"column":17}},"type":"if","locations":[{"start":{"line":647,"column":16},"end":{"line":649,"column":17}},{"start":{"line":647,"column":16},"end":{"line":649,"column":17}}],"line":647},"35":{"loc":{"start":{"line":655,"column":12},"end":{"line":667,"column":13}},"type":"if","locations":[{"start":{"line":655,"column":12},"end":{"line":667,"column":13}},{"start":{"line":655,"column":12},"end":{"line":667,"column":13}}],"line":655},"36":{"loc":{"start":{"line":669,"column":12},"end":{"line":671,"column":13}},"type":"if","locations":[{"start":{"line":669,"column":12},"end":{"line":671,"column":13}},{"start":{"line":669,"column":12},"end":{"line":671,"column":13}}],"line":669},"37":{"loc":{"start":{"line":682,"column":15},"end":{"line":683,"column":88}},"type":"binary-expr","locations":[{"start":{"line":682,"column":15},"end":{"line":682,"column":85}},{"start":{"line":683,"column":15},"end":{"line":683,"column":88}}],"line":682},"38":{"loc":{"start":{"line":697,"column":15},"end":{"line":699,"column":93}},"type":"binary-expr","locations":[{"start":{"line":697,"column":15},"end":{"line":697,"column":85}},{"start":{"line":698,"column":16},"end":{"line":698,"column":91}},{"start":{"line":699,"column":19},"end":{"line":699,"column":92}}],"line":697},"39":{"loc":{"start":{"line":716,"column":15},"end":{"line":717,"column":92}},"type":"binary-expr","locations":[{"start":{"line":716,"column":15},"end":{"line":716,"column":85}},{"start":{"line":717,"column":15},"end":{"line":717,"column":92}}],"line":716}},"s":{"0":1,"1":1,"2":1,"3":1,"4":1,"5":1,"6":1,"7":7,"8":7,"9":7,"10":1,"11":0,"12":1,"13":1,"14":1,"15":1,"16":1,"17":7,"18":6,"19":1,"20":17,"21":1,"22":1,"23":0,"24":0,"25":0,"26":0,"27":0,"28":0,"29":1,"30":16,"31":0,"32":0,"33":0,"34":0,"35":0,"36":0,"37":0,"38":0,"39":0,"40":0,"41":0,"42":0,"43":0,"44":0,"45":0,"46":0,"47":1,"48":16,"49":0,"50":0,"51":0,"52":0,"53":0,"54":0,"55":0,"56":0,"57":0,"58":0,"59":0,"60":0,"61":0,"62":0,"63":0,"64":0,"65":0,"66":0,"67":0,"68":1,"69":13,"70":1,"71":1,"72":1,"73":1,"74":1,"75":1,"76":1,"77":1,"78":0,"79":1,"80":1,"81":12,"82":1,"83":1,"84":1,"85":1,"86":1,"87":1,"88":1,"89":11,"90":1,"91":1,"92":1,"93":1,"94":1,"95":1,"96":0,"97":0,"98":1,"99":1,"100":0,"101":0,"102":0,"103":0,"104":0,"105":0,"106":0,"107":0,"108":1,"109":1,"110":1,"111":1,"112":1,"113":10,"114":1,"115":1,"116":1,"117":1,"118":1,"119":1,"120":1,"121":1,"122":1,"123":9,"124":2,"125":2,"126":2,"127":2,"128":2,"129":2,"130":2,"131":1,"132":7,"133":1,"134":1,"135":1,"136":1,"137":1,"138":1,"139":1,"140":1,"141":1,"142":6,"143":1,"144":1,"145":1,"146":1,"147":1,"148":1,"149":1,"150":1,"151":1,"152":3,"153":1,"154":1,"155":1,"156":1,"157":1,"158":1,"159":1,"160":2,"161":1,"162":1,"163":1,"164":1,"165":1,"166":1,"167":1,"168":1,"169":1,"170":1,"171":1,"172":1,"173":1,"174":1,"175":1,"176":1,"177":2,"178":0,"179":1,"180":1,"181":5,"182":1,"183":1,"184":1,"185":1,"186":1,"187":1,"188":1,"189":0,"190":0,"191":1,"192":1,"193":0,"194":0,"195":0,"196":0,"197":0,"198":0,"199":0,"200":1,"201":1,"202":1,"203":1,"204":1,"205":4,"206":1,"207":1,"208":1,"209":1,"210":1,"211":1,"212":1,"213":1,"214":0,"215":0,"216":1,"217":1,"218":0,"219":0,"220":0,"221":0,"222":0,"223":0,"224":0,"225":0,"226":1,"227":1,"228":0,"229":0,"230":0,"231":0,"232":0,"233":1,"234":1,"235":1,"236":1,"237":16,"238":1,"239":1,"240":1,"241":15,"242":2,"243":2,"244":1,"245":0,"246":0,"247":0,"248":1,"249":0,"250":0,"251":0,"252":1,"253":0,"254":0,"255":0,"256":0,"257":1,"258":1,"259":1,"260":1,"261":1,"262":1},"f":{"0":7,"1":7,"2":1,"3":1,"4":1,"5":6,"6":17,"7":1,"8":16,"9":0,"10":16,"11":0,"12":13,"13":1,"14":12,"15":1,"16":11,"17":1,"18":0,"19":1,"20":0,"21":0,"22":1,"23":10,"24":1,"25":9,"26":2,"27":7,"28":1,"29":6,"30":1,"31":3,"32":1,"33":2,"34":1,"35":1,"36":1,"37":1,"38":2,"39":0,"40":5,"41":1,"42":0,"43":1,"44":0,"45":0,"46":1,"47":4,"48":1,"49":0,"50":1,"51":0,"52":0,"53":1,"54":0,"55":0,"56":16,"57":1,"58":15,"59":2,"60":0,"61":0,"62":0,"63":0,"64":0,"65":0,"66":1,"67":1},"b":{"0":[7,0],"1":[0,1],"2":[1,1],"3":[0,0],"4":[16,16,16,0],"5":[0,0],"6":[0,0],"7":[16,16,16,0,16,0],"8":[0,0],"9":[0,0,0,0],"10":[0,0],"11":[0,0],"12":[0,0],"13":[0,0],"14":[13,13],"15":[1,0],"16":[1,1],"17":[12,12],"18":[11,11],"19":[0,0],"20":[1,0],"21":[10,10],"22":[9,9],"23":[7,7],"24":[6,6],"25":[3,3],"26":[2,2],"27":[1,1],"28":[5,5],"29":[0,0],"30":[0,0],"31":[1,0],"32":[4,4],"33":[0,0],"34":[0,0],"35":[0,1],"36":[1,0],"37":[16,16],"38":[15,15,14],"39":[0,0]},"_coverageSchema":"43e27e138ebf9cfc5966b082cf9a028302ed4184","hash":"5725eaf3f8b7bd908941adaa2e5b70c6ca3de714"}
,"F:\\VirtualArchive\\lambda\\local-debugger.js": {"path":"F:\\VirtualArchive\\lambda\\local-debugger.js","statementMap":{"0":{"start":{"line":25,"column":12},"end":{"line":25,"column":26}},"1":{"start":{"line":26,"column":11},"end":{"line":26,"column":24}},"2":{"start":{"line":28,"column":22},"end":{"line":28,"column":40}},"3":{"start":{"line":30,"column":28},"end":{"line":30,"column":34}},"4":{"start":{"line":31,"column":26},"end":{"line":31,"column":36}},"5":{"start":{"line":32,"column":27},"end":{"line":32,"column":36}},"6":{"start":{"line":33,"column":13},"end":{"line":33,"column":24}},"7":{"start":{"line":34,"column":20},"end":{"line":34,"column":21}},"8":{"start":{"line":42,"column":21},"end":{"line":42,"column":62}},"9":{"start":{"line":43,"column":19},"end":{"line":43,"column":45}},"10":{"start":{"line":44,"column":26},"end":{"line":44,"column":48}},"11":{"start":{"line":50,"column":0},"end":{"line":52,"column":3}},"12":{"start":{"line":51,"column":4},"end":{"line":51,"column":77}},"13":{"start":{"line":63,"column":0},"end":{"line":74,"column":3}},"14":{"start":{"line":64,"column":4},"end":{"line":64,"column":81}},"15":{"start":{"line":65,"column":4},"end":{"line":73,"column":7}},"16":{"start":{"line":66,"column":21},"end":{"line":66,"column":79}},"17":{"start":{"line":67,"column":8},"end":{"line":67,"column":65}},"18":{"start":{"line":68,"column":8},"end":{"line":72,"column":11}},"19":{"start":{"line":69,"column":12},"end":{"line":69,"column":48}},"20":{"start":{"line":70,"column":12},"end":{"line":70,"column":58}},"21":{"start":{"line":71,"column":12},"end":{"line":71,"column":197}},"22":{"start":{"line":82,"column":31},"end":{"line":82,"column":77}},"23":{"start":{"line":83,"column":4},"end":{"line":85,"column":5}},"24":{"start":{"line":84,"column":8},"end":{"line":84,"column":85}},"25":{"start":{"line":86,"column":4},"end":{"line":88,"column":5}},"26":{"start":{"line":87,"column":8},"end":{"line":87,"column":125}},"27":{"start":{"line":89,"column":4},"end":{"line":92,"column":5}},"28":{"start":{"line":90,"column":8},"end":{"line":91,"column":67}},"29":{"start":{"line":93,"column":4},"end":{"line":93,"column":30}},"30":{"start":{"line":102,"column":4},"end":{"line":102,"column":60}},"31":{"start":{"line":112,"column":29},"end":{"line":112,"column":58}},"32":{"start":{"line":113,"column":4},"end":{"line":115,"column":5}},"33":{"start":{"line":114,"column":8},"end":{"line":114,"column":63}},"34":{"start":{"line":116,"column":4},"end":{"line":116,"column":28}},"35":{"start":{"line":126,"column":18},"end":{"line":126,"column":59}},"36":{"start":{"line":127,"column":4},"end":{"line":133,"column":5}},"37":{"start":{"line":128,"column":8},"end":{"line":132,"column":9}},"38":{"start":{"line":129,"column":12},"end":{"line":129,"column":81}},"39":{"start":{"line":131,"column":12},"end":{"line":131,"column":32}},"40":{"start":{"line":134,"column":4},"end":{"line":134,"column":35}}},"fnMap":{"0":{"name":"(anonymous_0)","decl":{"start":{"line":50,"column":39},"end":{"line":50,"column":40}},"loc":{"start":{"line":50,"column":45},"end":{"line":52,"column":1}},"line":50},"1":{"name":"(anonymous_1)","decl":{"start":{"line":63,"column":31},"end":{"line":63,"column":32}},"loc":{"start":{"line":63,"column":43},"end":{"line":74,"column":1}},"line":63},"2":{"name":"(anonymous_2)","decl":{"start":{"line":65,"column":22},"end":{"line":65,"column":23}},"loc":{"start":{"line":65,"column":32},"end":{"line":73,"column":5}},"line":65},"3":{"name":"(anonymous_3)","decl":{"start":{"line":68,"column":52},"end":{"line":68,"column":53}},"loc":{"start":{"line":68,"column":78},"end":{"line":72,"column":9}},"line":68},"4":{"name":"getAndValidatePortNumber","decl":{"start":{"line":81,"column":9},"end":{"line":81,"column":33}},"loc":{"start":{"line":81,"column":36},"end":{"line":94,"column":1}},"line":81},"5":{"name":"getLambdaHandlerName","decl":{"start":{"line":101,"column":9},"end":{"line":101,"column":29}},"loc":{"start":{"line":101,"column":32},"end":{"line":103,"column":1}},"line":101},"6":{"name":"getAndValidateSkillInvokerFile","decl":{"start":{"line":111,"column":9},"end":{"line":111,"column":39}},"loc":{"start":{"line":111,"column":42},"end":{"line":117,"column":1}},"line":111},"7":{"name":"getArgument","decl":{"start":{"line":125,"column":9},"end":{"line":125,"column":20}},"loc":{"start":{"line":125,"column":49},"end":{"line":135,"column":1}},"line":125}},"branchMap":{"0":{"loc":{"start":{"line":83,"column":4},"end":{"line":85,"column":5}},"type":"if","locations":[{"start":{"line":83,"column":4},"end":{"line":85,"column":5}},{"start":{"line":83,"column":4},"end":{"line":85,"column":5}}],"line":83},"1":{"loc":{"start":{"line":86,"column":4},"end":{"line":88,"column":5}},"type":"if","locations":[{"start":{"line":86,"column":4},"end":{"line":88,"column":5}},{"start":{"line":86,"column":4},"end":{"line":88,"column":5}}],"line":86},"2":{"loc":{"start":{"line":86,"column":8},"end":{"line":86,"column":60}},"type":"binary-expr","locations":[{"start":{"line":86,"column":8},"end":{"line":86,"column":30}},{"start":{"line":86,"column":34},"end":{"line":86,"column":60}}],"line":86},"3":{"loc":{"start":{"line":89,"column":4},"end":{"line":92,"column":5}},"type":"if","locations":[{"start":{"line":89,"column":4},"end":{"line":92,"column":5}},{"start":{"line":89,"column":4},"end":{"line":92,"column":5}}],"line":89},"4":{"loc":{"start":{"line":113,"column":4},"end":{"line":115,"column":5}},"type":"if","locations":[{"start":{"line":113,"column":4},"end":{"line":115,"column":5}},{"start":{"line":113,"column":4},"end":{"line":115,"column":5}}],"line":113},"5":{"loc":{"start":{"line":127,"column":4},"end":{"line":133,"column":5}},"type":"if","locations":[{"start":{"line":127,"column":4},"end":{"line":133,"column":5}},{"start":{"line":127,"column":4},"end":{"line":133,"column":5}}],"line":127},"6":{"loc":{"start":{"line":127,"column":8},"end":{"line":127,"column":70}},"type":"binary-expr","locations":[{"start":{"line":127,"column":8},"end":{"line":127,"column":20}},{"start":{"line":127,"column":24},"end":{"line":127,"column":70}}],"line":127},"7":{"loc":{"start":{"line":128,"column":8},"end":{"line":132,"column":9}},"type":"if","locations":[{"start":{"line":128,"column":8},"end":{"line":132,"column":9}},{"start":{"line":128,"column":8},"end":{"line":132,"column":9}}],"line":128}},"s":{"0":0,"1":0,"2":0,"3":0,"4":0,"5":0,"6":0,"7":0,"8":0,"9":0,"10":0,"11":0,"12":0,"13":0,"14":0,"15":0,"16":0,"17":0,"18":0,"19":0,"20":0,"21":0,"22":0,"23":0,"24":0,"25":0,"26":0,"27":0,"28":0,"29":0,"30":0,"31":0,"32":0,"33":0,"34":0,"35":0,"36":0,"37":0,"38":0,"39":0,"40":0},"f":{"0":0,"1":0,"2":0,"3":0,"4":0,"5":0,"6":0,"7":0},"b":{"0":[0,0],"1":[0,0],"2":[0,0],"3":[0,0],"4":[0,0],"5":[0,0],"6":[0,0],"7":[0,0]},"hash":"2782ff1aeef5ebd5555ac2845a550a3d3b0afe54"}
,"F:\\VirtualArchive\\lambda\\util.js": {"path":"F:\\VirtualArchive\\lambda\\util.js","statementMap":{"0":{"start":{"line":1,"column":12},"end":{"line":1,"column":30}},"1":{"start":{"line":3,"column":22},"end":{"line":6,"column":2}},"2":{"start":{"line":8,"column":0},"end":{"line":19,"column":1}},"3":{"start":{"line":10,"column":23},"end":{"line":10,"column":56}},"4":{"start":{"line":11,"column":27},"end":{"line":15,"column":6}},"5":{"start":{"line":16,"column":4},"end":{"line":16,"column":77}},"6":{"start":{"line":17,"column":4},"end":{"line":17,"column":26}}},"fnMap":{"0":{"name":"getS3PreSignedUrl","decl":{"start":{"line":8,"column":44},"end":{"line":8,"column":61}},"loc":{"start":{"line":8,"column":75},"end":{"line":19,"column":1}},"line":8}},"branchMap":{},"s":{"0":0,"1":0,"2":0,"3":0,"4":0,"5":0,"6":0},"f":{"0":0},"b":{},"hash":"ef2bf0d020877c44662af9647e0a2de829b8847c"}
}
