{"F:\\VirtualArchive\\lambda\\index.js": {"path":"F:\\VirtualArchive\\lambda\\index.js","statementMap":{"0":{"start":{"line":1,"column":14},"end":{"line":1,"column":37}},"1":{"start":{"line":2,"column":12},"end":{"line":2,"column":30}},"2":{"start":{"line":3,"column":14},"end":{"line":3,"column":30}},"3":{"start":{"line":4,"column":12},"end":{"line":4,"column":66}},"4":{"start":{"line":5,"column":26},"end":{"line":5,"column":39}},"5":{"start":{"line":6,"column":18},"end":{"line":6,"column":54}},"6":{"start":{"line":7,"column":12},"end":{"line":7,"column":33}},"7":{"start":{"line":11,"column":17},"end":{"line":11,"column":77}},"8":{"start":{"line":12,"column":13},"end":{"line":12,"column":51}},"9":{"start":{"line":14,"column":19},"end":{"line":26,"column":1}},"10":{"start":{"line":15,"column":4},"end":{"line":25,"column":5}},"11":{"start":{"line":16,"column":24},"end":{"line":16,"column":74}},"12":{"start":{"line":18,"column":19},"end":{"line":18,"column":32}},"13":{"start":{"line":20,"column":8},"end":{"line":20,"column":37}},"14":{"start":{"line":24,"column":8},"end":{"line":24,"column":39}},"15":{"start":{"line":28,"column":20},"end":{"line":45,"column":1}},"16":{"start":{"line":29,"column":4},"end":{"line":44,"column":5}},"17":{"start":{"line":30,"column":20},"end":{"line":37,"column":13}},"18":{"start":{"line":38,"column":23},"end":{"line":38,"column":31}},"19":{"start":{"line":40,"column":8},"end":{"line":40,"column":41}},"20":{"start":{"line":43,"column":8},"end":{"line":43,"column":37}},"21":{"start":{"line":47,"column":28},"end":{"line":67,"column":1}},"22":{"start":{"line":48,"column":4},"end":{"line":66,"column":5}},"23":{"start":{"line":49,"column":20},"end":{"line":59,"column":13}},"24":{"start":{"line":60,"column":23},"end":{"line":60,"column":31}},"25":{"start":{"line":62,"column":8},"end":{"line":62,"column":41}},"26":{"start":{"line":65,"column":8},"end":{"line":65,"column":37}},"27":{"start":{"line":69,"column":22},"end":{"line":89,"column":1}},"28":{"start":{"line":70,"column":4},"end":{"line":88,"column":5}},"29":{"start":{"line":71,"column":20},"end":{"line":81,"column":13}},"30":{"start":{"line":82,"column":23},"end":{"line":82,"column":31}},"31":{"start":{"line":84,"column":8},"end":{"line":84,"column":41}},"32":{"start":{"line":87,"column":8},"end":{"line":87,"column":37}},"33":{"start":{"line":91,"column":30},"end":{"line":112,"column":1}},"34":{"start":{"line":92,"column":4},"end":{"line":111,"column":5}},"35":{"start":{"line":93,"column":20},"end":{"line":104,"column":13}},"36":{"start":{"line":105,"column":23},"end":{"line":105,"column":31}},"37":{"start":{"line":107,"column":8},"end":{"line":107,"column":41}},"38":{"start":{"line":109,"column":8},"end":{"line":109,"column":25}},"39":{"start":{"line":110,"column":8},"end":{"line":110,"column":37}},"40":{"start":{"line":114,"column":24},"end":{"line":134,"column":1}},"41":{"start":{"line":115,"column":4},"end":{"line":133,"column":5}},"42":{"start":{"line":116,"column":20},"end":{"line":126,"column":13}},"43":{"start":{"line":127,"column":19},"end":{"line":127,"column":27}},"44":{"start":{"line":129,"column":8},"end":{"line":129,"column":37}},"45":{"start":{"line":132,"column":8},"end":{"line":132,"column":37}},"46":{"start":{"line":135,"column":22},"end":{"line":149,"column":1}},"47":{"start":{"line":136,"column":4},"end":{"line":148,"column":5}},"48":{"start":{"line":138,"column":18},"end":{"line":141,"column":10}},"49":{"start":{"line":142,"column":19},"end":{"line":142,"column":27}},"50":{"start":{"line":144,"column":8},"end":{"line":144,"column":36}},"51":{"start":{"line":147,"column":6},"end":{"line":147,"column":36}},"52":{"start":{"line":151,"column":18},"end":{"line":164,"column":1}},"53":{"start":{"line":152,"column":16},"end":{"line":152,"column":26}},"54":{"start":{"line":153,"column":16},"end":{"line":153,"column":34}},"55":{"start":{"line":154,"column":4},"end":{"line":156,"column":5}},"56":{"start":{"line":155,"column":8},"end":{"line":155,"column":25}},"57":{"start":{"line":157,"column":21},"end":{"line":157,"column":36}},"58":{"start":{"line":158,"column":4},"end":{"line":160,"column":5}},"59":{"start":{"line":159,"column":8},"end":{"line":159,"column":35}},"60":{"start":{"line":162,"column":15},"end":{"line":162,"column":59}},"61":{"start":{"line":163,"column":4},"end":{"line":163,"column":15}},"62":{"start":{"line":166,"column":29},"end":{"line":235,"column":1}},"63":{"start":{"line":168,"column":8},"end":{"line":168,"column":86}},"64":{"start":{"line":175,"column":20},"end":{"line":175,"column":21}},"65":{"start":{"line":176,"column":19},"end":{"line":176,"column":30}},"66":{"start":{"line":178,"column":21},"end":{"line":178,"column":59}},"67":{"start":{"line":180,"column":8},"end":{"line":198,"column":14}},"68":{"start":{"line":182,"column":29},"end":{"line":182,"column":70}},"69":{"start":{"line":183,"column":32},"end":{"line":183,"column":46}},"70":{"start":{"line":186,"column":16},"end":{"line":193,"column":19}},"71":{"start":{"line":189,"column":20},"end":{"line":191,"column":21}},"72":{"start":{"line":190,"column":24},"end":{"line":190,"column":40}},"73":{"start":{"line":197,"column":16},"end":{"line":197,"column":53}},"74":{"start":{"line":200,"column":26},"end":{"line":200,"column":96}},"75":{"start":{"line":201,"column":8},"end":{"line":206,"column":9}},"76":{"start":{"line":202,"column":12},"end":{"line":202,"column":78}},"77":{"start":{"line":204,"column":13},"end":{"line":206,"column":9}},"78":{"start":{"line":205,"column":12},"end":{"line":205,"column":77}},"79":{"start":{"line":209,"column":24},"end":{"line":209,"column":61}},"80":{"start":{"line":212,"column":4},"end":{"line":222,"column":5}},"81":{"start":{"line":218,"column":6},"end":{"line":221,"column":9}},"82":{"start":{"line":224,"column":8},"end":{"line":233,"column":27}},"83":{"start":{"line":238,"column":30},"end":{"line":310,"column":1}},"84":{"start":{"line":241,"column":4},"end":{"line":248,"column":6}},"85":{"start":{"line":251,"column":20},"end":{"line":251,"column":28}},"86":{"start":{"line":252,"column":22},"end":{"line":252,"column":24}},"87":{"start":{"line":255,"column":19},"end":{"line":255,"column":67}},"88":{"start":{"line":256,"column":20},"end":{"line":256,"column":61}},"89":{"start":{"line":257,"column":21},"end":{"line":257,"column":33}},"90":{"start":{"line":262,"column":15},"end":{"line":262,"column":68}},"91":{"start":{"line":263,"column":4},"end":{"line":263,"column":22}},"92":{"start":{"line":265,"column":4},"end":{"line":282,"column":5}},"93":{"start":{"line":271,"column":6},"end":{"line":281,"column":9}},"94":{"start":{"line":284,"column":6},"end":{"line":293,"column":9}},"95":{"start":{"line":295,"column":4},"end":{"line":301,"column":7}},"96":{"start":{"line":296,"column":8},"end":{"line":297,"column":13}},"97":{"start":{"line":298,"column":10},"end":{"line":298,"column":31}},"98":{"start":{"line":300,"column":10},"end":{"line":300,"column":26}},"99":{"start":{"line":303,"column":4},"end":{"line":303,"column":62}},"100":{"start":{"line":305,"column":4},"end":{"line":308,"column":21}},"101":{"start":{"line":313,"column":30},"end":{"line":400,"column":1}},"102":{"start":{"line":316,"column":4},"end":{"line":326,"column":6}},"103":{"start":{"line":329,"column":22},"end":{"line":329,"column":63}},"104":{"start":{"line":333,"column":16},"end":{"line":333,"column":17}},"105":{"start":{"line":334,"column":4},"end":{"line":338,"column":5}},"106":{"start":{"line":337,"column":8},"end":{"line":337,"column":19}},"107":{"start":{"line":340,"column":15},"end":{"line":340,"column":68}},"108":{"start":{"line":341,"column":4},"end":{"line":347,"column":5}},"109":{"start":{"line":342,"column":6},"end":{"line":342,"column":29}},"110":{"start":{"line":343,"column":6},"end":{"line":343,"column":64}},"111":{"start":{"line":343,"column":46},"end":{"line":343,"column":64}},"112":{"start":{"line":344,"column":6},"end":{"line":344,"column":71}},"113":{"start":{"line":344,"column":32},"end":{"line":344,"column":71}},"114":{"start":{"line":346,"column":6},"end":{"line":346,"column":24}},"115":{"start":{"line":349,"column":19},"end":{"line":349,"column":43}},"116":{"start":{"line":350,"column":4},"end":{"line":350,"column":62}},"117":{"start":{"line":353,"column":4},"end":{"line":382,"column":5}},"118":{"start":{"line":358,"column":6},"end":{"line":381,"column":9}},"119":{"start":{"line":383,"column":4},"end":{"line":392,"column":9}},"120":{"start":{"line":394,"column":24},"end":{"line":394,"column":26}},"121":{"start":{"line":395,"column":4},"end":{"line":398,"column":21}},"122":{"start":{"line":403,"column":32},"end":{"line":466,"column":1}},"123":{"start":{"line":405,"column":8},"end":{"line":406,"column":92}},"124":{"start":{"line":412,"column":21},"end":{"line":412,"column":59}},"125":{"start":{"line":413,"column":26},"end":{"line":413,"column":28}},"126":{"start":{"line":414,"column":51},"end":{"line":414,"column":63}},"127":{"start":{"line":415,"column":25},"end":{"line":415,"column":48}},"128":{"start":{"line":417,"column":21},"end":{"line":417,"column":64}},"129":{"start":{"line":418,"column":24},"end":{"line":418,"column":70}},"130":{"start":{"line":419,"column":8},"end":{"line":419,"column":73}},"131":{"start":{"line":421,"column":25},"end":{"line":421,"column":27}},"132":{"start":{"line":422,"column":25},"end":{"line":422,"column":27}},"133":{"start":{"line":424,"column":8},"end":{"line":436,"column":14}},"134":{"start":{"line":426,"column":29},"end":{"line":426,"column":70}},"135":{"start":{"line":428,"column":16},"end":{"line":428,"column":54}},"136":{"start":{"line":434,"column":16},"end":{"line":434,"column":56}},"137":{"start":{"line":435,"column":16},"end":{"line":435,"column":53}},"138":{"start":{"line":438,"column":8},"end":{"line":457,"column":14}},"139":{"start":{"line":442,"column":16},"end":{"line":451,"column":17}},"140":{"start":{"line":443,"column":20},"end":{"line":447,"column":21}},"141":{"start":{"line":444,"column":24},"end":{"line":444,"column":132}},"142":{"start":{"line":446,"column":24},"end":{"line":446,"column":111}},"143":{"start":{"line":450,"column":20},"end":{"line":450,"column":60}},"144":{"start":{"line":456,"column":16},"end":{"line":456,"column":64}},"145":{"start":{"line":461,"column":8},"end":{"line":464,"column":27}},"146":{"start":{"line":469,"column":31},"end":{"line":508,"column":1}},"147":{"start":{"line":471,"column":8},"end":{"line":472,"column":93}},"148":{"start":{"line":479,"column":21},"end":{"line":479,"column":59}},"149":{"start":{"line":480,"column":51},"end":{"line":480,"column":63}},"150":{"start":{"line":481,"column":25},"end":{"line":481,"column":48}},"151":{"start":{"line":483,"column":24},"end":{"line":483,"column":70}},"152":{"start":{"line":485,"column":25},"end":{"line":485,"column":27}},"153":{"start":{"line":487,"column":8},"end":{"line":500,"column":11}},"154":{"start":{"line":490,"column":12},"end":{"line":495,"column":13}},"155":{"start":{"line":491,"column":16},"end":{"line":491,"column":80}},"156":{"start":{"line":494,"column":16},"end":{"line":494,"column":93}},"157":{"start":{"line":499,"column":12},"end":{"line":499,"column":103}},"158":{"start":{"line":503,"column":8},"end":{"line":506,"column":27}},"159":{"start":{"line":510,"column":29},"end":{"line":569,"column":1}},"160":{"start":{"line":512,"column":8},"end":{"line":513,"column":91}},"161":{"start":{"line":517,"column":51},"end":{"line":517,"column":63}},"162":{"start":{"line":518,"column":25},"end":{"line":518,"column":48}},"163":{"start":{"line":520,"column":24},"end":{"line":520,"column":70}},"164":{"start":{"line":522,"column":25},"end":{"line":522,"column":27}},"165":{"start":{"line":524,"column":26},"end":{"line":524,"column":28}},"166":{"start":{"line":526,"column":8},"end":{"line":534,"column":14}},"167":{"start":{"line":528,"column":29},"end":{"line":528,"column":70}},"168":{"start":{"line":530,"column":16},"end":{"line":530,"column":54}},"169":{"start":{"line":533,"column":16},"end":{"line":533,"column":53}},"170":{"start":{"line":536,"column":12},"end":{"line":559,"column":14}},"171":{"start":{"line":538,"column":29},"end":{"line":538,"column":70}},"172":{"start":{"line":540,"column":31},"end":{"line":540,"column":41}},"173":{"start":{"line":542,"column":16},"end":{"line":553,"column":17}},"174":{"start":{"line":543,"column":20},"end":{"line":543,"column":65}},"175":{"start":{"line":546,"column":20},"end":{"line":546,"column":60}},"176":{"start":{"line":548,"column":20},"end":{"line":550,"column":23}},"177":{"start":{"line":549,"column":24},"end":{"line":549,"column":66}},"178":{"start":{"line":552,"column":20},"end":{"line":552,"column":57}},"179":{"start":{"line":558,"column":16},"end":{"line":558,"column":53}},"180":{"start":{"line":560,"column":12},"end":{"line":562,"column":13}},"181":{"start":{"line":561,"column":16},"end":{"line":561,"column":61}},"182":{"start":{"line":564,"column":8},"end":{"line":567,"column":27}},"183":{"start":{"line":572,"column":26},"end":{"line":619,"column":1}},"184":{"start":{"line":574,"column":8},"end":{"line":575,"column":88}},"185":{"start":{"line":579,"column":51},"end":{"line":579,"column":63}},"186":{"start":{"line":580,"column":25},"end":{"line":580,"column":48}},"187":{"start":{"line":582,"column":21},"end":{"line":582,"column":64}},"188":{"start":{"line":583,"column":24},"end":{"line":583,"column":70}},"189":{"start":{"line":584,"column":28},"end":{"line":584,"column":78}},"190":{"start":{"line":586,"column":25},"end":{"line":586,"column":27}},"191":{"start":{"line":587,"column":26},"end":{"line":587,"column":64}},"192":{"start":{"line":588,"column":19},"end":{"line":588,"column":57}},"193":{"start":{"line":590,"column":8},"end":{"line":598,"column":14}},"194":{"start":{"line":592,"column":29},"end":{"line":592,"column":65}},"195":{"start":{"line":597,"column":16},"end":{"line":597,"column":53}},"196":{"start":{"line":599,"column":8},"end":{"line":612,"column":11}},"197":{"start":{"line":602,"column":12},"end":{"line":607,"column":13}},"198":{"start":{"line":603,"column":16},"end":{"line":603,"column":116}},"199":{"start":{"line":606,"column":16},"end":{"line":606,"column":63}},"200":{"start":{"line":611,"column":12},"end":{"line":611,"column":73}},"201":{"start":{"line":614,"column":8},"end":{"line":617,"column":27}},"202":{"start":{"line":620,"column":26},"end":{"line":689,"column":1}},"203":{"start":{"line":622,"column":8},"end":{"line":623,"column":88}},"204":{"start":{"line":627,"column":51},"end":{"line":627,"column":63}},"205":{"start":{"line":628,"column":25},"end":{"line":628,"column":48}},"206":{"start":{"line":630,"column":24},"end":{"line":630,"column":70}},"207":{"start":{"line":631,"column":21},"end":{"line":631,"column":64}},"208":{"start":{"line":633,"column":25},"end":{"line":633,"column":27}},"209":{"start":{"line":634,"column":23},"end":{"line":634,"column":25}},"210":{"start":{"line":635,"column":28},"end":{"line":635,"column":30}},"211":{"start":{"line":637,"column":8},"end":{"line":647,"column":10}},"212":{"start":{"line":639,"column":25},"end":{"line":639,"column":66}},"213":{"start":{"line":641,"column":12},"end":{"line":641,"column":37}},"214":{"start":{"line":645,"column":12},"end":{"line":645,"column":48}},"215":{"start":{"line":649,"column":8},"end":{"line":679,"column":9}},"216":{"start":{"line":650,"column":12},"end":{"line":660,"column":14}},"217":{"start":{"line":652,"column":29},"end":{"line":652,"column":70}},"218":{"start":{"line":654,"column":16},"end":{"line":654,"column":56}},"219":{"start":{"line":655,"column":16},"end":{"line":655,"column":57}},"220":{"start":{"line":658,"column":16},"end":{"line":658,"column":65}},"221":{"start":{"line":664,"column":12},"end":{"line":678,"column":18}},"222":{"start":{"line":667,"column":20},"end":{"line":672,"column":21}},"223":{"start":{"line":668,"column":24},"end":{"line":668,"column":78}},"224":{"start":{"line":671,"column":24},"end":{"line":671,"column":60}},"225":{"start":{"line":676,"column":20},"end":{"line":676,"column":56}},"226":{"start":{"line":684,"column":8},"end":{"line":687,"column":27}},"227":{"start":{"line":691,"column":33},"end":{"line":744,"column":1}},"228":{"start":{"line":693,"column":8},"end":{"line":694,"column":89}},"229":{"start":{"line":698,"column":51},"end":{"line":698,"column":63}},"230":{"start":{"line":699,"column":25},"end":{"line":699,"column":48}},"231":{"start":{"line":701,"column":21},"end":{"line":701,"column":64}},"232":{"start":{"line":702,"column":24},"end":{"line":702,"column":72}},"233":{"start":{"line":703,"column":28},"end":{"line":703,"column":78}},"234":{"start":{"line":704,"column":21},"end":{"line":704,"column":64}},"235":{"start":{"line":705,"column":21},"end":{"line":705,"column":64}},"236":{"start":{"line":706,"column":23},"end":{"line":706,"column":25}},"237":{"start":{"line":707,"column":25},"end":{"line":707,"column":27}},"238":{"start":{"line":709,"column":8},"end":{"line":718,"column":10}},"239":{"start":{"line":711,"column":25},"end":{"line":711,"column":66}},"240":{"start":{"line":713,"column":12},"end":{"line":713,"column":37}},"241":{"start":{"line":717,"column":12},"end":{"line":717,"column":49}},"242":{"start":{"line":720,"column":8},"end":{"line":735,"column":10}},"243":{"start":{"line":722,"column":25},"end":{"line":722,"column":61}},"244":{"start":{"line":724,"column":12},"end":{"line":729,"column":13}},"245":{"start":{"line":725,"column":16},"end":{"line":725,"column":167}},"246":{"start":{"line":728,"column":16},"end":{"line":728,"column":67}},"247":{"start":{"line":734,"column":12},"end":{"line":734,"column":49}},"248":{"start":{"line":739,"column":8},"end":{"line":742,"column":27}},"249":{"start":{"line":745,"column":30},"end":{"line":807,"column":1}},"250":{"start":{"line":747,"column":8},"end":{"line":748,"column":92}},"251":{"start":{"line":752,"column":51},"end":{"line":752,"column":63}},"252":{"start":{"line":753,"column":25},"end":{"line":753,"column":48}},"253":{"start":{"line":755,"column":21},"end":{"line":755,"column":64}},"254":{"start":{"line":756,"column":24},"end":{"line":756,"column":70}},"255":{"start":{"line":757,"column":28},"end":{"line":757,"column":78}},"256":{"start":{"line":758,"column":21},"end":{"line":758,"column":64}},"257":{"start":{"line":759,"column":21},"end":{"line":759,"column":64}},"258":{"start":{"line":761,"column":25},"end":{"line":761,"column":27}},"259":{"start":{"line":762,"column":23},"end":{"line":762,"column":25}},"260":{"start":{"line":763,"column":27},"end":{"line":763,"column":29}},"261":{"start":{"line":764,"column":8},"end":{"line":773,"column":11}},"262":{"start":{"line":766,"column":25},"end":{"line":766,"column":66}},"263":{"start":{"line":768,"column":12},"end":{"line":768,"column":37}},"264":{"start":{"line":772,"column":12},"end":{"line":772,"column":49}},"265":{"start":{"line":775,"column":8},"end":{"line":784,"column":14}},"266":{"start":{"line":777,"column":29},"end":{"line":777,"column":70}},"267":{"start":{"line":779,"column":16},"end":{"line":779,"column":56}},"268":{"start":{"line":783,"column":16},"end":{"line":783,"column":53}},"269":{"start":{"line":786,"column":8},"end":{"line":799,"column":11}},"270":{"start":{"line":789,"column":12},"end":{"line":794,"column":13}},"271":{"start":{"line":790,"column":16},"end":{"line":790,"column":137}},"272":{"start":{"line":793,"column":16},"end":{"line":793,"column":60}},"273":{"start":{"line":798,"column":12},"end":{"line":798,"column":71}},"274":{"start":{"line":802,"column":8},"end":{"line":805,"column":27}},"275":{"start":{"line":809,"column":41},"end":{"line":872,"column":1}},"276":{"start":{"line":811,"column":8},"end":{"line":812,"column":97}},"277":{"start":{"line":816,"column":51},"end":{"line":816,"column":63}},"278":{"start":{"line":817,"column":25},"end":{"line":817,"column":48}},"279":{"start":{"line":819,"column":21},"end":{"line":819,"column":64}},"280":{"start":{"line":821,"column":25},"end":{"line":821,"column":27}},"281":{"start":{"line":822,"column":28},"end":{"line":822,"column":30}},"282":{"start":{"line":823,"column":22},"end":{"line":823,"column":23}},"283":{"start":{"line":824,"column":26},"end":{"line":824,"column":28}},"284":{"start":{"line":825,"column":8},"end":{"line":837,"column":10}},"285":{"start":{"line":827,"column":25},"end":{"line":827,"column":66}},"286":{"start":{"line":829,"column":12},"end":{"line":831,"column":15}},"287":{"start":{"line":830,"column":16},"end":{"line":830,"column":55}},"288":{"start":{"line":836,"column":12},"end":{"line":836,"column":49}},"289":{"start":{"line":839,"column":8},"end":{"line":853,"column":9}},"290":{"start":{"line":840,"column":12},"end":{"line":852,"column":14}},"291":{"start":{"line":842,"column":29},"end":{"line":842,"column":70}},"292":{"start":{"line":844,"column":16},"end":{"line":844,"column":61}},"293":{"start":{"line":845,"column":16},"end":{"line":845,"column":51}},"294":{"start":{"line":847,"column":16},"end":{"line":847,"column":28}},"295":{"start":{"line":851,"column":16},"end":{"line":851,"column":53}},"296":{"start":{"line":854,"column":8},"end":{"line":863,"column":9}},"297":{"start":{"line":855,"column":12},"end":{"line":855,"column":69}},"298":{"start":{"line":857,"column":13},"end":{"line":863,"column":9}},"299":{"start":{"line":858,"column":12},"end":{"line":858,"column":70}},"300":{"start":{"line":859,"column":12},"end":{"line":859,"column":52}},"301":{"start":{"line":862,"column":12},"end":{"line":862,"column":69}},"302":{"start":{"line":867,"column":8},"end":{"line":870,"column":27}},"303":{"start":{"line":876,"column":37},"end":{"line":929,"column":1}},"304":{"start":{"line":878,"column":8},"end":{"line":879,"column":93}},"305":{"start":{"line":883,"column":51},"end":{"line":883,"column":63}},"306":{"start":{"line":884,"column":25},"end":{"line":884,"column":48}},"307":{"start":{"line":886,"column":24},"end":{"line":886,"column":70}},"308":{"start":{"line":888,"column":25},"end":{"line":888,"column":27}},"309":{"start":{"line":889,"column":28},"end":{"line":889,"column":30}},"310":{"start":{"line":892,"column":8},"end":{"line":902,"column":14}},"311":{"start":{"line":894,"column":29},"end":{"line":894,"column":70}},"312":{"start":{"line":896,"column":16},"end":{"line":896,"column":56}},"313":{"start":{"line":900,"column":16},"end":{"line":900,"column":48}},"314":{"start":{"line":901,"column":16},"end":{"line":901,"column":53}},"315":{"start":{"line":906,"column":8},"end":{"line":922,"column":14}},"316":{"start":{"line":909,"column":16},"end":{"line":916,"column":17}},"317":{"start":{"line":912,"column":20},"end":{"line":912,"column":65}},"318":{"start":{"line":915,"column":20},"end":{"line":915,"column":61}},"319":{"start":{"line":920,"column":16},"end":{"line":920,"column":65}},"320":{"start":{"line":921,"column":16},"end":{"line":921,"column":53}},"321":{"start":{"line":924,"column":8},"end":{"line":927,"column":27}},"322":{"start":{"line":932,"column":36},"end":{"line":979,"column":1}},"323":{"start":{"line":934,"column":8},"end":{"line":935,"column":92}},"324":{"start":{"line":939,"column":51},"end":{"line":939,"column":63}},"325":{"start":{"line":940,"column":25},"end":{"line":940,"column":48}},"326":{"start":{"line":942,"column":25},"end":{"line":942,"column":39}},"327":{"start":{"line":948,"column":8},"end":{"line":969,"column":10}},"328":{"start":{"line":950,"column":16},"end":{"line":963,"column":17}},"329":{"start":{"line":951,"column":33},"end":{"line":951,"column":74}},"330":{"start":{"line":954,"column":35},"end":{"line":954,"column":50}},"331":{"start":{"line":956,"column":20},"end":{"line":959,"column":23}},"332":{"start":{"line":958,"column":24},"end":{"line":958,"column":74}},"333":{"start":{"line":962,"column":20},"end":{"line":962,"column":63}},"334":{"start":{"line":968,"column":16},"end":{"line":968,"column":53}},"335":{"start":{"line":974,"column":8},"end":{"line":977,"column":27}},"336":{"start":{"line":981,"column":39},"end":{"line":1040,"column":1}},"337":{"start":{"line":983,"column":8},"end":{"line":984,"column":95}},"338":{"start":{"line":988,"column":51},"end":{"line":988,"column":63}},"339":{"start":{"line":989,"column":25},"end":{"line":989,"column":48}},"340":{"start":{"line":991,"column":25},"end":{"line":991,"column":65}},"341":{"start":{"line":997,"column":31},"end":{"line":997,"column":33}},"342":{"start":{"line":998,"column":8},"end":{"line":1015,"column":14}},"343":{"start":{"line":1000,"column":29},"end":{"line":1000,"column":70}},"344":{"start":{"line":1002,"column":32},"end":{"line":1002,"column":46}},"345":{"start":{"line":1004,"column":16},"end":{"line":1010,"column":19}},"346":{"start":{"line":1005,"column":20},"end":{"line":1008,"column":21}},"347":{"start":{"line":1006,"column":39},"end":{"line":1006,"column":54}},"348":{"start":{"line":1007,"column":24},"end":{"line":1007,"column":53}},"349":{"start":{"line":1014,"column":16},"end":{"line":1014,"column":53}},"350":{"start":{"line":1017,"column":8},"end":{"line":1030,"column":9}},"351":{"start":{"line":1018,"column":12},"end":{"line":1029,"column":14}},"352":{"start":{"line":1020,"column":29},"end":{"line":1020,"column":70}},"353":{"start":{"line":1022,"column":27},"end":{"line":1022,"column":45}},"354":{"start":{"line":1024,"column":16},"end":{"line":1024,"column":53}},"355":{"start":{"line":1028,"column":16},"end":{"line":1028,"column":53}},"356":{"start":{"line":1032,"column":8},"end":{"line":1032,"column":45}},"357":{"start":{"line":1035,"column":8},"end":{"line":1038,"column":27}},"358":{"start":{"line":1042,"column":31},"end":{"line":1082,"column":1}},"359":{"start":{"line":1044,"column":8},"end":{"line":1045,"column":93}},"360":{"start":{"line":1049,"column":51},"end":{"line":1049,"column":63}},"361":{"start":{"line":1050,"column":25},"end":{"line":1050,"column":48}},"362":{"start":{"line":1052,"column":21},"end":{"line":1052,"column":64}},"363":{"start":{"line":1053,"column":24},"end":{"line":1053,"column":70}},"364":{"start":{"line":1055,"column":25},"end":{"line":1055,"column":27}},"365":{"start":{"line":1057,"column":22},"end":{"line":1057,"column":24}},"366":{"start":{"line":1059,"column":8},"end":{"line":1070,"column":14}},"367":{"start":{"line":1061,"column":29},"end":{"line":1061,"column":70}},"368":{"start":{"line":1063,"column":16},"end":{"line":1063,"column":44}},"369":{"start":{"line":1064,"column":16},"end":{"line":1064,"column":69}},"370":{"start":{"line":1068,"column":16},"end":{"line":1068,"column":48}},"371":{"start":{"line":1069,"column":16},"end":{"line":1069,"column":53}},"372":{"start":{"line":1072,"column":8},"end":{"line":1074,"column":9}},"373":{"start":{"line":1073,"column":12},"end":{"line":1073,"column":44}},"374":{"start":{"line":1077,"column":8},"end":{"line":1080,"column":27}},"375":{"start":{"line":1085,"column":28},"end":{"line":1138,"column":1}},"376":{"start":{"line":1087,"column":8},"end":{"line":1088,"column":90}},"377":{"start":{"line":1092,"column":51},"end":{"line":1092,"column":63}},"378":{"start":{"line":1093,"column":25},"end":{"line":1093,"column":48}},"379":{"start":{"line":1095,"column":21},"end":{"line":1095,"column":64}},"380":{"start":{"line":1096,"column":24},"end":{"line":1096,"column":70}},"381":{"start":{"line":1098,"column":25},"end":{"line":1098,"column":27}},"382":{"start":{"line":1100,"column":26},"end":{"line":1100,"column":28}},"383":{"start":{"line":1102,"column":23},"end":{"line":1102,"column":25}},"384":{"start":{"line":1104,"column":8},"end":{"line":1113,"column":10}},"385":{"start":{"line":1106,"column":25},"end":{"line":1106,"column":66}},"386":{"start":{"line":1108,"column":12},"end":{"line":1108,"column":37}},"387":{"start":{"line":1112,"column":12},"end":{"line":1112,"column":49}},"388":{"start":{"line":1115,"column":8},"end":{"line":1126,"column":10}},"389":{"start":{"line":1117,"column":29},"end":{"line":1117,"column":70}},"390":{"start":{"line":1119,"column":37},"end":{"line":1119,"column":67}},"391":{"start":{"line":1120,"column":36},"end":{"line":1120,"column":66}},"392":{"start":{"line":1121,"column":34},"end":{"line":1121,"column":63}},"393":{"start":{"line":1122,"column":16},"end":{"line":1122,"column":125}},"394":{"start":{"line":1125,"column":12},"end":{"line":1125,"column":49}},"395":{"start":{"line":1129,"column":8},"end":{"line":1131,"column":9}},"396":{"start":{"line":1130,"column":12},"end":{"line":1130,"column":44}},"397":{"start":{"line":1133,"column":4},"end":{"line":1136,"column":23}},"398":{"start":{"line":1139,"column":36},"end":{"line":1196,"column":1}},"399":{"start":{"line":1141,"column":8},"end":{"line":1142,"column":92}},"400":{"start":{"line":1146,"column":51},"end":{"line":1146,"column":63}},"401":{"start":{"line":1147,"column":25},"end":{"line":1147,"column":48}},"402":{"start":{"line":1149,"column":21},"end":{"line":1149,"column":64}},"403":{"start":{"line":1150,"column":24},"end":{"line":1150,"column":70}},"404":{"start":{"line":1152,"column":25},"end":{"line":1152,"column":27}},"405":{"start":{"line":1153,"column":28},"end":{"line":1153,"column":30}},"406":{"start":{"line":1154,"column":19},"end":{"line":1154,"column":21}},"407":{"start":{"line":1155,"column":8},"end":{"line":1164,"column":10}},"408":{"start":{"line":1157,"column":25},"end":{"line":1157,"column":66}},"409":{"start":{"line":1159,"column":12},"end":{"line":1159,"column":37}},"410":{"start":{"line":1163,"column":12},"end":{"line":1163,"column":49}},"411":{"start":{"line":1166,"column":8},"end":{"line":1174,"column":10}},"412":{"start":{"line":1168,"column":29},"end":{"line":1168,"column":70}},"413":{"start":{"line":1170,"column":16},"end":{"line":1170,"column":46}},"414":{"start":{"line":1173,"column":12},"end":{"line":1173,"column":49}},"415":{"start":{"line":1176,"column":8},"end":{"line":1190,"column":14}},"416":{"start":{"line":1179,"column":16},"end":{"line":1184,"column":17}},"417":{"start":{"line":1180,"column":20},"end":{"line":1180,"column":81}},"418":{"start":{"line":1183,"column":20},"end":{"line":1183,"column":60}},"419":{"start":{"line":1188,"column":16},"end":{"line":1188,"column":52}},"420":{"start":{"line":1191,"column":8},"end":{"line":1194,"column":27}},"421":{"start":{"line":1197,"column":26},"end":{"line":1210,"column":1}},"422":{"start":{"line":1199,"column":8},"end":{"line":1200,"column":89}},"423":{"start":{"line":1203,"column":28},"end":{"line":1203,"column":70}},"424":{"start":{"line":1205,"column":8},"end":{"line":1208,"column":27}},"425":{"start":{"line":1212,"column":35},"end":{"line":1225,"column":1}},"426":{"start":{"line":1214,"column":8},"end":{"line":1216,"column":94}},"427":{"start":{"line":1219,"column":28},"end":{"line":1219,"column":49}},"428":{"start":{"line":1221,"column":8},"end":{"line":1223,"column":27}},"429":{"start":{"line":1231,"column":30},"end":{"line":1244,"column":1}},"430":{"start":{"line":1233,"column":8},"end":{"line":1234,"column":93}},"431":{"start":{"line":1237,"column":28},"end":{"line":1237,"column":79}},"432":{"start":{"line":1239,"column":8},"end":{"line":1242,"column":27}},"433":{"start":{"line":1250,"column":35},"end":{"line":1259,"column":1}},"434":{"start":{"line":1252,"column":8},"end":{"line":1252,"column":92}},"435":{"start":{"line":1255,"column":8},"end":{"line":1255,"column":91}},"436":{"start":{"line":1257,"column":8},"end":{"line":1257,"column":58}},"437":{"start":{"line":1265,"column":31},"end":{"line":1278,"column":1}},"438":{"start":{"line":1267,"column":8},"end":{"line":1267,"column":86}},"439":{"start":{"line":1270,"column":27},"end":{"line":1270,"column":76}},"440":{"start":{"line":1271,"column":28},"end":{"line":1271,"column":62}},"441":{"start":{"line":1273,"column":8},"end":{"line":1276,"column":27}},"442":{"start":{"line":1284,"column":21},"end":{"line":1297,"column":1}},"443":{"start":{"line":1286,"column":8},"end":{"line":1286,"column":20}},"444":{"start":{"line":1289,"column":28},"end":{"line":1289,"column":90}},"445":{"start":{"line":1290,"column":8},"end":{"line":1290,"column":68}},"446":{"start":{"line":1292,"column":8},"end":{"line":1295,"column":27}},"447":{"start":{"line":1306,"column":0},"end":{"line":1332,"column":14}}},"fnMap":{"0":{"name":"(anonymous_0)","decl":{"start":{"line":14,"column":19},"end":{"line":14,"column":20}},"loc":{"start":{"line":14,"column":42},"end":{"line":26,"column":1}},"line":14},"1":{"name":"(anonymous_1)","decl":{"start":{"line":28,"column":20},"end":{"line":28,"column":21}},"loc":{"start":{"line":28,"column":47},"end":{"line":45,"column":1}},"line":28},"2":{"name":"(anonymous_2)","decl":{"start":{"line":47,"column":28},"end":{"line":47,"column":29}},"loc":{"start":{"line":47,"column":79},"end":{"line":67,"column":1}},"line":47},"3":{"name":"(anonymous_3)","decl":{"start":{"line":69,"column":22},"end":{"line":69,"column":23}},"loc":{"start":{"line":69,"column":76},"end":{"line":89,"column":1}},"line":69},"4":{"name":"(anonymous_4)","decl":{"start":{"line":91,"column":30},"end":{"line":91,"column":31}},"loc":{"start":{"line":91,"column":90},"end":{"line":112,"column":1}},"line":91},"5":{"name":"(anonymous_5)","decl":{"start":{"line":114,"column":24},"end":{"line":114,"column":25}},"loc":{"start":{"line":114,"column":71},"end":{"line":134,"column":1}},"line":114},"6":{"name":"(anonymous_6)","decl":{"start":{"line":135,"column":22},"end":{"line":135,"column":23}},"loc":{"start":{"line":135,"column":37},"end":{"line":149,"column":1}},"line":135},"7":{"name":"(anonymous_7)","decl":{"start":{"line":151,"column":18},"end":{"line":151,"column":19}},"loc":{"start":{"line":151,"column":24},"end":{"line":164,"column":1}},"line":151},"8":{"name":"(anonymous_8)","decl":{"start":{"line":167,"column":4},"end":{"line":167,"column":5}},"loc":{"start":{"line":167,"column":28},"end":{"line":169,"column":5}},"line":167},"9":{"name":"(anonymous_9)","decl":{"start":{"line":170,"column":4},"end":{"line":170,"column":5}},"loc":{"start":{"line":170,"column":31},"end":{"line":234,"column":5}},"line":170},"10":{"name":"(anonymous_10)","decl":{"start":{"line":181,"column":18},"end":{"line":181,"column":19}},"loc":{"start":{"line":181,"column":32},"end":{"line":195,"column":13}},"line":181},"11":{"name":"(anonymous_11)","decl":{"start":{"line":186,"column":34},"end":{"line":186,"column":35}},"loc":{"start":{"line":186,"column":44},"end":{"line":193,"column":17}},"line":186},"12":{"name":"(anonymous_12)","decl":{"start":{"line":196,"column":19},"end":{"line":196,"column":20}},"loc":{"start":{"line":196,"column":28},"end":{"line":198,"column":13}},"line":196},"13":{"name":"(anonymous_13)","decl":{"start":{"line":239,"column":2},"end":{"line":239,"column":3}},"loc":{"start":{"line":239,"column":26},"end":{"line":249,"column":3}},"line":239},"14":{"name":"(anonymous_14)","decl":{"start":{"line":250,"column":2},"end":{"line":250,"column":3}},"loc":{"start":{"line":250,"column":23},"end":{"line":309,"column":3}},"line":250},"15":{"name":"(anonymous_15)","decl":{"start":{"line":314,"column":2},"end":{"line":314,"column":3}},"loc":{"start":{"line":314,"column":26},"end":{"line":327,"column":3}},"line":314},"16":{"name":"(anonymous_16)","decl":{"start":{"line":328,"column":2},"end":{"line":328,"column":3}},"loc":{"start":{"line":328,"column":23},"end":{"line":399,"column":3}},"line":328},"17":{"name":"(anonymous_17)","decl":{"start":{"line":404,"column":4},"end":{"line":404,"column":5}},"loc":{"start":{"line":404,"column":28},"end":{"line":407,"column":5}},"line":404},"18":{"name":"(anonymous_18)","decl":{"start":{"line":408,"column":4},"end":{"line":408,"column":5}},"loc":{"start":{"line":408,"column":31},"end":{"line":465,"column":5}},"line":408},"19":{"name":"(anonymous_19)","decl":{"start":{"line":425,"column":18},"end":{"line":425,"column":19}},"loc":{"start":{"line":425,"column":32},"end":{"line":432,"column":13}},"line":425},"20":{"name":"(anonymous_20)","decl":{"start":{"line":433,"column":19},"end":{"line":433,"column":20}},"loc":{"start":{"line":433,"column":28},"end":{"line":436,"column":13}},"line":433},"21":{"name":"(anonymous_21)","decl":{"start":{"line":440,"column":18},"end":{"line":440,"column":19}},"loc":{"start":{"line":440,"column":32},"end":{"line":453,"column":13}},"line":440},"22":{"name":"(anonymous_22)","decl":{"start":{"line":454,"column":19},"end":{"line":454,"column":20}},"loc":{"start":{"line":454,"column":28},"end":{"line":457,"column":13}},"line":454},"23":{"name":"(anonymous_23)","decl":{"start":{"line":470,"column":4},"end":{"line":470,"column":5}},"loc":{"start":{"line":470,"column":28},"end":{"line":473,"column":5}},"line":470},"24":{"name":"(anonymous_24)","decl":{"start":{"line":474,"column":4},"end":{"line":474,"column":5}},"loc":{"start":{"line":474,"column":31},"end":{"line":507,"column":5}},"line":474},"25":{"name":"(anonymous_25)","decl":{"start":{"line":488,"column":14},"end":{"line":488,"column":15}},"loc":{"start":{"line":488,"column":28},"end":{"line":496,"column":9}},"line":488},"26":{"name":"(anonymous_26)","decl":{"start":{"line":497,"column":15},"end":{"line":497,"column":16}},"loc":{"start":{"line":497,"column":24},"end":{"line":500,"column":9}},"line":497},"27":{"name":"(anonymous_27)","decl":{"start":{"line":511,"column":4},"end":{"line":511,"column":5}},"loc":{"start":{"line":511,"column":28},"end":{"line":514,"column":5}},"line":511},"28":{"name":"(anonymous_28)","decl":{"start":{"line":515,"column":4},"end":{"line":515,"column":5}},"loc":{"start":{"line":515,"column":31},"end":{"line":568,"column":5}},"line":515},"29":{"name":"(anonymous_29)","decl":{"start":{"line":527,"column":18},"end":{"line":527,"column":19}},"loc":{"start":{"line":527,"column":32},"end":{"line":531,"column":13}},"line":527},"30":{"name":"(anonymous_30)","decl":{"start":{"line":532,"column":19},"end":{"line":532,"column":20}},"loc":{"start":{"line":532,"column":28},"end":{"line":534,"column":13}},"line":532},"31":{"name":"(anonymous_31)","decl":{"start":{"line":537,"column":18},"end":{"line":537,"column":19}},"loc":{"start":{"line":537,"column":32},"end":{"line":556,"column":13}},"line":537},"32":{"name":"(anonymous_32)","decl":{"start":{"line":548,"column":37},"end":{"line":548,"column":38}},"loc":{"start":{"line":548,"column":45},"end":{"line":550,"column":21}},"line":548},"33":{"name":"(anonymous_33)","decl":{"start":{"line":557,"column":19},"end":{"line":557,"column":20}},"loc":{"start":{"line":557,"column":28},"end":{"line":559,"column":13}},"line":557},"34":{"name":"(anonymous_34)","decl":{"start":{"line":573,"column":4},"end":{"line":573,"column":5}},"loc":{"start":{"line":573,"column":28},"end":{"line":576,"column":5}},"line":573},"35":{"name":"(anonymous_35)","decl":{"start":{"line":577,"column":4},"end":{"line":577,"column":5}},"loc":{"start":{"line":577,"column":31},"end":{"line":618,"column":5}},"line":577},"36":{"name":"(anonymous_36)","decl":{"start":{"line":591,"column":18},"end":{"line":591,"column":19}},"loc":{"start":{"line":591,"column":32},"end":{"line":595,"column":13}},"line":591},"37":{"name":"(anonymous_37)","decl":{"start":{"line":596,"column":19},"end":{"line":596,"column":20}},"loc":{"start":{"line":596,"column":28},"end":{"line":598,"column":13}},"line":596},"38":{"name":"(anonymous_38)","decl":{"start":{"line":600,"column":14},"end":{"line":600,"column":15}},"loc":{"start":{"line":600,"column":28},"end":{"line":608,"column":9}},"line":600},"39":{"name":"(anonymous_39)","decl":{"start":{"line":609,"column":15},"end":{"line":609,"column":16}},"loc":{"start":{"line":609,"column":24},"end":{"line":612,"column":9}},"line":609},"40":{"name":"(anonymous_40)","decl":{"start":{"line":621,"column":4},"end":{"line":621,"column":5}},"loc":{"start":{"line":621,"column":28},"end":{"line":624,"column":5}},"line":621},"41":{"name":"(anonymous_41)","decl":{"start":{"line":625,"column":4},"end":{"line":625,"column":5}},"loc":{"start":{"line":625,"column":31},"end":{"line":688,"column":5}},"line":625},"42":{"name":"(anonymous_42)","decl":{"start":{"line":638,"column":14},"end":{"line":638,"column":15}},"loc":{"start":{"line":638,"column":28},"end":{"line":643,"column":9}},"line":638},"43":{"name":"(anonymous_43)","decl":{"start":{"line":644,"column":15},"end":{"line":644,"column":16}},"loc":{"start":{"line":644,"column":24},"end":{"line":647,"column":9}},"line":644},"44":{"name":"(anonymous_44)","decl":{"start":{"line":651,"column":18},"end":{"line":651,"column":19}},"loc":{"start":{"line":651,"column":32},"end":{"line":656,"column":13}},"line":651},"45":{"name":"(anonymous_45)","decl":{"start":{"line":657,"column":19},"end":{"line":657,"column":20}},"loc":{"start":{"line":657,"column":28},"end":{"line":660,"column":13}},"line":657},"46":{"name":"(anonymous_46)","decl":{"start":{"line":665,"column":22},"end":{"line":665,"column":23}},"loc":{"start":{"line":665,"column":36},"end":{"line":674,"column":17}},"line":665},"47":{"name":"(anonymous_47)","decl":{"start":{"line":675,"column":23},"end":{"line":675,"column":24}},"loc":{"start":{"line":675,"column":32},"end":{"line":678,"column":17}},"line":675},"48":{"name":"(anonymous_48)","decl":{"start":{"line":692,"column":4},"end":{"line":692,"column":5}},"loc":{"start":{"line":692,"column":28},"end":{"line":695,"column":5}},"line":692},"49":{"name":"(anonymous_49)","decl":{"start":{"line":696,"column":4},"end":{"line":696,"column":5}},"loc":{"start":{"line":696,"column":31},"end":{"line":743,"column":5}},"line":696},"50":{"name":"(anonymous_50)","decl":{"start":{"line":710,"column":14},"end":{"line":710,"column":15}},"loc":{"start":{"line":710,"column":28},"end":{"line":715,"column":9}},"line":710},"51":{"name":"(anonymous_51)","decl":{"start":{"line":716,"column":15},"end":{"line":716,"column":16}},"loc":{"start":{"line":716,"column":24},"end":{"line":718,"column":9}},"line":716},"52":{"name":"(anonymous_52)","decl":{"start":{"line":721,"column":14},"end":{"line":721,"column":15}},"loc":{"start":{"line":721,"column":28},"end":{"line":732,"column":9}},"line":721},"53":{"name":"(anonymous_53)","decl":{"start":{"line":733,"column":15},"end":{"line":733,"column":16}},"loc":{"start":{"line":733,"column":24},"end":{"line":735,"column":9}},"line":733},"54":{"name":"(anonymous_54)","decl":{"start":{"line":746,"column":4},"end":{"line":746,"column":5}},"loc":{"start":{"line":746,"column":28},"end":{"line":749,"column":5}},"line":746},"55":{"name":"(anonymous_55)","decl":{"start":{"line":750,"column":4},"end":{"line":750,"column":5}},"loc":{"start":{"line":750,"column":31},"end":{"line":806,"column":5}},"line":750},"56":{"name":"(anonymous_56)","decl":{"start":{"line":765,"column":14},"end":{"line":765,"column":15}},"loc":{"start":{"line":765,"column":28},"end":{"line":770,"column":9}},"line":765},"57":{"name":"(anonymous_57)","decl":{"start":{"line":771,"column":15},"end":{"line":771,"column":16}},"loc":{"start":{"line":771,"column":24},"end":{"line":773,"column":9}},"line":771},"58":{"name":"(anonymous_58)","decl":{"start":{"line":776,"column":18},"end":{"line":776,"column":19}},"loc":{"start":{"line":776,"column":32},"end":{"line":781,"column":13}},"line":776},"59":{"name":"(anonymous_59)","decl":{"start":{"line":782,"column":19},"end":{"line":782,"column":20}},"loc":{"start":{"line":782,"column":28},"end":{"line":784,"column":13}},"line":782},"60":{"name":"(anonymous_60)","decl":{"start":{"line":787,"column":14},"end":{"line":787,"column":15}},"loc":{"start":{"line":787,"column":28},"end":{"line":795,"column":9}},"line":787},"61":{"name":"(anonymous_61)","decl":{"start":{"line":796,"column":15},"end":{"line":796,"column":16}},"loc":{"start":{"line":796,"column":24},"end":{"line":799,"column":9}},"line":796},"62":{"name":"(anonymous_62)","decl":{"start":{"line":810,"column":4},"end":{"line":810,"column":5}},"loc":{"start":{"line":810,"column":28},"end":{"line":813,"column":5}},"line":810},"63":{"name":"(anonymous_63)","decl":{"start":{"line":814,"column":4},"end":{"line":814,"column":5}},"loc":{"start":{"line":814,"column":31},"end":{"line":871,"column":5}},"line":814},"64":{"name":"(anonymous_64)","decl":{"start":{"line":826,"column":14},"end":{"line":826,"column":15}},"loc":{"start":{"line":826,"column":28},"end":{"line":834,"column":9}},"line":826},"65":{"name":"(anonymous_65)","decl":{"start":{"line":829,"column":31},"end":{"line":829,"column":32}},"loc":{"start":{"line":829,"column":38},"end":{"line":831,"column":13}},"line":829},"66":{"name":"(anonymous_66)","decl":{"start":{"line":835,"column":15},"end":{"line":835,"column":16}},"loc":{"start":{"line":835,"column":24},"end":{"line":837,"column":9}},"line":835},"67":{"name":"(anonymous_67)","decl":{"start":{"line":841,"column":18},"end":{"line":841,"column":19}},"loc":{"start":{"line":841,"column":32},"end":{"line":849,"column":13}},"line":841},"68":{"name":"(anonymous_68)","decl":{"start":{"line":850,"column":19},"end":{"line":850,"column":20}},"loc":{"start":{"line":850,"column":28},"end":{"line":852,"column":13}},"line":850},"69":{"name":"(anonymous_69)","decl":{"start":{"line":877,"column":4},"end":{"line":877,"column":5}},"loc":{"start":{"line":877,"column":28},"end":{"line":880,"column":5}},"line":877},"70":{"name":"(anonymous_70)","decl":{"start":{"line":881,"column":4},"end":{"line":881,"column":5}},"loc":{"start":{"line":881,"column":31},"end":{"line":928,"column":5}},"line":881},"71":{"name":"(anonymous_71)","decl":{"start":{"line":893,"column":18},"end":{"line":893,"column":19}},"loc":{"start":{"line":893,"column":32},"end":{"line":898,"column":13}},"line":893},"72":{"name":"(anonymous_72)","decl":{"start":{"line":899,"column":19},"end":{"line":899,"column":20}},"loc":{"start":{"line":899,"column":28},"end":{"line":902,"column":13}},"line":899},"73":{"name":"(anonymous_73)","decl":{"start":{"line":907,"column":18},"end":{"line":907,"column":19}},"loc":{"start":{"line":907,"column":32},"end":{"line":918,"column":13}},"line":907},"74":{"name":"(anonymous_74)","decl":{"start":{"line":919,"column":19},"end":{"line":919,"column":20}},"loc":{"start":{"line":919,"column":28},"end":{"line":922,"column":13}},"line":919},"75":{"name":"(anonymous_75)","decl":{"start":{"line":933,"column":4},"end":{"line":933,"column":5}},"loc":{"start":{"line":933,"column":28},"end":{"line":936,"column":5}},"line":933},"76":{"name":"(anonymous_76)","decl":{"start":{"line":937,"column":4},"end":{"line":937,"column":5}},"loc":{"start":{"line":937,"column":31},"end":{"line":978,"column":5}},"line":937},"77":{"name":"(anonymous_77)","decl":{"start":{"line":949,"column":18},"end":{"line":949,"column":19}},"loc":{"start":{"line":949,"column":32},"end":{"line":966,"column":13}},"line":949},"78":{"name":"(anonymous_78)","decl":{"start":{"line":956,"column":37},"end":{"line":956,"column":38}},"loc":{"start":{"line":956,"column":47},"end":{"line":959,"column":21}},"line":956},"79":{"name":"(anonymous_79)","decl":{"start":{"line":967,"column":19},"end":{"line":967,"column":20}},"loc":{"start":{"line":967,"column":28},"end":{"line":969,"column":9}},"line":967},"80":{"name":"(anonymous_80)","decl":{"start":{"line":982,"column":4},"end":{"line":982,"column":5}},"loc":{"start":{"line":982,"column":28},"end":{"line":985,"column":5}},"line":982},"81":{"name":"(anonymous_81)","decl":{"start":{"line":986,"column":4},"end":{"line":986,"column":5}},"loc":{"start":{"line":986,"column":31},"end":{"line":1039,"column":5}},"line":986},"82":{"name":"(anonymous_82)","decl":{"start":{"line":999,"column":18},"end":{"line":999,"column":19}},"loc":{"start":{"line":999,"column":32},"end":{"line":1012,"column":13}},"line":999},"83":{"name":"(anonymous_83)","decl":{"start":{"line":1004,"column":34},"end":{"line":1004,"column":35}},"loc":{"start":{"line":1004,"column":43},"end":{"line":1010,"column":17}},"line":1004},"84":{"name":"(anonymous_84)","decl":{"start":{"line":1013,"column":19},"end":{"line":1013,"column":20}},"loc":{"start":{"line":1013,"column":28},"end":{"line":1015,"column":13}},"line":1013},"85":{"name":"(anonymous_85)","decl":{"start":{"line":1019,"column":18},"end":{"line":1019,"column":19}},"loc":{"start":{"line":1019,"column":32},"end":{"line":1026,"column":13}},"line":1019},"86":{"name":"(anonymous_86)","decl":{"start":{"line":1027,"column":19},"end":{"line":1027,"column":20}},"loc":{"start":{"line":1027,"column":28},"end":{"line":1029,"column":13}},"line":1027},"87":{"name":"(anonymous_87)","decl":{"start":{"line":1043,"column":4},"end":{"line":1043,"column":5}},"loc":{"start":{"line":1043,"column":28},"end":{"line":1046,"column":5}},"line":1043},"88":{"name":"(anonymous_88)","decl":{"start":{"line":1047,"column":4},"end":{"line":1047,"column":5}},"loc":{"start":{"line":1047,"column":31},"end":{"line":1081,"column":5}},"line":1047},"89":{"name":"(anonymous_89)","decl":{"start":{"line":1060,"column":18},"end":{"line":1060,"column":19}},"loc":{"start":{"line":1060,"column":32},"end":{"line":1066,"column":13}},"line":1060},"90":{"name":"(anonymous_90)","decl":{"start":{"line":1067,"column":19},"end":{"line":1067,"column":20}},"loc":{"start":{"line":1067,"column":28},"end":{"line":1070,"column":13}},"line":1067},"91":{"name":"(anonymous_91)","decl":{"start":{"line":1086,"column":4},"end":{"line":1086,"column":5}},"loc":{"start":{"line":1086,"column":28},"end":{"line":1089,"column":5}},"line":1086},"92":{"name":"(anonymous_92)","decl":{"start":{"line":1090,"column":4},"end":{"line":1090,"column":5}},"loc":{"start":{"line":1090,"column":31},"end":{"line":1137,"column":5}},"line":1090},"93":{"name":"(anonymous_93)","decl":{"start":{"line":1105,"column":14},"end":{"line":1105,"column":15}},"loc":{"start":{"line":1105,"column":28},"end":{"line":1110,"column":9}},"line":1105},"94":{"name":"(anonymous_94)","decl":{"start":{"line":1111,"column":15},"end":{"line":1111,"column":16}},"loc":{"start":{"line":1111,"column":24},"end":{"line":1113,"column":9}},"line":1111},"95":{"name":"(anonymous_95)","decl":{"start":{"line":1116,"column":18},"end":{"line":1116,"column":19}},"loc":{"start":{"line":1116,"column":32},"end":{"line":1123,"column":13}},"line":1116},"96":{"name":"(anonymous_96)","decl":{"start":{"line":1124,"column":15},"end":{"line":1124,"column":16}},"loc":{"start":{"line":1124,"column":24},"end":{"line":1126,"column":9}},"line":1124},"97":{"name":"(anonymous_97)","decl":{"start":{"line":1140,"column":4},"end":{"line":1140,"column":5}},"loc":{"start":{"line":1140,"column":28},"end":{"line":1143,"column":5}},"line":1140},"98":{"name":"(anonymous_98)","decl":{"start":{"line":1144,"column":4},"end":{"line":1144,"column":5}},"loc":{"start":{"line":1144,"column":31},"end":{"line":1195,"column":5}},"line":1144},"99":{"name":"(anonymous_99)","decl":{"start":{"line":1156,"column":14},"end":{"line":1156,"column":15}},"loc":{"start":{"line":1156,"column":28},"end":{"line":1161,"column":9}},"line":1156},"100":{"name":"(anonymous_100)","decl":{"start":{"line":1162,"column":15},"end":{"line":1162,"column":16}},"loc":{"start":{"line":1162,"column":24},"end":{"line":1164,"column":9}},"line":1162},"101":{"name":"(anonymous_101)","decl":{"start":{"line":1167,"column":18},"end":{"line":1167,"column":19}},"loc":{"start":{"line":1167,"column":32},"end":{"line":1171,"column":13}},"line":1167},"102":{"name":"(anonymous_102)","decl":{"start":{"line":1172,"column":15},"end":{"line":1172,"column":16}},"loc":{"start":{"line":1172,"column":24},"end":{"line":1174,"column":9}},"line":1172},"103":{"name":"(anonymous_103)","decl":{"start":{"line":1177,"column":18},"end":{"line":1177,"column":19}},"loc":{"start":{"line":1177,"column":32},"end":{"line":1186,"column":13}},"line":1177},"104":{"name":"(anonymous_104)","decl":{"start":{"line":1187,"column":19},"end":{"line":1187,"column":20}},"loc":{"start":{"line":1187,"column":28},"end":{"line":1190,"column":13}},"line":1187},"105":{"name":"(anonymous_105)","decl":{"start":{"line":1198,"column":4},"end":{"line":1198,"column":5}},"loc":{"start":{"line":1198,"column":28},"end":{"line":1201,"column":5}},"line":1198},"106":{"name":"(anonymous_106)","decl":{"start":{"line":1202,"column":4},"end":{"line":1202,"column":5}},"loc":{"start":{"line":1202,"column":25},"end":{"line":1209,"column":5}},"line":1202},"107":{"name":"(anonymous_107)","decl":{"start":{"line":1213,"column":4},"end":{"line":1213,"column":5}},"loc":{"start":{"line":1213,"column":28},"end":{"line":1217,"column":5}},"line":1213},"108":{"name":"(anonymous_108)","decl":{"start":{"line":1218,"column":4},"end":{"line":1218,"column":5}},"loc":{"start":{"line":1218,"column":25},"end":{"line":1224,"column":5}},"line":1218},"109":{"name":"(anonymous_109)","decl":{"start":{"line":1232,"column":4},"end":{"line":1232,"column":5}},"loc":{"start":{"line":1232,"column":28},"end":{"line":1235,"column":5}},"line":1232},"110":{"name":"(anonymous_110)","decl":{"start":{"line":1236,"column":4},"end":{"line":1236,"column":5}},"loc":{"start":{"line":1236,"column":25},"end":{"line":1243,"column":5}},"line":1236},"111":{"name":"(anonymous_111)","decl":{"start":{"line":1251,"column":4},"end":{"line":1251,"column":5}},"loc":{"start":{"line":1251,"column":28},"end":{"line":1253,"column":5}},"line":1251},"112":{"name":"(anonymous_112)","decl":{"start":{"line":1254,"column":4},"end":{"line":1254,"column":5}},"loc":{"start":{"line":1254,"column":25},"end":{"line":1258,"column":5}},"line":1254},"113":{"name":"(anonymous_113)","decl":{"start":{"line":1266,"column":4},"end":{"line":1266,"column":5}},"loc":{"start":{"line":1266,"column":28},"end":{"line":1268,"column":5}},"line":1266},"114":{"name":"(anonymous_114)","decl":{"start":{"line":1269,"column":4},"end":{"line":1269,"column":5}},"loc":{"start":{"line":1269,"column":25},"end":{"line":1277,"column":5}},"line":1269},"115":{"name":"(anonymous_115)","decl":{"start":{"line":1285,"column":4},"end":{"line":1285,"column":5}},"loc":{"start":{"line":1285,"column":16},"end":{"line":1287,"column":5}},"line":1285},"116":{"name":"(anonymous_116)","decl":{"start":{"line":1288,"column":4},"end":{"line":1288,"column":5}},"loc":{"start":{"line":1288,"column":32},"end":{"line":1296,"column":5}},"line":1288}},"branchMap":{"0":{"loc":{"start":{"line":154,"column":4},"end":{"line":156,"column":5}},"type":"if","locations":[{"start":{"line":154,"column":4},"end":{"line":156,"column":5}},{"start":{"line":154,"column":4},"end":{"line":156,"column":5}}],"line":154},"1":{"loc":{"start":{"line":158,"column":4},"end":{"line":160,"column":5}},"type":"if","locations":[{"start":{"line":158,"column":4},"end":{"line":160,"column":5}},{"start":{"line":158,"column":4},"end":{"line":160,"column":5}}],"line":158},"2":{"loc":{"start":{"line":189,"column":20},"end":{"line":191,"column":21}},"type":"if","locations":[{"start":{"line":189,"column":20},"end":{"line":191,"column":21}},{"start":{"line":189,"column":20},"end":{"line":191,"column":21}}],"line":189},"3":{"loc":{"start":{"line":201,"column":8},"end":{"line":206,"column":9}},"type":"if","locations":[{"start":{"line":201,"column":8},"end":{"line":206,"column":9}},{"start":{"line":201,"column":8},"end":{"line":206,"column":9}}],"line":201},"4":{"loc":{"start":{"line":204,"column":13},"end":{"line":206,"column":9}},"type":"if","locations":[{"start":{"line":204,"column":13},"end":{"line":206,"column":9}},{"start":{"line":204,"column":13},"end":{"line":206,"column":9}}],"line":204},"5":{"loc":{"start":{"line":212,"column":4},"end":{"line":222,"column":5}},"type":"if","locations":[{"start":{"line":212,"column":4},"end":{"line":222,"column":5}},{"start":{"line":212,"column":4},"end":{"line":222,"column":5}}],"line":212},"6":{"loc":{"start":{"line":242,"column":6},"end":{"line":247,"column":77}},"type":"binary-expr","locations":[{"start":{"line":242,"column":7},"end":{"line":242,"column":77}},{"start":{"line":243,"column":8},"end":{"line":244,"column":26}},{"start":{"line":245,"column":7},"end":{"line":246,"column":42}},{"start":{"line":247,"column":8},"end":{"line":247,"column":76}}],"line":242},"7":{"loc":{"start":{"line":265,"column":4},"end":{"line":282,"column":5}},"type":"if","locations":[{"start":{"line":265,"column":4},"end":{"line":282,"column":5}},{"start":{"line":265,"column":4},"end":{"line":282,"column":5}}],"line":265},"8":{"loc":{"start":{"line":295,"column":4},"end":{"line":301,"column":7}},"type":"if","locations":[{"start":{"line":295,"column":4},"end":{"line":301,"column":7}},{"start":{"line":295,"column":4},"end":{"line":301,"column":7}}],"line":295},"9":{"loc":{"start":{"line":317,"column":6},"end":{"line":325,"column":75}},"type":"binary-expr","locations":[{"start":{"line":317,"column":7},"end":{"line":317,"column":77}},{"start":{"line":318,"column":8},"end":{"line":319,"column":26}},{"start":{"line":320,"column":7},"end":{"line":321,"column":42}},{"start":{"line":322,"column":8},"end":{"line":322,"column":74}},{"start":{"line":323,"column":7},"end":{"line":324,"column":42}},{"start":{"line":325,"column":8},"end":{"line":325,"column":74}}],"line":317},"10":{"loc":{"start":{"line":334,"column":4},"end":{"line":338,"column":5}},"type":"if","locations":[{"start":{"line":334,"column":4},"end":{"line":338,"column":5}},{"start":{"line":334,"column":4},"end":{"line":338,"column":5}}],"line":334},"11":{"loc":{"start":{"line":334,"column":7},"end":{"line":335,"column":144}},"type":"binary-expr","locations":[{"start":{"line":334,"column":8},"end":{"line":334,"column":69}},{"start":{"line":334,"column":73},"end":{"line":334,"column":149}},{"start":{"line":335,"column":9},"end":{"line":335,"column":73}},{"start":{"line":335,"column":77},"end":{"line":335,"column":143}}],"line":334},"12":{"loc":{"start":{"line":341,"column":4},"end":{"line":347,"column":5}},"type":"if","locations":[{"start":{"line":341,"column":4},"end":{"line":347,"column":5}},{"start":{"line":341,"column":4},"end":{"line":347,"column":5}}],"line":341},"13":{"loc":{"start":{"line":343,"column":6},"end":{"line":343,"column":64}},"type":"if","locations":[{"start":{"line":343,"column":6},"end":{"line":343,"column":64}},{"start":{"line":343,"column":6},"end":{"line":343,"column":64}}],"line":343},"14":{"loc":{"start":{"line":344,"column":6},"end":{"line":344,"column":71}},"type":"if","locations":[{"start":{"line":344,"column":6},"end":{"line":344,"column":71}},{"start":{"line":344,"column":6},"end":{"line":344,"column":71}}],"line":344},"15":{"loc":{"start":{"line":353,"column":4},"end":{"line":382,"column":5}},"type":"if","locations":[{"start":{"line":353,"column":4},"end":{"line":382,"column":5}},{"start":{"line":353,"column":4},"end":{"line":382,"column":5}}],"line":353},"16":{"loc":{"start":{"line":405,"column":15},"end":{"line":406,"column":91}},"type":"binary-expr","locations":[{"start":{"line":405,"column":15},"end":{"line":405,"column":85}},{"start":{"line":406,"column":15},"end":{"line":406,"column":91}}],"line":405},"17":{"loc":{"start":{"line":442,"column":16},"end":{"line":451,"column":17}},"type":"if","locations":[{"start":{"line":442,"column":16},"end":{"line":451,"column":17}},{"start":{"line":442,"column":16},"end":{"line":451,"column":17}}],"line":442},"18":{"loc":{"start":{"line":443,"column":20},"end":{"line":447,"column":21}},"type":"if","locations":[{"start":{"line":443,"column":20},"end":{"line":447,"column":21}},{"start":{"line":443,"column":20},"end":{"line":447,"column":21}}],"line":443},"19":{"loc":{"start":{"line":443,"column":24},"end":{"line":443,"column":73}},"type":"binary-expr","locations":[{"start":{"line":443,"column":24},"end":{"line":443,"column":44}},{"start":{"line":443,"column":48},"end":{"line":443,"column":73}}],"line":443},"20":{"loc":{"start":{"line":471,"column":15},"end":{"line":472,"column":92}},"type":"binary-expr","locations":[{"start":{"line":471,"column":15},"end":{"line":471,"column":85}},{"start":{"line":472,"column":15},"end":{"line":472,"column":92}}],"line":471},"21":{"loc":{"start":{"line":490,"column":12},"end":{"line":495,"column":13}},"type":"if","locations":[{"start":{"line":490,"column":12},"end":{"line":495,"column":13}},{"start":{"line":490,"column":12},"end":{"line":495,"column":13}}],"line":490},"22":{"loc":{"start":{"line":512,"column":15},"end":{"line":513,"column":90}},"type":"binary-expr","locations":[{"start":{"line":512,"column":15},"end":{"line":512,"column":85}},{"start":{"line":513,"column":15},"end":{"line":513,"column":90}}],"line":512},"23":{"loc":{"start":{"line":542,"column":16},"end":{"line":553,"column":17}},"type":"if","locations":[{"start":{"line":542,"column":16},"end":{"line":553,"column":17}},{"start":{"line":542,"column":16},"end":{"line":553,"column":17}}],"line":542},"24":{"loc":{"start":{"line":560,"column":12},"end":{"line":562,"column":13}},"type":"if","locations":[{"start":{"line":560,"column":12},"end":{"line":562,"column":13}},{"start":{"line":560,"column":12},"end":{"line":562,"column":13}}],"line":560},"25":{"loc":{"start":{"line":574,"column":15},"end":{"line":575,"column":87}},"type":"binary-expr","locations":[{"start":{"line":574,"column":15},"end":{"line":574,"column":85}},{"start":{"line":575,"column":15},"end":{"line":575,"column":87}}],"line":574},"26":{"loc":{"start":{"line":602,"column":12},"end":{"line":607,"column":13}},"type":"if","locations":[{"start":{"line":602,"column":12},"end":{"line":607,"column":13}},{"start":{"line":602,"column":12},"end":{"line":607,"column":13}}],"line":602},"27":{"loc":{"start":{"line":622,"column":15},"end":{"line":623,"column":87}},"type":"binary-expr","locations":[{"start":{"line":622,"column":15},"end":{"line":622,"column":85}},{"start":{"line":623,"column":15},"end":{"line":623,"column":87}}],"line":622},"28":{"loc":{"start":{"line":649,"column":8},"end":{"line":679,"column":9}},"type":"if","locations":[{"start":{"line":649,"column":8},"end":{"line":679,"column":9}},{"start":{"line":649,"column":8},"end":{"line":679,"column":9}}],"line":649},"29":{"loc":{"start":{"line":667,"column":20},"end":{"line":672,"column":21}},"type":"if","locations":[{"start":{"line":667,"column":20},"end":{"line":672,"column":21}},{"start":{"line":667,"column":20},"end":{"line":672,"column":21}}],"line":667},"30":{"loc":{"start":{"line":693,"column":15},"end":{"line":694,"column":88}},"type":"binary-expr","locations":[{"start":{"line":693,"column":15},"end":{"line":693,"column":85}},{"start":{"line":694,"column":15},"end":{"line":694,"column":88}}],"line":693},"31":{"loc":{"start":{"line":724,"column":12},"end":{"line":729,"column":13}},"type":"if","locations":[{"start":{"line":724,"column":12},"end":{"line":729,"column":13}},{"start":{"line":724,"column":12},"end":{"line":729,"column":13}}],"line":724},"32":{"loc":{"start":{"line":747,"column":15},"end":{"line":748,"column":91}},"type":"binary-expr","locations":[{"start":{"line":747,"column":15},"end":{"line":747,"column":85}},{"start":{"line":748,"column":15},"end":{"line":748,"column":91}}],"line":747},"33":{"loc":{"start":{"line":789,"column":12},"end":{"line":794,"column":13}},"type":"if","locations":[{"start":{"line":789,"column":12},"end":{"line":794,"column":13}},{"start":{"line":789,"column":12},"end":{"line":794,"column":13}}],"line":789},"34":{"loc":{"start":{"line":811,"column":15},"end":{"line":812,"column":96}},"type":"binary-expr","locations":[{"start":{"line":811,"column":15},"end":{"line":811,"column":85}},{"start":{"line":812,"column":15},"end":{"line":812,"column":96}}],"line":811},"35":{"loc":{"start":{"line":854,"column":8},"end":{"line":863,"column":9}},"type":"if","locations":[{"start":{"line":854,"column":8},"end":{"line":863,"column":9}},{"start":{"line":854,"column":8},"end":{"line":863,"column":9}}],"line":854},"36":{"loc":{"start":{"line":857,"column":13},"end":{"line":863,"column":9}},"type":"if","locations":[{"start":{"line":857,"column":13},"end":{"line":863,"column":9}},{"start":{"line":857,"column":13},"end":{"line":863,"column":9}}],"line":857},"37":{"loc":{"start":{"line":878,"column":15},"end":{"line":879,"column":92}},"type":"binary-expr","locations":[{"start":{"line":878,"column":15},"end":{"line":878,"column":85}},{"start":{"line":879,"column":15},"end":{"line":879,"column":92}}],"line":878},"38":{"loc":{"start":{"line":909,"column":16},"end":{"line":916,"column":17}},"type":"if","locations":[{"start":{"line":909,"column":16},"end":{"line":916,"column":17}},{"start":{"line":909,"column":16},"end":{"line":916,"column":17}}],"line":909},"39":{"loc":{"start":{"line":934,"column":15},"end":{"line":935,"column":91}},"type":"binary-expr","locations":[{"start":{"line":934,"column":15},"end":{"line":934,"column":85}},{"start":{"line":935,"column":15},"end":{"line":935,"column":91}}],"line":934},"40":{"loc":{"start":{"line":950,"column":16},"end":{"line":963,"column":17}},"type":"if","locations":[{"start":{"line":950,"column":16},"end":{"line":963,"column":17}},{"start":{"line":950,"column":16},"end":{"line":963,"column":17}}],"line":950},"41":{"loc":{"start":{"line":983,"column":15},"end":{"line":984,"column":94}},"type":"binary-expr","locations":[{"start":{"line":983,"column":15},"end":{"line":983,"column":85}},{"start":{"line":984,"column":15},"end":{"line":984,"column":94}}],"line":983},"42":{"loc":{"start":{"line":1005,"column":20},"end":{"line":1008,"column":21}},"type":"if","locations":[{"start":{"line":1005,"column":20},"end":{"line":1008,"column":21}},{"start":{"line":1005,"column":20},"end":{"line":1008,"column":21}}],"line":1005},"43":{"loc":{"start":{"line":1044,"column":15},"end":{"line":1045,"column":92}},"type":"binary-expr","locations":[{"start":{"line":1044,"column":15},"end":{"line":1044,"column":85}},{"start":{"line":1045,"column":15},"end":{"line":1045,"column":92}}],"line":1044},"44":{"loc":{"start":{"line":1072,"column":8},"end":{"line":1074,"column":9}},"type":"if","locations":[{"start":{"line":1072,"column":8},"end":{"line":1074,"column":9}},{"start":{"line":1072,"column":8},"end":{"line":1074,"column":9}}],"line":1072},"45":{"loc":{"start":{"line":1087,"column":15},"end":{"line":1088,"column":89}},"type":"binary-expr","locations":[{"start":{"line":1087,"column":15},"end":{"line":1087,"column":85}},{"start":{"line":1088,"column":15},"end":{"line":1088,"column":89}}],"line":1087},"46":{"loc":{"start":{"line":1129,"column":8},"end":{"line":1131,"column":9}},"type":"if","locations":[{"start":{"line":1129,"column":8},"end":{"line":1131,"column":9}},{"start":{"line":1129,"column":8},"end":{"line":1131,"column":9}}],"line":1129},"47":{"loc":{"start":{"line":1141,"column":15},"end":{"line":1142,"column":91}},"type":"binary-expr","locations":[{"start":{"line":1141,"column":15},"end":{"line":1141,"column":85}},{"start":{"line":1142,"column":15},"end":{"line":1142,"column":91}}],"line":1141},"48":{"loc":{"start":{"line":1179,"column":16},"end":{"line":1184,"column":17}},"type":"if","locations":[{"start":{"line":1179,"column":16},"end":{"line":1184,"column":17}},{"start":{"line":1179,"column":16},"end":{"line":1184,"column":17}}],"line":1179},"49":{"loc":{"start":{"line":1199,"column":15},"end":{"line":1200,"column":88}},"type":"binary-expr","locations":[{"start":{"line":1199,"column":15},"end":{"line":1199,"column":85}},{"start":{"line":1200,"column":15},"end":{"line":1200,"column":88}}],"line":1199},"50":{"loc":{"start":{"line":1214,"column":15},"end":{"line":1216,"column":93}},"type":"binary-expr","locations":[{"start":{"line":1214,"column":15},"end":{"line":1214,"column":85}},{"start":{"line":1215,"column":16},"end":{"line":1215,"column":91}},{"start":{"line":1216,"column":19},"end":{"line":1216,"column":92}}],"line":1214},"51":{"loc":{"start":{"line":1233,"column":15},"end":{"line":1234,"column":92}},"type":"binary-expr","locations":[{"start":{"line":1233,"column":15},"end":{"line":1233,"column":85}},{"start":{"line":1234,"column":15},"end":{"line":1234,"column":92}}],"line":1233}},"s":{"0":1,"1":1,"2":1,"3":1,"4":1,"5":1,"6":1,"7":1,"8":1,"9":1,"10":7,"11":7,"12":7,"13":7,"14":0,"15":1,"16":0,"17":0,"18":0,"19":0,"20":0,"21":1,"22":1,"23":1,"24":1,"25":1,"26":0,"27":1,"28":0,"29":0,"30":0,"31":0,"32":0,"33":1,"34":1,"35":1,"36":1,"37":1,"38":0,"39":0,"40":1,"41":0,"42":0,"43":0,"44":0,"45":0,"46":1,"47":1,"48":1,"49":1,"50":1,"51":0,"52":1,"53":0,"54":0,"55":0,"56":0,"57":0,"58":0,"59":0,"60":0,"61":0,"62":1,"63":4,"64":0,"65":0,"66":0,"67":0,"68":0,"69":0,"70":0,"71":0,"72":0,"73":0,"74":0,"75":0,"76":0,"77":0,"78":0,"79":0,"80":0,"81":0,"82":0,"83":1,"84":4,"85":0,"86":0,"87":0,"88":0,"89":0,"90":0,"91":0,"92":0,"93":0,"94":0,"95":0,"96":0,"97":0,"98":0,"99":0,"100":0,"101":1,"102":4,"103":0,"104":0,"105":0,"106":0,"107":0,"108":0,"109":0,"110":0,"111":0,"112":0,"113":0,"114":0,"115":0,"116":0,"117":0,"118":0,"119":0,"120":0,"121":0,"122":1,"123":4,"124":0,"125":0,"126":0,"127":0,"128":0,"129":0,"130":0,"131":0,"132":0,"133":0,"134":0,"135":0,"136":0,"137":0,"138":0,"139":0,"140":0,"141":0,"142":0,"143":0,"144":0,"145":0,"146":1,"147":4,"148":0,"149":0,"150":0,"151":0,"152":0,"153":0,"154":0,"155":0,"156":0,"157":0,"158":0,"159":1,"160":4,"161":0,"162":0,"163":0,"164":0,"165":0,"166":0,"167":0,"168":0,"169":0,"170":0,"171":0,"172":0,"173":0,"174":0,"175":0,"176":0,"177":0,"178":0,"179":0,"180":0,"181":0,"182":0,"183":1,"184":4,"185":0,"186":0,"187":0,"188":0,"189":0,"190":0,"191":0,"192":0,"193":0,"194":0,"195":0,"196":0,"197":0,"198":0,"199":0,"200":0,"201":0,"202":1,"203":4,"204":0,"205":0,"206":0,"207":0,"208":0,"209":0,"210":0,"211":0,"212":0,"213":0,"214":0,"215":0,"216":0,"217":0,"218":0,"219":0,"220":0,"221":0,"222":0,"223":0,"224":0,"225":0,"226":0,"227":1,"228":4,"229":1,"230":1,"231":1,"232":1,"233":1,"234":1,"235":1,"236":1,"237":1,"238":1,"239":1,"240":1,"241":0,"242":1,"243":1,"244":1,"245":1,"246":0,"247":0,"248":1,"249":1,"250":3,"251":1,"252":1,"253":1,"254":1,"255":1,"256":1,"257":1,"258":1,"259":1,"260":1,"261":1,"262":1,"263":1,"264":0,"265":1,"266":1,"267":1,"268":0,"269":1,"270":1,"271":1,"272":0,"273":0,"274":1,"275":1,"276":1,"277":0,"278":0,"279":0,"280":0,"281":0,"282":0,"283":0,"284":0,"285":0,"286":0,"287":0,"288":0,"289":0,"290":0,"291":0,"292":0,"293":0,"294":0,"295":0,"296":0,"297":0,"298":0,"299":0,"300":0,"301":0,"302":0,"303":1,"304":1,"305":0,"306":0,"307":0,"308":0,"309":0,"310":0,"311":0,"312":0,"313":0,"314":0,"315":0,"316":0,"317":0,"318":0,"319":0,"320":0,"321":0,"322":1,"323":1,"324":0,"325":0,"326":0,"327":0,"328":0,"329":0,"330":0,"331":0,"332":0,"333":0,"334":0,"335":0,"336":1,"337":1,"338":0,"339":0,"340":0,"341":0,"342":0,"343":0,"344":0,"345":0,"346":0,"347":0,"348":0,"349":0,"350":0,"351":0,"352":0,"353":0,"354":0,"355":0,"356":0,"357":0,"358":1,"359":2,"360":0,"361":0,"362":0,"363":0,"364":0,"365":0,"366":0,"367":0,"368":0,"369":0,"370":0,"371":0,"372":0,"373":0,"374":0,"375":1,"376":2,"377":1,"378":1,"379":1,"380":1,"381":1,"382":1,"383":1,"384":1,"385":1,"386":1,"387":0,"388":1,"389":1,"390":1,"391":1,"392":1,"393":1,"394":0,"395":1,"396":0,"397":1,"398":1,"399":1,"400":1,"401":1,"402":1,"403":1,"404":1,"405":1,"406":1,"407":1,"408":1,"409":1,"410":0,"411":1,"412":1,"413":1,"414":0,"415":1,"416":1,"417":1,"418":0,"419":0,"420":1,"421":1,"422":4,"423":0,"424":0,"425":1,"426":4,"427":0,"428":0,"429":1,"430":0,"431":0,"432":0,"433":1,"434":0,"435":0,"436":0,"437":1,"438":0,"439":0,"440":0,"441":0,"442":1,"443":0,"444":0,"445":0,"446":0,"447":1},"f":{"0":7,"1":0,"2":1,"3":0,"4":1,"5":0,"6":1,"7":0,"8":4,"9":0,"10":0,"11":0,"12":0,"13":4,"14":0,"15":4,"16":0,"17":4,"18":0,"19":0,"20":0,"21":0,"22":0,"23":4,"24":0,"25":0,"26":0,"27":4,"28":0,"29":0,"30":0,"31":0,"32":0,"33":0,"34":4,"35":0,"36":0,"37":0,"38":0,"39":0,"40":4,"41":0,"42":0,"43":0,"44":0,"45":0,"46":0,"47":0,"48":4,"49":1,"50":1,"51":0,"52":1,"53":0,"54":3,"55":1,"56":1,"57":0,"58":1,"59":0,"60":1,"61":0,"62":1,"63":0,"64":0,"65":0,"66":0,"67":0,"68":0,"69":1,"70":0,"71":0,"72":0,"73":0,"74":0,"75":1,"76":0,"77":0,"78":0,"79":0,"80":1,"81":0,"82":0,"83":0,"84":0,"85":0,"86":0,"87":2,"88":0,"89":0,"90":0,"91":2,"92":1,"93":1,"94":0,"95":1,"96":0,"97":1,"98":1,"99":1,"100":0,"101":1,"102":0,"103":1,"104":0,"105":4,"106":0,"107":4,"108":0,"109":0,"110":0,"111":0,"112":0,"113":0,"114":0,"115":0,"116":0},"b":{"0":[0,0],"1":[0,0],"2":[0,0],"3":[0,0],"4":[0,0],"5":[0,0],"6":[4,4,4,0],"7":[0,0],"8":[0,0],"9":[4,4,4,0,4,0],"10":[0,0],"11":[0,0,0,0],"12":[0,0],"13":[0,0],"14":[0,0],"15":[0,0],"16":[4,4],"17":[0,0],"18":[0,0],"19":[0,0],"20":[4,4],"21":[0,0],"22":[4,4],"23":[0,0],"24":[0,0],"25":[4,4],"26":[0,0],"27":[4,4],"28":[0,0],"29":[0,0],"30":[4,4],"31":[1,0],"32":[3,3],"33":[1,0],"34":[1,1],"35":[0,0],"36":[0,0],"37":[1,1],"38":[0,0],"39":[1,1],"40":[0,0],"41":[1,1],"42":[0,0],"43":[2,2],"44":[0,0],"45":[2,2],"46":[0,1],"47":[1,1],"48":[1,0],"49":[4,4],"50":[4,4,4],"51":[0,0]},"_coverageSchema":"43e27e138ebf9cfc5966b082cf9a028302ed4184","hash":"ec31cbd7cf31372ddcdbf9648c9c2b1e7136172f"}
,"F:\\VirtualArchive\\lambda\\local-debugger.js": {"path":"F:\\VirtualArchive\\lambda\\local-debugger.js","statementMap":{"0":{"start":{"line":25,"column":12},"end":{"line":25,"column":26}},"1":{"start":{"line":26,"column":11},"end":{"line":26,"column":24}},"2":{"start":{"line":28,"column":22},"end":{"line":28,"column":40}},"3":{"start":{"line":30,"column":28},"end":{"line":30,"column":34}},"4":{"start":{"line":31,"column":26},"end":{"line":31,"column":36}},"5":{"start":{"line":32,"column":27},"end":{"line":32,"column":36}},"6":{"start":{"line":33,"column":13},"end":{"line":33,"column":24}},"7":{"start":{"line":34,"column":20},"end":{"line":34,"column":21}},"8":{"start":{"line":42,"column":21},"end":{"line":42,"column":62}},"9":{"start":{"line":43,"column":19},"end":{"line":43,"column":45}},"10":{"start":{"line":44,"column":26},"end":{"line":44,"column":48}},"11":{"start":{"line":50,"column":0},"end":{"line":52,"column":3}},"12":{"start":{"line":51,"column":4},"end":{"line":51,"column":77}},"13":{"start":{"line":63,"column":0},"end":{"line":74,"column":3}},"14":{"start":{"line":64,"column":4},"end":{"line":64,"column":81}},"15":{"start":{"line":65,"column":4},"end":{"line":73,"column":7}},"16":{"start":{"line":66,"column":21},"end":{"line":66,"column":79}},"17":{"start":{"line":67,"column":8},"end":{"line":67,"column":65}},"18":{"start":{"line":68,"column":8},"end":{"line":72,"column":11}},"19":{"start":{"line":69,"column":12},"end":{"line":69,"column":48}},"20":{"start":{"line":70,"column":12},"end":{"line":70,"column":58}},"21":{"start":{"line":71,"column":12},"end":{"line":71,"column":197}},"22":{"start":{"line":82,"column":31},"end":{"line":82,"column":77}},"23":{"start":{"line":83,"column":4},"end":{"line":85,"column":5}},"24":{"start":{"line":84,"column":8},"end":{"line":84,"column":85}},"25":{"start":{"line":86,"column":4},"end":{"line":88,"column":5}},"26":{"start":{"line":87,"column":8},"end":{"line":87,"column":125}},"27":{"start":{"line":89,"column":4},"end":{"line":92,"column":5}},"28":{"start":{"line":90,"column":8},"end":{"line":91,"column":67}},"29":{"start":{"line":93,"column":4},"end":{"line":93,"column":30}},"30":{"start":{"line":102,"column":4},"end":{"line":102,"column":60}},"31":{"start":{"line":112,"column":29},"end":{"line":112,"column":58}},"32":{"start":{"line":113,"column":4},"end":{"line":115,"column":5}},"33":{"start":{"line":114,"column":8},"end":{"line":114,"column":63}},"34":{"start":{"line":116,"column":4},"end":{"line":116,"column":28}},"35":{"start":{"line":126,"column":18},"end":{"line":126,"column":59}},"36":{"start":{"line":127,"column":4},"end":{"line":133,"column":5}},"37":{"start":{"line":128,"column":8},"end":{"line":132,"column":9}},"38":{"start":{"line":129,"column":12},"end":{"line":129,"column":81}},"39":{"start":{"line":131,"column":12},"end":{"line":131,"column":32}},"40":{"start":{"line":134,"column":4},"end":{"line":134,"column":35}}},"fnMap":{"0":{"name":"(anonymous_0)","decl":{"start":{"line":50,"column":39},"end":{"line":50,"column":40}},"loc":{"start":{"line":50,"column":45},"end":{"line":52,"column":1}},"line":50},"1":{"name":"(anonymous_1)","decl":{"start":{"line":63,"column":31},"end":{"line":63,"column":32}},"loc":{"start":{"line":63,"column":43},"end":{"line":74,"column":1}},"line":63},"2":{"name":"(anonymous_2)","decl":{"start":{"line":65,"column":22},"end":{"line":65,"column":23}},"loc":{"start":{"line":65,"column":32},"end":{"line":73,"column":5}},"line":65},"3":{"name":"(anonymous_3)","decl":{"start":{"line":68,"column":52},"end":{"line":68,"column":53}},"loc":{"start":{"line":68,"column":78},"end":{"line":72,"column":9}},"line":68},"4":{"name":"getAndValidatePortNumber","decl":{"start":{"line":81,"column":9},"end":{"line":81,"column":33}},"loc":{"start":{"line":81,"column":36},"end":{"line":94,"column":1}},"line":81},"5":{"name":"getLambdaHandlerName","decl":{"start":{"line":101,"column":9},"end":{"line":101,"column":29}},"loc":{"start":{"line":101,"column":32},"end":{"line":103,"column":1}},"line":101},"6":{"name":"getAndValidateSkillInvokerFile","decl":{"start":{"line":111,"column":9},"end":{"line":111,"column":39}},"loc":{"start":{"line":111,"column":42},"end":{"line":117,"column":1}},"line":111},"7":{"name":"getArgument","decl":{"start":{"line":125,"column":9},"end":{"line":125,"column":20}},"loc":{"start":{"line":125,"column":49},"end":{"line":135,"column":1}},"line":125}},"branchMap":{"0":{"loc":{"start":{"line":83,"column":4},"end":{"line":85,"column":5}},"type":"if","locations":[{"start":{"line":83,"column":4},"end":{"line":85,"column":5}},{"start":{"line":83,"column":4},"end":{"line":85,"column":5}}],"line":83},"1":{"loc":{"start":{"line":86,"column":4},"end":{"line":88,"column":5}},"type":"if","locations":[{"start":{"line":86,"column":4},"end":{"line":88,"column":5}},{"start":{"line":86,"column":4},"end":{"line":88,"column":5}}],"line":86},"2":{"loc":{"start":{"line":86,"column":8},"end":{"line":86,"column":60}},"type":"binary-expr","locations":[{"start":{"line":86,"column":8},"end":{"line":86,"column":30}},{"start":{"line":86,"column":34},"end":{"line":86,"column":60}}],"line":86},"3":{"loc":{"start":{"line":89,"column":4},"end":{"line":92,"column":5}},"type":"if","locations":[{"start":{"line":89,"column":4},"end":{"line":92,"column":5}},{"start":{"line":89,"column":4},"end":{"line":92,"column":5}}],"line":89},"4":{"loc":{"start":{"line":113,"column":4},"end":{"line":115,"column":5}},"type":"if","locations":[{"start":{"line":113,"column":4},"end":{"line":115,"column":5}},{"start":{"line":113,"column":4},"end":{"line":115,"column":5}}],"line":113},"5":{"loc":{"start":{"line":127,"column":4},"end":{"line":133,"column":5}},"type":"if","locations":[{"start":{"line":127,"column":4},"end":{"line":133,"column":5}},{"start":{"line":127,"column":4},"end":{"line":133,"column":5}}],"line":127},"6":{"loc":{"start":{"line":127,"column":8},"end":{"line":127,"column":70}},"type":"binary-expr","locations":[{"start":{"line":127,"column":8},"end":{"line":127,"column":20}},{"start":{"line":127,"column":24},"end":{"line":127,"column":70}}],"line":127},"7":{"loc":{"start":{"line":128,"column":8},"end":{"line":132,"column":9}},"type":"if","locations":[{"start":{"line":128,"column":8},"end":{"line":132,"column":9}},{"start":{"line":128,"column":8},"end":{"line":132,"column":9}}],"line":128}},"s":{"0":0,"1":0,"2":0,"3":0,"4":0,"5":0,"6":0,"7":0,"8":0,"9":0,"10":0,"11":0,"12":0,"13":0,"14":0,"15":0,"16":0,"17":0,"18":0,"19":0,"20":0,"21":0,"22":0,"23":0,"24":0,"25":0,"26":0,"27":0,"28":0,"29":0,"30":0,"31":0,"32":0,"33":0,"34":0,"35":0,"36":0,"37":0,"38":0,"39":0,"40":0},"f":{"0":0,"1":0,"2":0,"3":0,"4":0,"5":0,"6":0,"7":0},"b":{"0":[0,0],"1":[0,0],"2":[0,0],"3":[0,0],"4":[0,0],"5":[0,0],"6":[0,0],"7":[0,0]},"hash":"2782ff1aeef5ebd5555ac2845a550a3d3b0afe54"}
,"F:\\VirtualArchive\\lambda\\util.js": {"path":"F:\\VirtualArchive\\lambda\\util.js","statementMap":{"0":{"start":{"line":1,"column":12},"end":{"line":1,"column":30}},"1":{"start":{"line":3,"column":22},"end":{"line":6,"column":2}},"2":{"start":{"line":8,"column":0},"end":{"line":19,"column":1}},"3":{"start":{"line":10,"column":23},"end":{"line":10,"column":56}},"4":{"start":{"line":11,"column":27},"end":{"line":15,"column":6}},"5":{"start":{"line":16,"column":4},"end":{"line":16,"column":77}},"6":{"start":{"line":17,"column":4},"end":{"line":17,"column":26}}},"fnMap":{"0":{"name":"getS3PreSignedUrl","decl":{"start":{"line":8,"column":44},"end":{"line":8,"column":61}},"loc":{"start":{"line":8,"column":75},"end":{"line":19,"column":1}},"line":8}},"branchMap":{},"s":{"0":0,"1":0,"2":0,"3":0,"4":0,"5":0,"6":0},"f":{"0":0},"b":{},"hash":"ef2bf0d020877c44662af9647e0a2de829b8847c"}
,"F:\\VirtualArchive\\lambda\\api\\api-get-data.js": {"path":"F:\\VirtualArchive\\lambda\\api\\api-get-data.js","statementMap":{},"fnMap":{},"branchMap":{},"s":{},"f":{},"b":{},"hash":"c93add74f1d1e55973af1d2bbb6d2a229e7f8c09"}
,"F:\\VirtualArchive\\lambda\\api\\api-post-data.js": {"path":"F:\\VirtualArchive\\lambda\\api\\api-post-data.js","statementMap":{},"fnMap":{},"branchMap":{},"s":{},"f":{},"b":{},"hash":"334050e54e890b3acefa8349ff3b2521db09104d"}
}
