TN:
SF:F:\VirtualArchive\lambda\api-data.js
FN:1,(anonymous_0)
FN:1,(anonymous_1)
FN:3,(anonymous_2)
FN:8,(anonymous_3)
FN:9,(anonymous_4)
FN:11,(anonymous_5)
FNF:6
FNH:0
FNDA:0,(anonymous_0)
FNDA:0,(anonymous_1)
FNDA:0,(anonymous_2)
FNDA:0,(anonymous_3)
FNDA:0,(anonymous_4)
FNDA:0,(anonymous_5)
DA:1,0
DA:2,0
DA:3,0
DA:4,0
DA:5,0
DA:7,0
DA:8,0
DA:9,0
DA:11,0
LF:9
LH:0
BRDA:2,0,0,0
BRDA:2,0,1,0
BRDA:4,1,0,0
BRDA:4,1,1,0
BRDA:4,2,0,0
BRDA:4,2,1,0
BRF:6
BRH:0
end_of_record
TN:
SF:F:\VirtualArchive\lambda\index.js
FN:10,(anonymous_0)
FN:10,(anonymous_1)
FN:12,(anonymous_2)
FN:17,(anonymous_3)
FN:18,(anonymous_4)
FN:20,(anonymous_5)
FN:25,(anonymous_6)
FN:28,(anonymous_7)
FN:39,(anonymous_8)
FN:44,(anonymous_9)
FN:54,(anonymous_10)
FN:95,(anonymous_11)
FN:106,(anonymous_12)
FN:169,(anonymous_13)
FN:183,(anonymous_14)
FN:258,(anonymous_15)
FN:262,(anonymous_16)
FN:293,(anonymous_17)
FN:297,(anonymous_18)
FN:317,(anonymous_19)
FN:321,(anonymous_20)
FN:333,(anonymous_21)
FN:338,(anonymous_22)
FN:343,(anonymous_23)
FN:354,(anonymous_24)
FN:363,(anonymous_25)
FN:377,(anonymous_26)
FN:381,(anonymous_27)
FN:404,(anonymous_28)
FN:408,(anonymous_29)
FN:431,(anonymous_30)
FN:435,(anonymous_31)
FN:456,(anonymous_32)
FN:460,(anonymous_33)
FN:484,(anonymous_34)
FN:488,(anonymous_35)
FN:507,(anonymous_36)
FN:511,(anonymous_37)
FN:531,(anonymous_38)
FN:535,(anonymous_39)
FN:547,(anonymous_40)
FN:552,(anonymous_41)
FN:557,(anonymous_42)
FN:571,(anonymous_43)
FN:575,(anonymous_44)
FN:587,(anonymous_45)
FN:592,(anonymous_46)
FN:599,(anonymous_47)
FN:613,(anonymous_48)
FN:617,(anonymous_49)
FN:630,(anonymous_50)
FN:636,(anonymous_51)
FN:641,(anonymous_52)
FN:647,(anonymous_53)
FN:660,(anonymous_54)
FN:676,(anonymous_55)
FN:680,(anonymous_56)
FN:694,(anonymous_57)
FN:700,(anonymous_58)
FN:705,(anonymous_59)
FN:711,(anonymous_60)
FN:725,(anonymous_61)
FN:730,(anonymous_62)
FN:736,(anonymous_63)
FN:754,(anonymous_64)
FN:758,(anonymous_65)
FN:769,(anonymous_66)
FN:774,(anonymous_67)
FN:788,(anonymous_68)
FN:792,(anonymous_69)
FN:807,(anonymous_70)
FN:810,(anonymous_71)
FN:822,(anonymous_72)
FN:825,(anonymous_73)
FN:841,(anonymous_74)
FN:844,(anonymous_75)
FNF:76
FNH:49
FNDA:8,(anonymous_0)
FNDA:8,(anonymous_1)
FNDA:4,(anonymous_2)
FNDA:4,(anonymous_3)
FNDA:4,(anonymous_4)
FNDA:4,(anonymous_5)
FNDA:17,(anonymous_6)
FNDA:1,(anonymous_7)
FNDA:1,(anonymous_8)
FNDA:2,(anonymous_9)
FNDA:0,(anonymous_10)
FNDA:16,(anonymous_11)
FNDA:0,(anonymous_12)
FNDA:16,(anonymous_13)
FNDA:0,(anonymous_14)
FNDA:13,(anonymous_15)
FNDA:1,(anonymous_16)
FNDA:12,(anonymous_17)
FNDA:1,(anonymous_18)
FNDA:11,(anonymous_19)
FNDA:1,(anonymous_20)
FNDA:1,(anonymous_21)
FNDA:0,(anonymous_22)
FNDA:1,(anonymous_23)
FNDA:3,(anonymous_24)
FNDA:0,(anonymous_25)
FNDA:10,(anonymous_26)
FNDA:1,(anonymous_27)
FNDA:9,(anonymous_28)
FNDA:2,(anonymous_29)
FNDA:7,(anonymous_30)
FNDA:1,(anonymous_31)
FNDA:6,(anonymous_32)
FNDA:1,(anonymous_33)
FNDA:3,(anonymous_34)
FNDA:1,(anonymous_35)
FNDA:2,(anonymous_36)
FNDA:1,(anonymous_37)
FNDA:1,(anonymous_38)
FNDA:1,(anonymous_39)
FNDA:1,(anonymous_40)
FNDA:2,(anonymous_41)
FNDA:0,(anonymous_42)
FNDA:0,(anonymous_43)
FNDA:0,(anonymous_44)
FNDA:0,(anonymous_45)
FNDA:0,(anonymous_46)
FNDA:0,(anonymous_47)
FNDA:5,(anonymous_48)
FNDA:1,(anonymous_49)
FNDA:0,(anonymous_50)
FNDA:1,(anonymous_51)
FNDA:0,(anonymous_52)
FNDA:0,(anonymous_53)
FNDA:1,(anonymous_54)
FNDA:4,(anonymous_55)
FNDA:1,(anonymous_56)
FNDA:0,(anonymous_57)
FNDA:1,(anonymous_58)
FNDA:0,(anonymous_59)
FNDA:0,(anonymous_60)
FNDA:1,(anonymous_61)
FNDA:0,(anonymous_62)
FNDA:0,(anonymous_63)
FNDA:16,(anonymous_64)
FNDA:1,(anonymous_65)
FNDA:15,(anonymous_66)
FNDA:2,(anonymous_67)
FNDA:0,(anonymous_68)
FNDA:0,(anonymous_69)
FNDA:0,(anonymous_70)
FNDA:0,(anonymous_71)
FNDA:0,(anonymous_72)
FNDA:0,(anonymous_73)
FNDA:0,(anonymous_74)
FNDA:0,(anonymous_75)
DA:1,1
DA:2,1
DA:3,1
DA:4,1
DA:5,1
DA:6,1
DA:10,8
DA:11,8
DA:12,8
DA:13,4
DA:14,0
DA:16,4
DA:17,4
DA:18,4
DA:20,8
DA:24,1
DA:26,17
DA:32,1
DA:33,1
DA:34,1
DA:36,1
DA:38,1
DA:40,1
DA:42,1
DA:44,1
DA:45,2
DA:46,2
DA:47,2
DA:48,2
DA:55,0
DA:58,1
DA:59,1
DA:60,1
DA:62,0
DA:63,0
DA:67,1
DA:70,1
DA:76,0
DA:82,1
DA:94,1
DA:97,16
DA:107,0
DA:108,0
DA:111,0
DA:112,0
DA:113,0
DA:118,0
DA:119,0
DA:121,0
DA:127,0
DA:140,0
DA:151,0
DA:152,0
DA:154,0
DA:156,0
DA:159,0
DA:161,0
DA:168,1
DA:171,16
DA:184,0
DA:188,0
DA:189,0
DA:192,0
DA:195,0
DA:196,0
DA:197,0
DA:198,0
DA:199,0
DA:201,0
DA:204,0
DA:205,0
DA:208,0
DA:213,0
DA:238,0
DA:249,0
DA:250,0
DA:257,1
DA:259,13
DA:264,1
DA:265,1
DA:267,1
DA:268,1
DA:269,1
DA:271,1
DA:273,1
DA:274,1
DA:276,0
DA:285,1
DA:292,1
DA:294,12
DA:299,1
DA:300,1
DA:302,1
DA:304,1
DA:307,1
DA:309,1
DA:316,1
DA:318,11
DA:323,1
DA:324,1
DA:326,1
DA:328,1
DA:330,1
DA:332,1
DA:334,1
DA:336,1
DA:339,0
DA:342,1
DA:344,1
DA:346,1
DA:348,1
DA:349,0
DA:352,1
DA:354,1
DA:355,3
DA:358,1
DA:364,0
DA:366,1
DA:367,0
DA:370,1
DA:376,1
DA:378,10
DA:383,1
DA:384,1
DA:386,1
DA:387,1
DA:388,1
DA:390,1
DA:392,1
DA:397,1
DA:403,1
DA:405,9
DA:410,2
DA:411,2
DA:413,2
DA:414,2
DA:416,2
DA:419,2
DA:423,2
DA:430,1
DA:432,7
DA:437,1
DA:438,1
DA:440,1
DA:441,1
DA:442,1
DA:444,1
DA:446,1
DA:449,1
DA:455,1
DA:457,6
DA:462,1
DA:463,1
DA:465,1
DA:466,1
DA:467,1
DA:469,1
DA:471,1
DA:476,1
DA:483,1
DA:485,3
DA:490,1
DA:491,1
DA:493,1
DA:495,1
DA:497,1
DA:500,1
DA:506,1
DA:508,2
DA:513,1
DA:514,1
DA:516,1
DA:518,1
DA:520,1
DA:523,1
DA:530,1
DA:532,1
DA:537,1
DA:538,1
DA:540,1
DA:545,1
DA:546,1
DA:548,1
DA:550,1
DA:552,1
DA:553,2
DA:558,0
DA:563,1
DA:570,1
DA:572,0
DA:577,0
DA:578,0
DA:580,0
DA:582,0
DA:583,0
DA:584,0
DA:586,0
DA:588,0
DA:590,0
DA:592,0
DA:593,0
DA:594,0
DA:600,0
DA:605,0
DA:612,1
DA:614,5
DA:619,1
DA:620,1
DA:622,1
DA:623,1
DA:625,1
DA:627,1
DA:629,1
DA:631,0
DA:633,0
DA:637,1
DA:640,1
DA:642,0
DA:644,0
DA:647,0
DA:648,0
DA:649,0
DA:655,0
DA:656,0
DA:661,1
DA:663,1
DA:664,1
DA:667,1
DA:675,1
DA:677,4
DA:682,1
DA:683,1
DA:685,1
DA:686,1
DA:688,1
DA:690,1
DA:691,1
DA:693,1
DA:695,0
DA:697,0
DA:701,1
DA:704,1
DA:706,0
DA:708,0
DA:711,0
DA:712,0
DA:713,0
DA:714,0
DA:720,0
DA:721,0
DA:726,1
DA:728,1
DA:729,0
DA:731,0
DA:733,0
DA:734,0
DA:737,0
DA:742,1
DA:743,1
DA:746,1
DA:753,1
DA:755,16
DA:759,1
DA:761,1
DA:768,1
DA:770,15
DA:775,2
DA:777,2
DA:787,1
DA:789,0
DA:793,0
DA:795,0
DA:806,1
DA:808,0
DA:811,0
DA:813,0
DA:821,1
DA:823,0
DA:826,0
DA:827,0
DA:829,0
DA:840,1
DA:842,0
DA:845,0
DA:846,0
DA:848,0
DA:862,1
LF:287
LH:190
BRDA:11,0,0,8
BRDA:11,0,1,0
BRDA:13,1,0,0
BRDA:13,1,1,4
BRDA:13,2,0,4
BRDA:13,2,1,4
BRDA:47,3,0,2
BRDA:47,3,1,0
BRDA:59,4,0,1
BRDA:59,4,1,0
BRDA:62,5,0,0
BRDA:62,5,1,0
BRDA:70,6,0,0
BRDA:70,6,1,1
BRDA:98,7,0,16
BRDA:98,7,1,16
BRDA:98,7,2,16
BRDA:98,7,3,0
BRDA:121,8,0,0
BRDA:121,8,1,0
BRDA:151,9,0,0
BRDA:151,9,1,0
BRDA:172,10,0,16
BRDA:172,10,1,16
BRDA:172,10,2,16
BRDA:172,10,3,0
BRDA:172,10,4,16
BRDA:172,10,5,0
BRDA:189,11,0,0
BRDA:189,11,1,0
BRDA:189,12,0,0
BRDA:189,12,1,0
BRDA:189,12,2,0
BRDA:189,12,3,0
BRDA:196,13,0,0
BRDA:196,13,1,0
BRDA:198,14,0,0
BRDA:198,14,1,0
BRDA:199,15,0,0
BRDA:199,15,1,0
BRDA:208,16,0,0
BRDA:208,16,1,0
BRDA:259,17,0,13
BRDA:259,17,1,13
BRDA:273,18,0,1
BRDA:273,18,1,0
BRDA:273,19,0,1
BRDA:273,19,1,1
BRDA:294,20,0,12
BRDA:294,20,1,12
BRDA:318,21,0,11
BRDA:318,21,1,11
BRDA:348,22,0,0
BRDA:348,22,1,1
BRDA:366,23,0,0
BRDA:366,23,1,1
BRDA:378,24,0,10
BRDA:378,24,1,10
BRDA:405,25,0,9
BRDA:405,25,1,9
BRDA:432,26,0,7
BRDA:432,26,1,7
BRDA:457,27,0,6
BRDA:457,27,1,6
BRDA:485,28,0,3
BRDA:485,28,1,3
BRDA:508,29,0,2
BRDA:508,29,1,2
BRDA:532,30,0,1
BRDA:532,30,1,1
BRDA:572,31,0,0
BRDA:572,31,1,0
BRDA:614,32,0,5
BRDA:614,32,1,5
BRDA:648,33,0,0
BRDA:648,33,1,0
BRDA:655,34,0,0
BRDA:655,34,1,0
BRDA:663,35,0,1
BRDA:663,35,1,0
BRDA:677,36,0,4
BRDA:677,36,1,4
BRDA:712,37,0,0
BRDA:712,37,1,0
BRDA:720,38,0,0
BRDA:720,38,1,0
BRDA:728,39,0,0
BRDA:728,39,1,1
BRDA:742,40,0,1
BRDA:742,40,1,0
BRDA:755,41,0,16
BRDA:755,41,1,16
BRDA:770,42,0,15
BRDA:770,42,1,15
BRDA:770,42,2,14
BRDA:789,43,0,0
BRDA:789,43,1,0
BRF:97
BRH:51
end_of_record
TN:
SF:F:\VirtualArchive\lambda\local-debugger.js
FN:50,(anonymous_0)
FN:63,(anonymous_1)
FN:65,(anonymous_2)
FN:68,(anonymous_3)
FN:81,getAndValidatePortNumber
FN:101,getLambdaHandlerName
FN:111,getAndValidateSkillInvokerFile
FN:125,getArgument
FNF:8
FNH:0
FNDA:0,(anonymous_0)
FNDA:0,(anonymous_1)
FNDA:0,(anonymous_2)
FNDA:0,(anonymous_3)
FNDA:0,getAndValidatePortNumber
FNDA:0,getLambdaHandlerName
FNDA:0,getAndValidateSkillInvokerFile
FNDA:0,getArgument
DA:25,0
DA:26,0
DA:28,0
DA:30,0
DA:31,0
DA:32,0
DA:33,0
DA:34,0
DA:42,0
DA:43,0
DA:44,0
DA:50,0
DA:51,0
DA:63,0
DA:64,0
DA:65,0
DA:66,0
DA:67,0
DA:68,0
DA:69,0
DA:70,0
DA:71,0
DA:82,0
DA:83,0
DA:84,0
DA:86,0
DA:87,0
DA:89,0
DA:90,0
DA:93,0
DA:102,0
DA:112,0
DA:113,0
DA:114,0
DA:116,0
DA:126,0
DA:127,0
DA:128,0
DA:129,0
DA:131,0
DA:134,0
LF:41
LH:0
BRDA:83,0,0,0
BRDA:83,0,1,0
BRDA:86,1,0,0
BRDA:86,1,1,0
BRDA:86,2,0,0
BRDA:86,2,1,0
BRDA:89,3,0,0
BRDA:89,3,1,0
BRDA:113,4,0,0
BRDA:113,4,1,0
BRDA:127,5,0,0
BRDA:127,5,1,0
BRDA:127,6,0,0
BRDA:127,6,1,0
BRDA:128,7,0,0
BRDA:128,7,1,0
BRF:16
BRH:0
end_of_record
TN:
SF:F:\VirtualArchive\lambda\util.js
FN:8,getS3PreSignedUrl
FNF:1
FNH:0
FNDA:0,getS3PreSignedUrl
DA:1,0
DA:3,0
DA:8,0
DA:10,0
DA:11,0
DA:16,0
DA:17,0
LF:7
LH:0
BRF:0
BRH:0
end_of_record
