TN:
SF:F:\VirtualArchive\lambda\index.js
FN:13,(anonymous_0)
FN:29,(anonymous_1)
FN:46,(anonymous_2)
FN:58,(anonymous_3)
FN:61,(anonymous_4)
FN:81,(anonymous_5)
FN:86,(anonymous_6)
FN:96,(anonymous_7)
FN:139,(anonymous_8)
FN:150,(anonymous_9)
FN:214,(anonymous_10)
FN:228,(anonymous_11)
FN:303,(anonymous_12)
FN:307,(anonymous_13)
FN:323,(anonymous_14)
FN:329,(anonymous_15)
FN:358,(anonymous_16)
FN:362,(anonymous_17)
FN:387,(anonymous_18)
FN:391,(anonymous_19)
FN:403,(anonymous_20)
FN:408,(anonymous_21)
FN:413,(anonymous_22)
FN:424,(anonymous_23)
FN:433,(anonymous_24)
FN:449,(anonymous_25)
FN:453,(anonymous_26)
FN:476,(anonymous_27)
FN:480,(anonymous_28)
FN:503,(anonymous_29)
FN:507,(anonymous_30)
FN:528,(anonymous_31)
FN:532,(anonymous_32)
FN:556,(anonymous_33)
FN:560,(anonymous_34)
FN:582,(anonymous_35)
FN:586,(anonymous_36)
FN:597,(anonymous_37)
FN:603,(anonymous_38)
FN:609,(anonymous_39)
FN:614,(anonymous_40)
FN:627,(anonymous_41)
FN:631,(anonymous_42)
FN:643,(anonymous_43)
FN:648,(anonymous_44)
FN:653,(anonymous_45)
FN:667,(anonymous_46)
FN:671,(anonymous_47)
FN:684,(anonymous_48)
FN:689,(anonymous_49)
FN:695,(anonymous_50)
FN:701,(anonymous_51)
FN:712,(anonymous_52)
FN:727,(anonymous_53)
FN:731,(anonymous_54)
FN:744,(anonymous_55)
FN:750,(anonymous_56)
FN:768,(anonymous_57)
FN:772,(anonymous_58)
FN:786,(anonymous_59)
FN:792,(anonymous_60)
FN:797,(anonymous_61)
FN:803,(anonymous_62)
FN:817,(anonymous_63)
FN:822,(anonymous_64)
FN:828,(anonymous_65)
FN:846,(anonymous_66)
FN:850,(anonymous_67)
FN:861,(anonymous_68)
FN:866,(anonymous_69)
FN:880,(anonymous_70)
FN:884,(anonymous_71)
FN:899,(anonymous_72)
FN:902,(anonymous_73)
FN:914,(anonymous_74)
FN:917,(anonymous_75)
FN:933,(anonymous_76)
FN:936,(anonymous_77)
FNF:78
FNH:20
FNDA:0,(anonymous_0)
FNDA:0,(anonymous_1)
FNDA:1,(anonymous_2)
FNDA:1,(anonymous_3)
FNDA:0,(anonymous_4)
FNDA:0,(anonymous_5)
FNDA:0,(anonymous_6)
FNDA:0,(anonymous_7)
FNDA:1,(anonymous_8)
FNDA:0,(anonymous_9)
FNDA:1,(anonymous_10)
FNDA:0,(anonymous_11)
FNDA:1,(anonymous_12)
FNDA:0,(anonymous_13)
FNDA:0,(anonymous_14)
FNDA:0,(anonymous_15)
FNDA:1,(anonymous_16)
FNDA:0,(anonymous_17)
FNDA:1,(anonymous_18)
FNDA:0,(anonymous_19)
FNDA:0,(anonymous_20)
FNDA:0,(anonymous_21)
FNDA:0,(anonymous_22)
FNDA:0,(anonymous_23)
FNDA:0,(anonymous_24)
FNDA:1,(anonymous_25)
FNDA:0,(anonymous_26)
FNDA:1,(anonymous_27)
FNDA:0,(anonymous_28)
FNDA:1,(anonymous_29)
FNDA:0,(anonymous_30)
FNDA:1,(anonymous_31)
FNDA:0,(anonymous_32)
FNDA:1,(anonymous_33)
FNDA:0,(anonymous_34)
FNDA:1,(anonymous_35)
FNDA:1,(anonymous_36)
FNDA:1,(anonymous_37)
FNDA:0,(anonymous_38)
FNDA:1,(anonymous_39)
FNDA:0,(anonymous_40)
FNDA:0,(anonymous_41)
FNDA:0,(anonymous_42)
FNDA:0,(anonymous_43)
FNDA:0,(anonymous_44)
FNDA:0,(anonymous_45)
FNDA:0,(anonymous_46)
FNDA:0,(anonymous_47)
FNDA:0,(anonymous_48)
FNDA:0,(anonymous_49)
FNDA:0,(anonymous_50)
FNDA:0,(anonymous_51)
FNDA:0,(anonymous_52)
FNDA:1,(anonymous_53)
FNDA:0,(anonymous_54)
FNDA:0,(anonymous_55)
FNDA:0,(anonymous_56)
FNDA:1,(anonymous_57)
FNDA:0,(anonymous_58)
FNDA:0,(anonymous_59)
FNDA:0,(anonymous_60)
FNDA:0,(anonymous_61)
FNDA:0,(anonymous_62)
FNDA:0,(anonymous_63)
FNDA:0,(anonymous_64)
FNDA:0,(anonymous_65)
FNDA:1,(anonymous_66)
FNDA:0,(anonymous_67)
FNDA:1,(anonymous_68)
FNDA:0,(anonymous_69)
FNDA:0,(anonymous_70)
FNDA:0,(anonymous_71)
FNDA:0,(anonymous_72)
FNDA:0,(anonymous_73)
FNDA:0,(anonymous_74)
FNDA:0,(anonymous_75)
FNDA:0,(anonymous_76)
FNDA:0,(anonymous_77)
DA:1,1
DA:2,1
DA:3,1
DA:4,1
DA:5,1
DA:6,1
DA:7,1
DA:9,1
DA:13,1
DA:14,0
DA:15,0
DA:20,0
DA:22,0
DA:24,0
DA:29,1
DA:30,0
DA:31,0
DA:39,0
DA:41,0
DA:43,0
DA:46,1
DA:47,1
DA:48,1
DA:49,1
DA:50,1
DA:53,0
DA:57,1
DA:59,1
DA:66,0
DA:67,0
DA:68,0
DA:69,0
DA:70,0
DA:72,0
DA:73,0
DA:74,0
DA:77,0
DA:79,0
DA:80,0
DA:82,0
DA:84,0
DA:86,0
DA:89,0
DA:90,0
DA:97,0
DA:100,0
DA:101,0
DA:102,0
DA:104,0
DA:105,0
DA:109,0
DA:112,0
DA:118,0
DA:124,0
DA:138,1
DA:141,1
DA:151,0
DA:152,0
DA:155,0
DA:156,0
DA:157,0
DA:162,0
DA:163,0
DA:165,0
DA:171,0
DA:184,0
DA:195,0
DA:196,0
DA:198,0
DA:200,0
DA:203,0
DA:205,0
DA:213,1
DA:216,1
DA:229,0
DA:233,0
DA:234,0
DA:237,0
DA:240,0
DA:241,0
DA:242,0
DA:243,0
DA:244,0
DA:246,0
DA:249,0
DA:250,0
DA:253,0
DA:258,0
DA:283,0
DA:294,0
DA:295,0
DA:302,1
DA:304,1
DA:311,0
DA:312,0
DA:313,0
DA:315,0
DA:316,0
DA:317,0
DA:319,0
DA:320,0
DA:322,0
DA:324,0
DA:326,0
DA:330,0
DA:333,0
DA:337,0
DA:338,0
DA:340,0
DA:349,0
DA:357,1
DA:359,1
DA:367,0
DA:368,0
DA:369,0
DA:371,0
DA:373,0
DA:375,0
DA:377,0
DA:379,0
DA:386,1
DA:388,1
DA:393,0
DA:394,0
DA:396,0
DA:398,0
DA:400,0
DA:402,0
DA:404,0
DA:406,0
DA:409,0
DA:412,0
DA:414,0
DA:416,0
DA:418,0
DA:419,0
DA:422,0
DA:424,0
DA:425,0
DA:428,0
DA:434,0
DA:436,0
DA:437,0
DA:440,0
DA:448,1
DA:450,1
DA:455,0
DA:456,0
DA:458,0
DA:459,0
DA:460,0
DA:462,0
DA:464,0
DA:469,0
DA:475,1
DA:477,1
DA:482,0
DA:483,0
DA:485,0
DA:486,0
DA:488,0
DA:491,0
DA:495,0
DA:502,1
DA:504,1
DA:509,0
DA:510,0
DA:512,0
DA:513,0
DA:514,0
DA:516,0
DA:518,0
DA:521,0
DA:527,1
DA:529,1
DA:534,0
DA:535,0
DA:537,0
DA:538,0
DA:539,0
DA:541,0
DA:543,0
DA:548,0
DA:555,1
DA:557,1
DA:562,0
DA:563,0
DA:565,0
DA:567,0
DA:569,0
DA:572,0
DA:581,1
DA:583,1
DA:588,1
DA:589,1
DA:591,1
DA:593,1
DA:594,1
DA:595,1
DA:596,1
DA:598,1
DA:600,1
DA:604,0
DA:606,1
DA:608,1
DA:612,1
DA:615,0
DA:616,0
DA:619,1
DA:626,1
DA:628,0
DA:633,0
DA:634,0
DA:636,0
DA:641,0
DA:642,0
DA:644,0
DA:646,0
DA:648,0
DA:649,0
DA:654,0
DA:659,0
DA:666,1
DA:668,0
DA:673,0
DA:674,0
DA:676,0
DA:681,0
DA:682,0
DA:683,0
DA:685,0
DA:687,0
DA:689,0
DA:690,0
DA:691,0
DA:696,0
DA:699,0
DA:700,0
DA:702,0
DA:704,0
DA:706,0
DA:713,0
DA:717,0
DA:719,0
DA:726,1
DA:728,1
DA:733,0
DA:734,0
DA:736,0
DA:737,0
DA:739,0
DA:741,0
DA:743,0
DA:745,0
DA:747,0
DA:751,0
DA:754,0
DA:755,0
DA:757,0
DA:759,0
DA:767,1
DA:769,1
DA:774,0
DA:775,0
DA:777,0
DA:778,0
DA:780,0
DA:782,0
DA:783,0
DA:785,0
DA:787,0
DA:789,0
DA:793,0
DA:796,0
DA:798,0
DA:800,0
DA:803,0
DA:804,0
DA:805,0
DA:806,0
DA:812,0
DA:813,0
DA:818,0
DA:820,0
DA:821,0
DA:823,0
DA:825,0
DA:826,0
DA:829,0
DA:834,0
DA:835,0
DA:838,0
DA:845,1
DA:847,1
DA:851,0
DA:853,0
DA:860,1
DA:862,1
DA:867,0
DA:869,0
DA:879,1
DA:881,0
DA:885,0
DA:887,0
DA:898,1
DA:900,0
DA:903,0
DA:905,0
DA:913,1
DA:915,0
DA:918,0
DA:919,0
DA:921,0
DA:932,1
DA:934,0
DA:937,0
DA:938,0
DA:940,0
DA:954,1
LF:319
LH:67
BRDA:69,0,0,0
BRDA:69,0,1,0
BRDA:73,1,0,0
BRDA:73,1,1,0
BRDA:89,2,0,0
BRDA:89,2,1,0
BRDA:101,3,0,0
BRDA:101,3,1,0
BRDA:104,4,0,0
BRDA:104,4,1,0
BRDA:112,5,0,0
BRDA:112,5,1,0
BRDA:142,6,0,1
BRDA:142,6,1,1
BRDA:142,6,2,1
BRDA:142,6,3,0
BRDA:165,7,0,0
BRDA:165,7,1,0
BRDA:195,8,0,0
BRDA:195,8,1,0
BRDA:217,9,0,1
BRDA:217,9,1,1
BRDA:217,9,2,1
BRDA:217,9,3,0
BRDA:217,9,4,1
BRDA:217,9,5,0
BRDA:234,10,0,0
BRDA:234,10,1,0
BRDA:234,11,0,0
BRDA:234,11,1,0
BRDA:234,11,2,0
BRDA:234,11,3,0
BRDA:241,12,0,0
BRDA:241,12,1,0
BRDA:243,13,0,0
BRDA:243,13,1,0
BRDA:244,14,0,0
BRDA:244,14,1,0
BRDA:253,15,0,0
BRDA:253,15,1,0
BRDA:304,16,0,1
BRDA:304,16,1,1
BRDA:337,17,0,0
BRDA:337,17,1,0
BRDA:337,18,0,0
BRDA:337,18,1,0
BRDA:359,19,0,1
BRDA:359,19,1,1
BRDA:388,20,0,1
BRDA:388,20,1,1
BRDA:418,21,0,0
BRDA:418,21,1,0
BRDA:436,22,0,0
BRDA:436,22,1,0
BRDA:450,23,0,1
BRDA:450,23,1,1
BRDA:477,24,0,1
BRDA:477,24,1,1
BRDA:504,25,0,1
BRDA:504,25,1,1
BRDA:529,26,0,1
BRDA:529,26,1,1
BRDA:557,27,0,1
BRDA:557,27,1,1
BRDA:583,28,0,1
BRDA:583,28,1,1
BRDA:628,29,0,0
BRDA:628,29,1,0
BRDA:668,30,0,0
BRDA:668,30,1,0
BRDA:728,31,0,1
BRDA:728,31,1,1
BRDA:754,32,0,0
BRDA:754,32,1,0
BRDA:769,33,0,1
BRDA:769,33,1,1
BRDA:804,34,0,0
BRDA:804,34,1,0
BRDA:812,35,0,0
BRDA:812,35,1,0
BRDA:820,36,0,0
BRDA:820,36,1,0
BRDA:834,37,0,0
BRDA:834,37,1,0
BRDA:847,38,0,1
BRDA:847,38,1,1
BRDA:862,39,0,1
BRDA:862,39,1,1
BRDA:862,39,2,1
BRDA:881,40,0,0
BRDA:881,40,1,0
BRF:91
BRH:34
end_of_record
TN:
SF:F:\VirtualArchive\lambda\local-debugger.js
FN:50,(anonymous_0)
FN:63,(anonymous_1)
FN:65,(anonymous_2)
FN:68,(anonymous_3)
FN:81,getAndValidatePortNumber
FN:101,getLambdaHandlerName
FN:111,getAndValidateSkillInvokerFile
FN:125,getArgument
FNF:8
FNH:0
FNDA:0,(anonymous_0)
FNDA:0,(anonymous_1)
FNDA:0,(anonymous_2)
FNDA:0,(anonymous_3)
FNDA:0,getAndValidatePortNumber
FNDA:0,getLambdaHandlerName
FNDA:0,getAndValidateSkillInvokerFile
FNDA:0,getArgument
DA:25,0
DA:26,0
DA:28,0
DA:30,0
DA:31,0
DA:32,0
DA:33,0
DA:34,0
DA:42,0
DA:43,0
DA:44,0
DA:50,0
DA:51,0
DA:63,0
DA:64,0
DA:65,0
DA:66,0
DA:67,0
DA:68,0
DA:69,0
DA:70,0
DA:71,0
DA:82,0
DA:83,0
DA:84,0
DA:86,0
DA:87,0
DA:89,0
DA:90,0
DA:93,0
DA:102,0
DA:112,0
DA:113,0
DA:114,0
DA:116,0
DA:126,0
DA:127,0
DA:128,0
DA:129,0
DA:131,0
DA:134,0
LF:41
LH:0
BRDA:83,0,0,0
BRDA:83,0,1,0
BRDA:86,1,0,0
BRDA:86,1,1,0
BRDA:86,2,0,0
BRDA:86,2,1,0
BRDA:89,3,0,0
BRDA:89,3,1,0
BRDA:113,4,0,0
BRDA:113,4,1,0
BRDA:127,5,0,0
BRDA:127,5,1,0
BRDA:127,6,0,0
BRDA:127,6,1,0
BRDA:128,7,0,0
BRDA:128,7,1,0
BRF:16
BRH:0
end_of_record
TN:
SF:F:\VirtualArchive\lambda\util.js
FN:8,getS3PreSignedUrl
FNF:1
FNH:0
FNDA:0,getS3PreSignedUrl
DA:1,0
DA:3,0
DA:8,0
DA:10,0
DA:11,0
DA:16,0
DA:17,0
LF:7
LH:0
BRF:0
BRH:0
end_of_record
TN:
SF:F:\VirtualArchive\lambda\api\api-get-data.js
FN:1,(anonymous_0)
FN:1,(anonymous_1)
FN:3,(anonymous_2)
FN:8,(anonymous_3)
FN:9,(anonymous_4)
FN:11,(anonymous_5)
FNF:6
FNH:5
FNDA:1,(anonymous_0)
FNDA:1,(anonymous_1)
FNDA:1,(anonymous_2)
FNDA:1,(anonymous_3)
FNDA:1,(anonymous_4)
FNDA:0,(anonymous_5)
DA:1,1
DA:2,1
DA:3,1
DA:4,1
DA:5,0
DA:7,1
DA:8,1
DA:9,1
DA:11,1
LF:9
LH:8
BRDA:2,0,0,1
BRDA:2,0,1,0
BRDA:4,1,0,0
BRDA:4,1,1,1
BRDA:4,2,0,1
BRDA:4,2,1,1
BRF:6
BRH:4
end_of_record
TN:
SF:F:\VirtualArchive\lambda\api\api-post-data.js
FNF:0
FNH:0
LF:0
LH:0
BRF:0
BRH:0
end_of_record
