{
  "numFailedTestSuites": 0,
  "numFailedTests": 0,
  "numPassedTestSuites": 1,
  "numPassedTests": 1,
  "numPendingTestSuites": 0,
  "numPendingTests": 0,
  "numRuntimeErrorTestSuites": 0,
  "numTodoTests": 0,
  "numTotalTestSuites": 1,
  "numTotalTests": 1,
  "openHandles": [],
  "snapshot": {
    "added": 0,
    "didUpdate": false,
    "failure": false,
    "filesAdded": 0,
    "filesRemoved": 0,
    "filesRemovedList": [],
    "filesUnmatched": 0,
    "filesUpdated": 0,
    "matched": 0,
    "total": 0,
    "unchecked": 0,
    "uncheckedKeysByFile": [],
    "unmatched": 0,
    "updated": 0
  },
  "startTime": 1634236028550,
  "success": false,
  "testResults": [
    {
      "failureMessage": null,
      "leaks": false,
      "memoryUsage": 0,
      "numFailingTests": 0,
      "numPassingTests": 1,
      "numPendingTests": 0,
      "numTodoTests": 0,
      "skipped": false,
      "snapshot": {
        "added": 0,
        "fileDeleted": false,
        "matched": 0,
        "unchecked": 0,
        "uncheckedKeys": [],
        "unmatched": 0,
        "updated": 0
      },
      "testFilePath": "F:\\VirtualArchive\\test\\deleteCatalogue.test.yml",
      "testResults": [
        {
          "ancestorTitles": [
            "en-US",
            "Delete a Catalogue"
          ],
          "duration": 4891,
          "failureMessages": [],
          "location": {
            "column": 0,
            "line": 0
          },
          "numPassingAsserts": 0,
          "status": "passed",
          "title": "DeleteCatalogueIntent catalog=book_collection"
        }
      ],
      "perfStats": {
        "end": 1634236035413,
        "start": 1634236029003
      }
    }
  ],
  "wasInterrupted": false,
  "coverageMap": {
    "F:\\VirtualArchive\\lambda\\index.js": {
      "path": "F:\\VirtualArchive\\lambda\\index.js",
      "statementMap": {
        "0": {
          "start": {
            "line": 1,
            "column": 14
          },
          "end": {
            "line": 1,
            "column": 37
          }
        },
        "1": {
          "start": {
            "line": 2,
            "column": 12
          },
          "end": {
            "line": 2,
            "column": 30
          }
        },
        "2": {
          "start": {
            "line": 3,
            "column": 14
          },
          "end": {
            "line": 3,
            "column": 30
          }
        },
        "3": {
          "start": {
            "line": 4,
            "column": 12
          },
          "end": {
            "line": 4,
            "column": 66
          }
        },
        "4": {
          "start": {
            "line": 5,
            "column": 26
          },
          "end": {
            "line": 5,
            "column": 39
          }
        },
        "5": {
          "start": {
            "line": 6,
            "column": 18
          },
          "end": {
            "line": 6,
            "column": 54
          }
        },
        "6": {
          "start": {
            "line": 7,
            "column": 12
          },
          "end": {
            "line": 7,
            "column": 33
          }
        },
        "7": {
          "start": {
            "line": 9,
            "column": 24
          },
          "end": {
            "line": 9,
            "column": 56
          }
        },
        "8": {
          "start": {
            "line": 13,
            "column": 20
          },
          "end": {
            "line": 26,
            "column": 1
          }
        },
        "9": {
          "start": {
            "line": 14,
            "column": 4
          },
          "end": {
            "line": 25,
            "column": 5
          }
        },
        "10": {
          "start": {
            "line": 15,
            "column": 20
          },
          "end": {
            "line": 19,
            "column": 13
          }
        },
        "11": {
          "start": {
            "line": 20,
            "column": 19
          },
          "end": {
            "line": 20,
            "column": 27
          }
        },
        "12": {
          "start": {
            "line": 22,
            "column": 8
          },
          "end": {
            "line": 22,
            "column": 18
          }
        },
        "13": {
          "start": {
            "line": 24,
            "column": 8
          },
          "end": {
            "line": 24,
            "column": 25
          }
        },
        "14": {
          "start": {
            "line": 29,
            "column": 24
          },
          "end": {
            "line": 45,
            "column": 1
          }
        },
        "15": {
          "start": {
            "line": 30,
            "column": 4
          },
          "end": {
            "line": 44,
            "column": 5
          }
        },
        "16": {
          "start": {
            "line": 31,
            "column": 20
          },
          "end": {
            "line": 38,
            "column": 13
          }
        },
        "17": {
          "start": {
            "line": 39,
            "column": 19
          },
          "end": {
            "line": 39,
            "column": 27
          }
        },
        "18": {
          "start": {
            "line": 41,
            "column": 8
          },
          "end": {
            "line": 41,
            "column": 18
          }
        },
        "19": {
          "start": {
            "line": 43,
            "column": 8
          },
          "end": {
            "line": 43,
            "column": 25
          }
        },
        "20": {
          "start": {
            "line": 46,
            "column": 22
          },
          "end": {
            "line": 55,
            "column": 1
          }
        },
        "21": {
          "start": {
            "line": 47,
            "column": 4
          },
          "end": {
            "line": 54,
            "column": 5
          }
        },
        "22": {
          "start": {
            "line": 48,
            "column": 8
          },
          "end": {
            "line": 48,
            "column": 24
          }
        },
        "23": {
          "start": {
            "line": 49,
            "column": 21
          },
          "end": {
            "line": 49,
            "column": 47
          }
        },
        "24": {
          "start": {
            "line": 50,
            "column": 6
          },
          "end": {
            "line": 50,
            "column": 47
          }
        },
        "25": {
          "start": {
            "line": 53,
            "column": 6
          },
          "end": {
            "line": 53,
            "column": 40
          }
        },
        "26": {
          "start": {
            "line": 57,
            "column": 29
          },
          "end": {
            "line": 135,
            "column": 1
          }
        },
        "27": {
          "start": {
            "line": 59,
            "column": 8
          },
          "end": {
            "line": 59,
            "column": 86
          }
        },
        "28": {
          "start": {
            "line": 66,
            "column": 20
          },
          "end": {
            "line": 66,
            "column": 21
          }
        },
        "29": {
          "start": {
            "line": 67,
            "column": 20
          },
          "end": {
            "line": 67,
            "column": 30
          }
        },
        "30": {
          "start": {
            "line": 68,
            "column": 20
          },
          "end": {
            "line": 68,
            "column": 38
          }
        },
        "31": {
          "start": {
            "line": 69,
            "column": 8
          },
          "end": {
            "line": 71,
            "column": 9
          }
        },
        "32": {
          "start": {
            "line": 70,
            "column": 12
          },
          "end": {
            "line": 70,
            "column": 29
          }
        },
        "33": {
          "start": {
            "line": 72,
            "column": 25
          },
          "end": {
            "line": 72,
            "column": 40
          }
        },
        "34": {
          "start": {
            "line": 73,
            "column": 8
          },
          "end": {
            "line": 75,
            "column": 9
          }
        },
        "35": {
          "start": {
            "line": 74,
            "column": 12
          },
          "end": {
            "line": 74,
            "column": 39
          }
        },
        "36": {
          "start": {
            "line": 77,
            "column": 19
          },
          "end": {
            "line": 77,
            "column": 63
          }
        },
        "37": {
          "start": {
            "line": 79,
            "column": 21
          },
          "end": {
            "line": 79,
            "column": 59
          }
        },
        "38": {
          "start": {
            "line": 80,
            "column": 8
          },
          "end": {
            "line": 98,
            "column": 14
          }
        },
        "39": {
          "start": {
            "line": 82,
            "column": 29
          },
          "end": {
            "line": 82,
            "column": 49
          }
        },
        "40": {
          "start": {
            "line": 84,
            "column": 32
          },
          "end": {
            "line": 84,
            "column": 46
          }
        },
        "41": {
          "start": {
            "line": 86,
            "column": 16
          },
          "end": {
            "line": 93,
            "column": 19
          }
        },
        "42": {
          "start": {
            "line": 89,
            "column": 20
          },
          "end": {
            "line": 91,
            "column": 21
          }
        },
        "43": {
          "start": {
            "line": 90,
            "column": 24
          },
          "end": {
            "line": 90,
            "column": 40
          }
        },
        "44": {
          "start": {
            "line": 97,
            "column": 16
          },
          "end": {
            "line": 97,
            "column": 53
          }
        },
        "45": {
          "start": {
            "line": 100,
            "column": 26
          },
          "end": {
            "line": 100,
            "column": 96
          }
        },
        "46": {
          "start": {
            "line": 101,
            "column": 8
          },
          "end": {
            "line": 106,
            "column": 9
          }
        },
        "47": {
          "start": {
            "line": 102,
            "column": 12
          },
          "end": {
            "line": 102,
            "column": 78
          }
        },
        "48": {
          "start": {
            "line": 104,
            "column": 13
          },
          "end": {
            "line": 106,
            "column": 9
          }
        },
        "49": {
          "start": {
            "line": 105,
            "column": 12
          },
          "end": {
            "line": 105,
            "column": 77
          }
        },
        "50": {
          "start": {
            "line": 109,
            "column": 24
          },
          "end": {
            "line": 109,
            "column": 61
          }
        },
        "51": {
          "start": {
            "line": 112,
            "column": 4
          },
          "end": {
            "line": 122,
            "column": 5
          }
        },
        "52": {
          "start": {
            "line": 118,
            "column": 6
          },
          "end": {
            "line": 121,
            "column": 9
          }
        },
        "53": {
          "start": {
            "line": 124,
            "column": 8
          },
          "end": {
            "line": 133,
            "column": 27
          }
        },
        "54": {
          "start": {
            "line": 138,
            "column": 30
          },
          "end": {
            "line": 210,
            "column": 1
          }
        },
        "55": {
          "start": {
            "line": 141,
            "column": 4
          },
          "end": {
            "line": 148,
            "column": 6
          }
        },
        "56": {
          "start": {
            "line": 151,
            "column": 20
          },
          "end": {
            "line": 151,
            "column": 28
          }
        },
        "57": {
          "start": {
            "line": 152,
            "column": 22
          },
          "end": {
            "line": 152,
            "column": 24
          }
        },
        "58": {
          "start": {
            "line": 155,
            "column": 19
          },
          "end": {
            "line": 155,
            "column": 67
          }
        },
        "59": {
          "start": {
            "line": 156,
            "column": 20
          },
          "end": {
            "line": 156,
            "column": 61
          }
        },
        "60": {
          "start": {
            "line": 157,
            "column": 21
          },
          "end": {
            "line": 157,
            "column": 33
          }
        },
        "61": {
          "start": {
            "line": 162,
            "column": 15
          },
          "end": {
            "line": 162,
            "column": 68
          }
        },
        "62": {
          "start": {
            "line": 163,
            "column": 4
          },
          "end": {
            "line": 163,
            "column": 22
          }
        },
        "63": {
          "start": {
            "line": 165,
            "column": 4
          },
          "end": {
            "line": 182,
            "column": 5
          }
        },
        "64": {
          "start": {
            "line": 171,
            "column": 6
          },
          "end": {
            "line": 181,
            "column": 9
          }
        },
        "65": {
          "start": {
            "line": 184,
            "column": 6
          },
          "end": {
            "line": 193,
            "column": 9
          }
        },
        "66": {
          "start": {
            "line": 195,
            "column": 4
          },
          "end": {
            "line": 201,
            "column": 7
          }
        },
        "67": {
          "start": {
            "line": 196,
            "column": 8
          },
          "end": {
            "line": 197,
            "column": 13
          }
        },
        "68": {
          "start": {
            "line": 198,
            "column": 10
          },
          "end": {
            "line": 198,
            "column": 31
          }
        },
        "69": {
          "start": {
            "line": 200,
            "column": 10
          },
          "end": {
            "line": 200,
            "column": 26
          }
        },
        "70": {
          "start": {
            "line": 203,
            "column": 4
          },
          "end": {
            "line": 203,
            "column": 62
          }
        },
        "71": {
          "start": {
            "line": 205,
            "column": 4
          },
          "end": {
            "line": 208,
            "column": 21
          }
        },
        "72": {
          "start": {
            "line": 213,
            "column": 30
          },
          "end": {
            "line": 300,
            "column": 1
          }
        },
        "73": {
          "start": {
            "line": 216,
            "column": 4
          },
          "end": {
            "line": 226,
            "column": 6
          }
        },
        "74": {
          "start": {
            "line": 229,
            "column": 22
          },
          "end": {
            "line": 229,
            "column": 63
          }
        },
        "75": {
          "start": {
            "line": 233,
            "column": 16
          },
          "end": {
            "line": 233,
            "column": 17
          }
        },
        "76": {
          "start": {
            "line": 234,
            "column": 4
          },
          "end": {
            "line": 238,
            "column": 5
          }
        },
        "77": {
          "start": {
            "line": 237,
            "column": 8
          },
          "end": {
            "line": 237,
            "column": 19
          }
        },
        "78": {
          "start": {
            "line": 240,
            "column": 15
          },
          "end": {
            "line": 240,
            "column": 68
          }
        },
        "79": {
          "start": {
            "line": 241,
            "column": 4
          },
          "end": {
            "line": 247,
            "column": 5
          }
        },
        "80": {
          "start": {
            "line": 242,
            "column": 6
          },
          "end": {
            "line": 242,
            "column": 29
          }
        },
        "81": {
          "start": {
            "line": 243,
            "column": 6
          },
          "end": {
            "line": 243,
            "column": 64
          }
        },
        "82": {
          "start": {
            "line": 243,
            "column": 46
          },
          "end": {
            "line": 243,
            "column": 64
          }
        },
        "83": {
          "start": {
            "line": 244,
            "column": 6
          },
          "end": {
            "line": 244,
            "column": 71
          }
        },
        "84": {
          "start": {
            "line": 244,
            "column": 32
          },
          "end": {
            "line": 244,
            "column": 71
          }
        },
        "85": {
          "start": {
            "line": 246,
            "column": 6
          },
          "end": {
            "line": 246,
            "column": 24
          }
        },
        "86": {
          "start": {
            "line": 249,
            "column": 19
          },
          "end": {
            "line": 249,
            "column": 43
          }
        },
        "87": {
          "start": {
            "line": 250,
            "column": 4
          },
          "end": {
            "line": 250,
            "column": 62
          }
        },
        "88": {
          "start": {
            "line": 253,
            "column": 4
          },
          "end": {
            "line": 282,
            "column": 5
          }
        },
        "89": {
          "start": {
            "line": 258,
            "column": 6
          },
          "end": {
            "line": 281,
            "column": 9
          }
        },
        "90": {
          "start": {
            "line": 283,
            "column": 4
          },
          "end": {
            "line": 292,
            "column": 9
          }
        },
        "91": {
          "start": {
            "line": 294,
            "column": 24
          },
          "end": {
            "line": 294,
            "column": 26
          }
        },
        "92": {
          "start": {
            "line": 295,
            "column": 4
          },
          "end": {
            "line": 298,
            "column": 21
          }
        },
        "93": {
          "start": {
            "line": 302,
            "column": 32
          },
          "end": {
            "line": 354,
            "column": 1
          }
        },
        "94": {
          "start": {
            "line": 304,
            "column": 8
          },
          "end": {
            "line": 305,
            "column": 92
          }
        },
        "95": {
          "start": {
            "line": 311,
            "column": 21
          },
          "end": {
            "line": 311,
            "column": 59
          }
        },
        "96": {
          "start": {
            "line": 312,
            "column": 51
          },
          "end": {
            "line": 312,
            "column": 63
          }
        },
        "97": {
          "start": {
            "line": 313,
            "column": 25
          },
          "end": {
            "line": 313,
            "column": 48
          }
        },
        "98": {
          "start": {
            "line": 315,
            "column": 21
          },
          "end": {
            "line": 315,
            "column": 64
          }
        },
        "99": {
          "start": {
            "line": 316,
            "column": 24
          },
          "end": {
            "line": 316,
            "column": 70
          }
        },
        "100": {
          "start": {
            "line": 317,
            "column": 28
          },
          "end": {
            "line": 317,
            "column": 78
          }
        },
        "101": {
          "start": {
            "line": 319,
            "column": 25
          },
          "end": {
            "line": 319,
            "column": 27
          }
        },
        "102": {
          "start": {
            "line": 320,
            "column": 25
          },
          "end": {
            "line": 320,
            "column": 27
          }
        },
        "103": {
          "start": {
            "line": 322,
            "column": 8
          },
          "end": {
            "line": 331,
            "column": 14
          }
        },
        "104": {
          "start": {
            "line": 324,
            "column": 29
          },
          "end": {
            "line": 324,
            "column": 49
          }
        },
        "105": {
          "start": {
            "line": 326,
            "column": 16
          },
          "end": {
            "line": 326,
            "column": 54
          }
        },
        "106": {
          "start": {
            "line": 330,
            "column": 16
          },
          "end": {
            "line": 330,
            "column": 53
          }
        },
        "107": {
          "start": {
            "line": 333,
            "column": 8
          },
          "end": {
            "line": 333,
            "column": 67
          }
        },
        "108": {
          "start": {
            "line": 337,
            "column": 8
          },
          "end": {
            "line": 341,
            "column": 9
          }
        },
        "109": {
          "start": {
            "line": 338,
            "column": 12
          },
          "end": {
            "line": 338,
            "column": 120
          }
        },
        "110": {
          "start": {
            "line": 340,
            "column": 12
          },
          "end": {
            "line": 340,
            "column": 99
          }
        },
        "111": {
          "start": {
            "line": 349,
            "column": 8
          },
          "end": {
            "line": 352,
            "column": 27
          }
        },
        "112": {
          "start": {
            "line": 357,
            "column": 31
          },
          "end": {
            "line": 384,
            "column": 1
          }
        },
        "113": {
          "start": {
            "line": 359,
            "column": 8
          },
          "end": {
            "line": 360,
            "column": 93
          }
        },
        "114": {
          "start": {
            "line": 367,
            "column": 21
          },
          "end": {
            "line": 367,
            "column": 59
          }
        },
        "115": {
          "start": {
            "line": 368,
            "column": 51
          },
          "end": {
            "line": 368,
            "column": 63
          }
        },
        "116": {
          "start": {
            "line": 369,
            "column": 25
          },
          "end": {
            "line": 369,
            "column": 48
          }
        },
        "117": {
          "start": {
            "line": 371,
            "column": 24
          },
          "end": {
            "line": 371,
            "column": 70
          }
        },
        "118": {
          "start": {
            "line": 373,
            "column": 25
          },
          "end": {
            "line": 373,
            "column": 27
          }
        },
        "119": {
          "start": {
            "line": 375,
            "column": 8
          },
          "end": {
            "line": 375,
            "column": 42
          }
        },
        "120": {
          "start": {
            "line": 377,
            "column": 8
          },
          "end": {
            "line": 377,
            "column": 72
          }
        },
        "121": {
          "start": {
            "line": 379,
            "column": 8
          },
          "end": {
            "line": 382,
            "column": 27
          }
        },
        "122": {
          "start": {
            "line": 386,
            "column": 29
          },
          "end": {
            "line": 445,
            "column": 1
          }
        },
        "123": {
          "start": {
            "line": 388,
            "column": 8
          },
          "end": {
            "line": 389,
            "column": 91
          }
        },
        "124": {
          "start": {
            "line": 393,
            "column": 51
          },
          "end": {
            "line": 393,
            "column": 63
          }
        },
        "125": {
          "start": {
            "line": 394,
            "column": 25
          },
          "end": {
            "line": 394,
            "column": 48
          }
        },
        "126": {
          "start": {
            "line": 396,
            "column": 24
          },
          "end": {
            "line": 396,
            "column": 70
          }
        },
        "127": {
          "start": {
            "line": 398,
            "column": 25
          },
          "end": {
            "line": 398,
            "column": 27
          }
        },
        "128": {
          "start": {
            "line": 400,
            "column": 26
          },
          "end": {
            "line": 400,
            "column": 28
          }
        },
        "129": {
          "start": {
            "line": 402,
            "column": 8
          },
          "end": {
            "line": 410,
            "column": 14
          }
        },
        "130": {
          "start": {
            "line": 404,
            "column": 29
          },
          "end": {
            "line": 404,
            "column": 49
          }
        },
        "131": {
          "start": {
            "line": 406,
            "column": 16
          },
          "end": {
            "line": 406,
            "column": 54
          }
        },
        "132": {
          "start": {
            "line": 409,
            "column": 16
          },
          "end": {
            "line": 409,
            "column": 53
          }
        },
        "133": {
          "start": {
            "line": 412,
            "column": 8
          },
          "end": {
            "line": 435,
            "column": 14
          }
        },
        "134": {
          "start": {
            "line": 414,
            "column": 29
          },
          "end": {
            "line": 414,
            "column": 49
          }
        },
        "135": {
          "start": {
            "line": 416,
            "column": 31
          },
          "end": {
            "line": 416,
            "column": 41
          }
        },
        "136": {
          "start": {
            "line": 418,
            "column": 16
          },
          "end": {
            "line": 429,
            "column": 17
          }
        },
        "137": {
          "start": {
            "line": 419,
            "column": 20
          },
          "end": {
            "line": 419,
            "column": 65
          }
        },
        "138": {
          "start": {
            "line": 422,
            "column": 20
          },
          "end": {
            "line": 422,
            "column": 60
          }
        },
        "139": {
          "start": {
            "line": 424,
            "column": 20
          },
          "end": {
            "line": 426,
            "column": 23
          }
        },
        "140": {
          "start": {
            "line": 425,
            "column": 24
          },
          "end": {
            "line": 425,
            "column": 66
          }
        },
        "141": {
          "start": {
            "line": 428,
            "column": 20
          },
          "end": {
            "line": 428,
            "column": 57
          }
        },
        "142": {
          "start": {
            "line": 434,
            "column": 16
          },
          "end": {
            "line": 434,
            "column": 53
          }
        },
        "143": {
          "start": {
            "line": 436,
            "column": 12
          },
          "end": {
            "line": 438,
            "column": 13
          }
        },
        "144": {
          "start": {
            "line": 437,
            "column": 16
          },
          "end": {
            "line": 437,
            "column": 61
          }
        },
        "145": {
          "start": {
            "line": 440,
            "column": 8
          },
          "end": {
            "line": 443,
            "column": 27
          }
        },
        "146": {
          "start": {
            "line": 448,
            "column": 26
          },
          "end": {
            "line": 474,
            "column": 1
          }
        },
        "147": {
          "start": {
            "line": 450,
            "column": 8
          },
          "end": {
            "line": 451,
            "column": 88
          }
        },
        "148": {
          "start": {
            "line": 455,
            "column": 51
          },
          "end": {
            "line": 455,
            "column": 63
          }
        },
        "149": {
          "start": {
            "line": 456,
            "column": 25
          },
          "end": {
            "line": 456,
            "column": 48
          }
        },
        "150": {
          "start": {
            "line": 458,
            "column": 21
          },
          "end": {
            "line": 458,
            "column": 64
          }
        },
        "151": {
          "start": {
            "line": 459,
            "column": 24
          },
          "end": {
            "line": 459,
            "column": 70
          }
        },
        "152": {
          "start": {
            "line": 460,
            "column": 28
          },
          "end": {
            "line": 460,
            "column": 78
          }
        },
        "153": {
          "start": {
            "line": 462,
            "column": 25
          },
          "end": {
            "line": 462,
            "column": 27
          }
        },
        "154": {
          "start": {
            "line": 464,
            "column": 8
          },
          "end": {
            "line": 464,
            "column": 108
          }
        },
        "155": {
          "start": {
            "line": 469,
            "column": 8
          },
          "end": {
            "line": 472,
            "column": 27
          }
        },
        "156": {
          "start": {
            "line": 475,
            "column": 26
          },
          "end": {
            "line": 500,
            "column": 1
          }
        },
        "157": {
          "start": {
            "line": 477,
            "column": 8
          },
          "end": {
            "line": 478,
            "column": 88
          }
        },
        "158": {
          "start": {
            "line": 482,
            "column": 51
          },
          "end": {
            "line": 482,
            "column": 63
          }
        },
        "159": {
          "start": {
            "line": 483,
            "column": 25
          },
          "end": {
            "line": 483,
            "column": 48
          }
        },
        "160": {
          "start": {
            "line": 485,
            "column": 24
          },
          "end": {
            "line": 485,
            "column": 70
          }
        },
        "161": {
          "start": {
            "line": 486,
            "column": 21
          },
          "end": {
            "line": 486,
            "column": 64
          }
        },
        "162": {
          "start": {
            "line": 488,
            "column": 25
          },
          "end": {
            "line": 488,
            "column": 27
          }
        },
        "163": {
          "start": {
            "line": 491,
            "column": 8
          },
          "end": {
            "line": 491,
            "column": 62
          }
        },
        "164": {
          "start": {
            "line": 495,
            "column": 8
          },
          "end": {
            "line": 498,
            "column": 27
          }
        },
        "165": {
          "start": {
            "line": 502,
            "column": 33
          },
          "end": {
            "line": 526,
            "column": 1
          }
        },
        "166": {
          "start": {
            "line": 504,
            "column": 8
          },
          "end": {
            "line": 505,
            "column": 89
          }
        },
        "167": {
          "start": {
            "line": 509,
            "column": 51
          },
          "end": {
            "line": 509,
            "column": 63
          }
        },
        "168": {
          "start": {
            "line": 510,
            "column": 25
          },
          "end": {
            "line": 510,
            "column": 48
          }
        },
        "169": {
          "start": {
            "line": 512,
            "column": 21
          },
          "end": {
            "line": 512,
            "column": 64
          }
        },
        "170": {
          "start": {
            "line": 513,
            "column": 24
          },
          "end": {
            "line": 513,
            "column": 72
          }
        },
        "171": {
          "start": {
            "line": 514,
            "column": 25
          },
          "end": {
            "line": 514,
            "column": 68
          }
        },
        "172": {
          "start": {
            "line": 516,
            "column": 25
          },
          "end": {
            "line": 516,
            "column": 27
          }
        },
        "173": {
          "start": {
            "line": 518,
            "column": 8
          },
          "end": {
            "line": 518,
            "column": 114
          }
        },
        "174": {
          "start": {
            "line": 521,
            "column": 8
          },
          "end": {
            "line": 524,
            "column": 27
          }
        },
        "175": {
          "start": {
            "line": 527,
            "column": 30
          },
          "end": {
            "line": 553,
            "column": 1
          }
        },
        "176": {
          "start": {
            "line": 529,
            "column": 8
          },
          "end": {
            "line": 530,
            "column": 92
          }
        },
        "177": {
          "start": {
            "line": 534,
            "column": 51
          },
          "end": {
            "line": 534,
            "column": 63
          }
        },
        "178": {
          "start": {
            "line": 535,
            "column": 25
          },
          "end": {
            "line": 535,
            "column": 48
          }
        },
        "179": {
          "start": {
            "line": 537,
            "column": 21
          },
          "end": {
            "line": 537,
            "column": 64
          }
        },
        "180": {
          "start": {
            "line": 538,
            "column": 24
          },
          "end": {
            "line": 538,
            "column": 70
          }
        },
        "181": {
          "start": {
            "line": 539,
            "column": 25
          },
          "end": {
            "line": 539,
            "column": 72
          }
        },
        "182": {
          "start": {
            "line": 541,
            "column": 25
          },
          "end": {
            "line": 541,
            "column": 27
          }
        },
        "183": {
          "start": {
            "line": 543,
            "column": 8
          },
          "end": {
            "line": 543,
            "column": 104
          }
        },
        "184": {
          "start": {
            "line": 548,
            "column": 8
          },
          "end": {
            "line": 551,
            "column": 27
          }
        },
        "185": {
          "start": {
            "line": 555,
            "column": 41
          },
          "end": {
            "line": 577,
            "column": 1
          }
        },
        "186": {
          "start": {
            "line": 557,
            "column": 8
          },
          "end": {
            "line": 558,
            "column": 97
          }
        },
        "187": {
          "start": {
            "line": 562,
            "column": 51
          },
          "end": {
            "line": 562,
            "column": 63
          }
        },
        "188": {
          "start": {
            "line": 563,
            "column": 25
          },
          "end": {
            "line": 563,
            "column": 48
          }
        },
        "189": {
          "start": {
            "line": 565,
            "column": 21
          },
          "end": {
            "line": 565,
            "column": 64
          }
        },
        "190": {
          "start": {
            "line": 567,
            "column": 25
          },
          "end": {
            "line": 567,
            "column": 27
          }
        },
        "191": {
          "start": {
            "line": 569,
            "column": 8
          },
          "end": {
            "line": 569,
            "column": 66
          }
        },
        "192": {
          "start": {
            "line": 572,
            "column": 8
          },
          "end": {
            "line": 575,
            "column": 27
          }
        },
        "193": {
          "start": {
            "line": 581,
            "column": 37
          },
          "end": {
            "line": 624,
            "column": 1
          }
        },
        "194": {
          "start": {
            "line": 583,
            "column": 8
          },
          "end": {
            "line": 584,
            "column": 93
          }
        },
        "195": {
          "start": {
            "line": 588,
            "column": 51
          },
          "end": {
            "line": 588,
            "column": 63
          }
        },
        "196": {
          "start": {
            "line": 589,
            "column": 25
          },
          "end": {
            "line": 589,
            "column": 48
          }
        },
        "197": {
          "start": {
            "line": 591,
            "column": 24
          },
          "end": {
            "line": 591,
            "column": 70
          }
        },
        "198": {
          "start": {
            "line": 593,
            "column": 25
          },
          "end": {
            "line": 593,
            "column": 27
          }
        },
        "199": {
          "start": {
            "line": 594,
            "column": 21
          },
          "end": {
            "line": 594,
            "column": 59
          }
        },
        "200": {
          "start": {
            "line": 595,
            "column": 28
          },
          "end": {
            "line": 595,
            "column": 30
          }
        },
        "201": {
          "start": {
            "line": 596,
            "column": 8
          },
          "end": {
            "line": 605,
            "column": 14
          }
        },
        "202": {
          "start": {
            "line": 598,
            "column": 29
          },
          "end": {
            "line": 598,
            "column": 49
          }
        },
        "203": {
          "start": {
            "line": 600,
            "column": 16
          },
          "end": {
            "line": 600,
            "column": 56
          }
        },
        "204": {
          "start": {
            "line": 604,
            "column": 16
          },
          "end": {
            "line": 604,
            "column": 53
          }
        },
        "205": {
          "start": {
            "line": 606,
            "column": 8
          },
          "end": {
            "line": 606,
            "column": 35
          }
        },
        "206": {
          "start": {
            "line": 608,
            "column": 8
          },
          "end": {
            "line": 617,
            "column": 14
          }
        },
        "207": {
          "start": {
            "line": 612,
            "column": 16
          },
          "end": {
            "line": 612,
            "column": 61
          }
        },
        "208": {
          "start": {
            "line": 615,
            "column": 16
          },
          "end": {
            "line": 615,
            "column": 55
          }
        },
        "209": {
          "start": {
            "line": 616,
            "column": 16
          },
          "end": {
            "line": 616,
            "column": 53
          }
        },
        "210": {
          "start": {
            "line": 619,
            "column": 8
          },
          "end": {
            "line": 622,
            "column": 27
          }
        },
        "211": {
          "start": {
            "line": 626,
            "column": 36
          },
          "end": {
            "line": 664,
            "column": 1
          }
        },
        "212": {
          "start": {
            "line": 628,
            "column": 8
          },
          "end": {
            "line": 629,
            "column": 92
          }
        },
        "213": {
          "start": {
            "line": 633,
            "column": 51
          },
          "end": {
            "line": 633,
            "column": 63
          }
        },
        "214": {
          "start": {
            "line": 634,
            "column": 25
          },
          "end": {
            "line": 634,
            "column": 48
          }
        },
        "215": {
          "start": {
            "line": 636,
            "column": 25
          },
          "end": {
            "line": 636,
            "column": 39
          }
        },
        "216": {
          "start": {
            "line": 641,
            "column": 21
          },
          "end": {
            "line": 641,
            "column": 59
          }
        },
        "217": {
          "start": {
            "line": 642,
            "column": 8
          },
          "end": {
            "line": 655,
            "column": 10
          }
        },
        "218": {
          "start": {
            "line": 644,
            "column": 29
          },
          "end": {
            "line": 644,
            "column": 49
          }
        },
        "219": {
          "start": {
            "line": 646,
            "column": 31
          },
          "end": {
            "line": 646,
            "column": 41
          }
        },
        "220": {
          "start": {
            "line": 648,
            "column": 16
          },
          "end": {
            "line": 650,
            "column": 19
          }
        },
        "221": {
          "start": {
            "line": 649,
            "column": 20
          },
          "end": {
            "line": 649,
            "column": 70
          }
        },
        "222": {
          "start": {
            "line": 654,
            "column": 16
          },
          "end": {
            "line": 654,
            "column": 53
          }
        },
        "223": {
          "start": {
            "line": 659,
            "column": 8
          },
          "end": {
            "line": 662,
            "column": 27
          }
        },
        "224": {
          "start": {
            "line": 666,
            "column": 39
          },
          "end": {
            "line": 724,
            "column": 1
          }
        },
        "225": {
          "start": {
            "line": 668,
            "column": 8
          },
          "end": {
            "line": 669,
            "column": 95
          }
        },
        "226": {
          "start": {
            "line": 673,
            "column": 51
          },
          "end": {
            "line": 673,
            "column": 63
          }
        },
        "227": {
          "start": {
            "line": 674,
            "column": 25
          },
          "end": {
            "line": 674,
            "column": 48
          }
        },
        "228": {
          "start": {
            "line": 676,
            "column": 25
          },
          "end": {
            "line": 676,
            "column": 65
          }
        },
        "229": {
          "start": {
            "line": 681,
            "column": 21
          },
          "end": {
            "line": 681,
            "column": 59
          }
        },
        "230": {
          "start": {
            "line": 682,
            "column": 31
          },
          "end": {
            "line": 682,
            "column": 33
          }
        },
        "231": {
          "start": {
            "line": 683,
            "column": 8
          },
          "end": {
            "line": 697,
            "column": 14
          }
        },
        "232": {
          "start": {
            "line": 685,
            "column": 29
          },
          "end": {
            "line": 685,
            "column": 49
          }
        },
        "233": {
          "start": {
            "line": 687,
            "column": 32
          },
          "end": {
            "line": 687,
            "column": 46
          }
        },
        "234": {
          "start": {
            "line": 689,
            "column": 16
          },
          "end": {
            "line": 692,
            "column": 19
          }
        },
        "235": {
          "start": {
            "line": 690,
            "column": 35
          },
          "end": {
            "line": 690,
            "column": 50
          }
        },
        "236": {
          "start": {
            "line": 691,
            "column": 20
          },
          "end": {
            "line": 691,
            "column": 49
          }
        },
        "237": {
          "start": {
            "line": 696,
            "column": 16
          },
          "end": {
            "line": 696,
            "column": 53
          }
        },
        "238": {
          "start": {
            "line": 699,
            "column": 8
          },
          "end": {
            "line": 715,
            "column": 9
          }
        },
        "239": {
          "start": {
            "line": 700,
            "column": 12
          },
          "end": {
            "line": 714,
            "column": 14
          }
        },
        "240": {
          "start": {
            "line": 702,
            "column": 29
          },
          "end": {
            "line": 702,
            "column": 49
          }
        },
        "241": {
          "start": {
            "line": 704,
            "column": 27
          },
          "end": {
            "line": 704,
            "column": 45
          }
        },
        "242": {
          "start": {
            "line": 706,
            "column": 16
          },
          "end": {
            "line": 706,
            "column": 53
          }
        },
        "243": {
          "start": {
            "line": 713,
            "column": 16
          },
          "end": {
            "line": 713,
            "column": 53
          }
        },
        "244": {
          "start": {
            "line": 717,
            "column": 8
          },
          "end": {
            "line": 717,
            "column": 45
          }
        },
        "245": {
          "start": {
            "line": 719,
            "column": 8
          },
          "end": {
            "line": 722,
            "column": 27
          }
        },
        "246": {
          "start": {
            "line": 726,
            "column": 31
          },
          "end": {
            "line": 764,
            "column": 1
          }
        },
        "247": {
          "start": {
            "line": 728,
            "column": 8
          },
          "end": {
            "line": 729,
            "column": 93
          }
        },
        "248": {
          "start": {
            "line": 733,
            "column": 55
          },
          "end": {
            "line": 733,
            "column": 67
          }
        },
        "249": {
          "start": {
            "line": 734,
            "column": 29
          },
          "end": {
            "line": 734,
            "column": 52
          }
        },
        "250": {
          "start": {
            "line": 736,
            "column": 25
          },
          "end": {
            "line": 736,
            "column": 68
          }
        },
        "251": {
          "start": {
            "line": 737,
            "column": 28
          },
          "end": {
            "line": 737,
            "column": 74
          }
        },
        "252": {
          "start": {
            "line": 739,
            "column": 29
          },
          "end": {
            "line": 739,
            "column": 31
          }
        },
        "253": {
          "start": {
            "line": 741,
            "column": 26
          },
          "end": {
            "line": 741,
            "column": 28
          }
        },
        "254": {
          "start": {
            "line": 743,
            "column": 12
          },
          "end": {
            "line": 752,
            "column": 14
          }
        },
        "255": {
          "start": {
            "line": 745,
            "column": 33
          },
          "end": {
            "line": 745,
            "column": 53
          }
        },
        "256": {
          "start": {
            "line": 747,
            "column": 20
          },
          "end": {
            "line": 747,
            "column": 48
          }
        },
        "257": {
          "start": {
            "line": 751,
            "column": 16
          },
          "end": {
            "line": 751,
            "column": 53
          }
        },
        "258": {
          "start": {
            "line": 754,
            "column": 12
          },
          "end": {
            "line": 756,
            "column": 13
          }
        },
        "259": {
          "start": {
            "line": 755,
            "column": 16
          },
          "end": {
            "line": 755,
            "column": 48
          }
        },
        "260": {
          "start": {
            "line": 757,
            "column": 12
          },
          "end": {
            "line": 757,
            "column": 64
          }
        },
        "261": {
          "start": {
            "line": 759,
            "column": 8
          },
          "end": {
            "line": 762,
            "column": 27
          }
        },
        "262": {
          "start": {
            "line": 767,
            "column": 28
          },
          "end": {
            "line": 843,
            "column": 1
          }
        },
        "263": {
          "start": {
            "line": 769,
            "column": 8
          },
          "end": {
            "line": 770,
            "column": 90
          }
        },
        "264": {
          "start": {
            "line": 774,
            "column": 55
          },
          "end": {
            "line": 774,
            "column": 67
          }
        },
        "265": {
          "start": {
            "line": 775,
            "column": 29
          },
          "end": {
            "line": 775,
            "column": 52
          }
        },
        "266": {
          "start": {
            "line": 777,
            "column": 25
          },
          "end": {
            "line": 777,
            "column": 68
          }
        },
        "267": {
          "start": {
            "line": 778,
            "column": 28
          },
          "end": {
            "line": 778,
            "column": 74
          }
        },
        "268": {
          "start": {
            "line": 780,
            "column": 29
          },
          "end": {
            "line": 780,
            "column": 31
          }
        },
        "269": {
          "start": {
            "line": 782,
            "column": 30
          },
          "end": {
            "line": 782,
            "column": 32
          }
        },
        "270": {
          "start": {
            "line": 783,
            "column": 28
          },
          "end": {
            "line": 783,
            "column": 30
          }
        },
        "271": {
          "start": {
            "line": 785,
            "column": 12
          },
          "end": {
            "line": 794,
            "column": 18
          }
        },
        "272": {
          "start": {
            "line": 787,
            "column": 33
          },
          "end": {
            "line": 787,
            "column": 53
          }
        },
        "273": {
          "start": {
            "line": 789,
            "column": 20
          },
          "end": {
            "line": 789,
            "column": 58
          }
        },
        "274": {
          "start": {
            "line": 793,
            "column": 20
          },
          "end": {
            "line": 793,
            "column": 57
          }
        },
        "275": {
          "start": {
            "line": 796,
            "column": 12
          },
          "end": {
            "line": 819,
            "column": 14
          }
        },
        "276": {
          "start": {
            "line": 798,
            "column": 29
          },
          "end": {
            "line": 798,
            "column": 49
          }
        },
        "277": {
          "start": {
            "line": 800,
            "column": 31
          },
          "end": {
            "line": 800,
            "column": 41
          }
        },
        "278": {
          "start": {
            "line": 803,
            "column": 16
          },
          "end": {
            "line": 808,
            "column": 19
          }
        },
        "279": {
          "start": {
            "line": 804,
            "column": 20
          },
          "end": {
            "line": 807,
            "column": 21
          }
        },
        "280": {
          "start": {
            "line": 805,
            "column": 24
          },
          "end": {
            "line": 805,
            "column": 81
          }
        },
        "281": {
          "start": {
            "line": 806,
            "column": 24
          },
          "end": {
            "line": 806,
            "column": 47
          }
        },
        "282": {
          "start": {
            "line": 812,
            "column": 16
          },
          "end": {
            "line": 814,
            "column": 17
          }
        },
        "283": {
          "start": {
            "line": 813,
            "column": 20
          },
          "end": {
            "line": 813,
            "column": 52
          }
        },
        "284": {
          "start": {
            "line": 818,
            "column": 16
          },
          "end": {
            "line": 818,
            "column": 53
          }
        },
        "285": {
          "start": {
            "line": 820,
            "column": 12
          },
          "end": {
            "line": 832,
            "column": 13
          }
        },
        "286": {
          "start": {
            "line": 821,
            "column": 16
          },
          "end": {
            "line": 830,
            "column": 18
          }
        },
        "287": {
          "start": {
            "line": 823,
            "column": 37
          },
          "end": {
            "line": 823,
            "column": 57
          }
        },
        "288": {
          "start": {
            "line": 825,
            "column": 44
          },
          "end": {
            "line": 825,
            "column": 66
          }
        },
        "289": {
          "start": {
            "line": 826,
            "column": 24
          },
          "end": {
            "line": 826,
            "column": 79
          }
        },
        "290": {
          "start": {
            "line": 829,
            "column": 20
          },
          "end": {
            "line": 829,
            "column": 57
          }
        },
        "291": {
          "start": {
            "line": 834,
            "column": 12
          },
          "end": {
            "line": 836,
            "column": 13
          }
        },
        "292": {
          "start": {
            "line": 835,
            "column": 16
          },
          "end": {
            "line": 835,
            "column": 48
          }
        },
        "293": {
          "start": {
            "line": 838,
            "column": 8
          },
          "end": {
            "line": 841,
            "column": 27
          }
        },
        "294": {
          "start": {
            "line": 845,
            "column": 26
          },
          "end": {
            "line": 858,
            "column": 1
          }
        },
        "295": {
          "start": {
            "line": 847,
            "column": 8
          },
          "end": {
            "line": 848,
            "column": 89
          }
        },
        "296": {
          "start": {
            "line": 851,
            "column": 28
          },
          "end": {
            "line": 851,
            "column": 70
          }
        },
        "297": {
          "start": {
            "line": 853,
            "column": 8
          },
          "end": {
            "line": 856,
            "column": 27
          }
        },
        "298": {
          "start": {
            "line": 860,
            "column": 35
          },
          "end": {
            "line": 873,
            "column": 1
          }
        },
        "299": {
          "start": {
            "line": 862,
            "column": 8
          },
          "end": {
            "line": 864,
            "column": 94
          }
        },
        "300": {
          "start": {
            "line": 867,
            "column": 28
          },
          "end": {
            "line": 867,
            "column": 49
          }
        },
        "301": {
          "start": {
            "line": 869,
            "column": 8
          },
          "end": {
            "line": 871,
            "column": 27
          }
        },
        "302": {
          "start": {
            "line": 879,
            "column": 30
          },
          "end": {
            "line": 892,
            "column": 1
          }
        },
        "303": {
          "start": {
            "line": 881,
            "column": 8
          },
          "end": {
            "line": 882,
            "column": 93
          }
        },
        "304": {
          "start": {
            "line": 885,
            "column": 28
          },
          "end": {
            "line": 885,
            "column": 80
          }
        },
        "305": {
          "start": {
            "line": 887,
            "column": 8
          },
          "end": {
            "line": 890,
            "column": 27
          }
        },
        "306": {
          "start": {
            "line": 898,
            "column": 35
          },
          "end": {
            "line": 907,
            "column": 1
          }
        },
        "307": {
          "start": {
            "line": 900,
            "column": 8
          },
          "end": {
            "line": 900,
            "column": 92
          }
        },
        "308": {
          "start": {
            "line": 903,
            "column": 8
          },
          "end": {
            "line": 903,
            "column": 91
          }
        },
        "309": {
          "start": {
            "line": 905,
            "column": 8
          },
          "end": {
            "line": 905,
            "column": 58
          }
        },
        "310": {
          "start": {
            "line": 913,
            "column": 31
          },
          "end": {
            "line": 926,
            "column": 1
          }
        },
        "311": {
          "start": {
            "line": 915,
            "column": 8
          },
          "end": {
            "line": 915,
            "column": 86
          }
        },
        "312": {
          "start": {
            "line": 918,
            "column": 27
          },
          "end": {
            "line": 918,
            "column": 76
          }
        },
        "313": {
          "start": {
            "line": 919,
            "column": 28
          },
          "end": {
            "line": 919,
            "column": 62
          }
        },
        "314": {
          "start": {
            "line": 921,
            "column": 8
          },
          "end": {
            "line": 924,
            "column": 27
          }
        },
        "315": {
          "start": {
            "line": 932,
            "column": 21
          },
          "end": {
            "line": 945,
            "column": 1
          }
        },
        "316": {
          "start": {
            "line": 934,
            "column": 8
          },
          "end": {
            "line": 934,
            "column": 20
          }
        },
        "317": {
          "start": {
            "line": 937,
            "column": 28
          },
          "end": {
            "line": 937,
            "column": 90
          }
        },
        "318": {
          "start": {
            "line": 938,
            "column": 8
          },
          "end": {
            "line": 938,
            "column": 68
          }
        },
        "319": {
          "start": {
            "line": 940,
            "column": 8
          },
          "end": {
            "line": 943,
            "column": 27
          }
        },
        "320": {
          "start": {
            "line": 954,
            "column": 0
          },
          "end": {
            "line": 979,
            "column": 14
          }
        }
      },
      "fnMap": {
        "0": {
          "name": "(anonymous_0)",
          "decl": {
            "start": {
              "line": 13,
              "column": 20
            },
            "end": {
              "line": 13,
              "column": 21
            }
          },
          "loc": {
            "start": {
              "line": 13,
              "column": 47
            },
            "end": {
              "line": 26,
              "column": 1
            }
          },
          "line": 13
        },
        "1": {
          "name": "(anonymous_1)",
          "decl": {
            "start": {
              "line": 29,
              "column": 24
            },
            "end": {
              "line": 29,
              "column": 25
            }
          },
          "loc": {
            "start": {
              "line": 29,
              "column": 71
            },
            "end": {
              "line": 45,
              "column": 1
            }
          },
          "line": 29
        },
        "2": {
          "name": "(anonymous_2)",
          "decl": {
            "start": {
              "line": 46,
              "column": 22
            },
            "end": {
              "line": 46,
              "column": 23
            }
          },
          "loc": {
            "start": {
              "line": 46,
              "column": 37
            },
            "end": {
              "line": 55,
              "column": 1
            }
          },
          "line": 46
        },
        "3": {
          "name": "(anonymous_3)",
          "decl": {
            "start": {
              "line": 58,
              "column": 4
            },
            "end": {
              "line": 58,
              "column": 5
            }
          },
          "loc": {
            "start": {
              "line": 58,
              "column": 28
            },
            "end": {
              "line": 60,
              "column": 5
            }
          },
          "line": 58
        },
        "4": {
          "name": "(anonymous_4)",
          "decl": {
            "start": {
              "line": 61,
              "column": 4
            },
            "end": {
              "line": 61,
              "column": 5
            }
          },
          "loc": {
            "start": {
              "line": 61,
              "column": 31
            },
            "end": {
              "line": 134,
              "column": 5
            }
          },
          "line": 61
        },
        "5": {
          "name": "(anonymous_5)",
          "decl": {
            "start": {
              "line": 81,
              "column": 18
            },
            "end": {
              "line": 81,
              "column": 19
            }
          },
          "loc": {
            "start": {
              "line": 81,
              "column": 32
            },
            "end": {
              "line": 95,
              "column": 13
            }
          },
          "line": 81
        },
        "6": {
          "name": "(anonymous_6)",
          "decl": {
            "start": {
              "line": 86,
              "column": 34
            },
            "end": {
              "line": 86,
              "column": 35
            }
          },
          "loc": {
            "start": {
              "line": 86,
              "column": 44
            },
            "end": {
              "line": 93,
              "column": 17
            }
          },
          "line": 86
        },
        "7": {
          "name": "(anonymous_7)",
          "decl": {
            "start": {
              "line": 96,
              "column": 19
            },
            "end": {
              "line": 96,
              "column": 20
            }
          },
          "loc": {
            "start": {
              "line": 96,
              "column": 28
            },
            "end": {
              "line": 98,
              "column": 13
            }
          },
          "line": 96
        },
        "8": {
          "name": "(anonymous_8)",
          "decl": {
            "start": {
              "line": 139,
              "column": 2
            },
            "end": {
              "line": 139,
              "column": 3
            }
          },
          "loc": {
            "start": {
              "line": 139,
              "column": 26
            },
            "end": {
              "line": 149,
              "column": 3
            }
          },
          "line": 139
        },
        "9": {
          "name": "(anonymous_9)",
          "decl": {
            "start": {
              "line": 150,
              "column": 2
            },
            "end": {
              "line": 150,
              "column": 3
            }
          },
          "loc": {
            "start": {
              "line": 150,
              "column": 23
            },
            "end": {
              "line": 209,
              "column": 3
            }
          },
          "line": 150
        },
        "10": {
          "name": "(anonymous_10)",
          "decl": {
            "start": {
              "line": 214,
              "column": 2
            },
            "end": {
              "line": 214,
              "column": 3
            }
          },
          "loc": {
            "start": {
              "line": 214,
              "column": 26
            },
            "end": {
              "line": 227,
              "column": 3
            }
          },
          "line": 214
        },
        "11": {
          "name": "(anonymous_11)",
          "decl": {
            "start": {
              "line": 228,
              "column": 2
            },
            "end": {
              "line": 228,
              "column": 3
            }
          },
          "loc": {
            "start": {
              "line": 228,
              "column": 23
            },
            "end": {
              "line": 299,
              "column": 3
            }
          },
          "line": 228
        },
        "12": {
          "name": "(anonymous_12)",
          "decl": {
            "start": {
              "line": 303,
              "column": 4
            },
            "end": {
              "line": 303,
              "column": 5
            }
          },
          "loc": {
            "start": {
              "line": 303,
              "column": 28
            },
            "end": {
              "line": 306,
              "column": 5
            }
          },
          "line": 303
        },
        "13": {
          "name": "(anonymous_13)",
          "decl": {
            "start": {
              "line": 307,
              "column": 4
            },
            "end": {
              "line": 307,
              "column": 5
            }
          },
          "loc": {
            "start": {
              "line": 307,
              "column": 31
            },
            "end": {
              "line": 353,
              "column": 5
            }
          },
          "line": 307
        },
        "14": {
          "name": "(anonymous_14)",
          "decl": {
            "start": {
              "line": 323,
              "column": 18
            },
            "end": {
              "line": 323,
              "column": 19
            }
          },
          "loc": {
            "start": {
              "line": 323,
              "column": 32
            },
            "end": {
              "line": 328,
              "column": 13
            }
          },
          "line": 323
        },
        "15": {
          "name": "(anonymous_15)",
          "decl": {
            "start": {
              "line": 329,
              "column": 19
            },
            "end": {
              "line": 329,
              "column": 20
            }
          },
          "loc": {
            "start": {
              "line": 329,
              "column": 28
            },
            "end": {
              "line": 331,
              "column": 13
            }
          },
          "line": 329
        },
        "16": {
          "name": "(anonymous_16)",
          "decl": {
            "start": {
              "line": 358,
              "column": 4
            },
            "end": {
              "line": 358,
              "column": 5
            }
          },
          "loc": {
            "start": {
              "line": 358,
              "column": 28
            },
            "end": {
              "line": 361,
              "column": 5
            }
          },
          "line": 358
        },
        "17": {
          "name": "(anonymous_17)",
          "decl": {
            "start": {
              "line": 362,
              "column": 4
            },
            "end": {
              "line": 362,
              "column": 5
            }
          },
          "loc": {
            "start": {
              "line": 362,
              "column": 31
            },
            "end": {
              "line": 383,
              "column": 5
            }
          },
          "line": 362
        },
        "18": {
          "name": "(anonymous_18)",
          "decl": {
            "start": {
              "line": 387,
              "column": 4
            },
            "end": {
              "line": 387,
              "column": 5
            }
          },
          "loc": {
            "start": {
              "line": 387,
              "column": 28
            },
            "end": {
              "line": 390,
              "column": 5
            }
          },
          "line": 387
        },
        "19": {
          "name": "(anonymous_19)",
          "decl": {
            "start": {
              "line": 391,
              "column": 4
            },
            "end": {
              "line": 391,
              "column": 5
            }
          },
          "loc": {
            "start": {
              "line": 391,
              "column": 31
            },
            "end": {
              "line": 444,
              "column": 5
            }
          },
          "line": 391
        },
        "20": {
          "name": "(anonymous_20)",
          "decl": {
            "start": {
              "line": 403,
              "column": 18
            },
            "end": {
              "line": 403,
              "column": 19
            }
          },
          "loc": {
            "start": {
              "line": 403,
              "column": 32
            },
            "end": {
              "line": 407,
              "column": 13
            }
          },
          "line": 403
        },
        "21": {
          "name": "(anonymous_21)",
          "decl": {
            "start": {
              "line": 408,
              "column": 19
            },
            "end": {
              "line": 408,
              "column": 20
            }
          },
          "loc": {
            "start": {
              "line": 408,
              "column": 28
            },
            "end": {
              "line": 410,
              "column": 13
            }
          },
          "line": 408
        },
        "22": {
          "name": "(anonymous_22)",
          "decl": {
            "start": {
              "line": 413,
              "column": 18
            },
            "end": {
              "line": 413,
              "column": 19
            }
          },
          "loc": {
            "start": {
              "line": 413,
              "column": 32
            },
            "end": {
              "line": 432,
              "column": 13
            }
          },
          "line": 413
        },
        "23": {
          "name": "(anonymous_23)",
          "decl": {
            "start": {
              "line": 424,
              "column": 37
            },
            "end": {
              "line": 424,
              "column": 38
            }
          },
          "loc": {
            "start": {
              "line": 424,
              "column": 45
            },
            "end": {
              "line": 426,
              "column": 21
            }
          },
          "line": 424
        },
        "24": {
          "name": "(anonymous_24)",
          "decl": {
            "start": {
              "line": 433,
              "column": 19
            },
            "end": {
              "line": 433,
              "column": 20
            }
          },
          "loc": {
            "start": {
              "line": 433,
              "column": 28
            },
            "end": {
              "line": 435,
              "column": 13
            }
          },
          "line": 433
        },
        "25": {
          "name": "(anonymous_25)",
          "decl": {
            "start": {
              "line": 449,
              "column": 4
            },
            "end": {
              "line": 449,
              "column": 5
            }
          },
          "loc": {
            "start": {
              "line": 449,
              "column": 28
            },
            "end": {
              "line": 452,
              "column": 5
            }
          },
          "line": 449
        },
        "26": {
          "name": "(anonymous_26)",
          "decl": {
            "start": {
              "line": 453,
              "column": 4
            },
            "end": {
              "line": 453,
              "column": 5
            }
          },
          "loc": {
            "start": {
              "line": 453,
              "column": 25
            },
            "end": {
              "line": 473,
              "column": 5
            }
          },
          "line": 453
        },
        "27": {
          "name": "(anonymous_27)",
          "decl": {
            "start": {
              "line": 476,
              "column": 4
            },
            "end": {
              "line": 476,
              "column": 5
            }
          },
          "loc": {
            "start": {
              "line": 476,
              "column": 28
            },
            "end": {
              "line": 479,
              "column": 5
            }
          },
          "line": 476
        },
        "28": {
          "name": "(anonymous_28)",
          "decl": {
            "start": {
              "line": 480,
              "column": 4
            },
            "end": {
              "line": 480,
              "column": 5
            }
          },
          "loc": {
            "start": {
              "line": 480,
              "column": 25
            },
            "end": {
              "line": 499,
              "column": 5
            }
          },
          "line": 480
        },
        "29": {
          "name": "(anonymous_29)",
          "decl": {
            "start": {
              "line": 503,
              "column": 4
            },
            "end": {
              "line": 503,
              "column": 5
            }
          },
          "loc": {
            "start": {
              "line": 503,
              "column": 28
            },
            "end": {
              "line": 506,
              "column": 5
            }
          },
          "line": 503
        },
        "30": {
          "name": "(anonymous_30)",
          "decl": {
            "start": {
              "line": 507,
              "column": 4
            },
            "end": {
              "line": 507,
              "column": 5
            }
          },
          "loc": {
            "start": {
              "line": 507,
              "column": 25
            },
            "end": {
              "line": 525,
              "column": 5
            }
          },
          "line": 507
        },
        "31": {
          "name": "(anonymous_31)",
          "decl": {
            "start": {
              "line": 528,
              "column": 4
            },
            "end": {
              "line": 528,
              "column": 5
            }
          },
          "loc": {
            "start": {
              "line": 528,
              "column": 28
            },
            "end": {
              "line": 531,
              "column": 5
            }
          },
          "line": 528
        },
        "32": {
          "name": "(anonymous_32)",
          "decl": {
            "start": {
              "line": 532,
              "column": 4
            },
            "end": {
              "line": 532,
              "column": 5
            }
[...]
          },
          "end": {
            "line": 44,
            "column": 48
          }
        },
        "11": {
          "start": {
            "line": 50,
            "column": 0
          },
          "end": {
            "line": 52,
            "column": 3
          }
        },
        "12": {
          "start": {
            "line": 51,
            "column": 4
          },
          "end": {
            "line": 51,
            "column": 77
          }
        },
        "13": {
          "start": {
            "line": 63,
            "column": 0
          },
          "end": {
            "line": 74,
            "column": 3
          }
        },
        "14": {
          "start": {
            "line": 64,
            "column": 4
          },
          "end": {
            "line": 64,
            "column": 81
          }
        },
        "15": {
          "start": {
            "line": 65,
            "column": 4
          },
          "end": {
            "line": 73,
            "column": 7
          }
        },
        "16": {
          "start": {
            "line": 66,
            "column": 21
          },
          "end": {
            "line": 66,
            "column": 79
          }
        },
        "17": {
          "start": {
            "line": 67,
            "column": 8
          },
          "end": {
            "line": 67,
            "column": 65
          }
        },
        "18": {
          "start": {
            "line": 68,
            "column": 8
          },
          "end": {
            "line": 72,
            "column": 11
          }
        },
        "19": {
          "start": {
            "line": 69,
            "column": 12
          },
          "end": {
            "line": 69,
            "column": 48
          }
        },
        "20": {
          "start": {
            "line": 70,
            "column": 12
          },
          "end": {
            "line": 70,
            "column": 58
          }
        },
        "21": {
          "start": {
            "line": 71,
            "column": 12
          },
          "end": {
            "line": 71,
            "column": 197
          }
        },
        "22": {
          "start": {
            "line": 82,
            "column": 31
          },
          "end": {
            "line": 82,
            "column": 77
          }
        },
        "23": {
          "start": {
            "line": 83,
            "column": 4
          },
          "end": {
            "line": 85,
            "column": 5
          }
        },
        "24": {
          "start": {
            "line": 84,
            "column": 8
          },
          "end": {
            "line": 84,
            "column": 85
          }
        },
        "25": {
          "start": {
            "line": 86,
            "column": 4
          },
          "end": {
            "line": 88,
            "column": 5
          }
        },
        "26": {
          "start": {
            "line": 87,
            "column": 8
          },
          "end": {
            "line": 87,
            "column": 125
          }
        },
        "27": {
          "start": {
            "line": 89,
            "column": 4
          },
          "end": {
            "line": 92,
            "column": 5
          }
        },
        "28": {
          "start": {
            "line": 90,
            "column": 8
          },
          "end": {
            "line": 91,
            "column": 67
          }
        },
        "29": {
          "start": {
            "line": 93,
            "column": 4
          },
          "end": {
            "line": 93,
            "column": 30
          }
        },
        "30": {
          "start": {
            "line": 102,
            "column": 4
          },
          "end": {
            "line": 102,
            "column": 60
          }
        },
        "31": {
          "start": {
            "line": 112,
            "column": 29
          },
          "end": {
            "line": 112,
            "column": 58
          }
        },
        "32": {
          "start": {
            "line": 113,
            "column": 4
          },
          "end": {
            "line": 115,
            "column": 5
          }
        },
        "33": {
          "start": {
            "line": 114,
            "column": 8
          },
          "end": {
            "line": 114,
            "column": 63
          }
        },
        "34": {
          "start": {
            "line": 116,
            "column": 4
          },
          "end": {
            "line": 116,
            "column": 28
          }
        },
        "35": {
          "start": {
            "line": 126,
            "column": 18
          },
          "end": {
            "line": 126,
            "column": 59
          }
        },
        "36": {
          "start": {
            "line": 127,
            "column": 4
          },
          "end": {
            "line": 133,
            "column": 5
          }
        },
        "37": {
          "start": {
            "line": 128,
            "column": 8
          },
          "end": {
            "line": 132,
            "column": 9
          }
        },
        "38": {
          "start": {
            "line": 129,
            "column": 12
          },
          "end": {
            "line": 129,
            "column": 81
          }
        },
        "39": {
          "start": {
            "line": 131,
            "column": 12
          },
          "end": {
            "line": 131,
            "column": 32
          }
        },
        "40": {
          "start": {
            "line": 134,
            "column": 4
          },
          "end": {
            "line": 134,
            "column": 35
          }
        }
      },
      "fnMap": {
        "0": {
          "name": "(anonymous_0)",
          "decl": {
            "start": {
              "line": 50,
              "column": 39
            },
            "end": {
              "line": 50,
              "column": 40
            }
          },
          "loc": {
            "start": {
              "line": 50,
              "column": 45
            },
            "end": {
              "line": 52,
              "column": 1
            }
          },
          "line": 50
        },
        "1": {
          "name": "(anonymous_1)",
          "decl": {
            "start": {
              "line": 63,
              "column": 31
            },
            "end": {
              "line": 63,
              "column": 32
            }
          },
          "loc": {
            "start": {
              "line": 63,
              "column": 43
            },
            "end": {
              "line": 74,
              "column": 1
            }
          },
          "line": 63
        },
        "2": {
          "name": "(anonymous_2)",
          "decl": {
            "start": {
              "line": 65,
              "column": 22
            },
            "end": {
              "line": 65,
              "column": 23
            }
          },
          "loc": {
            "start": {
              "line": 65,
              "column": 32
            },
            "end": {
              "line": 73,
              "column": 5
            }
          },
          "line": 65
        },
        "3": {
          "name": "(anonymous_3)",
          "decl": {
            "start": {
              "line": 68,
              "column": 52
            },
            "end": {
              "line": 68,
              "column": 53
            }
          },
          "loc": {
            "start": {
              "line": 68,
              "column": 78
            },
            "end": {
              "line": 72,
              "column": 9
            }
          },
          "line": 68
        },
        "4": {
          "name": "getAndValidatePortNumber",
          "decl": {
            "start": {
              "line": 81,
              "column": 9
            },
            "end": {
              "line": 81,
              "column": 33
            }
          },
          "loc": {
            "start": {
              "line": 81,
              "column": 36
            },
            "end": {
              "line": 94,
              "column": 1
            }
          },
          "line": 81
        },
        "5": {
          "name": "getLambdaHandlerName",
          "decl": {
            "start": {
              "line": 101,
              "column": 9
            },
            "end": {
              "line": 101,
              "column": 29
            }
          },
          "loc": {
            "start": {
              "line": 101,
              "column": 32
            },
            "end": {
              "line": 103,
              "column": 1
            }
          },
          "line": 101
        },
        "6": {
          "name": "getAndValidateSkillInvokerFile",
          "decl": {
            "start": {
              "line": 111,
              "column": 9
            },
            "end": {
              "line": 111,
              "column": 39
            }
          },
          "loc": {
            "start": {
              "line": 111,
              "column": 42
            },
            "end": {
              "line": 117,
              "column": 1
            }
          },
          "line": 111
        },
        "7": {
          "name": "getArgument",
          "decl": {
            "start": {
              "line": 125,
              "column": 9
            },
            "end": {
              "line": 125,
              "column": 20
            }
          },
          "loc": {
            "start": {
              "line": 125,
              "column": 49
            },
            "end": {
              "line": 135,
              "column": 1
            }
          },
          "line": 125
        }
      },
      "branchMap": {
        "0": {
          "loc": {
            "start": {
              "line": 83,
              "column": 4
            },
            "end": {
              "line": 85,
              "column": 5
            }
          },
          "type": "if",
          "locations": [
            {
              "start": {
                "line": 83,
                "column": 4
              },
              "end": {
                "line": 85,
                "column": 5
              }
            },
            {
              "start": {
                "line": 83,
                "column": 4
              },
              "end": {
                "line": 85,
                "column": 5
              }
            }
          ],
          "line": 83
        },
        "1": {
          "loc": {
            "start": {
              "line": 86,
              "column": 4
            },
            "end": {
              "line": 88,
              "column": 5
            }
          },
          "type": "if",
          "locations": [
            {
              "start": {
                "line": 86,
                "column": 4
              },
              "end": {
                "line": 88,
                "column": 5
              }
            },
            {
              "start": {
                "line": 86,
                "column": 4
              },
              "end": {
                "line": 88,
                "column": 5
              }
            }
          ],
          "line": 86
        },
        "2": {
          "loc": {
            "start": {
              "line": 86,
              "column": 8
            },
            "end": {
              "line": 86,
              "column": 60
            }
          },
          "type": "binary-expr",
          "locations": [
            {
              "start": {
                "line": 86,
                "column": 8
              },
              "end": {
                "line": 86,
                "column": 30
              }
            },
            {
              "start": {
                "line": 86,
                "column": 34
              },
              "end": {
                "line": 86,
                "column": 60
              }
            }
          ],
          "line": 86
        },
        "3": {
          "loc": {
            "start": {
              "line": 89,
              "column": 4
            },
            "end": {
              "line": 92,
              "column": 5
            }
          },
          "type": "if",
          "locations": [
            {
              "start": {
                "line": 89,
                "column": 4
              },
              "end": {
                "line": 92,
                "column": 5
              }
            },
            {
              "start": {
                "line": 89,
                "column": 4
              },
              "end": {
                "line": 92,
                "column": 5
              }
            }
          ],
          "line": 89
        },
        "4": {
          "loc": {
            "start": {
              "line": 113,
              "column": 4
            },
            "end": {
              "line": 115,
              "column": 5
            }
          },
          "type": "if",
          "locations": [
            {
              "start": {
                "line": 113,
                "column": 4
              },
              "end": {
                "line": 115,
                "column": 5
              }
            },
            {
              "start": {
                "line": 113,
                "column": 4
              },
              "end": {
                "line": 115,
                "column": 5
              }
            }
          ],
          "line": 113
        },
        "5": {
          "loc": {
            "start": {
              "line": 127,
              "column": 4
            },
            "end": {
              "line": 133,
              "column": 5
            }
          },
          "type": "if",
          "locations": [
            {
              "start": {
                "line": 127,
                "column": 4
              },
              "end": {
                "line": 133,
                "column": 5
              }
            },
            {
              "start": {
                "line": 127,
                "column": 4
              },
              "end": {
                "line": 133,
                "column": 5
              }
            }
          ],
          "line": 127
        },
        "6": {
          "loc": {
            "start": {
              "line": 127,
              "column": 8
            },
            "end": {
              "line": 127,
              "column": 70
            }
          },
          "type": "binary-expr",
          "locations": [
            {
              "start": {
                "line": 127,
                "column": 8
              },
              "end": {
                "line": 127,
                "column": 20
              }
            },
            {
              "start": {
                "line": 127,
                "column": 24
              },
              "end": {
                "line": 127,
                "column": 70
              }
            }
          ],
          "line": 127
        },
        "7": {
          "loc": {
            "start": {
              "line": 128,
              "column": 8
            },
            "end": {
              "line": 132,
              "column": 9
            }
          },
          "type": "if",
          "locations": [
            {
              "start": {
                "line": 128,
                "column": 8
              },
              "end": {
                "line": 132,
                "column": 9
              }
            },
            {
              "start": {
                "line": 128,
                "column": 8
              },
              "end": {
                "line": 132,
                "column": 9
              }
            }
          ],
          "line": 128
        }
      },
      "s": {
        "0": 0,
        "1": 0,
        "2": 0,
        "3": 0,
        "4": 0,
        "5": 0,
        "6": 0,
        "7": 0,
        "8": 0,
        "9": 0,
        "10": 0,
        "11": 0,
        "12": 0,
        "13": 0,
        "14": 0,
        "15": 0,
        "16": 0,
        "17": 0,
        "18": 0,
        "19": 0,
        "20": 0,
        "21": 0,
        "22": 0,
        "23": 0,
        "24": 0,
        "25": 0,
        "26": 0,
        "27": 0,
        "28": 0,
        "29": 0,
        "30": 0,
        "31": 0,
        "32": 0,
        "33": 0,
        "34": 0,
        "35": 0,
        "36": 0,
        "37": 0,
        "38": 0,
        "39": 0,
        "40": 0
      },
      "f": {
        "0": 0,
        "1": 0,
        "2": 0,
        "3": 0,
        "4": 0,
        "5": 0,
        "6": 0,
        "7": 0
      },
      "b": {
        "0": [
          0,
          0
        ],
        "1": [
          0,
          0
        ],
        "2": [
          0,
          0
        ],
        "3": [
          0,
          0
        ],
        "4": [
          0,
          0
        ],
        "5": [
          0,
          0
        ],
        "6": [
          0,
          0
        ],
        "7": [
          0,
          0
        ]
      },
      "hash": "2782ff1aeef5ebd5555ac2845a550a3d3b0afe54"
    },
    "F:\\VirtualArchive\\lambda\\util.js": {
      "path": "F:\\VirtualArchive\\lambda\\util.js",
      "statementMap": {
        "0": {
          "start": {
            "line": 1,
            "column": 12
          },
          "end": {
            "line": 1,
            "column": 30
          }
        },
        "1": {
          "start": {
            "line": 3,
            "column": 22
          },
          "end": {
            "line": 6,
            "column": 2
          }
        },
        "2": {
          "start": {
            "line": 8,
            "column": 0
          },
          "end": {
            "line": 19,
            "column": 1
          }
        },
        "3": {
          "start": {
            "line": 10,
            "column": 23
          },
          "end": {
            "line": 10,
            "column": 56
          }
        },
        "4": {
          "start": {
            "line": 11,
            "column": 27
          },
          "end": {
            "line": 15,
            "column": 6
          }
        },
        "5": {
          "start": {
            "line": 16,
            "column": 4
          },
          "end": {
            "line": 16,
            "column": 77
          }
        },
        "6": {
          "start": {
            "line": 17,
            "column": 4
          },
          "end": {
            "line": 17,
            "column": 26
          }
        }
      },
      "fnMap": {
        "0": {
          "name": "getS3PreSignedUrl",
          "decl": {
            "start": {
              "line": 8,
              "column": 44
            },
            "end": {
              "line": 8,
              "column": 61
            }
          },
          "loc": {
            "start": {
              "line": 8,
              "column": 75
            },
            "end": {
              "line": 19,
              "column": 1
            }
          },
          "line": 8
        }
      },
      "branchMap": {},
      "s": {
        "0": 0,
        "1": 0,
        "2": 0,
        "3": 0,
        "4": 0,
        "5": 0,
        "6": 0
      },
      "f": {
        "0": 0
      },
      "b": {},
      "hash": "ef2bf0d020877c44662af9647e0a2de829b8847c"
    },
    "F:\\VirtualArchive\\lambda\\api\\api-post-data.js": {
      "path": "F:\\VirtualArchive\\lambda\\api\\api-post-data.js",
      "statementMap": {},
      "fnMap": {},
      "branchMap": {},
      "s": {},
      "f": {},
      "b": {},
      "hash": "334050e54e890b3acefa8349ff3b2521db09104d"
    }
  }
}