{
  "numFailedTestSuites": 0,
  "numFailedTests": 0,
  "numPassedTestSuites": 1,
  "numPassedTests": 4,
  "numPendingTestSuites": 0,
  "numPendingTests": 0,
  "numRuntimeErrorTestSuites": 0,
  "numTodoTests": 0,
  "numTotalTestSuites": 1,
  "numTotalTests": 4,
  "openHandles": [],
  "snapshot": {
    "added": 0,
    "didUpdate": false,
    "failure": false,
    "filesAdded": 0,
    "filesRemoved": 0,
    "filesRemovedList": [],
    "filesUnmatched": 0,
    "filesUpdated": 0,
    "matched": 0,
    "total": 0,
    "unchecked": 0,
    "uncheckedKeysByFile": [],
    "unmatched": 0,
    "updated": 0
  },
  "startTime": 1632803391590,
  "success": false,
  "testResults": [
    {
      "failureMessage": null,
      "leaks": false,
      "memoryUsage": 0,
      "numFailingTests": 0,
      "numPassingTests": 4,
      "numPendingTests": 0,
      "numTodoTests": 0,
      "skipped": false,
      "snapshot": {
        "added": 0,
        "fileDeleted": false,
        "matched": 0,
        "unchecked": 0,
        "uncheckedKeys": [],
        "unmatched": 0,
        "updated": 0
      },
      "testFilePath": "F:\\VirtualArchive\\test\\index.test.yml",
      "testResults": [
        {
          "ancestorTitles": [
            "en-US",
            "Launch Virtual Archive"
          ],
          "duration": 1887,
          "failureMessages": [],
          "location": {
            "column": 0,
            "line": 0
          },
          "numPassingAsserts": 0,
          "status": "passed",
          "title": "LaunchRequest"
        },
        {
          "ancestorTitles": [
            "en-US",
            "Help Intent"
          ],
          "duration": 1,
          "failureMessages": [],
          "location": {
            "column": 0,
            "line": 0
          },
          "numPassingAsserts": 0,
          "status": "passed",
          "title": "AMAZON.HelpIntent"
        },
        {
          "ancestorTitles": [
            "en-US",
            "Delete Item"
          ],
          "duration": 3,
          "failureMessages": [],
          "location": {
            "column": 0,
            "line": 0
          },
          "numPassingAsserts": 0,
          "status": "passed",
          "title": "DeleteItemIntent catalog=kitchen item=mug"
        },
        {
          "ancestorTitles": [
            "en-US",
            "Adding an item to a catalogue with description"
          ],
          "duration": 0,
          "failureMessages": [],
          "location": {
            "column": 0,
            "line": 0
          },
          "numPassingAsserts": 0,
          "status": "passed",
          "title": "CatalogAddItemIntent catalog=kitchen item=mug description=blue_one"
        }
      ],
      "perfStats": {
        "end": 1632803395450,
        "start": 1632803392091
      }
    }
  ],
  "wasInterrupted": false,
  "coverageMap": {
    "F:\\VirtualArchive\\lambda\\index.js": {
      "path": "F:\\VirtualArchive\\lambda\\index.js",
      "statementMap": {
        "0": {
          "start": {
            "line": 1,
            "column": 14
          },
          "end": {
            "line": 1,
            "column": 37
          }
        },
        "1": {
          "start": {
            "line": 2,
            "column": 12
          },
          "end": {
            "line": 2,
            "column": 30
          }
        },
        "2": {
          "start": {
            "line": 3,
            "column": 12
          },
          "end": {
            "line": 3,
            "column": 66
          }
        },
        "3": {
          "start": {
            "line": 4,
            "column": 26
          },
          "end": {
            "line": 4,
            "column": 39
          }
        },
        "4": {
          "start": {
            "line": 9,
            "column": 22
          },
          "end": {
            "line": 20,
            "column": 2
          }
        },
        "5": {
          "start": {
            "line": 9,
            "column": 31
          },
          "end": {
            "line": 20,
            "column": 2
          }
        },
        "6": {
          "start": {
            "line": 10,
            "column": 17
          },
          "end": {
            "line": 10,
            "column": 77
          }
        },
        "7": {
          "start": {
            "line": 11,
            "column": 18
          },
          "end": {
            "line": 18,
            "column": 4
          }
        },
        "8": {
          "start": {
            "line": 12,
            "column": 4
          },
          "end": {
            "line": 14,
            "column": 5
          }
        },
        "9": {
          "start": {
            "line": 13,
            "column": 6
          },
          "end": {
            "line": 13,
            "column": 75
          }
        },
        "10": {
          "start": {
            "line": 15,
            "column": 17
          },
          "end": {
            "line": 15,
            "column": 19
          }
        },
        "11": {
          "start": {
            "line": 16,
            "column": 4
          },
          "end": {
            "line": 16,
            "column": 53
          }
        },
        "12": {
          "start": {
            "line": 16,
            "column": 35
          },
          "end": {
            "line": 16,
            "column": 51
          }
        },
        "13": {
          "start": {
            "line": 17,
            "column": 4
          },
          "end": {
            "line": 17,
            "column": 53
          }
        },
        "14": {
          "start": {
            "line": 17,
            "column": 29
          },
          "end": {
            "line": 17,
            "column": 51
          }
        },
        "15": {
          "start": {
            "line": 19,
            "column": 2
          },
          "end": {
            "line": 19,
            "column": 44
          }
        },
        "16": {
          "start": {
            "line": 19,
            "column": 31
          },
          "end": {
            "line": 19,
            "column": 42
          }
        },
        "17": {
          "start": {
            "line": 23,
            "column": 29
          },
          "end": {
            "line": 46,
            "column": 1
          }
        },
        "18": {
          "start": {
            "line": 25,
            "column": 8
          },
          "end": {
            "line": 25,
            "column": 86
          }
        },
        "19": {
          "start": {
            "line": 32,
            "column": 28
          },
          "end": {
            "line": 32,
            "column": 98
          }
        },
        "20": {
          "start": {
            "line": 35,
            "column": 8
          },
          "end": {
            "line": 44,
            "column": 27
          }
        },
        "21": {
          "start": {
            "line": 48,
            "column": 32
          },
          "end": {
            "line": 81,
            "column": 1
          }
        },
        "22": {
          "start": {
            "line": 50,
            "column": 8
          },
          "end": {
            "line": 51,
            "column": 92
          }
        },
        "23": {
          "start": {
            "line": 55,
            "column": 51
          },
          "end": {
            "line": 55,
            "column": 63
          }
        },
        "24": {
          "start": {
            "line": 56,
            "column": 25
          },
          "end": {
            "line": 56,
            "column": 48
          }
        },
        "25": {
          "start": {
            "line": 58,
            "column": 21
          },
          "end": {
            "line": 58,
            "column": 64
          }
        },
        "26": {
          "start": {
            "line": 59,
            "column": 24
          },
          "end": {
            "line": 59,
            "column": 70
          }
        },
        "27": {
          "start": {
            "line": 60,
            "column": 28
          },
          "end": {
            "line": 60,
            "column": 78
          }
        },
        "28": {
          "start": {
            "line": 62,
            "column": 25
          },
          "end": {
            "line": 62,
            "column": 27
          }
        },
        "29": {
          "start": {
            "line": 64,
            "column": 8
          },
          "end": {
            "line": 68,
            "column": 9
          }
        },
        "30": {
          "start": {
            "line": 65,
            "column": 12
          },
          "end": {
            "line": 65,
            "column": 108
          }
        },
        "31": {
          "start": {
            "line": 67,
            "column": 12
          },
          "end": {
            "line": 67,
            "column": 87
          }
        },
        "32": {
          "start": {
            "line": 76,
            "column": 8
          },
          "end": {
            "line": 79,
            "column": 27
          }
        },
        "33": {
          "start": {
            "line": 83,
            "column": 31
          },
          "end": {
            "line": 105,
            "column": 1
          }
        },
        "34": {
          "start": {
            "line": 85,
            "column": 8
          },
          "end": {
            "line": 86,
            "column": 93
          }
        },
        "35": {
          "start": {
            "line": 90,
            "column": 51
          },
          "end": {
            "line": 90,
            "column": 63
          }
        },
        "36": {
          "start": {
            "line": 91,
            "column": 25
          },
          "end": {
            "line": 91,
            "column": 48
          }
        },
        "37": {
          "start": {
            "line": 93,
            "column": 24
          },
          "end": {
            "line": 93,
            "column": 70
          }
        },
        "38": {
          "start": {
            "line": 95,
            "column": 25
          },
          "end": {
            "line": 95,
            "column": 27
          }
        },
        "39": {
          "start": {
            "line": 98,
            "column": 8
          },
          "end": {
            "line": 98,
            "column": 72
          }
        },
        "40": {
          "start": {
            "line": 100,
            "column": 8
          },
          "end": {
            "line": 103,
            "column": 27
          }
        },
        "41": {
          "start": {
            "line": 107,
            "column": 29
          },
          "end": {
            "line": 164,
            "column": 1
          }
        },
        "42": {
          "start": {
            "line": 109,
            "column": 8
          },
          "end": {
            "line": 110,
            "column": 91
          }
        },
        "43": {
          "start": {
            "line": 114,
            "column": 51
          },
          "end": {
            "line": 114,
            "column": 63
          }
        },
        "44": {
          "start": {
            "line": 115,
            "column": 25
          },
          "end": {
            "line": 115,
            "column": 48
          }
        },
        "45": {
          "start": {
            "line": 117,
            "column": 24
          },
          "end": {
            "line": 117,
            "column": 70
          }
        },
        "46": {
          "start": {
            "line": 119,
            "column": 25
          },
          "end": {
            "line": 119,
            "column": 27
          }
        },
        "47": {
          "start": {
            "line": 121,
            "column": 26
          },
          "end": {
            "line": 121,
            "column": 28
          }
        },
        "48": {
          "start": {
            "line": 123,
            "column": 8
          },
          "end": {
            "line": 132,
            "column": 14
          }
        },
        "49": {
          "start": {
            "line": 125,
            "column": 29
          },
          "end": {
            "line": 125,
            "column": 49
          }
        },
        "50": {
          "start": {
            "line": 127,
            "column": 16
          },
          "end": {
            "line": 127,
            "column": 54
          }
        },
        "51": {
          "start": {
            "line": 131,
            "column": 16
          },
          "end": {
            "line": 131,
            "column": 53
          }
        },
        "52": {
          "start": {
            "line": 134,
            "column": 8
          },
          "end": {
            "line": 156,
            "column": 14
          }
        },
        "53": {
          "start": {
            "line": 136,
            "column": 29
          },
          "end": {
            "line": 136,
            "column": 49
          }
        },
        "54": {
          "start": {
            "line": 138,
            "column": 31
          },
          "end": {
            "line": 138,
            "column": 41
          }
        },
        "55": {
          "start": {
            "line": 140,
            "column": 16
          },
          "end": {
            "line": 151,
            "column": 17
          }
        },
        "56": {
          "start": {
            "line": 141,
            "column": 20
          },
          "end": {
            "line": 141,
            "column": 65
          }
        },
        "57": {
          "start": {
            "line": 144,
            "column": 20
          },
          "end": {
            "line": 144,
            "column": 61
          }
        },
        "58": {
          "start": {
            "line": 146,
            "column": 20
          },
          "end": {
            "line": 148,
            "column": 23
          }
        },
        "59": {
          "start": {
            "line": 147,
            "column": 24
          },
          "end": {
            "line": 147,
            "column": 66
          }
        },
        "60": {
          "start": {
            "line": 150,
            "column": 20
          },
          "end": {
            "line": 150,
            "column": 57
          }
        },
        "61": {
          "start": {
            "line": 155,
            "column": 16
          },
          "end": {
            "line": 155,
            "column": 53
          }
        },
        "62": {
          "start": {
            "line": 159,
            "column": 8
          },
          "end": {
            "line": 162,
            "column": 27
          }
        },
        "63": {
          "start": {
            "line": 165,
            "column": 26
          },
          "end": {
            "line": 191,
            "column": 1
          }
        },
        "64": {
          "start": {
            "line": 167,
            "column": 8
          },
          "end": {
            "line": 168,
            "column": 88
          }
        },
        "65": {
          "start": {
            "line": 172,
            "column": 51
          },
          "end": {
            "line": 172,
            "column": 63
          }
        },
        "66": {
          "start": {
            "line": 173,
            "column": 25
          },
          "end": {
            "line": 173,
            "column": 48
          }
        },
        "67": {
          "start": {
            "line": 175,
            "column": 21
          },
          "end": {
            "line": 175,
            "column": 64
          }
        },
        "68": {
          "start": {
            "line": 176,
            "column": 24
          },
          "end": {
            "line": 176,
            "column": 70
          }
        },
        "69": {
          "start": {
            "line": 177,
            "column": 28
          },
          "end": {
            "line": 177,
            "column": 78
          }
        },
        "70": {
          "start": {
            "line": 179,
            "column": 25
          },
          "end": {
            "line": 179,
            "column": 27
          }
        },
        "71": {
          "start": {
            "line": 181,
            "column": 8
          },
          "end": {
            "line": 181,
            "column": 108
          }
        },
        "72": {
          "start": {
            "line": 186,
            "column": 8
          },
          "end": {
            "line": 189,
            "column": 27
          }
        },
        "73": {
          "start": {
            "line": 192,
            "column": 26
          },
          "end": {
            "line": 217,
            "column": 1
          }
        },
        "74": {
          "start": {
            "line": 194,
            "column": 8
          },
          "end": {
            "line": 195,
            "column": 88
          }
        },
        "75": {
          "start": {
            "line": 199,
            "column": 51
          },
          "end": {
            "line": 199,
            "column": 63
          }
        },
        "76": {
          "start": {
            "line": 200,
            "column": 25
          },
          "end": {
            "line": 200,
            "column": 48
          }
        },
        "77": {
          "start": {
            "line": 202,
            "column": 24
          },
          "end": {
            "line": 202,
            "column": 70
          }
        },
        "78": {
          "start": {
            "line": 203,
            "column": 21
          },
          "end": {
            "line": 203,
            "column": 64
          }
        },
        "79": {
          "start": {
            "line": 205,
            "column": 25
          },
          "end": {
            "line": 205,
            "column": 27
          }
        },
        "80": {
          "start": {
            "line": 208,
            "column": 8
          },
          "end": {
            "line": 208,
            "column": 62
          }
        },
        "81": {
          "start": {
            "line": 212,
            "column": 8
          },
          "end": {
            "line": 215,
            "column": 27
          }
        },
        "82": {
          "start": {
            "line": 219,
            "column": 33
          },
          "end": {
            "line": 243,
            "column": 1
          }
        },
        "83": {
          "start": {
            "line": 221,
            "column": 8
          },
          "end": {
            "line": 222,
            "column": 89
          }
        },
        "84": {
          "start": {
            "line": 226,
            "column": 51
          },
          "end": {
            "line": 226,
            "column": 63
          }
        },
        "85": {
          "start": {
            "line": 227,
            "column": 25
          },
          "end": {
            "line": 227,
            "column": 48
          }
        },
        "86": {
          "start": {
            "line": 229,
            "column": 21
          },
          "end": {
            "line": 229,
            "column": 64
          }
        },
        "87": {
          "start": {
            "line": 230,
            "column": 24
          },
          "end": {
            "line": 230,
            "column": 72
          }
        },
        "88": {
          "start": {
            "line": 231,
            "column": 25
          },
          "end": {
            "line": 231,
            "column": 68
          }
        },
        "89": {
          "start": {
            "line": 233,
            "column": 25
          },
          "end": {
            "line": 233,
            "column": 27
          }
        },
        "90": {
          "start": {
            "line": 235,
            "column": 8
          },
          "end": {
            "line": 235,
            "column": 114
          }
        },
        "91": {
          "start": {
            "line": 238,
            "column": 8
          },
          "end": {
            "line": 241,
            "column": 27
          }
        },
        "92": {
          "start": {
            "line": 244,
            "column": 30
          },
          "end": {
            "line": 270,
            "column": 1
          }
        },
        "93": {
          "start": {
            "line": 246,
            "column": 8
          },
          "end": {
            "line": 247,
            "column": 92
          }
        },
        "94": {
          "start": {
            "line": 251,
            "column": 51
          },
          "end": {
            "line": 251,
            "column": 63
          }
        },
        "95": {
          "start": {
            "line": 252,
            "column": 25
          },
          "end": {
            "line": 252,
            "column": 48
          }
        },
        "96": {
          "start": {
            "line": 254,
            "column": 21
          },
          "end": {
            "line": 254,
            "column": 64
          }
        },
        "97": {
          "start": {
            "line": 255,
            "column": 24
          },
          "end": {
            "line": 255,
            "column": 70
          }
        },
        "98": {
          "start": {
            "line": 256,
            "column": 25
          },
          "end": {
            "line": 256,
            "column": 72
          }
        },
        "99": {
          "start": {
            "line": 258,
            "column": 25
          },
          "end": {
            "line": 258,
            "column": 27
          }
        },
        "100": {
          "start": {
            "line": 260,
            "column": 8
          },
          "end": {
            "line": 260,
            "column": 104
          }
        },
        "101": {
          "start": {
            "line": 265,
            "column": 8
          },
          "end": {
            "line": 268,
            "column": 27
          }
        },
        "102": {
          "start": {
            "line": 272,
            "column": 31
          },
          "end": {
            "line": 330,
            "column": 1
          }
        },
        "103": {
          "start": {
            "line": 274,
            "column": 8
          },
          "end": {
            "line": 275,
            "column": 93
          }
        },
        "104": {
          "start": {
            "line": 279,
            "column": 55
          },
          "end": {
            "line": 279,
            "column": 67
          }
        },
        "105": {
          "start": {
            "line": 280,
            "column": 29
          },
          "end": {
            "line": 280,
            "column": 52
          }
        },
        "106": {
          "start": {
            "line": 282,
            "column": 25
          },
          "end": {
            "line": 282,
            "column": 68
          }
        },
        "107": {
          "start": {
            "line": 283,
            "column": 28
          },
          "end": {
            "line": 283,
            "column": 74
          }
        },
        "108": {
          "start": {
            "line": 285,
            "column": 29
          },
          "end": {
            "line": 285,
            "column": 31
          }
        },
        "109": {
          "start": {
            "line": 287,
            "column": 30
          },
          "end": {
            "line": 287,
            "column": 32
          }
        },
        "110": {
          "start": {
            "line": 289,
            "column": 12
          },
          "end": {
            "line": 298,
            "column": 18
          }
        },
        "111": {
          "start": {
            "line": 291,
            "column": 33
          },
          "end": {
            "line": 291,
            "column": 53
          }
        },
        "112": {
          "start": {
            "line": 293,
            "column": 20
          },
          "end": {
            "line": 293,
            "column": 58
          }
        },
        "113": {
          "start": {
            "line": 297,
            "column": 20
          },
          "end": {
            "line": 297,
            "column": 57
          }
        },
        "114": {
          "start": {
            "line": 300,
            "column": 12
          },
          "end": {
            "line": 322,
            "column": 14
          }
        },
        "115": {
          "start": {
            "line": 302,
            "column": 29
          },
          "end": {
            "line": 302,
            "column": 49
          }
        },
        "116": {
          "start": {
            "line": 304,
            "column": 31
          },
          "end": {
            "line": 304,
            "column": 41
          }
        },
        "117": {
          "start": {
            "line": 307,
            "column": 16
          },
          "end": {
            "line": 311,
            "column": 19
          }
        },
        "118": {
          "start": {
            "line": 308,
            "column": 20
          },
          "end": {
            "line": 310,
            "column": 21
          }
        },
        "119": {
          "start": {
            "line": 309,
            "column": 24
          },
          "end": {
            "line": 309,
            "column": 87
          }
        },
        "120": {
          "start": {
            "line": 315,
            "column": 16
          },
          "end": {
            "line": 317,
            "column": 17
          }
        },
        "121": {
          "start": {
            "line": 316,
            "column": 20
          },
          "end": {
            "line": 316,
            "column": 54
          }
        },
        "122": {
          "start": {
            "line": 321,
            "column": 16
          },
          "end": {
            "line": 321,
            "column": 53
          }
        },
        "123": {
          "start": {
            "line": 325,
            "column": 8
          },
          "end": {
            "line": 328,
            "column": 27
          }
        },
        "124": {
          "start": {
            "line": 333,
            "column": 28
          },
          "end": {
            "line": 407,
            "column": 1
          }
        },
        "125": {
          "start": {
            "line": 335,
            "column": 8
          },
          "end": {
            "line": 336,
            "column": 90
          }
        },
        "126": {
          "start": {
            "line": 340,
            "column": 55
          },
          "end": {
            "line": 340,
            "column": 67
          }
        },
        "127": {
          "start": {
            "line": 341,
            "column": 29
          },
          "end": {
            "line": 341,
            "column": 52
          }
        },
        "128": {
          "start": {
            "line": 343,
            "column": 25
          },
          "end": {
            "line": 343,
            "column": 68
          }
        },
        "129": {
          "start": {
            "line": 344,
            "column": 28
          },
          "end": {
            "line": 344,
            "column": 74
          }
        },
        "130": {
          "start": {
            "line": 346,
            "column": 29
          },
          "end": {
            "line": 346,
            "column": 31
          }
        },
        "131": {
          "start": {
            "line": 348,
            "column": 30
          },
          "end": {
            "line": 348,
            "column": 32
          }
        },
        "132": {
          "start": {
            "line": 349,
            "column": 28
          },
          "end": {
            "line": 349,
            "column": 30
          }
        },
        "133": {
          "start": {
            "line": 351,
            "column": 12
          },
          "end": {
            "line": 360,
            "column": 18
          }
        },
        "134": {
          "start": {
            "line": 353,
            "column": 33
          },
          "end": {
            "line": 353,
            "column": 53
          }
        },
        "135": {
          "start": {
            "line": 355,
            "column": 20
          },
          "end": {
            "line": 355,
            "column": 58
          }
        },
        "136": {
          "start": {
            "line": 359,
            "column": 20
          },
          "end": {
            "line": 359,
            "column": 57
          }
        },
        "137": {
          "start": {
            "line": 362,
            "column": 12
          },
          "end": {
            "line": 385,
            "column": 14
          }
        },
        "138": {
          "start": {
            "line": 364,
            "column": 29
          },
          "end": {
            "line": 364,
            "column": 49
          }
        },
        "139": {
          "start": {
            "line": 366,
            "column": 31
          },
          "end": {
            "line": 366,
            "column": 41
          }
        },
        "140": {
          "start": {
            "line": 369,
            "column": 16
          },
          "end": {
            "line": 374,
            "column": 19
          }
        },
        "141": {
          "start": {
            "line": 370,
            "column": 20
          },
          "end": {
            "line": 373,
            "column": 21
          }
        },
        "142": {
          "start": {
            "line": 371,
            "column": 24
          },
          "end": {
            "line": 371,
            "column": 81
          }
        },
        "143": {
          "start": {
            "line": 372,
            "column": 24
          },
          "end": {
            "line": 372,
            "column": 47
          }
        },
        "144": {
          "start": {
            "line": 378,
            "column": 16
          },
          "end": {
            "line": 380,
            "column": 17
          }
        },
        "145": {
          "start": {
            "line": 379,
            "column": 20
          },
          "end": {
            "line": 379,
            "column": 54
          }
        },
        "146": {
          "start": {
            "line": 384,
            "column": 16
          },
          "end": {
            "line": 384,
            "column": 53
          }
        },
        "147": {
          "start": {
            "line": 386,
            "column": 12
          },
          "end": {
            "line": 398,
            "column": 13
          }
        },
        "148": {
          "start": {
            "line": 387,
            "column": 16
          },
          "end": {
            "line": 396,
            "column": 18
          }
        },
        "149": {
          "start": {
            "line": 389,
            "column": 37
          },
          "end": {
            "line": 389,
            "column": 57
          }
        },
        "150": {
          "start": {
            "line": 391,
            "column": 44
          },
          "end": {
            "line": 391,
            "column": 66
          }
        },
        "151": {
          "start": {
            "line": 392,
            "column": 24
          },
          "end": {
            "line": 392,
            "column": 79
          }
        },
        "152": {
          "start": {
            "line": 395,
            "column": 20
          },
          "end": {
            "line": 395,
            "column": 57
          }
        },
        "153": {
          "start": {
            "line": 402,
            "column": 8
          },
          "end": {
            "line": 405,
            "column": 27
          }
        },
        "154": {
          "start": {
            "line": 409,
            "column": 26
          },
          "end": {
            "line": 422,
            "column": 1
          }
        },
        "155": {
          "start": {
            "line": 411,
            "column": 8
          },
          "end": {
            "line": 412,
            "column": 89
          }
        },
        "156": {
          "start": {
            "line": 415,
            "column": 28
          },
          "end": {
            "line": 415,
            "column": 70
          }
        },
        "157": {
          "start": {
            "line": 417,
            "column": 8
          },
          "end": {
            "line": 420,
            "column": 27
          }
        },
        "158": {
          "start": {
            "line": 424,
            "column": 35
          },
          "end": {
            "line": 437,
            "column": 1
          }
        },
        "159": {
          "start": {
            "line": 426,
            "column": 8
          },
          "end": {
            "line": 428,
            "column": 94
          }
        },
        "160": {
          "start": {
            "line": 431,
            "column": 28
          },
          "end": {
            "line": 431,
            "column": 38
          }
        },
        "161": {
          "start": {
            "line": 433,
            "column": 8
          },
          "end": {
            "line": 435,
            "column": 27
          }
        },
        "162": {
          "start": {
            "line": 443,
            "column": 30
          },
          "end": {
            "line": 456,
            "column": 1
          }
        },
        "163": {
          "start": {
            "line": 445,
            "column": 8
          },
          "end": {
            "line": 446,
            "column": 93
          }
        },
        "164": {
          "start": {
            "line": 449,
            "column": 28
          },
          "end": {
            "line": 449,
            "column": 80
          }
        },
        "165": {
          "start": {
            "line": 451,
            "column": 8
          },
          "end": {
            "line": 454,
            "column": 27
          }
        },
        "166": {
          "start": {
            "line": 462,
            "column": 35
          },
          "end": {
            "line": 471,
            "column": 1
          }
        },
        "167": {
          "start": {
            "line": 464,
            "column": 8
          },
          "end": {
            "line": 464,
            "column": 92
          }
        },
        "168": {
          "start": {
            "line": 467,
            "column": 8
          },
          "end": {
            "line": 467,
            "column": 91
          }
        },
        "169": {
          "start": {
            "line": 469,
            "column": 8
          },
          "end": {
            "line": 469,
            "column": 58
          }
        },
        "170": {
          "start": {
            "line": 477,
            "column": 31
          },
          "end": {
            "line": 490,
            "column": 1
          }
        },
        "171": {
          "start": {
            "line": 479,
            "column": 8
          },
          "end": {
            "line": 479,
            "column": 86
          }
        },
        "172": {
          "start": {
            "line": 482,
            "column": 27
          },
          "end": {
            "line": 482,
            "column": 76
          }
        },
        "173": {
          "start": {
            "line": 483,
            "column": 28
          },
          "end": {
            "line": 483,
            "column": 62
          }
        },
        "174": {
          "start": {
            "line": 485,
            "column": 8
          },
          "end": {
            "line": 488,
            "column": 27
          }
        },
        "175": {
          "start": {
            "line": 496,
            "column": 21
          },
          "end": {
            "line": 509,
            "column": 1
          }
        },
        "176": {
          "start": {
            "line": 498,
            "column": 8
          },
          "end": {
            "line": 498,
            "column": 20
          }
        },
        "177": {
          "start": {
            "line": 501,
            "column": 28
          },
          "end": {
            "line": 501,
            "column": 90
          }
        },
        "178": {
          "start": {
            "line": 502,
            "column": 8
          },
          "end": {
            "line": 502,
            "column": 68
          }
        },
        "179": {
          "start": {
            "line": 504,
            "column": 8
          },
          "end": {
            "line": 507,
            "column": 27
          }
        },
        "180": {
          "start": {
            "line": 518,
            "column": 0
          },
          "end": {
            "line": 537,
            "column": 14
          }
        }
      },
      "fnMap": {
        "0": {
          "name": "(anonymous_0)",
          "decl": {
            "start": {
              "line": 9,
              "column": 22
            },
            "end": {
              "line": 9,
              "column": 23
            }
          },
          "loc": {
            "start": {
              "line": 9,
              "column": 31
            },
            "end": {
              "line": 20,
              "column": 2
            }
          },
          "line": 9
        },
        "1": {
          "name": "(anonymous_1)",
          "decl": {
            "start": {
              "line": 9,
              "column": 43
            },
            "end": {
              "line": 9,
              "column": 44
            }
          },
          "loc": {
            "start": {
              "line": 9,
              "column": 64
            },
            "end": {
              "line": 20,
              "column": 1
            }
          },
          "line": 9
        },
        "2": {
          "name": "(anonymous_2)",
          "decl": {
            "start": {
              "line": 11,
              "column": 34
            },
            "end": {
              "line": 11,
              "column": 35
            }
          },
          "loc": {
            "start": {
              "line": 11,
              "column": 48
            },
            "end": {
              "line": 18,
              "column": 3
            }
          },
          "line": 11
        },
        "3": {
          "name": "(anonymous_3)",
          "decl": {
            "start": {
              "line": 16,
              "column": 24
            },
            "end": {
              "line": 16,
              "column": 25
            }
          },
          "loc": {
            "start": {
              "line": 16,
              "column": 35
            },
            "end": {
              "line": 16,
              "column": 51
            }
          },
          "line": 16
        },
        "4": {
          "name": "(anonymous_4)",
          "decl": {
            "start": {
              "line": 17,
              "column": 23
            },
            "end": {
              "line": 17,
              "column": 24
            }
          },
          "loc": {
            "start": {
              "line": 17,
              "column": 29
            },
            "end": {
              "line": 17,
              "column": 51
            }
          },
          "line": 17
        },
        "5": {
          "name": "(anonymous_5)",
          "decl": {
            "start": {
              "line": 19,
              "column": 22
            },
            "end": {
              "line": 19,
              "column": 23
            }
          },
          "loc": {
            "start": {
              "line": 19,
              "column": 31
            },
            "end": {
              "line": 19,
              "column": 42
            }
          },
          "line": 19
        },
        "6": {
          "name": "(anonymous_6)",
          "decl": {
            "start": {
              "line": 24,
              "column": 4
            },
            "end": {
              "line": 24,
              "column": 5
            }
          },
          "loc": {
            "start": {
              "line": 24,
              "column": 28
            },
            "end": {
              "line": 26,
              "column": 5
            }
          },
          "line": 24
        },
        "7": {
          "name": "(anonymous_7)",
          "decl": {
            "start": {
              "line": 27,
              "column": 4
            },
            "end": {
              "line": 27,
              "column": 5
            }
          },
          "loc": {
            "start": {
              "line": 27,
              "column": 25
            },
            "end": {
              "line": 45,
              "column": 5
            }
          },
          "line": 27
        },
        "8": {
          "name": "(anonymous_8)",
          "decl": {
            "start": {
              "line": 49,
              "column": 4
            },
            "end": {
              "line": 49,
              "column": 5
            }
          },
          "loc": {
            "start": {
              "line": 49,
              "column": 28
            },
            "end": {
              "line": 52,
              "column": 5
            }
          },
          "line": 49
        },
        "9": {
          "name": "(anonymous_9)",
          "decl": {
            "start": {
              "line": 53,
              "column": 4
            },
            "end": {
              "line": 53,
              "column": 5
            }
          },
          "loc": {
            "start": {
              "line": 53,
              "column": 25
            },
            "end": {
              "line": 80,
              "column": 5
            }
          },
          "line": 53
        },
        "10": {
          "name": "(anonymous_10)",
          "decl": {
            "start": {
              "line": 84,
              "column": 4
            },
            "end": {
              "line": 84,
              "column": 5
            }
          },
          "loc": {
            "start": {
              "line": 84,
              "column": 28
            },
            "end": {
              "line": 87,
              "column": 5
            }
          },
          "line": 84
        },
        "11": {
          "name": "(anonymous_11)",
          "decl": {
            "start": {
              "line": 88,
              "column": 4
            },
            "end": {
              "line": 88,
              "column": 5
            }
          },
          "loc": {
            "start": {
              "line": 88,
              "column": 25
            },
            "end": {
              "line": 104,
              "column": 5
            }
          },
          "line": 88
        },
        "12": {
          "name": "(anonymous_12)",
          "decl": {
            "start": {
              "line": 108,
              "column": 4
            },
            "end": {
              "line": 108,
              "column": 5
            }
          },
          "loc": {
            "start": {
              "line": 108,
              "column": 28
            },
            "end": {
              "line": 111,
              "column": 5
            }
          },
          "line": 108
        },
        "13": {
          "name": "(anonymous_13)",
          "decl": {
            "start": {
              "line": 112,
              "column": 4
            },
            "end": {
              "line": 112,
              "column": 5
            }
          },
          "loc": {
            "start": {
              "line": 112,
              "column": 31
            },
            "end": {
              "line": 163,
              "column": 5
            }
          },
          "line": 112
        },
        "14": {
          "name": "(anonymous_14)",
          "decl": {
            "start": {
              "line": 124,
              "column": 18
            },
            "end": {
              "line": 124,
              "column": 19
            }
          },
          "loc": {
            "start": {
              "line": 124,
              "column": 32
            },
            "end": {
              "line": 129,
              "column": 13
            }
          },
          "line": 124
        },
        "15": {
          "name": "(anonymous_15)",
          "decl": {
            "start": {
              "line": 130,
              "column": 19
            },
            "end": {
              "line": 130,
              "column": 20
            }
          },
          "loc": {
            "start": {
              "line": 130,
              "column": 28
            },
            "end": {
              "line": 132,
              "column": 13
            }
          },
          "line": 130
        },
        "16": {
          "name": "(anonymous_16)",
          "decl": {
            "start": {
              "line": 135,
              "column": 18
            },
            "end": {
              "line": 135,
              "column": 19
            }
          },
          "loc": {
            "start": {
              "line": 135,
              "column": 32
            },
            "end": {
              "line": 153,
              "column": 13
            }
          },
          "line": 135
        },
        "17": {
          "name": "(anonymous_17)",
          "decl": {
            "start": {
              "line": 146,
              "column": 37
            },
            "end": {
              "line": 146,
              "column": 38
            }
          },
          "loc": {
            "start": {
              "line": 146,
              "column": 45
            },
            "end": {
              "line": 148,
              "column": 21
            }
          },
          "line": 146
        },
        "18": {
          "name": "(anonymous_18)",
          "decl": {
            "start": {
              "line": 154,
              "column": 19
            },
            "end": {
              "line": 154,
              "column": 20
            }
          },
          "loc": {
            "start": {
              "line": 154,
              "column": 28
            },
            "end": {
              "line": 156,
              "column": 13
            }
          },
          "line": 154
        },
        "19": {
          "name": "(anonymous_19)",
          "decl": {
            "start": {
              "line": 166,
              "column": 4
            },
            "end": {
              "line": 166,
              "column": 5
            }
          },
          "loc": {
            "start": {
              "line": 166,
              "column": 28
            },
            "end": {
              "line": 169,
              "column": 5
            }
          },
          "line": 166
        },
        "20": {
          "name": "(anonymous_20)",
          "decl": {
            "start": {
              "line": 170,
              "column": 4
            },
            "end": {
              "line": 170,
              "column": 5
            }
          },
          "loc": {
            "start": {
              "line": 170,
              "column": 25
            },
            "end": {
              "line": 190,
              "column": 5
            }
          },
          "line": 170
        },
        "21": {
          "name": "(anonymous_21)",
          "decl": {
            "start": {
              "line": 193,
              "column": 4
            },
            "end": {
              "line": 193,
              "column": 5
            }
          },
          "loc": {
            "start": {
              "line": 193,
              "column": 28
            },
            "end": {
              "line": 196,
              "column": 5
            }
          },
          "line": 193
        },
        "22": {
          "name": "(anonymous_22)",
          "decl": {
            "start": {
              "line": 197,
              "column": 4
            },
            "end": {
              "line": 197,
              "column": 5
            }
          },
          "loc": {
            "start": {
              "line": 197,
              "column": 25
            },
            "end": {
              "line": 216,
              "column": 5
            }
          },
          "line": 197
        },
        "23": {
          "name": "(anonymous_23)",
          "decl": {
            "start": {
              "line": 220,
              "column": 4
            },
            "end": {
              "line": 220,
              "column": 5
            }
          },
          "loc": {
            "start": {
              "line": 220,
              "column": 28
            },
            "end": {
              "line": 223,
              "column": 5
            }
          },
          "line": 220
        },
        "24": {
          "name": "(anonymous_24)",
          "decl": {
            "start": {
              "line": 224,
              "column": 4
            },
            "end": {
              "line": 224,
              "column": 5
            }
          },
          "loc": {
            "start": {
              "line": 224,
              "column": 25
            },
            "end": {
              "line": 242,
              "column": 5
            }
          },
          "line": 224
        },
        "25": {
          "name": "(anonymous_25)",
          "decl": {
            "start": {
              "line": 245,
              "column": 4
            },
            "end": {
              "line": 245,
              "column": 5
            }
          },
          "loc": {
            "start": {
              "line": 245,
              "column": 28
            },
            "end": {
              "line": 248,
              "column": 5
            }
          },
          "line": 245
        },
        "26": {
          "name": "(anonymous_26)",
          "decl": {
            "start": {
              "line": 249,
              "column": 4
            },
            "end": {
              "line": 249,
              "column": 5
            }
          },
          "loc": {
            "start": {
              "line": 249,
              "column": 25
            },
            "end": {
              "line": 269,
              "column": 5
            }
          },
          "line": 249
        },
        "27": {
          "name": "(anonymous_27)",
          "decl": {
            "start": {
              "line": 273,
              "column": 4
            },
            "end": {
              "line": 273,
              "column": 5
            }
          },
          "loc": {
            "start": {
              "line": 273,
              "column": 28
            },
            "end": {
              "line": 276,
              "column": 5
            }
          },
          "line": 273
        },
        "28": {
          "name": "(anonymous_28)",
          "decl": {
            "start": {
              "line": 277,
              "column": 4
            },
            "end": {
              "line": 277,
              "column": 5
            }
          },
          "loc": {
            "start": {
              "line": 277,
              "column": 31
            },
            "end": {
              "line": 329,
              "column": 5
            }
          },
          "line": 277
        },
        "29": {
          "name": "(anonymous_29)",
          "decl": {
            "start": {
              "line": 290,
              "column": 22
            },
            "end": {
              "line": 290,
              "column": 23
            }
          },
          "loc": {
            "start": {
              "line": 290,
              "column": 36
            },
            "end": {
              "line": 295,
              "column": 17
            }
          },
          "line": 290
        },
        "30": {
          "name": "(anonymous_30)",
          "decl": {
            "start": {
              "line": 296,
              "column": 23
            },
            "end": {
              "line": 296,
              "column": 24
            }
          },
          "loc": {
            "start": {
              "line": 296,
              "column": 32
            },
            "end": {
              "line": 298,
              "column": 17
            }
          },
          "line": 296
        },
        "31": {
          "name": "(anonymous_31)",
          "decl": {
            "start": {
              "line": 301,
              "column": 18
            },
            "end": {
              "line": 301,
              "column": 19
            }
          },
          "loc": {
            "start": {
              "line": 301,
              "column": 32
            },
            "end": {
              "line": 319,
              "column": 13
            }
          },
          "line": 301
        },
        "32": {
          "name": "(anonymous_32)",
          "decl": {
            "start": {
              "line": 307,
              "column": 33
            },
            "end": {
              "line": 307,
              "column": 34
            }
          },
          "loc": {
            "start": {
              "line": 307,
              "column": 43
            },
            "end": {
              "line": 311,
              "column": 17
            }
          },
          "line": 307
        },
        "33": {
          "name": "(anonymous_33)",
          "decl": {
            "start": {
              "line": 320,
              "column": 19
            },
            "end": {
              "line": 320,
              "column": 20
            }
          },
          "loc": {
            "start": {
              "line": 320,
              "column": 28
            },
            "end": {
              "line": 322,
              "column": 13
            }
          },
          "line": 320
        },
        "34": {
          "name": "(anonymous_34)",
          "decl": {
            "start": {
              "line": 334,
              "column": 4
            },
            "end": {
              "line": 334,
              "column": 5
            }
          },
          "loc": {
            "start": {
              "line": 334,
              "column": 28
            },
            "end": {
              "line": 337,
              "column": 5
            }
          },
          "line": 334
        },
        "35": {
          "name": "(anonymous_35)",
          "decl": {
            "start": {
              "line": 338,
              "column": 4
            },
            "end": {
              "line": 338,
              "column": 5
            }
          },
          "loc": {
            "start": {
              "line": 338,
              "column": 31
            },
            "end": {
              "line": 406,
              "column": 5
            }
          },
          "line": 338
        },
        "36": {
          "name": "(anonymous_36)",
          "decl": {
            "start": {
              "line": 352,
              "column": 22
            },
            "end": {
              "line": 352,
              "column": 23
            }
          },
          "loc": {
            "start": {
              "line": 352,
              "column": 36
            },
            "end": {
              "line": 357,
              "column": 17
            }
          },
          "line": 352
        },
        "37": {
          "name": "(anonymous_37)",
          "decl": {
            "start": {
              "line": 358,
              "column": 23
            },
            "end": {
              "line": 358,
              "column": 24
            }
          },
          "loc": {
            "start": {
              "line": 358,
              "column": 32
            },
            "end": {
              "line": 360,
              "column": 17
            }
          },
          "line": 358
        },
        "38": {
          "name": "(anonymous_38)",
          "decl": {
            "start": {
              "line": 363,
              "column": 18
            },
            "end": {
              "line": 363,
              "column": 19
            }
          },
          "loc": {
            "start": {
              "line": 363,
              "column": 32
            },
            "end": {
              "line": 382,
              "column": 13
            }
          },
          "line": 363
        },
        "39": {
          "name": "(anonymous_39)",
          "decl": {
            "start": {
              "line": 369,
              "column": 33
            },
            "end": {
              "line": 369,
              "column": 34
            }
          },
          "loc": {
            "start": {
              "line": 369,
              "column": 43
            },
            "end": {
              "line": 374,
              "column": 17
            }
          },
          "line": 369
        },
        "40": {
          "name": "(anonymous_40)",
          "decl": {
            "start": {
              "line": 383,
              "column": 19
            },
            "end": {
              "line": 383,
              "column": 20
            }
          },
          "loc": {
            "start": {
              "line": 383,
              "column": 28
            },
            "end": {
              "line": 385,
              "column": 13
            }
          },
          "line": 383
        },
        "41": {
          "name": "(anonymous_41)",
          "decl": {
            "start": {
              "line": 388,
              "column": 26
            },
            "end": {
              "line": 388,
              "column": 27
            }
          },
          "loc": {
            "start": {
              "line": 388,
              "column": 40
            },
            "end": {
              "line": 393,
              "column": 21
            }
          },
          "line": 388
        },
        "42": {
          "name": "(anonymous_42)",
          "decl": {
            "start": {
              "line": 394,
              "column": 23
            },
            "end": {
              "line": 394,
              "column": 24
            }
          },
          "loc": {
            "start": {
              "line": 394,
              "column": 32
            },
            "end": {
              "line": 396,
              "column": 17
            }
          },
          "line": 394
        },
        "43": {
          "name": "(anonymous_43)",
          "decl": {
            "start": {
              "line": 410,
              "column": 4
            },
            "end": {
              "line": 410,
              "column": 5
            }
          },
          "loc": {
            "start": {
              "line": 410,
              "column": 28
            },
            "end": {
              "line": 413,
              "column": 5
            }
          },
          "line": 410
        },
        "44": {
          "name": "(anonymous_44)",
          "decl": {
            "start": {
              "line": 414,
              "column": 4
            },
            "end": {
              "line": 414,
              "column": 5
            }
          },
          "loc": {
            "start": {
              "line": 414,
              "column": 25
            },
            "end": {
              "line": 421,
              "column": 5
            }
          },
          "line": 414
        },
        "45": {
          "name": "(anonymous_45)",
          "decl": {
            "start": {
              "line": 425,
              "column": 4
            },
            "end": {
              "line": 425,
              "column": 5
            }
          },
          "loc": {
            "start": {
              "line": 425,
              "column": 28
            },
            "end": {
              "line": 429,
              "column": 5
            }
          },
          "line": 425
        },
        "46": {
          "name": "(anonymous_46)",
          "decl": {
            "start": {
              "line": 430,
              "column": 4
            },
            "end": {
              "line": 430,
              "column": 5
            }
          },
          "loc": {
            "start": {
              "line": 430,
              "column": 25
            },
            "end": {
              "line": 436,
              "column": 5
            }
          },
          "line": 430
        },
        "47": {
          "name": "(anonymous_47)",
          "decl": {
            "start": {
              "line": 444,
              "column": 4
            },
            "end": {
              "line": 444,
              "column": 5
            }
          },
          "loc": {
            "start": {
              "line": 444,
              "column": 28
            },
            "end": {
              "line": 447,
              "column": 5
            }
          },
          "line": 444
        },
        "48": {
          "name": "(anonymous_48)",
          "decl": {
            "start": {
              "line": 448,
              "column": 4
            },
            "end": {
              "line": 448,
              "column": 5
            }
          },
          "loc": {
            "start": {
              "line": 448,
              "column": 25
            },
            "end": {
              "line": 455,
              "column": 5
            }
          },
          "line": 448
        },
        "49": {
          "name": "(anonymous_49)",
          "decl": {
            "start": {
              "line": 463,
              "column": 4
            },
            "end": {
              "line": 463,
              "column": 5
            }
          },
          "loc": {
            "start": {
              "line": 463,
              "column": 28
            },
            "end": {
              "line": 465,
              "column": 5
            }
          },
          "line": 463
        },
        "50": {
          "name": "(anonymous_50)",
          "decl": {
            "start": {
              "line": 466,
              "column": 4
            },
            "end": {
              "line": 466,
              "column": 5
            }
          },
          "loc": {
            "start": {
              "line": 466,
              "column": 25
            },
            "end": {
              "line": 470,
              "column": 5
            }
          },
          "line": 466
        },
        "51": {
          "name": "(anonymous_51)",
          "decl": {
            "start": {
              "line": 478,
              "column": 4
            },
            "end": {
              "line": 478,
              "column": 5
            }
          },
          "loc": {
            "start": {
              "line": 478,
              "column": 28
            },
            "end": {
              "line": 480,
              "column": 5
            }
          },
          "line": 478
        },
        "52": {
          "name": "(anonymous_52)",
          "decl": {
            "start": {
              "line": 481,
              "column": 4
            },
            "end": {
              "line": 481,
              "column": 5
            }
          },
          "loc": {
            "start": {
              "line": 481,
              "column": 25
            },
            "end": {
              "line": 489,
              "column": 5
            }
          },
          "line": 481
        },
        "53": {
          "name": "(anonymous_53)",
          "decl": {
            "start": {
              "line": 497,
              "column": 4
            },
            "end": {
              "line": 497,
              "column": 5
            }
          },
          "loc": {
            "start": {
              "line": 497,
              "column": 16
            },
            "end": {
              "line": 499,
              "column": 5
            }
          },
          "line": 497
        },
        "54": {
          "name": "(anonymous_54)",
          "decl": {
            "start": {
              "line": 500,
              "column": 4
            },
            "end": {
              "line": 500,
              "column": 5
            }
          },
          "loc": {
            "start": {
              "line": 500,
              "column": 32
            },
            "end": {
              "line": 508,
              "column": 5
            }
          },
          "line": 500
        }
      },
      "branchMap": {
        "0": {
          "loc": {
            "start": {
              "line": 10,
              "column": 17
            },
            "end": {
              "line": 10,
              "column": 77
            }
          },
          "type": "cond-expr",
          "locations": [
            {
              "start": {
                "line": 10,
                "column": 43
              },
              "end": {
                "line": 10,
                "column": 59
              }
            },
            {
              "start": {
                "line": 10,
                "column": 62
              },
              "end": {
                "line": 10,
                "column": 77
              }
            }
          ],
          "line": 10
        },
        "1": {
          "loc": {
            "start": {
              "line": 12,
              "column": 4
            },
            "end": {
              "line": 14,
              "column": 5
            }
          },
          "type": "if",
          "locations": [
            {
              "start": {
                "line": 12,
                "column": 4
              },
              "end": {
                "line": 14,
                "column": 5
              }
            },
            {
              "start": {
                "line": 12,
                "column": 4
              },
              "end": {
                "line": 14,
                "column": 5
              }
            }
          ],
          "line": 12
        },
        "2": {
          "loc": {
            "start": {
              "line": 12,
              "column": 8
            },
            "end": {
              "line": 12,
              "column": 62
            }
          },
          "type": "binary-expr",
          "locations": [
            {
              "start": {
                "line": 12,
                "column": 8
              },
              "end": {
                "line": 12,
                "column": 33
              }
            },
            {
              "start": {
                "line": 12,
                "column": 37
              },
              "end": {
                "line": 12,
                "column": 62
              }
            }
          ],
          "line": 12
        },
        "3": {
          "loc": {
            "start": {
              "line": 50,
              "column": 15
            },
            "end": {
              "line": 51,
              "column": 91
            }
          },
          "type": "binary-expr",
          "locations": [
            {
              "start": {
                "line": 50,
                "column": 15
              },
              "end": {
                "line": 50,
                "column": 85
              }
            },
            {
              "start": {
                "line": 51,
                "column": 15
              },
              "end": {
                "line": 51,
                "column": 91
              }
            }
          ],
          "line": 50
        },
        "4": {
          "loc": {
            "start": {
              "line": 64,
              "column": 8
            },
            "end": {
              "line": 68,
              "column": 9
            }
          },
          "type": "if",
          "locations": [
            {
              "start": {
                "line": 64,
                "column": 8
              },
              "end": {
                "line": 68,
                "column": 9
              }
            },
            {
              "start": {
                "line": 64,
                "column": 8
              },
              "end": {
                "line": 68,
                "column": 9
              }
            }
          ],
          "line": 64
        },
        "5": {
          "loc": {
            "start": {
              "line": 64,
              "column": 12
            },
            "end": {
              "line": 64,
              "column": 61
            }
          },
          "type": "binary-expr",
          "locations": [
            {
              "start": {
                "line": 64,
                "column": 12
              },
              "end": {
                "line": 64,
                "column": 32
              }
            },
            {
              "start": {
                "line": 64,
                "column": 36
              },
              "end": {
                "line": 64,
                "column": 61
              }
            }
          ],
          "line": 64
        },
        "6": {
          "loc": {
            "start": {
              "line": 85,
              "column": 15
            },
            "end": {
              "line": 86,
              "column": 92
            }
          },
          "type": "binary-expr",
          "locations": [
            {
              "start": {
                "line": 85,
                "column": 15
              },
              "end": {
                "line": 85,
                "column": 85
              }
            },
            {
              "start": {
                "line": 86,
                "column": 15
              },
              "end": {
                "line": 86,
                "column": 92
              }
            }
          ],
          "line": 85
        },
        "7": {
          "loc": {
            "start": {
              "line": 109,
              "column": 15
            },
            "end": {
              "line": 110,
              "column": 90
            }
          },
          "type": "binary-expr",
          "locations": [
            {
              "start": {
                "line": 109,
                "column": 15
              },
              "end": {
                "line": 109,
                "column": 85
              }
            },
            {
              "start": {
                "line": 110,
                "column": 15
              },
              "end": {
                "line": 110,
                "column": 90
              }
            }
          ],
          "line": 109
        },
        "8": {
          "loc": {
            "start": {
              "line": 140,
              "column": 16
            },
            "end": {
              "line": 151,
              "column": 17
            }
          },
          "type": "if",
          "locations": [
            {
              "start": {
                "line": 140,
                "column": 16
              },
              "end": {
                "line": 151,
                "column": 17
              }
            },
            {
              "start": {
                "line": 140,
                "column": 16
              },
              "end": {
                "line": 151,
                "column": 17
              }
            }
          ],
          "line": 140
        },
        "9": {
          "loc": {
            "start": {
              "line": 167,
              "column": 15
            },
            "end": {
              "line": 168,
              "column": 87
            }
          },
          "type": "binary-expr",
          "locations": [
            {
              "start": {
                "line": 167,
                "column": 15
              },
              "end": {
                "line": 167,
                "column": 85
              }
            },
            {
              "start": {
                "line": 168,
                "column": 15
              },
              "end": {
                "line": 168,
                "column": 87
              }
            }
          ],
          "line": 167
        },
        "10": {
          "loc": {
            "start": {
              "line": 194,
              "column": 15
            },
            "end": {
              "line": 195,
              "column": 87
            }
          },
          "type": "binary-expr",
          "locations": [
            {
              "start": {
                "line": 194,
                "column": 15
              },
              "end": {
                "line": 194,
                "column": 85
              }
            },
            {
              "start": {
                "line": 195,
                "column": 15
              },
              "end": {
                "line": 195,
                "column": 87
              }
            }
          ],
          "line": 194
        },
        "11": {
          "loc": {
            "start": {
              "line": 221,
              "column": 15
            },
            "end": {
              "line": 222,
              "column": 88
            }
          },
          "type": "binary-expr",
          "locations": [
            {
              "start": {
                "line": 221,
                "column": 15
              },
              "end": {
                "line": 221,
                "column": 85
              }
            },
            {
              "start": {
                "line": 222,
                "column": 15
              },
              "end": {
                "line": 222,
                "column": 88
              }
            }
          ],
          "line": 221
        },
        "12": {
          "loc": {
            "start": {
              "line": 246,
              "column": 15
            },
            "end": {
              "line": 247,
              "column": 91
            }
          },
          "type": "binary-expr",
          "locations": [
            {
              "start": {
                "line": 246,
                "column": 15
              },
              "end": {
                "line": 246,
                "column": 85
              }
            },
            {
              "start": {
                "line": 247,
                "column": 15
              },
              "end": {
                "line": 247,
                "column": 91
              }
            }
          ],
          "line": 246
        },
        "13": {
          "loc": {
            "start": {
              "line": 274,
              "column": 15
            },
            "end": {
              "line": 275,
              "column": 92
            }
          },
          "type": "binary-expr",
          "locations": [
            {
              "start": {
                "line": 274,
                "column": 15
              },
              "end": {
                "line": 274,
                "column": 85
              }
            },
            {
              "start": {
                "line": 275,
                "column": 15
              },
              "end": {
                "line": 275,
                "column": 92
              }
            }
          ],
          "line": 274
        },
        "14": {
          "loc": {
            "start": {
              "line": 308,
              "column": 20
            },
            "end": {
              "line": 310,
              "column": 21
            }
          },
          "type": "if",
          "locations": [
            {
              "start": {
                "line": 308,
                "column": 20
              },
              "end": {
                "line": 310,
                "column": 21
              }
            },
            {
              "start": {
                "line": 308,
                "column": 20
              },
              "end": {
                "line": 310,
                "column": 21
              }
            }
          ],
          "line": 308
        },
        "15": {
          "loc": {
            "start": {
              "line": 315,
              "column": 16
            },
            "end": {
              "line": 317,
              "column": 17
            }
          },
          "type": "if",
          "locations": [
            {
              "start": {
                "line": 315,
                "column": 16
              },
              "end": {
                "line": 317,
                "column": 17
              }
            },
            {
              "start": {
                "line": 315,
                "column": 16
              },
              "end": {
                "line": 317,
                "column": 17
              }
            }
          ],
          "line": 315
        },
        "16": {
          "loc": {
            "start": {
              "line": 335,
              "column": 15
            },
            "end": {
              "line": 336,
              "column": 89
            }
          },
          "type": "binary-expr",
          "locations": [
            {
              "start": {
                "line": 335,
                "column": 15
              },
              "end": {
                "line": 335,
                "column": 85
              }
            },
            {
              "start": {
                "line": 336,
                "column": 15
              },
              "end": {
                "line": 336,
                "column": 89
              }
            }
          ],
          "line": 335
        },
        "17": {
          "loc": {
            "start": {
              "line": 370,
              "column": 20
            },
            "end": {
              "line": 373,
              "column": 21
            }
          },
          "type": "if",
          "locations": [
            {
              "start": {
                "line": 370,
                "column": 20
              },
              "end": {
                "line": 373,
                "column": 21
              }
            },
            {
              "start": {
                "line": 370,
                "column": 20
              },
              "end": {
                "line": 373,
                "column": 21
              }
            }
          ],
          "line": 370
        },
        "18": {
          "loc": {
            "start": {
              "line": 378,
              "column": 16
            },
            "end": {
              "line": 380,
              "column": 17
            }
          },
          "type": "if",
          "locations": [
            {
              "start": {
[...]
            "column": 62
          }
        },
        "9": {
          "start": {
            "line": 43,
            "column": 19
          },
          "end": {
            "line": 43,
            "column": 45
          }
        },
        "10": {
          "start": {
            "line": 44,
            "column": 26
          },
          "end": {
            "line": 44,
            "column": 48
          }
        },
        "11": {
          "start": {
            "line": 50,
            "column": 0
          },
          "end": {
            "line": 52,
            "column": 3
          }
        },
        "12": {
          "start": {
            "line": 51,
            "column": 4
          },
          "end": {
            "line": 51,
            "column": 77
          }
        },
        "13": {
          "start": {
            "line": 63,
            "column": 0
          },
          "end": {
            "line": 74,
            "column": 3
          }
        },
        "14": {
          "start": {
            "line": 64,
            "column": 4
          },
          "end": {
            "line": 64,
            "column": 81
          }
        },
        "15": {
          "start": {
            "line": 65,
            "column": 4
          },
          "end": {
            "line": 73,
            "column": 7
          }
        },
        "16": {
          "start": {
            "line": 66,
            "column": 21
          },
          "end": {
            "line": 66,
            "column": 79
          }
        },
        "17": {
          "start": {
            "line": 67,
            "column": 8
          },
          "end": {
            "line": 67,
            "column": 65
          }
        },
        "18": {
          "start": {
            "line": 68,
            "column": 8
          },
          "end": {
            "line": 72,
            "column": 11
          }
        },
        "19": {
          "start": {
            "line": 69,
            "column": 12
          },
          "end": {
            "line": 69,
            "column": 48
          }
        },
        "20": {
          "start": {
            "line": 70,
            "column": 12
          },
          "end": {
            "line": 70,
            "column": 58
          }
        },
        "21": {
          "start": {
            "line": 71,
            "column": 12
          },
          "end": {
            "line": 71,
            "column": 197
          }
        },
        "22": {
          "start": {
            "line": 82,
            "column": 31
          },
          "end": {
            "line": 82,
            "column": 77
          }
        },
        "23": {
          "start": {
            "line": 83,
            "column": 4
          },
          "end": {
            "line": 85,
            "column": 5
          }
        },
        "24": {
          "start": {
            "line": 84,
            "column": 8
          },
          "end": {
            "line": 84,
            "column": 85
          }
        },
        "25": {
          "start": {
            "line": 86,
            "column": 4
          },
          "end": {
            "line": 88,
            "column": 5
          }
        },
        "26": {
          "start": {
            "line": 87,
            "column": 8
          },
          "end": {
            "line": 87,
            "column": 125
          }
        },
        "27": {
          "start": {
            "line": 89,
            "column": 4
          },
          "end": {
            "line": 92,
            "column": 5
          }
        },
        "28": {
          "start": {
            "line": 90,
            "column": 8
          },
          "end": {
            "line": 91,
            "column": 67
          }
        },
        "29": {
          "start": {
            "line": 93,
            "column": 4
          },
          "end": {
            "line": 93,
            "column": 30
          }
        },
        "30": {
          "start": {
            "line": 102,
            "column": 4
          },
          "end": {
            "line": 102,
            "column": 60
          }
        },
        "31": {
          "start": {
            "line": 112,
            "column": 29
          },
          "end": {
            "line": 112,
            "column": 58
          }
        },
        "32": {
          "start": {
            "line": 113,
            "column": 4
          },
          "end": {
            "line": 115,
            "column": 5
          }
        },
        "33": {
          "start": {
            "line": 114,
            "column": 8
          },
          "end": {
            "line": 114,
            "column": 63
          }
        },
        "34": {
          "start": {
            "line": 116,
            "column": 4
          },
          "end": {
            "line": 116,
            "column": 28
          }
        },
        "35": {
          "start": {
            "line": 126,
            "column": 18
          },
          "end": {
            "line": 126,
            "column": 59
          }
        },
        "36": {
          "start": {
            "line": 127,
            "column": 4
          },
          "end": {
            "line": 133,
            "column": 5
          }
        },
        "37": {
          "start": {
            "line": 128,
            "column": 8
          },
          "end": {
            "line": 132,
            "column": 9
          }
        },
        "38": {
          "start": {
            "line": 129,
            "column": 12
          },
          "end": {
            "line": 129,
            "column": 81
          }
        },
        "39": {
          "start": {
            "line": 131,
            "column": 12
          },
          "end": {
            "line": 131,
            "column": 32
          }
        },
        "40": {
          "start": {
            "line": 134,
            "column": 4
          },
          "end": {
            "line": 134,
            "column": 35
          }
        }
      },
      "fnMap": {
        "0": {
          "name": "(anonymous_0)",
          "decl": {
            "start": {
              "line": 50,
              "column": 39
            },
            "end": {
              "line": 50,
              "column": 40
            }
          },
          "loc": {
            "start": {
              "line": 50,
              "column": 45
            },
            "end": {
              "line": 52,
              "column": 1
            }
          },
          "line": 50
        },
        "1": {
          "name": "(anonymous_1)",
          "decl": {
            "start": {
              "line": 63,
              "column": 31
            },
            "end": {
              "line": 63,
              "column": 32
            }
          },
          "loc": {
            "start": {
              "line": 63,
              "column": 43
            },
            "end": {
              "line": 74,
              "column": 1
            }
          },
          "line": 63
        },
        "2": {
          "name": "(anonymous_2)",
          "decl": {
            "start": {
              "line": 65,
              "column": 22
            },
            "end": {
              "line": 65,
              "column": 23
            }
          },
          "loc": {
            "start": {
              "line": 65,
              "column": 32
            },
            "end": {
              "line": 73,
              "column": 5
            }
          },
          "line": 65
        },
        "3": {
          "name": "(anonymous_3)",
          "decl": {
            "start": {
              "line": 68,
              "column": 52
            },
            "end": {
              "line": 68,
              "column": 53
            }
          },
          "loc": {
            "start": {
              "line": 68,
              "column": 78
            },
            "end": {
              "line": 72,
              "column": 9
            }
          },
          "line": 68
        },
        "4": {
          "name": "getAndValidatePortNumber",
          "decl": {
            "start": {
              "line": 81,
              "column": 9
            },
            "end": {
              "line": 81,
              "column": 33
            }
          },
          "loc": {
            "start": {
              "line": 81,
              "column": 36
            },
            "end": {
              "line": 94,
              "column": 1
            }
          },
          "line": 81
        },
        "5": {
          "name": "getLambdaHandlerName",
          "decl": {
            "start": {
              "line": 101,
              "column": 9
            },
            "end": {
              "line": 101,
              "column": 29
            }
          },
          "loc": {
            "start": {
              "line": 101,
              "column": 32
            },
            "end": {
              "line": 103,
              "column": 1
            }
          },
          "line": 101
        },
        "6": {
          "name": "getAndValidateSkillInvokerFile",
          "decl": {
            "start": {
              "line": 111,
              "column": 9
            },
            "end": {
              "line": 111,
              "column": 39
            }
          },
          "loc": {
            "start": {
              "line": 111,
              "column": 42
            },
            "end": {
              "line": 117,
              "column": 1
            }
          },
          "line": 111
        },
        "7": {
          "name": "getArgument",
          "decl": {
            "start": {
              "line": 125,
              "column": 9
            },
            "end": {
              "line": 125,
              "column": 20
            }
          },
          "loc": {
            "start": {
              "line": 125,
              "column": 49
            },
            "end": {
              "line": 135,
              "column": 1
            }
          },
          "line": 125
        }
      },
      "branchMap": {
        "0": {
          "loc": {
            "start": {
              "line": 83,
              "column": 4
            },
            "end": {
              "line": 85,
              "column": 5
            }
          },
          "type": "if",
          "locations": [
            {
              "start": {
                "line": 83,
                "column": 4
              },
              "end": {
                "line": 85,
                "column": 5
              }
            },
            {
              "start": {
                "line": 83,
                "column": 4
              },
              "end": {
                "line": 85,
                "column": 5
              }
            }
          ],
          "line": 83
        },
        "1": {
          "loc": {
            "start": {
              "line": 86,
              "column": 4
            },
            "end": {
              "line": 88,
              "column": 5
            }
          },
          "type": "if",
          "locations": [
            {
              "start": {
                "line": 86,
                "column": 4
              },
              "end": {
                "line": 88,
                "column": 5
              }
            },
            {
              "start": {
                "line": 86,
                "column": 4
              },
              "end": {
                "line": 88,
                "column": 5
              }
            }
          ],
          "line": 86
        },
        "2": {
          "loc": {
            "start": {
              "line": 86,
              "column": 8
            },
            "end": {
              "line": 86,
              "column": 60
            }
          },
          "type": "binary-expr",
          "locations": [
            {
              "start": {
                "line": 86,
                "column": 8
              },
              "end": {
                "line": 86,
                "column": 30
              }
            },
            {
              "start": {
                "line": 86,
                "column": 34
              },
              "end": {
                "line": 86,
                "column": 60
              }
            }
          ],
          "line": 86
        },
        "3": {
          "loc": {
            "start": {
              "line": 89,
              "column": 4
            },
            "end": {
              "line": 92,
              "column": 5
            }
          },
          "type": "if",
          "locations": [
            {
              "start": {
                "line": 89,
                "column": 4
              },
              "end": {
                "line": 92,
                "column": 5
              }
            },
            {
              "start": {
                "line": 89,
                "column": 4
              },
              "end": {
                "line": 92,
                "column": 5
              }
            }
          ],
          "line": 89
        },
        "4": {
          "loc": {
            "start": {
              "line": 113,
              "column": 4
            },
            "end": {
              "line": 115,
              "column": 5
            }
          },
          "type": "if",
          "locations": [
            {
              "start": {
                "line": 113,
                "column": 4
              },
              "end": {
                "line": 115,
                "column": 5
              }
            },
            {
              "start": {
                "line": 113,
                "column": 4
              },
              "end": {
                "line": 115,
                "column": 5
              }
            }
          ],
          "line": 113
        },
        "5": {
          "loc": {
            "start": {
              "line": 127,
              "column": 4
            },
            "end": {
              "line": 133,
              "column": 5
            }
          },
          "type": "if",
          "locations": [
            {
              "start": {
                "line": 127,
                "column": 4
              },
              "end": {
                "line": 133,
                "column": 5
              }
            },
            {
              "start": {
                "line": 127,
                "column": 4
              },
              "end": {
                "line": 133,
                "column": 5
              }
            }
          ],
          "line": 127
        },
        "6": {
          "loc": {
            "start": {
              "line": 127,
              "column": 8
            },
            "end": {
              "line": 127,
              "column": 70
            }
          },
          "type": "binary-expr",
          "locations": [
            {
              "start": {
                "line": 127,
                "column": 8
              },
              "end": {
                "line": 127,
                "column": 20
              }
            },
            {
              "start": {
                "line": 127,
                "column": 24
              },
              "end": {
                "line": 127,
                "column": 70
              }
            }
          ],
          "line": 127
        },
        "7": {
          "loc": {
            "start": {
              "line": 128,
              "column": 8
            },
            "end": {
              "line": 132,
              "column": 9
            }
          },
          "type": "if",
          "locations": [
            {
              "start": {
                "line": 128,
                "column": 8
              },
              "end": {
                "line": 132,
                "column": 9
              }
            },
            {
              "start": {
                "line": 128,
                "column": 8
              },
              "end": {
                "line": 132,
                "column": 9
              }
            }
          ],
          "line": 128
        }
      },
      "s": {
        "0": 0,
        "1": 0,
        "2": 0,
        "3": 0,
        "4": 0,
        "5": 0,
        "6": 0,
        "7": 0,
        "8": 0,
        "9": 0,
        "10": 0,
        "11": 0,
        "12": 0,
        "13": 0,
        "14": 0,
        "15": 0,
        "16": 0,
        "17": 0,
        "18": 0,
        "19": 0,
        "20": 0,
        "21": 0,
        "22": 0,
        "23": 0,
        "24": 0,
        "25": 0,
        "26": 0,
        "27": 0,
        "28": 0,
        "29": 0,
        "30": 0,
        "31": 0,
        "32": 0,
        "33": 0,
        "34": 0,
        "35": 0,
        "36": 0,
        "37": 0,
        "38": 0,
        "39": 0,
        "40": 0
      },
      "f": {
        "0": 0,
        "1": 0,
        "2": 0,
        "3": 0,
        "4": 0,
        "5": 0,
        "6": 0,
        "7": 0
      },
      "b": {
        "0": [
          0,
          0
        ],
        "1": [
          0,
          0
        ],
        "2": [
          0,
          0
        ],
        "3": [
          0,
          0
        ],
        "4": [
          0,
          0
        ],
        "5": [
          0,
          0
        ],
        "6": [
          0,
          0
        ],
        "7": [
          0,
          0
        ]
      },
      "hash": "2782ff1aeef5ebd5555ac2845a550a3d3b0afe54"
    },
    "F:\\VirtualArchive\\lambda\\util.js": {
      "path": "F:\\VirtualArchive\\lambda\\util.js",
      "statementMap": {
        "0": {
          "start": {
            "line": 1,
            "column": 12
          },
          "end": {
            "line": 1,
            "column": 30
          }
        },
        "1": {
          "start": {
            "line": 3,
            "column": 22
          },
          "end": {
            "line": 6,
            "column": 2
          }
        },
        "2": {
          "start": {
            "line": 8,
            "column": 0
          },
          "end": {
            "line": 19,
            "column": 1
          }
        },
        "3": {
          "start": {
            "line": 10,
            "column": 23
          },
          "end": {
            "line": 10,
            "column": 56
          }
        },
        "4": {
          "start": {
            "line": 11,
            "column": 27
          },
          "end": {
            "line": 15,
            "column": 6
          }
        },
        "5": {
          "start": {
            "line": 16,
            "column": 4
          },
          "end": {
            "line": 16,
            "column": 77
          }
        },
        "6": {
          "start": {
            "line": 17,
            "column": 4
          },
          "end": {
            "line": 17,
            "column": 26
          }
        }
      },
      "fnMap": {
        "0": {
          "name": "getS3PreSignedUrl",
          "decl": {
            "start": {
              "line": 8,
              "column": 44
            },
            "end": {
              "line": 8,
              "column": 61
            }
          },
          "loc": {
            "start": {
              "line": 8,
              "column": 75
            },
            "end": {
              "line": 19,
              "column": 1
            }
          },
          "line": 8
        }
      },
      "branchMap": {},
      "s": {
        "0": 0,
        "1": 0,
        "2": 0,
        "3": 0,
        "4": 0,
        "5": 0,
        "6": 0
      },
      "f": {
        "0": 0
      },
      "b": {},
      "hash": "ef2bf0d020877c44662af9647e0a2de829b8847c"
    }
  }
}